2021-05-29 13:44:13.124  INFO 5668 --- [main] trationDelegate$BeanPostProcessorChecker : Bean 'org.springframework.cloud.autoconfigure.ConfigurationPropertiesRebinderAutoConfiguration' of type [org.springframework.cloud.autoconfigure.ConfigurationPropertiesRebinderAutoConfiguration] is not eligible for getting processed by all BeanPostProcessors (for example: not eligible for auto-proxying)
2021-05-29 13:44:13.713  INFO 5668 --- [main] c.soft.usercenter.UserCenterApplication  : No active profile set, falling back to default profiles: default
2021-05-29 13:44:15.158  INFO 5668 --- [main] .s.d.r.c.RepositoryConfigurationDelegate : Multiple Spring Data modules found, entering strict repository configuration mode!
2021-05-29 13:44:15.158  INFO 5668 --- [main] .s.d.r.c.RepositoryConfigurationDelegate : Bootstrapping Spring Data JPA repositories in DEFERRED mode.
2021-05-29 13:44:15.292  INFO 5668 --- [main] .s.d.r.c.RepositoryConfigurationDelegate : Finished Spring Data repository scanning in 122ms. Found 5 JPA repository interfaces.
2021-05-29 13:44:15.322  INFO 5668 --- [main] .s.d.r.c.RepositoryConfigurationDelegate : Multiple Spring Data modules found, entering strict repository configuration mode!
2021-05-29 13:44:15.324  INFO 5668 --- [main] .s.d.r.c.RepositoryConfigurationDelegate : Bootstrapping Spring Data Redis repositories in DEFAULT mode.
2021-05-29 13:44:15.346  INFO 5668 --- [main] .RepositoryConfigurationExtensionSupport : Spring Data Redis - Could not safely identify store assignment for repository candidate interface com.soft.usercenter.repository.HbCommentRepository. If you want this repository to be a Redis repository, consider annotating your entities with one of these annotations: org.springframework.data.redis.core.RedisHash (preferred), or consider extending one of the following types with your repository: org.springframework.data.keyvalue.repository.KeyValueRepository.
2021-05-29 13:44:15.347  INFO 5668 --- [main] .RepositoryConfigurationExtensionSupport : Spring Data Redis - Could not safely identify store assignment for repository candidate interface com.soft.usercenter.repository.HbGoodRepository. If you want this repository to be a Redis repository, consider annotating your entities with one of these annotations: org.springframework.data.redis.core.RedisHash (preferred), or consider extending one of the following types with your repository: org.springframework.data.keyvalue.repository.KeyValueRepository.
2021-05-29 13:44:15.348  INFO 5668 --- [main] .RepositoryConfigurationExtensionSupport : Spring Data Redis - Could not safely identify store assignment for repository candidate interface com.soft.usercenter.repository.HbOrderRepository. If you want this repository to be a Redis repository, consider annotating your entities with one of these annotations: org.springframework.data.redis.core.RedisHash (preferred), or consider extending one of the following types with your repository: org.springframework.data.keyvalue.repository.KeyValueRepository.
2021-05-29 13:44:15.348  INFO 5668 --- [main] .RepositoryConfigurationExtensionSupport : Spring Data Redis - Could not safely identify store assignment for repository candidate interface com.soft.usercenter.repository.HbStrategyRepository. If you want this repository to be a Redis repository, consider annotating your entities with one of these annotations: org.springframework.data.redis.core.RedisHash (preferred), or consider extending one of the following types with your repository: org.springframework.data.keyvalue.repository.KeyValueRepository.
2021-05-29 13:44:15.349  INFO 5668 --- [main] .RepositoryConfigurationExtensionSupport : Spring Data Redis - Could not safely identify store assignment for repository candidate interface com.soft.usercenter.repository.HbUserRepository. If you want this repository to be a Redis repository, consider annotating your entities with one of these annotations: org.springframework.data.redis.core.RedisHash (preferred), or consider extending one of the following types with your repository: org.springframework.data.keyvalue.repository.KeyValueRepository.
2021-05-29 13:44:15.349  INFO 5668 --- [main] .s.d.r.c.RepositoryConfigurationDelegate : Finished Spring Data repository scanning in 12ms. Found 0 Redis repository interfaces.
2021-05-29 13:44:15.598  INFO 5668 --- [main] o.s.cloud.context.scope.GenericScope     : BeanFactory id=9913dd3c-5bfb-3d0c-b1ed-81b6501ad54b
2021-05-29 13:44:15.724  INFO 5668 --- [main] trationDelegate$BeanPostProcessorChecker : Bean 'org.springframework.cloud.autoconfigure.ConfigurationPropertiesRebinderAutoConfiguration' of type [org.springframework.cloud.autoconfigure.ConfigurationPropertiesRebinderAutoConfiguration] is not eligible for getting processed by all BeanPostProcessors (for example: not eligible for auto-proxying)
2021-05-29 13:44:15.970  INFO 5668 --- [main] o.s.b.w.embedded.tomcat.TomcatWebServer  : Tomcat initialized with port(s): 8082 (http)
2021-05-29 13:44:15.979  INFO 5668 --- [main] o.apache.catalina.core.StandardService   : Starting service [Tomcat]
2021-05-29 13:44:15.980  INFO 5668 --- [main] org.apache.catalina.core.StandardEngine  : Starting Servlet engine: [Apache Tomcat/9.0.37]
2021-05-29 13:44:16.160  INFO 5668 --- [main] o.a.c.c.C.[Tomcat].[localhost].[/]       : Initializing Spring embedded WebApplicationContext
2021-05-29 13:44:16.160  INFO 5668 --- [main] w.s.c.ServletWebServerApplicationContext : Root WebApplicationContext: initialization completed in 2430 ms
2021-05-29 13:44:16.400  INFO 5668 --- [main] o.s.s.concurrent.ThreadPoolTaskExecutor  : Initializing ExecutorService 'applicationTaskExecutor'
2021-05-29 13:44:16.557  INFO 5668 --- [task-1] o.hibernate.jpa.internal.util.LogHelper  : HHH000204: Processing PersistenceUnitInfo [name: default]
2021-05-29 13:44:16.631  INFO 5668 --- [task-1] org.hibernate.Version                    : HHH000412: Hibernate ORM core version 5.4.20.Final
2021-05-29 13:44:16.780  INFO 5668 --- [task-1] o.hibernate.annotations.common.Version   : HCANN000001: Hibernate Commons Annotations {5.1.0.Final}
2021-05-29 13:44:16.895  INFO 5668 --- [task-1] com.zaxxer.hikari.HikariDataSource       : HikariPool-1 - Starting...
2021-05-29 13:44:17.211  INFO 5668 --- [task-1] com.zaxxer.hikari.HikariDataSource       : HikariPool-1 - Start completed.
2021-05-29 13:44:17.227  INFO 5668 --- [task-1] org.hibernate.dialect.Dialect            : HHH000400: Using dialect: org.hibernate.dialect.MySQL5InnoDBDialect
2021-05-29 13:44:18.476  INFO 5668 --- [task-1] o.h.e.t.j.p.i.JtaPlatformInitiator       : HHH000490: Using JtaPlatform implementation: [org.hibernate.engine.transaction.jta.platform.internal.NoJtaPlatform]
2021-05-29 13:44:18.486  INFO 5668 --- [task-1] j.LocalContainerEntityManagerFactoryBean : Initialized JPA EntityManagerFactory for persistence unit 'default'
2021-05-29 13:44:19.282  WARN 5668 --- [main] JpaBaseConfiguration$JpaWebConfiguration : spring.jpa.open-in-view is enabled by default. Therefore, database queries may be performed during view rendering. Explicitly configure spring.jpa.open-in-view to disable this warning
2021-05-29 13:44:19.487  INFO 5668 --- [main] pertySourcedRequestMappingHandlerMapping : Mapped URL path [/v2/api-docs] onto method [springfox.documentation.swagger2.web.Swagger2Controller#getDocumentation(String, HttpServletRequest)]
2021-05-29 13:44:19.534  WARN 5668 --- [main] c.n.c.sources.URLConfigurationSource     : No URLs will be polled as dynamic configuration sources.
2021-05-29 13:44:19.534  INFO 5668 --- [main] c.n.c.sources.URLConfigurationSource     : To enable URLs as dynamic configuration sources, define System property archaius.configurationSource.additionalUrls or make config.properties available on classpath.
2021-05-29 13:44:19.539  WARN 5668 --- [main] c.n.c.sources.URLConfigurationSource     : No URLs will be polled as dynamic configuration sources.
2021-05-29 13:44:19.539  INFO 5668 --- [main] c.n.c.sources.URLConfigurationSource     : To enable URLs as dynamic configuration sources, define System property archaius.configurationSource.additionalUrls or make config.properties available on classpath.
2021-05-29 13:44:20.224  INFO 5668 --- [main] o.s.s.c.ThreadPoolTaskScheduler          : Initializing ExecutorService 'Nacso-Watch-Task-Scheduler'
2021-05-29 13:44:21.376  INFO 5668 --- [main] o.s.b.w.embedded.tomcat.TomcatWebServer  : Tomcat started on port(s): 8082 (http) with context path ''
2021-05-29 13:44:21.910  INFO 5668 --- [main] c.a.c.n.registry.NacosServiceRegistry    : nacos registry, DEFAULT_GROUP user-center 10.20.88.25:8082 register finished
2021-05-29 13:44:22.369  INFO 5668 --- [main] d.s.w.p.DocumentationPluginsBootstrapper : Context refreshed
2021-05-29 13:44:22.404  INFO 5668 --- [main] d.s.w.p.DocumentationPluginsBootstrapper : Found 1 custom documentation plugin(s)
2021-05-29 13:44:22.435  INFO 5668 --- [main] s.d.s.w.s.ApiListingReferenceScanner     : Scanning for api listing references
2021-05-29 13:44:22.654  INFO 5668 --- [main] DeferredRepositoryInitializationListener : Triggering deferred initialization of Spring Data repositories…
2021-05-29 13:44:22.732  INFO 5668 --- [main] DeferredRepositoryInitializationListener : Spring Data repositories initialized!
2021-05-29 13:44:22.748  INFO 5668 --- [main] c.soft.usercenter.UserCenterApplication  : Started UserCenterApplication in 10.982 seconds (JVM running for 13.014)
2021-05-29 13:50:35.366  INFO 5668 --- [http-nio-8082-exec-1] o.a.c.c.C.[Tomcat].[localhost].[/]       : Initializing Spring DispatcherServlet 'dispatcherServlet'
2021-05-29 13:50:35.367  INFO 5668 --- [http-nio-8082-exec-1] o.s.web.servlet.DispatcherServlet        : Initializing Servlet 'dispatcherServlet'
2021-05-29 13:50:35.379  INFO 5668 --- [http-nio-8082-exec-1] o.s.web.servlet.DispatcherServlet        : Completed initialization in 12 ms
2021-05-29 13:50:35.477  INFO 5668 --- [http-nio-8082-exec-2] c.s.u.controller.HbUserController        : 访问login接口
2021-05-29 13:50:35.478  INFO 5668 --- [http-nio-8082-exec-2] c.s.u.controller.HbUserController        : loginDtoLoginDto(username=ntt, password=123)
2021-05-29 13:50:35.478  INFO 5668 --- [http-nio-8082-exec-2] c.s.u.service.impl.HbUserServiceImpl     : loginDto:ntt*********123
2021-05-29 13:50:35.671  INFO 5668 --- [http-nio-8082-exec-2] c.s.u.service.impl.HbUserServiceImpl     : 登录成功
2021-05-29 13:50:35.738  INFO 5668 --- [http-nio-8082-exec-2] c.s.u.service.impl.HbUserServiceImpl     : 生成的tokeneyJhbGciOiJIUzI1NiJ9.eyJleHAiOjE2MjM1NjM0MzUsInVzZXJuYW1lIjoibnR0In0.N1svVFiOmWn1CwgTzWa_x3bnzjnW8TxZhgUX-EdT3Lk
2021-05-29 13:50:37.998  INFO 5668 --- [http-nio-8082-exec-5] c.s.u.controller.HbUserController        : 访问getInfoById接口
2021-05-29 13:50:37.998  INFO 5668 --- [http-nio-8082-exec-5] c.s.u.controller.HbUserController        : userId1
2021-05-29 13:50:38.145  INFO 5668 --- [http-nio-8082-exec-4] c.s.u.controller.HbUserController        : 访问getInfoById接口
2021-05-29 13:50:38.145  INFO 5668 --- [http-nio-8082-exec-4] c.s.u.controller.HbUserController        : userId1
2021-05-29 13:50:38.414  INFO 5668 --- [http-nio-8082-exec-8] c.s.u.controller.HbUserController        : 访问getInfoById接口
2021-05-29 13:50:38.415  INFO 5668 --- [http-nio-8082-exec-8] c.s.u.controller.HbUserController        : userId1
2021-05-29 13:50:44.930  INFO 5668 --- [http-nio-8082-exec-7] c.s.u.controller.HbUserController        : 访问getInfoById接口
2021-05-29 13:50:44.930  INFO 5668 --- [http-nio-8082-exec-7] c.s.u.controller.HbUserController        : userId1
2021-05-29 13:50:51.450  INFO 5668 --- [http-nio-8082-exec-9] c.s.u.controller.HbUserController        : 访问getInfoById接口
2021-05-29 13:50:51.450  INFO 5668 --- [http-nio-8082-exec-9] c.s.u.controller.HbUserController        : userId1
