2021-04-03 16:30:27.629  INFO 16088 --- [main] trationDelegate$BeanPostProcessorChecker : Bean 'org.springframework.cloud.autoconfigure.ConfigurationPropertiesRebinderAutoConfiguration' of type [org.springframework.cloud.autoconfigure.ConfigurationPropertiesRebinderAutoConfiguration] is not eligible for getting processed by all BeanPostProcessors (for example: not eligible for auto-proxying)
2021-04-03 16:30:29.255  INFO 16088 --- [main] c.soft.usercenter.UserCenterApplication  : No active profile set, falling back to default profiles: default
2021-04-03 16:30:30.927  INFO 16088 --- [main] .s.d.r.c.RepositoryConfigurationDelegate : Multiple Spring Data modules found, entering strict repository configuration mode!
2021-04-03 16:30:30.928  INFO 16088 --- [main] .s.d.r.c.RepositoryConfigurationDelegate : Bootstrapping Spring Data JPA repositories in DEFERRED mode.
2021-04-03 16:30:31.045  INFO 16088 --- [main] .s.d.r.c.RepositoryConfigurationDelegate : Finished Spring Data repository scanning in 110ms. Found 5 JPA repository interfaces.
2021-04-03 16:30:31.064  INFO 16088 --- [main] .s.d.r.c.RepositoryConfigurationDelegate : Multiple Spring Data modules found, entering strict repository configuration mode!
2021-04-03 16:30:31.065  INFO 16088 --- [main] .s.d.r.c.RepositoryConfigurationDelegate : Bootstrapping Spring Data Redis repositories in DEFAULT mode.
2021-04-03 16:30:31.095  INFO 16088 --- [main] .RepositoryConfigurationExtensionSupport : Spring Data Redis - Could not safely identify store assignment for repository candidate interface com.soft.usercenter.repository.HbCommentRepository. If you want this repository to be a Redis repository, consider annotating your entities with one of these annotations: org.springframework.data.redis.core.RedisHash (preferred), or consider extending one of the following types with your repository: org.springframework.data.keyvalue.repository.KeyValueRepository.
2021-04-03 16:30:31.096  INFO 16088 --- [main] .RepositoryConfigurationExtensionSupport : Spring Data Redis - Could not safely identify store assignment for repository candidate interface com.soft.usercenter.repository.HbGoodRepository. If you want this repository to be a Redis repository, consider annotating your entities with one of these annotations: org.springframework.data.redis.core.RedisHash (preferred), or consider extending one of the following types with your repository: org.springframework.data.keyvalue.repository.KeyValueRepository.
2021-04-03 16:30:31.096  INFO 16088 --- [main] .RepositoryConfigurationExtensionSupport : Spring Data Redis - Could not safely identify store assignment for repository candidate interface com.soft.usercenter.repository.HbOrderRepository. If you want this repository to be a Redis repository, consider annotating your entities with one of these annotations: org.springframework.data.redis.core.RedisHash (preferred), or consider extending one of the following types with your repository: org.springframework.data.keyvalue.repository.KeyValueRepository.
2021-04-03 16:30:31.096  INFO 16088 --- [main] .RepositoryConfigurationExtensionSupport : Spring Data Redis - Could not safely identify store assignment for repository candidate interface com.soft.usercenter.repository.HbStrategyRepository. If you want this repository to be a Redis repository, consider annotating your entities with one of these annotations: org.springframework.data.redis.core.RedisHash (preferred), or consider extending one of the following types with your repository: org.springframework.data.keyvalue.repository.KeyValueRepository.
2021-04-03 16:30:31.097  INFO 16088 --- [main] .RepositoryConfigurationExtensionSupport : Spring Data Redis - Could not safely identify store assignment for repository candidate interface com.soft.usercenter.repository.HbUserRepository. If you want this repository to be a Redis repository, consider annotating your entities with one of these annotations: org.springframework.data.redis.core.RedisHash (preferred), or consider extending one of the following types with your repository: org.springframework.data.keyvalue.repository.KeyValueRepository.
2021-04-03 16:30:31.097  INFO 16088 --- [main] .s.d.r.c.RepositoryConfigurationDelegate : Finished Spring Data repository scanning in 24ms. Found 0 Redis repository interfaces.
2021-04-03 16:30:31.299  INFO 16088 --- [main] o.s.cloud.context.scope.GenericScope     : BeanFactory id=9913dd3c-5bfb-3d0c-b1ed-81b6501ad54b
2021-04-03 16:30:31.408  INFO 16088 --- [main] trationDelegate$BeanPostProcessorChecker : Bean 'org.springframework.cloud.autoconfigure.ConfigurationPropertiesRebinderAutoConfiguration' of type [org.springframework.cloud.autoconfigure.ConfigurationPropertiesRebinderAutoConfiguration] is not eligible for getting processed by all BeanPostProcessors (for example: not eligible for auto-proxying)
2021-04-03 16:30:31.637  INFO 16088 --- [main] o.s.b.w.embedded.tomcat.TomcatWebServer  : Tomcat initialized with port(s): 8082 (http)
2021-04-03 16:30:31.646  INFO 16088 --- [main] o.apache.catalina.core.StandardService   : Starting service [Tomcat]
2021-04-03 16:30:31.646  INFO 16088 --- [main] org.apache.catalina.core.StandardEngine  : Starting Servlet engine: [Apache Tomcat/9.0.37]
2021-04-03 16:30:31.707  INFO 16088 --- [main] o.a.c.c.C.[Tomcat].[localhost].[/]       : Initializing Spring embedded WebApplicationContext
2021-04-03 16:30:31.707  INFO 16088 --- [main] w.s.c.ServletWebServerApplicationContext : Root WebApplicationContext: initialization completed in 2438 ms
2021-04-03 16:30:31.923  INFO 16088 --- [main] o.s.s.concurrent.ThreadPoolTaskExecutor  : Initializing ExecutorService 'applicationTaskExecutor'
2021-04-03 16:30:32.023  INFO 16088 --- [task-1] o.hibernate.jpa.internal.util.LogHelper  : HHH000204: Processing PersistenceUnitInfo [name: default]
2021-04-03 16:30:32.078  INFO 16088 --- [task-1] org.hibernate.Version                    : HHH000412: Hibernate ORM core version 5.4.20.Final
2021-04-03 16:30:32.187  INFO 16088 --- [task-1] o.hibernate.annotations.common.Version   : HCANN000001: Hibernate Commons Annotations {5.1.0.Final}
2021-04-03 16:30:32.312  INFO 16088 --- [task-1] com.zaxxer.hikari.HikariDataSource       : HikariPool-1 - Starting...
2021-04-03 16:30:34.231  INFO 16088 --- [task-1] com.zaxxer.hikari.HikariDataSource       : HikariPool-1 - Start completed.
2021-04-03 16:30:34.242  INFO 16088 --- [task-1] org.hibernate.dialect.Dialect            : HHH000400: Using dialect: org.hibernate.dialect.MySQL5InnoDBDialect
2021-04-03 16:30:36.665  INFO 16088 --- [task-1] o.h.e.t.j.p.i.JtaPlatformInitiator       : HHH000490: Using JtaPlatform implementation: [org.hibernate.engine.transaction.jta.platform.internal.NoJtaPlatform]
2021-04-03 16:30:36.671  INFO 16088 --- [task-1] j.LocalContainerEntityManagerFactoryBean : Initialized JPA EntityManagerFactory for persistence unit 'default'
2021-04-03 16:30:37.382  WARN 16088 --- [main] JpaBaseConfiguration$JpaWebConfiguration : spring.jpa.open-in-view is enabled by default. Therefore, database queries may be performed during view rendering. Explicitly configure spring.jpa.open-in-view to disable this warning
2021-04-03 16:30:37.530  INFO 16088 --- [main] pertySourcedRequestMappingHandlerMapping : Mapped URL path [/v2/api-docs] onto method [springfox.documentation.swagger2.web.Swagger2Controller#getDocumentation(String, HttpServletRequest)]
2021-04-03 16:30:37.566  WARN 16088 --- [main] c.n.c.sources.URLConfigurationSource     : No URLs will be polled as dynamic configuration sources.
2021-04-03 16:30:37.566  INFO 16088 --- [main] c.n.c.sources.URLConfigurationSource     : To enable URLs as dynamic configuration sources, define System property archaius.configurationSource.additionalUrls or make config.properties available on classpath.
2021-04-03 16:30:37.570  WARN 16088 --- [main] c.n.c.sources.URLConfigurationSource     : No URLs will be polled as dynamic configuration sources.
2021-04-03 16:30:37.570  INFO 16088 --- [main] c.n.c.sources.URLConfigurationSource     : To enable URLs as dynamic configuration sources, define System property archaius.configurationSource.additionalUrls or make config.properties available on classpath.
2021-04-03 16:30:39.785  INFO 16088 --- [main] o.s.s.c.ThreadPoolTaskScheduler          : Initializing ExecutorService 'Nacso-Watch-Task-Scheduler'
2021-04-03 16:30:42.993  INFO 16088 --- [main] o.s.b.w.embedded.tomcat.TomcatWebServer  : Tomcat started on port(s): 8082 (http) with context path ''
2021-04-03 16:30:43.229  INFO 16088 --- [main] c.a.c.n.registry.NacosServiceRegistry    : nacos registry, DEFAULT_GROUP user-center 192.168.43.249:8082 register finished
2021-04-03 16:30:44.498  INFO 16088 --- [main] d.s.w.p.DocumentationPluginsBootstrapper : Context refreshed
2021-04-03 16:30:44.516  INFO 16088 --- [main] d.s.w.p.DocumentationPluginsBootstrapper : Found 1 custom documentation plugin(s)
2021-04-03 16:30:44.551  INFO 16088 --- [main] s.d.s.w.s.ApiListingReferenceScanner     : Scanning for api listing references
2021-04-03 16:30:44.798  INFO 16088 --- [main] DeferredRepositoryInitializationListener : Triggering deferred initialization of Spring Data repositories…
2021-04-03 16:30:44.863  INFO 16088 --- [main] DeferredRepositoryInitializationListener : Spring Data repositories initialized!
2021-04-03 16:30:44.868  INFO 16088 --- [main] c.soft.usercenter.UserCenterApplication  : Started UserCenterApplication in 19.738 seconds (JVM running for 21.612)
2021-04-03 16:46:16.692  INFO 11064 --- [main] trationDelegate$BeanPostProcessorChecker : Bean 'org.springframework.cloud.autoconfigure.ConfigurationPropertiesRebinderAutoConfiguration' of type [org.springframework.cloud.autoconfigure.ConfigurationPropertiesRebinderAutoConfiguration] is not eligible for getting processed by all BeanPostProcessors (for example: not eligible for auto-proxying)
2021-04-03 16:46:18.422  INFO 11064 --- [main] c.soft.usercenter.UserCenterApplication  : No active profile set, falling back to default profiles: default
2021-04-03 16:46:19.397  INFO 11064 --- [main] .s.d.r.c.RepositoryConfigurationDelegate : Multiple Spring Data modules found, entering strict repository configuration mode!
2021-04-03 16:46:19.397  INFO 11064 --- [main] .s.d.r.c.RepositoryConfigurationDelegate : Bootstrapping Spring Data JPA repositories in DEFERRED mode.
2021-04-03 16:46:19.527  INFO 11064 --- [main] .s.d.r.c.RepositoryConfigurationDelegate : Finished Spring Data repository scanning in 121ms. Found 5 JPA repository interfaces.
2021-04-03 16:46:19.546  INFO 11064 --- [main] .s.d.r.c.RepositoryConfigurationDelegate : Multiple Spring Data modules found, entering strict repository configuration mode!
2021-04-03 16:46:19.547  INFO 11064 --- [main] .s.d.r.c.RepositoryConfigurationDelegate : Bootstrapping Spring Data Redis repositories in DEFAULT mode.
2021-04-03 16:46:19.575  INFO 11064 --- [main] .RepositoryConfigurationExtensionSupport : Spring Data Redis - Could not safely identify store assignment for repository candidate interface com.soft.usercenter.repository.HbCommentRepository. If you want this repository to be a Redis repository, consider annotating your entities with one of these annotations: org.springframework.data.redis.core.RedisHash (preferred), or consider extending one of the following types with your repository: org.springframework.data.keyvalue.repository.KeyValueRepository.
2021-04-03 16:46:19.576  INFO 11064 --- [main] .RepositoryConfigurationExtensionSupport : Spring Data Redis - Could not safely identify store assignment for repository candidate interface com.soft.usercenter.repository.HbGoodRepository. If you want this repository to be a Redis repository, consider annotating your entities with one of these annotations: org.springframework.data.redis.core.RedisHash (preferred), or consider extending one of the following types with your repository: org.springframework.data.keyvalue.repository.KeyValueRepository.
2021-04-03 16:46:19.576  INFO 11064 --- [main] .RepositoryConfigurationExtensionSupport : Spring Data Redis - Could not safely identify store assignment for repository candidate interface com.soft.usercenter.repository.HbOrderRepository. If you want this repository to be a Redis repository, consider annotating your entities with one of these annotations: org.springframework.data.redis.core.RedisHash (preferred), or consider extending one of the following types with your repository: org.springframework.data.keyvalue.repository.KeyValueRepository.
2021-04-03 16:46:19.577  INFO 11064 --- [main] .RepositoryConfigurationExtensionSupport : Spring Data Redis - Could not safely identify store assignment for repository candidate interface com.soft.usercenter.repository.HbStrategyRepository. If you want this repository to be a Redis repository, consider annotating your entities with one of these annotations: org.springframework.data.redis.core.RedisHash (preferred), or consider extending one of the following types with your repository: org.springframework.data.keyvalue.repository.KeyValueRepository.
2021-04-03 16:46:19.577  INFO 11064 --- [main] .RepositoryConfigurationExtensionSupport : Spring Data Redis - Could not safely identify store assignment for repository candidate interface com.soft.usercenter.repository.HbUserRepository. If you want this repository to be a Redis repository, consider annotating your entities with one of these annotations: org.springframework.data.redis.core.RedisHash (preferred), or consider extending one of the following types with your repository: org.springframework.data.keyvalue.repository.KeyValueRepository.
2021-04-03 16:46:19.577  INFO 11064 --- [main] .s.d.r.c.RepositoryConfigurationDelegate : Finished Spring Data repository scanning in 22ms. Found 0 Redis repository interfaces.
2021-04-03 16:46:19.767  INFO 11064 --- [main] o.s.cloud.context.scope.GenericScope     : BeanFactory id=9913dd3c-5bfb-3d0c-b1ed-81b6501ad54b
2021-04-03 16:46:19.881  INFO 11064 --- [main] trationDelegate$BeanPostProcessorChecker : Bean 'org.springframework.cloud.autoconfigure.ConfigurationPropertiesRebinderAutoConfiguration' of type [org.springframework.cloud.autoconfigure.ConfigurationPropertiesRebinderAutoConfiguration] is not eligible for getting processed by all BeanPostProcessors (for example: not eligible for auto-proxying)
2021-04-03 16:46:20.118  INFO 11064 --- [main] o.s.b.w.embedded.tomcat.TomcatWebServer  : Tomcat initialized with port(s): 8082 (http)
2021-04-03 16:46:20.127  INFO 11064 --- [main] o.apache.catalina.core.StandardService   : Starting service [Tomcat]
2021-04-03 16:46:20.128  INFO 11064 --- [main] org.apache.catalina.core.StandardEngine  : Starting Servlet engine: [Apache Tomcat/9.0.37]
2021-04-03 16:46:20.198  INFO 11064 --- [main] o.a.c.c.C.[Tomcat].[localhost].[/]       : Initializing Spring embedded WebApplicationContext
2021-04-03 16:46:20.199  INFO 11064 --- [main] w.s.c.ServletWebServerApplicationContext : Root WebApplicationContext: initialization completed in 1762 ms
2021-04-03 16:46:20.385  INFO 11064 --- [main] o.s.s.concurrent.ThreadPoolTaskExecutor  : Initializing ExecutorService 'applicationTaskExecutor'
2021-04-03 16:46:20.471  INFO 11064 --- [task-1] o.hibernate.jpa.internal.util.LogHelper  : HHH000204: Processing PersistenceUnitInfo [name: default]
2021-04-03 16:46:20.526  INFO 11064 --- [task-1] org.hibernate.Version                    : HHH000412: Hibernate ORM core version 5.4.20.Final
2021-04-03 16:46:20.682  INFO 11064 --- [task-1] o.hibernate.annotations.common.Version   : HCANN000001: Hibernate Commons Annotations {5.1.0.Final}
2021-04-03 16:46:20.765  INFO 11064 --- [task-1] com.zaxxer.hikari.HikariDataSource       : HikariPool-1 - Starting...
2021-04-03 16:46:21.415  INFO 11064 --- [task-1] com.zaxxer.hikari.HikariDataSource       : HikariPool-1 - Start completed.
2021-04-03 16:46:21.426  INFO 11064 --- [task-1] org.hibernate.dialect.Dialect            : HHH000400: Using dialect: org.hibernate.dialect.MySQL5InnoDBDialect
2021-04-03 16:46:24.463  INFO 11064 --- [task-1] o.h.e.t.j.p.i.JtaPlatformInitiator       : HHH000490: Using JtaPlatform implementation: [org.hibernate.engine.transaction.jta.platform.internal.NoJtaPlatform]
2021-04-03 16:46:24.472  INFO 11064 --- [task-1] j.LocalContainerEntityManagerFactoryBean : Initialized JPA EntityManagerFactory for persistence unit 'default'
2021-04-03 16:46:25.164  WARN 11064 --- [main] JpaBaseConfiguration$JpaWebConfiguration : spring.jpa.open-in-view is enabled by default. Therefore, database queries may be performed during view rendering. Explicitly configure spring.jpa.open-in-view to disable this warning
2021-04-03 16:46:25.329  INFO 11064 --- [main] pertySourcedRequestMappingHandlerMapping : Mapped URL path [/v2/api-docs] onto method [springfox.documentation.swagger2.web.Swagger2Controller#getDocumentation(String, HttpServletRequest)]
2021-04-03 16:46:25.362  WARN 11064 --- [main] c.n.c.sources.URLConfigurationSource     : No URLs will be polled as dynamic configuration sources.
2021-04-03 16:46:25.363  INFO 11064 --- [main] c.n.c.sources.URLConfigurationSource     : To enable URLs as dynamic configuration sources, define System property archaius.configurationSource.additionalUrls or make config.properties available on classpath.
2021-04-03 16:46:25.366  WARN 11064 --- [main] c.n.c.sources.URLConfigurationSource     : No URLs will be polled as dynamic configuration sources.
2021-04-03 16:46:25.366  INFO 11064 --- [main] c.n.c.sources.URLConfigurationSource     : To enable URLs as dynamic configuration sources, define System property archaius.configurationSource.additionalUrls or make config.properties available on classpath.
2021-04-03 16:46:26.927  INFO 11064 --- [main] o.s.s.c.ThreadPoolTaskScheduler          : Initializing ExecutorService 'Nacso-Watch-Task-Scheduler'
2021-04-03 16:46:30.120  INFO 11064 --- [main] o.s.b.w.embedded.tomcat.TomcatWebServer  : Tomcat started on port(s): 8082 (http) with context path ''
2021-04-03 16:46:30.209  INFO 11064 --- [main] c.a.c.n.registry.NacosServiceRegistry    : nacos registry, DEFAULT_GROUP user-center 192.168.43.249:8082 register finished
2021-04-03 16:46:31.648  INFO 11064 --- [main] d.s.w.p.DocumentationPluginsBootstrapper : Context refreshed
2021-04-03 16:46:31.673  INFO 11064 --- [main] d.s.w.p.DocumentationPluginsBootstrapper : Found 1 custom documentation plugin(s)
2021-04-03 16:46:31.704  INFO 11064 --- [main] s.d.s.w.s.ApiListingReferenceScanner     : Scanning for api listing references
2021-04-03 16:46:31.877  INFO 11064 --- [main] DeferredRepositoryInitializationListener : Triggering deferred initialization of Spring Data repositories…
2021-04-03 16:46:31.998  INFO 11064 --- [main] DeferredRepositoryInitializationListener : Spring Data repositories initialized!
2021-04-03 16:46:32.005  INFO 11064 --- [main] c.soft.usercenter.UserCenterApplication  : Started UserCenterApplication in 17.363 seconds (JVM running for 19.095)
2021-04-03 17:02:09.988  INFO 10548 --- [main] trationDelegate$BeanPostProcessorChecker : Bean 'org.springframework.cloud.autoconfigure.ConfigurationPropertiesRebinderAutoConfiguration' of type [org.springframework.cloud.autoconfigure.ConfigurationPropertiesRebinderAutoConfiguration] is not eligible for getting processed by all BeanPostProcessors (for example: not eligible for auto-proxying)
2021-04-03 17:02:11.477  INFO 10548 --- [main] c.soft.usercenter.UserCenterApplication  : No active profile set, falling back to default profiles: default
2021-04-03 17:02:12.387  INFO 10548 --- [main] .s.d.r.c.RepositoryConfigurationDelegate : Multiple Spring Data modules found, entering strict repository configuration mode!
2021-04-03 17:02:12.387  INFO 10548 --- [main] .s.d.r.c.RepositoryConfigurationDelegate : Bootstrapping Spring Data JPA repositories in DEFERRED mode.
2021-04-03 17:02:12.499  INFO 10548 --- [main] .s.d.r.c.RepositoryConfigurationDelegate : Finished Spring Data repository scanning in 105ms. Found 5 JPA repository interfaces.
2021-04-03 17:02:12.516  INFO 10548 --- [main] .s.d.r.c.RepositoryConfigurationDelegate : Multiple Spring Data modules found, entering strict repository configuration mode!
2021-04-03 17:02:12.517  INFO 10548 --- [main] .s.d.r.c.RepositoryConfigurationDelegate : Bootstrapping Spring Data Redis repositories in DEFAULT mode.
2021-04-03 17:02:12.547  INFO 10548 --- [main] .RepositoryConfigurationExtensionSupport : Spring Data Redis - Could not safely identify store assignment for repository candidate interface com.soft.usercenter.repository.HbCommentRepository. If you want this repository to be a Redis repository, consider annotating your entities with one of these annotations: org.springframework.data.redis.core.RedisHash (preferred), or consider extending one of the following types with your repository: org.springframework.data.keyvalue.repository.KeyValueRepository.
2021-04-03 17:02:12.548  INFO 10548 --- [main] .RepositoryConfigurationExtensionSupport : Spring Data Redis - Could not safely identify store assignment for repository candidate interface com.soft.usercenter.repository.HbGoodRepository. If you want this repository to be a Redis repository, consider annotating your entities with one of these annotations: org.springframework.data.redis.core.RedisHash (preferred), or consider extending one of the following types with your repository: org.springframework.data.keyvalue.repository.KeyValueRepository.
2021-04-03 17:02:12.549  INFO 10548 --- [main] .RepositoryConfigurationExtensionSupport : Spring Data Redis - Could not safely identify store assignment for repository candidate interface com.soft.usercenter.repository.HbOrderRepository. If you want this repository to be a Redis repository, consider annotating your entities with one of these annotations: org.springframework.data.redis.core.RedisHash (preferred), or consider extending one of the following types with your repository: org.springframework.data.keyvalue.repository.KeyValueRepository.
2021-04-03 17:02:12.549  INFO 10548 --- [main] .RepositoryConfigurationExtensionSupport : Spring Data Redis - Could not safely identify store assignment for repository candidate interface com.soft.usercenter.repository.HbStrategyRepository. If you want this repository to be a Redis repository, consider annotating your entities with one of these annotations: org.springframework.data.redis.core.RedisHash (preferred), or consider extending one of the following types with your repository: org.springframework.data.keyvalue.repository.KeyValueRepository.
2021-04-03 17:02:12.550  INFO 10548 --- [main] .RepositoryConfigurationExtensionSupport : Spring Data Redis - Could not safely identify store assignment for repository candidate interface com.soft.usercenter.repository.HbUserRepository. If you want this repository to be a Redis repository, consider annotating your entities with one of these annotations: org.springframework.data.redis.core.RedisHash (preferred), or consider extending one of the following types with your repository: org.springframework.data.keyvalue.repository.KeyValueRepository.
2021-04-03 17:02:12.550  INFO 10548 --- [main] .s.d.r.c.RepositoryConfigurationDelegate : Finished Spring Data repository scanning in 25ms. Found 0 Redis repository interfaces.
2021-04-03 17:02:12.729  INFO 10548 --- [main] o.s.cloud.context.scope.GenericScope     : BeanFactory id=9913dd3c-5bfb-3d0c-b1ed-81b6501ad54b
2021-04-03 17:02:12.827  INFO 10548 --- [main] trationDelegate$BeanPostProcessorChecker : Bean 'org.springframework.cloud.autoconfigure.ConfigurationPropertiesRebinderAutoConfiguration' of type [org.springframework.cloud.autoconfigure.ConfigurationPropertiesRebinderAutoConfiguration] is not eligible for getting processed by all BeanPostProcessors (for example: not eligible for auto-proxying)
2021-04-03 17:02:13.043  INFO 10548 --- [main] o.s.b.w.embedded.tomcat.TomcatWebServer  : Tomcat initialized with port(s): 8082 (http)
2021-04-03 17:02:13.053  INFO 10548 --- [main] o.apache.catalina.core.StandardService   : Starting service [Tomcat]
2021-04-03 17:02:13.054  INFO 10548 --- [main] org.apache.catalina.core.StandardEngine  : Starting Servlet engine: [Apache Tomcat/9.0.37]
2021-04-03 17:02:13.116  INFO 10548 --- [main] o.a.c.c.C.[Tomcat].[localhost].[/]       : Initializing Spring embedded WebApplicationContext
2021-04-03 17:02:13.116  INFO 10548 --- [main] w.s.c.ServletWebServerApplicationContext : Root WebApplicationContext: initialization completed in 1627 ms
2021-04-03 17:02:13.325  INFO 10548 --- [main] o.s.s.concurrent.ThreadPoolTaskExecutor  : Initializing ExecutorService 'applicationTaskExecutor'
2021-04-03 17:02:13.410  INFO 10548 --- [task-1] o.hibernate.jpa.internal.util.LogHelper  : HHH000204: Processing PersistenceUnitInfo [name: default]
2021-04-03 17:02:13.494  INFO 10548 --- [task-1] org.hibernate.Version                    : HHH000412: Hibernate ORM core version 5.4.20.Final
2021-04-03 17:02:13.605  INFO 10548 --- [task-1] o.hibernate.annotations.common.Version   : HCANN000001: Hibernate Commons Annotations {5.1.0.Final}
2021-04-03 17:02:13.687  INFO 10548 --- [task-1] com.zaxxer.hikari.HikariDataSource       : HikariPool-1 - Starting...
2021-04-03 17:02:14.799  INFO 10548 --- [task-1] com.zaxxer.hikari.HikariDataSource       : HikariPool-1 - Start completed.
2021-04-03 17:02:14.810  INFO 10548 --- [task-1] org.hibernate.dialect.Dialect            : HHH000400: Using dialect: org.hibernate.dialect.MySQL5InnoDBDialect
2021-04-03 17:02:15.795  INFO 10548 --- [task-1] o.h.e.t.j.p.i.JtaPlatformInitiator       : HHH000490: Using JtaPlatform implementation: [org.hibernate.engine.transaction.jta.platform.internal.NoJtaPlatform]
2021-04-03 17:02:15.801  INFO 10548 --- [task-1] j.LocalContainerEntityManagerFactoryBean : Initialized JPA EntityManagerFactory for persistence unit 'default'
2021-04-03 17:02:16.506  WARN 10548 --- [main] JpaBaseConfiguration$JpaWebConfiguration : spring.jpa.open-in-view is enabled by default. Therefore, database queries may be performed during view rendering. Explicitly configure spring.jpa.open-in-view to disable this warning
2021-04-03 17:02:16.657  INFO 10548 --- [main] pertySourcedRequestMappingHandlerMapping : Mapped URL path [/v2/api-docs] onto method [springfox.documentation.swagger2.web.Swagger2Controller#getDocumentation(String, HttpServletRequest)]
2021-04-03 17:02:16.697  WARN 10548 --- [main] c.n.c.sources.URLConfigurationSource     : No URLs will be polled as dynamic configuration sources.
2021-04-03 17:02:16.697  INFO 10548 --- [main] c.n.c.sources.URLConfigurationSource     : To enable URLs as dynamic configuration sources, define System property archaius.configurationSource.additionalUrls or make config.properties available on classpath.
2021-04-03 17:02:16.701  WARN 10548 --- [main] c.n.c.sources.URLConfigurationSource     : No URLs will be polled as dynamic configuration sources.
2021-04-03 17:02:16.701  INFO 10548 --- [main] c.n.c.sources.URLConfigurationSource     : To enable URLs as dynamic configuration sources, define System property archaius.configurationSource.additionalUrls or make config.properties available on classpath.
2021-04-03 17:02:18.595  INFO 10548 --- [main] o.s.s.c.ThreadPoolTaskScheduler          : Initializing ExecutorService 'Nacso-Watch-Task-Scheduler'
2021-04-03 17:02:22.492  INFO 10548 --- [main] o.s.b.w.embedded.tomcat.TomcatWebServer  : Tomcat started on port(s): 8082 (http) with context path ''
2021-04-03 17:02:22.597  INFO 10548 --- [main] c.a.c.n.registry.NacosServiceRegistry    : nacos registry, DEFAULT_GROUP user-center 192.168.43.249:8082 register finished
2021-04-03 17:02:23.997  INFO 10548 --- [main] d.s.w.p.DocumentationPluginsBootstrapper : Context refreshed
2021-04-03 17:02:24.019  INFO 10548 --- [main] d.s.w.p.DocumentationPluginsBootstrapper : Found 1 custom documentation plugin(s)
2021-04-03 17:02:24.056  INFO 10548 --- [main] s.d.s.w.s.ApiListingReferenceScanner     : Scanning for api listing references
2021-04-03 17:02:24.231  INFO 10548 --- [main] DeferredRepositoryInitializationListener : Triggering deferred initialization of Spring Data repositories…
2021-04-03 17:02:24.307  INFO 10548 --- [main] DeferredRepositoryInitializationListener : Spring Data repositories initialized!
2021-04-03 17:02:24.313  INFO 10548 --- [main] c.soft.usercenter.UserCenterApplication  : Started UserCenterApplication in 16.342 seconds (JVM running for 18.193)
2021-04-03 17:06:49.668  INFO 34404 --- [main] trationDelegate$BeanPostProcessorChecker : Bean 'org.springframework.cloud.autoconfigure.ConfigurationPropertiesRebinderAutoConfiguration' of type [org.springframework.cloud.autoconfigure.ConfigurationPropertiesRebinderAutoConfiguration] is not eligible for getting processed by all BeanPostProcessors (for example: not eligible for auto-proxying)
2021-04-03 17:06:51.135  INFO 34404 --- [main] c.soft.usercenter.UserCenterApplication  : No active profile set, falling back to default profiles: default
2021-04-03 17:06:52.081  INFO 34404 --- [main] .s.d.r.c.RepositoryConfigurationDelegate : Multiple Spring Data modules found, entering strict repository configuration mode!
2021-04-03 17:06:52.081  INFO 34404 --- [main] .s.d.r.c.RepositoryConfigurationDelegate : Bootstrapping Spring Data JPA repositories in DEFERRED mode.
2021-04-03 17:06:52.193  INFO 34404 --- [main] .s.d.r.c.RepositoryConfigurationDelegate : Finished Spring Data repository scanning in 105ms. Found 5 JPA repository interfaces.
2021-04-03 17:06:52.212  INFO 34404 --- [main] .s.d.r.c.RepositoryConfigurationDelegate : Multiple Spring Data modules found, entering strict repository configuration mode!
2021-04-03 17:06:52.215  INFO 34404 --- [main] .s.d.r.c.RepositoryConfigurationDelegate : Bootstrapping Spring Data Redis repositories in DEFAULT mode.
2021-04-03 17:06:52.244  INFO 34404 --- [main] .RepositoryConfigurationExtensionSupport : Spring Data Redis - Could not safely identify store assignment for repository candidate interface com.soft.usercenter.repository.HbCommentRepository. If you want this repository to be a Redis repository, consider annotating your entities with one of these annotations: org.springframework.data.redis.core.RedisHash (preferred), or consider extending one of the following types with your repository: org.springframework.data.keyvalue.repository.KeyValueRepository.
2021-04-03 17:06:52.245  INFO 34404 --- [main] .RepositoryConfigurationExtensionSupport : Spring Data Redis - Could not safely identify store assignment for repository candidate interface com.soft.usercenter.repository.HbGoodRepository. If you want this repository to be a Redis repository, consider annotating your entities with one of these annotations: org.springframework.data.redis.core.RedisHash (preferred), or consider extending one of the following types with your repository: org.springframework.data.keyvalue.repository.KeyValueRepository.
2021-04-03 17:06:52.245  INFO 34404 --- [main] .RepositoryConfigurationExtensionSupport : Spring Data Redis - Could not safely identify store assignment for repository candidate interface com.soft.usercenter.repository.HbOrderRepository. If you want this repository to be a Redis repository, consider annotating your entities with one of these annotations: org.springframework.data.redis.core.RedisHash (preferred), or consider extending one of the following types with your repository: org.springframework.data.keyvalue.repository.KeyValueRepository.
2021-04-03 17:06:52.245  INFO 34404 --- [main] .RepositoryConfigurationExtensionSupport : Spring Data Redis - Could not safely identify store assignment for repository candidate interface com.soft.usercenter.repository.HbStrategyRepository. If you want this repository to be a Redis repository, consider annotating your entities with one of these annotations: org.springframework.data.redis.core.RedisHash (preferred), or consider extending one of the following types with your repository: org.springframework.data.keyvalue.repository.KeyValueRepository.
2021-04-03 17:06:52.246  INFO 34404 --- [main] .RepositoryConfigurationExtensionSupport : Spring Data Redis - Could not safely identify store assignment for repository candidate interface com.soft.usercenter.repository.HbUserRepository. If you want this repository to be a Redis repository, consider annotating your entities with one of these annotations: org.springframework.data.redis.core.RedisHash (preferred), or consider extending one of the following types with your repository: org.springframework.data.keyvalue.repository.KeyValueRepository.
2021-04-03 17:06:52.246  INFO 34404 --- [main] .s.d.r.c.RepositoryConfigurationDelegate : Finished Spring Data repository scanning in 23ms. Found 0 Redis repository interfaces.
2021-04-03 17:06:52.425  INFO 34404 --- [main] o.s.cloud.context.scope.GenericScope     : BeanFactory id=9913dd3c-5bfb-3d0c-b1ed-81b6501ad54b
2021-04-03 17:06:52.518  INFO 34404 --- [main] trationDelegate$BeanPostProcessorChecker : Bean 'org.springframework.cloud.autoconfigure.ConfigurationPropertiesRebinderAutoConfiguration' of type [org.springframework.cloud.autoconfigure.ConfigurationPropertiesRebinderAutoConfiguration] is not eligible for getting processed by all BeanPostProcessors (for example: not eligible for auto-proxying)
2021-04-03 17:06:52.736  INFO 34404 --- [main] o.s.b.w.embedded.tomcat.TomcatWebServer  : Tomcat initialized with port(s): 8082 (http)
2021-04-03 17:06:52.744  INFO 34404 --- [main] o.apache.catalina.core.StandardService   : Starting service [Tomcat]
2021-04-03 17:06:52.745  INFO 34404 --- [main] org.apache.catalina.core.StandardEngine  : Starting Servlet engine: [Apache Tomcat/9.0.37]
2021-04-03 17:06:52.816  INFO 34404 --- [main] o.a.c.c.C.[Tomcat].[localhost].[/]       : Initializing Spring embedded WebApplicationContext
2021-04-03 17:06:52.816  INFO 34404 --- [main] w.s.c.ServletWebServerApplicationContext : Root WebApplicationContext: initialization completed in 1668 ms
2021-04-03 17:06:53.011  INFO 34404 --- [main] o.s.s.concurrent.ThreadPoolTaskExecutor  : Initializing ExecutorService 'applicationTaskExecutor'
2021-04-03 17:06:53.111  INFO 34404 --- [task-1] o.hibernate.jpa.internal.util.LogHelper  : HHH000204: Processing PersistenceUnitInfo [name: default]
2021-04-03 17:06:53.165  INFO 34404 --- [task-1] org.hibernate.Version                    : HHH000412: Hibernate ORM core version 5.4.20.Final
2021-04-03 17:06:53.307  INFO 34404 --- [task-1] o.hibernate.annotations.common.Version   : HCANN000001: Hibernate Commons Annotations {5.1.0.Final}
2021-04-03 17:06:53.390  INFO 34404 --- [task-1] com.zaxxer.hikari.HikariDataSource       : HikariPool-1 - Starting...
2021-04-03 17:06:54.311  INFO 34404 --- [task-1] com.zaxxer.hikari.HikariDataSource       : HikariPool-1 - Start completed.
2021-04-03 17:06:54.321  INFO 34404 --- [task-1] org.hibernate.dialect.Dialect            : HHH000400: Using dialect: org.hibernate.dialect.MySQL5InnoDBDialect
2021-04-03 17:06:55.444  INFO 34404 --- [task-1] o.h.e.t.j.p.i.JtaPlatformInitiator       : HHH000490: Using JtaPlatform implementation: [org.hibernate.engine.transaction.jta.platform.internal.NoJtaPlatform]
2021-04-03 17:06:55.450  INFO 34404 --- [task-1] j.LocalContainerEntityManagerFactoryBean : Initialized JPA EntityManagerFactory for persistence unit 'default'
2021-04-03 17:06:56.108  WARN 34404 --- [main] JpaBaseConfiguration$JpaWebConfiguration : spring.jpa.open-in-view is enabled by default. Therefore, database queries may be performed during view rendering. Explicitly configure spring.jpa.open-in-view to disable this warning
2021-04-03 17:06:56.243  INFO 34404 --- [main] pertySourcedRequestMappingHandlerMapping : Mapped URL path [/v2/api-docs] onto method [springfox.documentation.swagger2.web.Swagger2Controller#getDocumentation(String, HttpServletRequest)]
2021-04-03 17:06:56.279  WARN 34404 --- [main] c.n.c.sources.URLConfigurationSource     : No URLs will be polled as dynamic configuration sources.
2021-04-03 17:06:56.279  INFO 34404 --- [main] c.n.c.sources.URLConfigurationSource     : To enable URLs as dynamic configuration sources, define System property archaius.configurationSource.additionalUrls or make config.properties available on classpath.
2021-04-03 17:06:56.283  WARN 34404 --- [main] c.n.c.sources.URLConfigurationSource     : No URLs will be polled as dynamic configuration sources.
2021-04-03 17:06:56.283  INFO 34404 --- [main] c.n.c.sources.URLConfigurationSource     : To enable URLs as dynamic configuration sources, define System property archaius.configurationSource.additionalUrls or make config.properties available on classpath.
2021-04-03 17:06:57.833  INFO 34404 --- [main] o.s.s.c.ThreadPoolTaskScheduler          : Initializing ExecutorService 'Nacso-Watch-Task-Scheduler'
2021-04-03 17:07:00.932  INFO 34404 --- [main] o.s.b.w.embedded.tomcat.TomcatWebServer  : Tomcat started on port(s): 8082 (http) with context path ''
2021-04-03 17:07:01.029  INFO 34404 --- [main] c.a.c.n.registry.NacosServiceRegistry    : nacos registry, DEFAULT_GROUP user-center 192.168.43.249:8082 register finished
2021-04-03 17:07:02.311  INFO 34404 --- [main] d.s.w.p.DocumentationPluginsBootstrapper : Context refreshed
2021-04-03 17:07:02.334  INFO 34404 --- [main] d.s.w.p.DocumentationPluginsBootstrapper : Found 1 custom documentation plugin(s)
2021-04-03 17:07:02.365  INFO 34404 --- [main] s.d.s.w.s.ApiListingReferenceScanner     : Scanning for api listing references
2021-04-03 17:07:02.514  INFO 34404 --- [main] DeferredRepositoryInitializationListener : Triggering deferred initialization of Spring Data repositories…
2021-04-03 17:07:02.580  INFO 34404 --- [main] DeferredRepositoryInitializationListener : Spring Data repositories initialized!
2021-04-03 17:07:02.585  INFO 34404 --- [main] c.soft.usercenter.UserCenterApplication  : Started UserCenterApplication in 14.958 seconds (JVM running for 16.55)
2021-04-03 17:17:10.650  INFO 24972 --- [main] trationDelegate$BeanPostProcessorChecker : Bean 'org.springframework.cloud.autoconfigure.ConfigurationPropertiesRebinderAutoConfiguration' of type [org.springframework.cloud.autoconfigure.ConfigurationPropertiesRebinderAutoConfiguration] is not eligible for getting processed by all BeanPostProcessors (for example: not eligible for auto-proxying)
2021-04-03 17:17:12.100  INFO 24972 --- [main] c.soft.usercenter.UserCenterApplication  : No active profile set, falling back to default profiles: default
2021-04-03 17:17:13.023  INFO 24972 --- [main] .s.d.r.c.RepositoryConfigurationDelegate : Multiple Spring Data modules found, entering strict repository configuration mode!
2021-04-03 17:17:13.024  INFO 24972 --- [main] .s.d.r.c.RepositoryConfigurationDelegate : Bootstrapping Spring Data JPA repositories in DEFERRED mode.
2021-04-03 17:17:13.137  INFO 24972 --- [main] .s.d.r.c.RepositoryConfigurationDelegate : Finished Spring Data repository scanning in 106ms. Found 5 JPA repository interfaces.
2021-04-03 17:17:13.156  INFO 24972 --- [main] .s.d.r.c.RepositoryConfigurationDelegate : Multiple Spring Data modules found, entering strict repository configuration mode!
2021-04-03 17:17:13.157  INFO 24972 --- [main] .s.d.r.c.RepositoryConfigurationDelegate : Bootstrapping Spring Data Redis repositories in DEFAULT mode.
2021-04-03 17:17:13.185  INFO 24972 --- [main] .RepositoryConfigurationExtensionSupport : Spring Data Redis - Could not safely identify store assignment for repository candidate interface com.soft.usercenter.repository.HbCommentRepository. If you want this repository to be a Redis repository, consider annotating your entities with one of these annotations: org.springframework.data.redis.core.RedisHash (preferred), or consider extending one of the following types with your repository: org.springframework.data.keyvalue.repository.KeyValueRepository.
2021-04-03 17:17:13.185  INFO 24972 --- [main] .RepositoryConfigurationExtensionSupport : Spring Data Redis - Could not safely identify store assignment for repository candidate interface com.soft.usercenter.repository.HbGoodRepository. If you want this repository to be a Redis repository, consider annotating your entities with one of these annotations: org.springframework.data.redis.core.RedisHash (preferred), or consider extending one of the following types with your repository: org.springframework.data.keyvalue.repository.KeyValueRepository.
2021-04-03 17:17:13.186  INFO 24972 --- [main] .RepositoryConfigurationExtensionSupport : Spring Data Redis - Could not safely identify store assignment for repository candidate interface com.soft.usercenter.repository.HbOrderRepository. If you want this repository to be a Redis repository, consider annotating your entities with one of these annotations: org.springframework.data.redis.core.RedisHash (preferred), or consider extending one of the following types with your repository: org.springframework.data.keyvalue.repository.KeyValueRepository.
2021-04-03 17:17:13.186  INFO 24972 --- [main] .RepositoryConfigurationExtensionSupport : Spring Data Redis - Could not safely identify store assignment for repository candidate interface com.soft.usercenter.repository.HbStrategyRepository. If you want this repository to be a Redis repository, consider annotating your entities with one of these annotations: org.springframework.data.redis.core.RedisHash (preferred), or consider extending one of the following types with your repository: org.springframework.data.keyvalue.repository.KeyValueRepository.
2021-04-03 17:17:13.186  INFO 24972 --- [main] .RepositoryConfigurationExtensionSupport : Spring Data Redis - Could not safely identify store assignment for repository candidate interface com.soft.usercenter.repository.HbUserRepository. If you want this repository to be a Redis repository, consider annotating your entities with one of these annotations: org.springframework.data.redis.core.RedisHash (preferred), or consider extending one of the following types with your repository: org.springframework.data.keyvalue.repository.KeyValueRepository.
2021-04-03 17:17:13.186  INFO 24972 --- [main] .s.d.r.c.RepositoryConfigurationDelegate : Finished Spring Data repository scanning in 22ms. Found 0 Redis repository interfaces.
2021-04-03 17:17:13.362  INFO 24972 --- [main] o.s.cloud.context.scope.GenericScope     : BeanFactory id=9913dd3c-5bfb-3d0c-b1ed-81b6501ad54b
2021-04-03 17:17:13.466  INFO 24972 --- [main] trationDelegate$BeanPostProcessorChecker : Bean 'org.springframework.cloud.autoconfigure.ConfigurationPropertiesRebinderAutoConfiguration' of type [org.springframework.cloud.autoconfigure.ConfigurationPropertiesRebinderAutoConfiguration] is not eligible for getting processed by all BeanPostProcessors (for example: not eligible for auto-proxying)
2021-04-03 17:17:13.685  INFO 24972 --- [main] o.s.b.w.embedded.tomcat.TomcatWebServer  : Tomcat initialized with port(s): 8082 (http)
2021-04-03 17:17:13.693  INFO 24972 --- [main] o.apache.catalina.core.StandardService   : Starting service [Tomcat]
2021-04-03 17:17:13.694  INFO 24972 --- [main] org.apache.catalina.core.StandardEngine  : Starting Servlet engine: [Apache Tomcat/9.0.37]
2021-04-03 17:17:13.755  INFO 24972 --- [main] o.a.c.c.C.[Tomcat].[localhost].[/]       : Initializing Spring embedded WebApplicationContext
2021-04-03 17:17:13.755  INFO 24972 --- [main] w.s.c.ServletWebServerApplicationContext : Root WebApplicationContext: initialization completed in 1642 ms
2021-04-03 17:17:13.939  INFO 24972 --- [main] o.s.s.concurrent.ThreadPoolTaskExecutor  : Initializing ExecutorService 'applicationTaskExecutor'
2021-04-03 17:17:14.036  INFO 24972 --- [task-1] o.hibernate.jpa.internal.util.LogHelper  : HHH000204: Processing PersistenceUnitInfo [name: default]
2021-04-03 17:17:14.127  INFO 24972 --- [task-1] org.hibernate.Version                    : HHH000412: Hibernate ORM core version 5.4.20.Final
2021-04-03 17:17:14.237  INFO 24972 --- [task-1] o.hibernate.annotations.common.Version   : HCANN000001: Hibernate Commons Annotations {5.1.0.Final}
2021-04-03 17:17:14.318  INFO 24972 --- [task-1] com.zaxxer.hikari.HikariDataSource       : HikariPool-1 - Starting...
2021-04-03 17:17:16.028  INFO 24972 --- [task-1] com.zaxxer.hikari.HikariDataSource       : HikariPool-1 - Start completed.
2021-04-03 17:17:16.040  INFO 24972 --- [task-1] org.hibernate.dialect.Dialect            : HHH000400: Using dialect: org.hibernate.dialect.MySQL5InnoDBDialect
2021-04-03 17:17:17.755  INFO 24972 --- [task-1] o.h.e.t.j.p.i.JtaPlatformInitiator       : HHH000490: Using JtaPlatform implementation: [org.hibernate.engine.transaction.jta.platform.internal.NoJtaPlatform]
2021-04-03 17:17:17.761  INFO 24972 --- [task-1] j.LocalContainerEntityManagerFactoryBean : Initialized JPA EntityManagerFactory for persistence unit 'default'
2021-04-03 17:17:18.408  WARN 24972 --- [main] JpaBaseConfiguration$JpaWebConfiguration : spring.jpa.open-in-view is enabled by default. Therefore, database queries may be performed during view rendering. Explicitly configure spring.jpa.open-in-view to disable this warning
2021-04-03 17:17:18.546  INFO 24972 --- [main] pertySourcedRequestMappingHandlerMapping : Mapped URL path [/v2/api-docs] onto method [springfox.documentation.swagger2.web.Swagger2Controller#getDocumentation(String, HttpServletRequest)]
2021-04-03 17:17:18.581  WARN 24972 --- [main] c.n.c.sources.URLConfigurationSource     : No URLs will be polled as dynamic configuration sources.
2021-04-03 17:17:18.581  INFO 24972 --- [main] c.n.c.sources.URLConfigurationSource     : To enable URLs as dynamic configuration sources, define System property archaius.configurationSource.additionalUrls or make config.properties available on classpath.
2021-04-03 17:17:18.585  WARN 24972 --- [main] c.n.c.sources.URLConfigurationSource     : No URLs will be polled as dynamic configuration sources.
2021-04-03 17:17:18.586  INFO 24972 --- [main] c.n.c.sources.URLConfigurationSource     : To enable URLs as dynamic configuration sources, define System property archaius.configurationSource.additionalUrls or make config.properties available on classpath.
2021-04-03 17:17:20.126  INFO 24972 --- [main] o.s.s.c.ThreadPoolTaskScheduler          : Initializing ExecutorService 'Nacso-Watch-Task-Scheduler'
2021-04-03 17:17:23.114  INFO 24972 --- [main] o.s.b.w.embedded.tomcat.TomcatWebServer  : Tomcat started on port(s): 8082 (http) with context path ''
2021-04-03 17:17:23.242  INFO 24972 --- [main] c.a.c.n.registry.NacosServiceRegistry    : nacos registry, DEFAULT_GROUP user-center 192.168.43.249:8082 register finished
2021-04-03 17:17:24.761  INFO 24972 --- [main] d.s.w.p.DocumentationPluginsBootstrapper : Context refreshed
2021-04-03 17:17:24.780  INFO 24972 --- [main] d.s.w.p.DocumentationPluginsBootstrapper : Found 1 custom documentation plugin(s)
2021-04-03 17:17:24.826  INFO 24972 --- [main] s.d.s.w.s.ApiListingReferenceScanner     : Scanning for api listing references
2021-04-03 17:17:25.004  INFO 24972 --- [main] DeferredRepositoryInitializationListener : Triggering deferred initialization of Spring Data repositories…
2021-04-03 17:17:25.094  INFO 24972 --- [main] DeferredRepositoryInitializationListener : Spring Data repositories initialized!
2021-04-03 17:17:25.099  INFO 24972 --- [main] c.soft.usercenter.UserCenterApplication  : Started UserCenterApplication in 16.379 seconds (JVM running for 17.94)
2021-04-03 17:33:29.402  INFO 34892 --- [main] trationDelegate$BeanPostProcessorChecker : Bean 'org.springframework.cloud.autoconfigure.ConfigurationPropertiesRebinderAutoConfiguration' of type [org.springframework.cloud.autoconfigure.ConfigurationPropertiesRebinderAutoConfiguration] is not eligible for getting processed by all BeanPostProcessors (for example: not eligible for auto-proxying)
2021-04-03 17:33:30.998  INFO 34892 --- [main] c.soft.usercenter.UserCenterApplication  : No active profile set, falling back to default profiles: default
2021-04-03 17:33:31.933  INFO 34892 --- [main] .s.d.r.c.RepositoryConfigurationDelegate : Multiple Spring Data modules found, entering strict repository configuration mode!
2021-04-03 17:33:31.933  INFO 34892 --- [main] .s.d.r.c.RepositoryConfigurationDelegate : Bootstrapping Spring Data JPA repositories in DEFERRED mode.
2021-04-03 17:33:32.065  INFO 34892 --- [main] .s.d.r.c.RepositoryConfigurationDelegate : Finished Spring Data repository scanning in 125ms. Found 5 JPA repository interfaces.
2021-04-03 17:33:32.089  INFO 34892 --- [main] .s.d.r.c.RepositoryConfigurationDelegate : Multiple Spring Data modules found, entering strict repository configuration mode!
2021-04-03 17:33:32.090  INFO 34892 --- [main] .s.d.r.c.RepositoryConfigurationDelegate : Bootstrapping Spring Data Redis repositories in DEFAULT mode.
2021-04-03 17:33:32.124  INFO 34892 --- [main] .RepositoryConfigurationExtensionSupport : Spring Data Redis - Could not safely identify store assignment for repository candidate interface com.soft.usercenter.repository.HbCommentRepository. If you want this repository to be a Redis repository, consider annotating your entities with one of these annotations: org.springframework.data.redis.core.RedisHash (preferred), or consider extending one of the following types with your repository: org.springframework.data.keyvalue.repository.KeyValueRepository.
2021-04-03 17:33:32.125  INFO 34892 --- [main] .RepositoryConfigurationExtensionSupport : Spring Data Redis - Could not safely identify store assignment for repository candidate interface com.soft.usercenter.repository.HbGoodRepository. If you want this repository to be a Redis repository, consider annotating your entities with one of these annotations: org.springframework.data.redis.core.RedisHash (preferred), or consider extending one of the following types with your repository: org.springframework.data.keyvalue.repository.KeyValueRepository.
2021-04-03 17:33:32.126  INFO 34892 --- [main] .RepositoryConfigurationExtensionSupport : Spring Data Redis - Could not safely identify store assignment for repository candidate interface com.soft.usercenter.repository.HbOrderRepository. If you want this repository to be a Redis repository, consider annotating your entities with one of these annotations: org.springframework.data.redis.core.RedisHash (preferred), or consider extending one of the following types with your repository: org.springframework.data.keyvalue.repository.KeyValueRepository.
2021-04-03 17:33:32.126  INFO 34892 --- [main] .RepositoryConfigurationExtensionSupport : Spring Data Redis - Could not safely identify store assignment for repository candidate interface com.soft.usercenter.repository.HbStrategyRepository. If you want this repository to be a Redis repository, consider annotating your entities with one of these annotations: org.springframework.data.redis.core.RedisHash (preferred), or consider extending one of the following types with your repository: org.springframework.data.keyvalue.repository.KeyValueRepository.
2021-04-03 17:33:32.126  INFO 34892 --- [main] .RepositoryConfigurationExtensionSupport : Spring Data Redis - Could not safely identify store assignment for repository candidate interface com.soft.usercenter.repository.HbUserRepository. If you want this repository to be a Redis repository, consider annotating your entities with one of these annotations: org.springframework.data.redis.core.RedisHash (preferred), or consider extending one of the following types with your repository: org.springframework.data.keyvalue.repository.KeyValueRepository.
2021-04-03 17:33:32.126  INFO 34892 --- [main] .s.d.r.c.RepositoryConfigurationDelegate : Finished Spring Data repository scanning in 27ms. Found 0 Redis repository interfaces.
2021-04-03 17:33:32.301  INFO 34892 --- [main] o.s.cloud.context.scope.GenericScope     : BeanFactory id=9913dd3c-5bfb-3d0c-b1ed-81b6501ad54b
2021-04-03 17:33:32.402  INFO 34892 --- [main] trationDelegate$BeanPostProcessorChecker : Bean 'org.springframework.cloud.autoconfigure.ConfigurationPropertiesRebinderAutoConfiguration' of type [org.springframework.cloud.autoconfigure.ConfigurationPropertiesRebinderAutoConfiguration] is not eligible for getting processed by all BeanPostProcessors (for example: not eligible for auto-proxying)
2021-04-03 17:33:32.619  INFO 34892 --- [main] o.s.b.w.embedded.tomcat.TomcatWebServer  : Tomcat initialized with port(s): 8082 (http)
2021-04-03 17:33:32.629  INFO 34892 --- [main] o.apache.catalina.core.StandardService   : Starting service [Tomcat]
2021-04-03 17:33:32.630  INFO 34892 --- [main] org.apache.catalina.core.StandardEngine  : Starting Servlet engine: [Apache Tomcat/9.0.37]
2021-04-03 17:33:32.707  INFO 34892 --- [main] o.a.c.c.C.[Tomcat].[localhost].[/]       : Initializing Spring embedded WebApplicationContext
2021-04-03 17:33:32.707  INFO 34892 --- [main] w.s.c.ServletWebServerApplicationContext : Root WebApplicationContext: initialization completed in 1697 ms
2021-04-03 17:33:32.906  INFO 34892 --- [main] o.s.s.concurrent.ThreadPoolTaskExecutor  : Initializing ExecutorService 'applicationTaskExecutor'
2021-04-03 17:33:32.994  INFO 34892 --- [task-1] o.hibernate.jpa.internal.util.LogHelper  : HHH000204: Processing PersistenceUnitInfo [name: default]
2021-04-03 17:33:33.085  INFO 34892 --- [task-1] org.hibernate.Version                    : HHH000412: Hibernate ORM core version 5.4.20.Final
2021-04-03 17:33:33.197  INFO 34892 --- [task-1] o.hibernate.annotations.common.Version   : HCANN000001: Hibernate Commons Annotations {5.1.0.Final}
2021-04-03 17:33:33.287  INFO 34892 --- [task-1] com.zaxxer.hikari.HikariDataSource       : HikariPool-1 - Starting...
2021-04-03 17:33:34.796  INFO 34892 --- [task-1] com.zaxxer.hikari.HikariDataSource       : HikariPool-1 - Start completed.
2021-04-03 17:33:34.806  INFO 34892 --- [task-1] org.hibernate.dialect.Dialect            : HHH000400: Using dialect: org.hibernate.dialect.MySQL5InnoDBDialect
2021-04-03 17:33:36.249  INFO 34892 --- [task-1] o.h.e.t.j.p.i.JtaPlatformInitiator       : HHH000490: Using JtaPlatform implementation: [org.hibernate.engine.transaction.jta.platform.internal.NoJtaPlatform]
2021-04-03 17:33:36.256  INFO 34892 --- [task-1] j.LocalContainerEntityManagerFactoryBean : Initialized JPA EntityManagerFactory for persistence unit 'default'
2021-04-03 17:33:37.021  WARN 34892 --- [main] JpaBaseConfiguration$JpaWebConfiguration : spring.jpa.open-in-view is enabled by default. Therefore, database queries may be performed during view rendering. Explicitly configure spring.jpa.open-in-view to disable this warning
2021-04-03 17:33:37.205  INFO 34892 --- [main] pertySourcedRequestMappingHandlerMapping : Mapped URL path [/v2/api-docs] onto method [springfox.documentation.swagger2.web.Swagger2Controller#getDocumentation(String, HttpServletRequest)]
2021-04-03 17:33:37.249  WARN 34892 --- [main] c.n.c.sources.URLConfigurationSource     : No URLs will be polled as dynamic configuration sources.
2021-04-03 17:33:37.249  INFO 34892 --- [main] c.n.c.sources.URLConfigurationSource     : To enable URLs as dynamic configuration sources, define System property archaius.configurationSource.additionalUrls or make config.properties available on classpath.
2021-04-03 17:33:37.255  WARN 34892 --- [main] c.n.c.sources.URLConfigurationSource     : No URLs will be polled as dynamic configuration sources.
2021-04-03 17:33:37.255  INFO 34892 --- [main] c.n.c.sources.URLConfigurationSource     : To enable URLs as dynamic configuration sources, define System property archaius.configurationSource.additionalUrls or make config.properties available on classpath.
2021-04-03 17:33:39.191  INFO 34892 --- [main] o.s.s.c.ThreadPoolTaskScheduler          : Initializing ExecutorService 'Nacso-Watch-Task-Scheduler'
2021-04-03 17:33:43.149  INFO 34892 --- [main] o.s.b.w.embedded.tomcat.TomcatWebServer  : Tomcat started on port(s): 8082 (http) with context path ''
2021-04-03 17:33:43.270  INFO 34892 --- [main] c.a.c.n.registry.NacosServiceRegistry    : nacos registry, DEFAULT_GROUP user-center 192.168.43.249:8082 register finished
2021-04-03 17:33:44.991  INFO 34892 --- [main] d.s.w.p.DocumentationPluginsBootstrapper : Context refreshed
2021-04-03 17:33:45.022  INFO 34892 --- [main] d.s.w.p.DocumentationPluginsBootstrapper : Found 1 custom documentation plugin(s)
2021-04-03 17:33:45.068  INFO 34892 --- [main] s.d.s.w.s.ApiListingReferenceScanner     : Scanning for api listing references
2021-04-03 17:33:45.264  INFO 34892 --- [main] DeferredRepositoryInitializationListener : Triggering deferred initialization of Spring Data repositories…
2021-04-03 17:33:45.362  INFO 34892 --- [main] DeferredRepositoryInitializationListener : Spring Data repositories initialized!
2021-04-03 17:33:45.368  INFO 34892 --- [main] c.soft.usercenter.UserCenterApplication  : Started UserCenterApplication in 18.161 seconds (JVM running for 20.442)
