2021-04-15 12:15:50.940  INFO 14888 --- [main] trationDelegate$BeanPostProcessorChecker : Bean 'org.springframework.cloud.autoconfigure.ConfigurationPropertiesRebinderAutoConfiguration' of type [org.springframework.cloud.autoconfigure.ConfigurationPropertiesRebinderAutoConfiguration] is not eligible for getting processed by all BeanPostProcessors (for example: not eligible for auto-proxying)
2021-04-15 12:15:51.478  INFO 14888 --- [main] c.soft.usercenter.UserCenterApplication  : No active profile set, falling back to default profiles: default
2021-04-15 12:15:52.775  INFO 14888 --- [main] .s.d.r.c.RepositoryConfigurationDelegate : Multiple Spring Data modules found, entering strict repository configuration mode!
2021-04-15 12:15:52.775  INFO 14888 --- [main] .s.d.r.c.RepositoryConfigurationDelegate : Bootstrapping Spring Data JPA repositories in DEFERRED mode.
2021-04-15 12:15:52.869  INFO 14888 --- [main] .s.d.r.c.RepositoryConfigurationDelegate : Finished Spring Data repository scanning in 84ms. Found 5 JPA repository interfaces.
2021-04-15 12:15:52.885  INFO 14888 --- [main] .s.d.r.c.RepositoryConfigurationDelegate : Multiple Spring Data modules found, entering strict repository configuration mode!
2021-04-15 12:15:52.885  INFO 14888 --- [main] .s.d.r.c.RepositoryConfigurationDelegate : Bootstrapping Spring Data Redis repositories in DEFAULT mode.
2021-04-15 12:15:52.900  INFO 14888 --- [main] .RepositoryConfigurationExtensionSupport : Spring Data Redis - Could not safely identify store assignment for repository candidate interface com.soft.usercenter.repository.HbCommentRepository. If you want this repository to be a Redis repository, consider annotating your entities with one of these annotations: org.springframework.data.redis.core.RedisHash (preferred), or consider extending one of the following types with your repository: org.springframework.data.keyvalue.repository.KeyValueRepository.
2021-04-15 12:15:52.900  INFO 14888 --- [main] .RepositoryConfigurationExtensionSupport : Spring Data Redis - Could not safely identify store assignment for repository candidate interface com.soft.usercenter.repository.HbGoodRepository. If you want this repository to be a Redis repository, consider annotating your entities with one of these annotations: org.springframework.data.redis.core.RedisHash (preferred), or consider extending one of the following types with your repository: org.springframework.data.keyvalue.repository.KeyValueRepository.
2021-04-15 12:15:52.900  INFO 14888 --- [main] .RepositoryConfigurationExtensionSupport : Spring Data Redis - Could not safely identify store assignment for repository candidate interface com.soft.usercenter.repository.HbOrderRepository. If you want this repository to be a Redis repository, consider annotating your entities with one of these annotations: org.springframework.data.redis.core.RedisHash (preferred), or consider extending one of the following types with your repository: org.springframework.data.keyvalue.repository.KeyValueRepository.
2021-04-15 12:15:52.900  INFO 14888 --- [main] .RepositoryConfigurationExtensionSupport : Spring Data Redis - Could not safely identify store assignment for repository candidate interface com.soft.usercenter.repository.HbStrategyRepository. If you want this repository to be a Redis repository, consider annotating your entities with one of these annotations: org.springframework.data.redis.core.RedisHash (preferred), or consider extending one of the following types with your repository: org.springframework.data.keyvalue.repository.KeyValueRepository.
2021-04-15 12:15:52.900  INFO 14888 --- [main] .RepositoryConfigurationExtensionSupport : Spring Data Redis - Could not safely identify store assignment for repository candidate interface com.soft.usercenter.repository.HbUserRepository. If you want this repository to be a Redis repository, consider annotating your entities with one of these annotations: org.springframework.data.redis.core.RedisHash (preferred), or consider extending one of the following types with your repository: org.springframework.data.keyvalue.repository.KeyValueRepository.
2021-04-15 12:15:52.900  INFO 14888 --- [main] .s.d.r.c.RepositoryConfigurationDelegate : Finished Spring Data repository scanning in 10ms. Found 0 Redis repository interfaces.
2021-04-15 12:15:53.072  INFO 14888 --- [main] o.s.cloud.context.scope.GenericScope     : BeanFactory id=9913dd3c-5bfb-3d0c-b1ed-81b6501ad54b
2021-04-15 12:15:53.166  INFO 14888 --- [main] trationDelegate$BeanPostProcessorChecker : Bean 'org.springframework.cloud.autoconfigure.ConfigurationPropertiesRebinderAutoConfiguration' of type [org.springframework.cloud.autoconfigure.ConfigurationPropertiesRebinderAutoConfiguration] is not eligible for getting processed by all BeanPostProcessors (for example: not eligible for auto-proxying)
2021-04-15 12:15:53.416  INFO 14888 --- [main] o.s.b.w.embedded.tomcat.TomcatWebServer  : Tomcat initialized with port(s): 8082 (http)
2021-04-15 12:15:53.432  INFO 14888 --- [main] o.apache.catalina.core.StandardService   : Starting service [Tomcat]
2021-04-15 12:15:53.432  INFO 14888 --- [main] org.apache.catalina.core.StandardEngine  : Starting Servlet engine: [Apache Tomcat/9.0.37]
2021-04-15 12:15:53.572  INFO 14888 --- [main] o.a.c.c.C.[Tomcat].[localhost].[/]       : Initializing Spring embedded WebApplicationContext
2021-04-15 12:15:53.572  INFO 14888 --- [main] w.s.c.ServletWebServerApplicationContext : Root WebApplicationContext: initialization completed in 2078 ms
2021-04-15 12:15:53.775  INFO 14888 --- [main] o.s.s.concurrent.ThreadPoolTaskExecutor  : Initializing ExecutorService 'applicationTaskExecutor'
2021-04-15 12:15:53.853  INFO 14888 --- [task-1] o.hibernate.jpa.internal.util.LogHelper  : HHH000204: Processing PersistenceUnitInfo [name: default]
2021-04-15 12:15:53.916  INFO 14888 --- [task-1] org.hibernate.Version                    : HHH000412: Hibernate ORM core version 5.4.20.Final
2021-04-15 12:15:54.072  INFO 14888 --- [task-1] o.hibernate.annotations.common.Version   : HCANN000001: Hibernate Commons Annotations {5.1.0.Final}
2021-04-15 12:15:54.166  INFO 14888 --- [task-1] com.zaxxer.hikari.HikariDataSource       : HikariPool-1 - Starting...
2021-04-15 12:15:54.619  INFO 14888 --- [task-1] com.zaxxer.hikari.HikariDataSource       : HikariPool-1 - Start completed.
2021-04-15 12:15:54.635  INFO 14888 --- [task-1] org.hibernate.dialect.Dialect            : HHH000400: Using dialect: org.hibernate.dialect.MySQL5InnoDBDialect
2021-04-15 12:15:55.385  INFO 14888 --- [task-1] o.h.e.t.j.p.i.JtaPlatformInitiator       : HHH000490: Using JtaPlatform implementation: [org.hibernate.engine.transaction.jta.platform.internal.NoJtaPlatform]
2021-04-15 12:15:55.400  INFO 14888 --- [task-1] j.LocalContainerEntityManagerFactoryBean : Initialized JPA EntityManagerFactory for persistence unit 'default'
2021-04-15 12:15:55.994  WARN 14888 --- [main] JpaBaseConfiguration$JpaWebConfiguration : spring.jpa.open-in-view is enabled by default. Therefore, database queries may be performed during view rendering. Explicitly configure spring.jpa.open-in-view to disable this warning
2021-04-15 12:15:56.119  INFO 14888 --- [main] pertySourcedRequestMappingHandlerMapping : Mapped URL path [/v2/api-docs] onto method [springfox.documentation.swagger2.web.Swagger2Controller#getDocumentation(String, HttpServletRequest)]
2021-04-15 12:15:56.150  WARN 14888 --- [main] c.n.c.sources.URLConfigurationSource     : No URLs will be polled as dynamic configuration sources.
2021-04-15 12:15:56.150  INFO 14888 --- [main] c.n.c.sources.URLConfigurationSource     : To enable URLs as dynamic configuration sources, define System property archaius.configurationSource.additionalUrls or make config.properties available on classpath.
2021-04-15 12:15:56.150  WARN 14888 --- [main] c.n.c.sources.URLConfigurationSource     : No URLs will be polled as dynamic configuration sources.
2021-04-15 12:15:56.150  INFO 14888 --- [main] c.n.c.sources.URLConfigurationSource     : To enable URLs as dynamic configuration sources, define System property archaius.configurationSource.additionalUrls or make config.properties available on classpath.
2021-04-15 12:15:56.744  INFO 14888 --- [main] o.s.s.c.ThreadPoolTaskScheduler          : Initializing ExecutorService 'Nacso-Watch-Task-Scheduler'
2021-04-15 12:15:58.031  INFO 14888 --- [main] o.s.b.w.embedded.tomcat.TomcatWebServer  : Tomcat started on port(s): 8082 (http) with context path ''
2021-04-15 12:15:58.140  INFO 14888 --- [main] c.a.c.n.registry.NacosServiceRegistry    : nacos registry, DEFAULT_GROUP user-center 192.168.1.116:8082 register finished
2021-04-15 12:15:58.553  INFO 14888 --- [main] d.s.w.p.DocumentationPluginsBootstrapper : Context refreshed
2021-04-15 12:15:58.584  INFO 14888 --- [main] d.s.w.p.DocumentationPluginsBootstrapper : Found 1 custom documentation plugin(s)
2021-04-15 12:15:58.600  INFO 14888 --- [main] s.d.s.w.s.ApiListingReferenceScanner     : Scanning for api listing references
2021-04-15 12:15:58.741  INFO 14888 --- [main] DeferredRepositoryInitializationListener : Triggering deferred initialization of Spring Data repositories…
2021-04-15 12:15:58.788  INFO 14888 --- [main] DeferredRepositoryInitializationListener : Spring Data repositories initialized!
2021-04-15 12:15:58.803  INFO 14888 --- [main] c.soft.usercenter.UserCenterApplication  : Started UserCenterApplication in 8.976 seconds (JVM running for 10.431)
2021-04-15 12:16:23.614  INFO 14888 --- [http-nio-8082-exec-1] o.a.c.c.C.[Tomcat].[localhost].[/]       : Initializing Spring DispatcherServlet 'dispatcherServlet'
2021-04-15 12:16:23.614  INFO 14888 --- [http-nio-8082-exec-1] o.s.web.servlet.DispatcherServlet        : Initializing Servlet 'dispatcherServlet'
2021-04-15 12:16:23.621  INFO 14888 --- [http-nio-8082-exec-1] o.s.web.servlet.DispatcherServlet        : Completed initialization in 7 ms
2021-04-15 12:16:23.703  INFO 14888 --- [http-nio-8082-exec-3] c.s.u.controller.HbUserController        : 访问login接口
2021-04-15 12:16:23.703  INFO 14888 --- [http-nio-8082-exec-3] c.s.u.controller.HbUserController        : loginDtoLoginDto(username=ntt, password=123)
2021-04-15 12:16:23.704  INFO 14888 --- [http-nio-8082-exec-3] c.s.u.service.impl.HbUserServiceImpl     : loginDto:ntt*********123
2021-04-15 12:16:23.859  INFO 14888 --- [http-nio-8082-exec-3] c.s.u.service.impl.HbUserServiceImpl     : 登录成功
2021-04-15 12:16:23.917  INFO 14888 --- [http-nio-8082-exec-3] c.s.u.service.impl.HbUserServiceImpl     : 生成的tokeneyJhbGciOiJIUzI1NiJ9.eyJleHAiOjE2MTk3NTYxODMsInVzZXJuYW1lIjoibnR0In0.YRySKVRybB8ocA9O6MvQhwfMoCbldD32YM5LOmlm7_A
2021-04-15 12:21:26.904  INFO 14888 --- [http-nio-8082-exec-4] c.s.u.controller.HbUserController        : 访问getInfoById接口
2021-04-15 12:21:26.904  INFO 14888 --- [http-nio-8082-exec-4] c.s.u.controller.HbUserController        : userId1
2021-04-15 12:21:27.024  INFO 14888 --- [http-nio-8082-exec-5] c.s.u.controller.HbUserController        : 访问getInfoById接口
2021-04-15 12:21:27.024  INFO 14888 --- [http-nio-8082-exec-5] c.s.u.controller.HbUserController        : userId2
2021-04-15 12:21:34.041  INFO 14888 --- [http-nio-8082-exec-6] c.s.u.controller.HbUserController        : 访问getInfoById接口
2021-04-15 12:21:34.042  INFO 14888 --- [http-nio-8082-exec-6] c.s.u.controller.HbUserController        : userId1
2021-04-15 12:32:32.792  INFO 14888 --- [http-nio-8082-exec-9] c.s.u.controller.HbUserController        : 访问getInfoById接口
2021-04-15 12:32:32.792  INFO 14888 --- [http-nio-8082-exec-9] c.s.u.controller.HbUserController        : userId1
2021-04-15 12:32:44.729  INFO 14888 --- [http-nio-8082-exec-1] c.s.u.controller.HbUserController        : 访问getInfoById接口
2021-04-15 12:32:44.730  INFO 14888 --- [http-nio-8082-exec-1] c.s.u.controller.HbUserController        : userId1
2021-04-15 12:32:50.198  INFO 14888 --- [http-nio-8082-exec-2] c.s.u.controller.HbUserController        : 访问getInfoById接口
2021-04-15 12:32:50.199  INFO 14888 --- [http-nio-8082-exec-2] c.s.u.controller.HbUserController        : userId1
2021-04-15 12:33:02.299  INFO 14888 --- [http-nio-8082-exec-5] c.s.u.controller.HbUserController        : 访问getInfoById接口
2021-04-15 12:33:02.299  INFO 14888 --- [http-nio-8082-exec-5] c.s.u.controller.HbUserController        : userId1
2021-04-15 12:33:24.338  INFO 14888 --- [http-nio-8082-exec-8] c.s.u.controller.HbUserController        : 访问getInfoById接口
2021-04-15 12:33:24.338  INFO 14888 --- [http-nio-8082-exec-8] c.s.u.controller.HbUserController        : userId1
2021-04-15 12:34:16.922  INFO 14888 --- [http-nio-8082-exec-9] c.s.u.controller.HbUserController        : 访问getInfoById接口
2021-04-15 12:34:16.922  INFO 14888 --- [http-nio-8082-exec-9] c.s.u.controller.HbUserController        : userId1
2021-04-15 12:34:21.444  INFO 14888 --- [http-nio-8082-exec-1] c.s.u.controller.HbUserController        : 访问getInfoById接口
2021-04-15 12:34:21.444  INFO 14888 --- [http-nio-8082-exec-1] c.s.u.controller.HbUserController        : userId1
2021-04-15 12:34:25.980  INFO 14888 --- [http-nio-8082-exec-3] c.s.u.controller.HbUserController        : 访问getInfoById接口
2021-04-15 12:34:25.981  INFO 14888 --- [http-nio-8082-exec-3] c.s.u.controller.HbUserController        : userId1
2021-04-15 12:36:59.931  INFO 14888 --- [http-nio-8082-exec-4] c.s.u.controller.HbUserController        : 访问getInfoById接口
2021-04-15 12:36:59.931  INFO 14888 --- [http-nio-8082-exec-4] c.s.u.controller.HbUserController        : userId1
2021-04-15 12:37:35.856  INFO 14888 --- [http-nio-8082-exec-6] c.s.u.controller.HbUserController        : 访问getInfoById接口
2021-04-15 12:37:35.856  INFO 14888 --- [http-nio-8082-exec-6] c.s.u.controller.HbUserController        : userId1
2021-04-15 12:39:28.556  INFO 14888 --- [http-nio-8082-exec-7] c.s.u.controller.HbUserController        : 访问getInfoById接口
2021-04-15 12:39:28.557  INFO 14888 --- [http-nio-8082-exec-7] c.s.u.controller.HbUserController        : userId1
2021-04-15 12:39:58.131  INFO 14888 --- [http-nio-8082-exec-9] c.s.u.controller.HbUserController        : 访问getInfoById接口
2021-04-15 12:39:58.131  INFO 14888 --- [http-nio-8082-exec-9] c.s.u.controller.HbUserController        : userId1
2021-04-15 12:40:13.264  INFO 14888 --- [http-nio-8082-exec-1] c.s.u.controller.HbUserController        : 访问getInfoById接口
2021-04-15 12:40:13.265  INFO 14888 --- [http-nio-8082-exec-1] c.s.u.controller.HbUserController        : userId1
2021-04-15 12:40:32.584  INFO 14888 --- [http-nio-8082-exec-2] c.s.u.controller.HbUserController        : 访问getInfoById接口
2021-04-15 12:40:32.584  INFO 14888 --- [http-nio-8082-exec-2] c.s.u.controller.HbUserController        : userId1
