2021-03-25 11:31:39.969  INFO 3760 --- [main] c.soft.usercenter.UserCenterApplication  : Starting UserCenterApplication using Java 1.8.0_41 on DESKTOP-MSQL8V0 with PID 3760 (D:\CompcuteApplication\projectTest\high-concurrency\usercenter\target\classes started by nitaotao in D:\CompcuteApplication\projectTest\high-concurrency)
2021-03-25 11:31:39.971  INFO 3760 --- [main] c.soft.usercenter.UserCenterApplication  : No active profile set, falling back to default profiles: default
2021-03-25 11:31:40.891  INFO 3760 --- [main] .s.d.r.c.RepositoryConfigurationDelegate : Multiple Spring Data modules found, entering strict repository configuration mode!
2021-03-25 11:31:40.893  INFO 3760 --- [main] .s.d.r.c.RepositoryConfigurationDelegate : Bootstrapping Spring Data JPA repositories in DEFAULT mode.
2021-03-25 11:31:40.907  INFO 3760 --- [main] .s.d.r.c.RepositoryConfigurationDelegate : Finished Spring Data repository scanning in 6 ms. Found 0 JPA repository interfaces.
2021-03-25 11:31:40.930  INFO 3760 --- [main] .s.d.r.c.RepositoryConfigurationDelegate : Multiple Spring Data modules found, entering strict repository configuration mode!
2021-03-25 11:31:40.931  INFO 3760 --- [main] .s.d.r.c.RepositoryConfigurationDelegate : Bootstrapping Spring Data Redis repositories in DEFAULT mode.
2021-03-25 11:31:40.943  INFO 3760 --- [main] .s.d.r.c.RepositoryConfigurationDelegate : Finished Spring Data repository scanning in 4 ms. Found 0 Redis repository interfaces.
2021-03-25 11:31:41.400  INFO 3760 --- [main] o.s.b.w.embedded.tomcat.TomcatWebServer  : Tomcat initialized with port(s): 8080 (http)
2021-03-25 11:31:41.408  INFO 3760 --- [main] o.apache.catalina.core.StandardService   : Starting service [Tomcat]
2021-03-25 11:31:41.408  INFO 3760 --- [main] org.apache.catalina.core.StandardEngine  : Starting Servlet engine: [Apache Tomcat/9.0.44]
2021-03-25 11:31:41.532  INFO 3760 --- [main] o.a.c.c.C.[Tomcat].[localhost].[/]       : Initializing Spring embedded WebApplicationContext
2021-03-25 11:31:41.532  INFO 3760 --- [main] w.s.c.ServletWebServerApplicationContext : Root WebApplicationContext: initialization completed in 1495 ms
2021-03-25 11:31:41.702  INFO 3760 --- [main] o.hibernate.jpa.internal.util.LogHelper  : HHH000204: Processing PersistenceUnitInfo [name: default]
2021-03-25 11:31:41.745  INFO 3760 --- [main] org.hibernate.Version                    : HHH000412: Hibernate ORM core version 5.4.29.Final
2021-03-25 11:31:41.852  INFO 3760 --- [main] o.hibernate.annotations.common.Version   : HCANN000001: Hibernate Commons Annotations {5.1.2.Final}
2021-03-25 11:31:41.941  INFO 3760 --- [main] com.zaxxer.hikari.HikariDataSource       : HikariPool-1 - Starting...
2021-03-25 11:31:42.753  INFO 3760 --- [main] com.zaxxer.hikari.HikariDataSource       : HikariPool-1 - Start completed.
2021-03-25 11:31:42.763  INFO 3760 --- [main] org.hibernate.dialect.Dialect            : HHH000400: Using dialect: org.hibernate.dialect.MySQL5InnoDBDialect
2021-03-25 11:31:43.554  INFO 3760 --- [main] o.h.e.t.j.p.i.JtaPlatformInitiator       : HHH000490: Using JtaPlatform implementation: [org.hibernate.engine.transaction.jta.platform.internal.NoJtaPlatform]
2021-03-25 11:31:43.563  INFO 3760 --- [main] j.LocalContainerEntityManagerFactoryBean : Initialized JPA EntityManagerFactory for persistence unit 'default'
2021-03-25 11:31:43.866  WARN 3760 --- [main] JpaBaseConfiguration$JpaWebConfiguration : spring.jpa.open-in-view is enabled by default. Therefore, database queries may be performed during view rendering. Explicitly configure spring.jpa.open-in-view to disable this warning
2021-03-25 11:31:44.182  INFO 3760 --- [main] pertySourcedRequestMappingHandlerMapping : Mapped URL path [/v2/api-docs] onto method [springfox.documentation.swagger2.web.Swagger2Controller#getDocumentation(String, HttpServletRequest)]
2021-03-25 11:31:44.294  INFO 3760 --- [main] o.s.s.concurrent.ThreadPoolTaskExecutor  : Initializing ExecutorService 'applicationTaskExecutor'
2021-03-25 11:31:44.481  INFO 3760 --- [main] o.s.b.w.embedded.tomcat.TomcatWebServer  : Tomcat started on port(s): 8080 (http) with context path ''
2021-03-25 11:31:44.482  INFO 3760 --- [main] d.s.w.p.DocumentationPluginsBootstrapper : Context refreshed
2021-03-25 11:31:44.502  INFO 3760 --- [main] d.s.w.p.DocumentationPluginsBootstrapper : Found 1 custom documentation plugin(s)
2021-03-25 11:31:44.543  INFO 3760 --- [main] s.d.s.w.s.ApiListingReferenceScanner     : Scanning for api listing references
2021-03-25 11:31:44.564  INFO 3760 --- [main] c.soft.usercenter.UserCenterApplication  : Started UserCenterApplication in 5.139 seconds (JVM running for 6.712)
2021-03-25 11:32:26.281  INFO 1516 --- [main] c.soft.usercenter.UserCenterApplication  : Starting UserCenterApplication using Java 1.8.0_41 on DESKTOP-MSQL8V0 with PID 1516 (D:\CompcuteApplication\projectTest\high-concurrency\usercenter\target\classes started by nitaotao in D:\CompcuteApplication\projectTest\high-concurrency)
2021-03-25 11:32:26.283  INFO 1516 --- [main] c.soft.usercenter.UserCenterApplication  : No active profile set, falling back to default profiles: default
2021-03-25 11:32:27.093  INFO 1516 --- [main] .s.d.r.c.RepositoryConfigurationDelegate : Multiple Spring Data modules found, entering strict repository configuration mode!
2021-03-25 11:32:27.094  INFO 1516 --- [main] .s.d.r.c.RepositoryConfigurationDelegate : Bootstrapping Spring Data JPA repositories in DEFAULT mode.
2021-03-25 11:32:27.108  INFO 1516 --- [main] .s.d.r.c.RepositoryConfigurationDelegate : Finished Spring Data repository scanning in 6 ms. Found 0 JPA repository interfaces.
2021-03-25 11:32:27.123  INFO 1516 --- [main] .s.d.r.c.RepositoryConfigurationDelegate : Multiple Spring Data modules found, entering strict repository configuration mode!
2021-03-25 11:32:27.124  INFO 1516 --- [main] .s.d.r.c.RepositoryConfigurationDelegate : Bootstrapping Spring Data Redis repositories in DEFAULT mode.
2021-03-25 11:32:27.134  INFO 1516 --- [main] .s.d.r.c.RepositoryConfigurationDelegate : Finished Spring Data repository scanning in 3 ms. Found 0 Redis repository interfaces.
2021-03-25 11:32:27.632  INFO 1516 --- [main] o.s.b.w.embedded.tomcat.TomcatWebServer  : Tomcat initialized with port(s): 8080 (http)
2021-03-25 11:32:27.639  INFO 1516 --- [main] o.apache.catalina.core.StandardService   : Starting service [Tomcat]
2021-03-25 11:32:27.639  INFO 1516 --- [main] org.apache.catalina.core.StandardEngine  : Starting Servlet engine: [Apache Tomcat/9.0.44]
2021-03-25 11:32:27.773  INFO 1516 --- [main] o.a.c.c.C.[Tomcat].[localhost].[/]       : Initializing Spring embedded WebApplicationContext
2021-03-25 11:32:27.773  INFO 1516 --- [main] w.s.c.ServletWebServerApplicationContext : Root WebApplicationContext: initialization completed in 1422 ms
2021-03-25 11:32:27.950  INFO 1516 --- [main] o.hibernate.jpa.internal.util.LogHelper  : HHH000204: Processing PersistenceUnitInfo [name: default]
2021-03-25 11:32:27.992  INFO 1516 --- [main] org.hibernate.Version                    : HHH000412: Hibernate ORM core version 5.4.29.Final
2021-03-25 11:32:28.097  INFO 1516 --- [main] o.hibernate.annotations.common.Version   : HCANN000001: Hibernate Commons Annotations {5.1.2.Final}
2021-03-25 11:32:28.187  INFO 1516 --- [main] com.zaxxer.hikari.HikariDataSource       : HikariPool-1 - Starting...
2021-03-25 11:32:28.815  INFO 1516 --- [main] com.zaxxer.hikari.HikariDataSource       : HikariPool-1 - Start completed.
2021-03-25 11:32:28.824  INFO 1516 --- [main] org.hibernate.dialect.Dialect            : HHH000400: Using dialect: org.hibernate.dialect.MySQL5InnoDBDialect
2021-03-25 11:32:29.178  INFO 1516 --- [main] o.h.e.t.j.p.i.JtaPlatformInitiator       : HHH000490: Using JtaPlatform implementation: [org.hibernate.engine.transaction.jta.platform.internal.NoJtaPlatform]
2021-03-25 11:32:29.187  INFO 1516 --- [main] j.LocalContainerEntityManagerFactoryBean : Initialized JPA EntityManagerFactory for persistence unit 'default'
2021-03-25 11:32:29.350  WARN 1516 --- [main] JpaBaseConfiguration$JpaWebConfiguration : spring.jpa.open-in-view is enabled by default. Therefore, database queries may be performed during view rendering. Explicitly configure spring.jpa.open-in-view to disable this warning
2021-03-25 11:32:29.674  INFO 1516 --- [main] pertySourcedRequestMappingHandlerMapping : Mapped URL path [/v2/api-docs] onto method [springfox.documentation.swagger2.web.Swagger2Controller#getDocumentation(String, HttpServletRequest)]
2021-03-25 11:32:29.784  INFO 1516 --- [main] o.s.s.concurrent.ThreadPoolTaskExecutor  : Initializing ExecutorService 'applicationTaskExecutor'
2021-03-25 11:32:29.978  INFO 1516 --- [main] o.s.b.w.embedded.tomcat.TomcatWebServer  : Tomcat started on port(s): 8080 (http) with context path ''
2021-03-25 11:32:29.979  INFO 1516 --- [main] d.s.w.p.DocumentationPluginsBootstrapper : Context refreshed
2021-03-25 11:32:29.994  INFO 1516 --- [main] d.s.w.p.DocumentationPluginsBootstrapper : Found 1 custom documentation plugin(s)
2021-03-25 11:32:30.020  INFO 1516 --- [main] s.d.s.w.s.ApiListingReferenceScanner     : Scanning for api listing references
2021-03-25 11:32:30.040  INFO 1516 --- [main] c.soft.usercenter.UserCenterApplication  : Started UserCenterApplication in 4.194 seconds (JVM running for 5.774)
2021-03-25 11:33:49.770  INFO 1516 --- [http-nio-8080-exec-1] o.a.c.c.C.[Tomcat].[localhost].[/]       : Initializing Spring DispatcherServlet 'dispatcherServlet'
2021-03-25 11:33:49.771  INFO 1516 --- [http-nio-8080-exec-1] o.s.web.servlet.DispatcherServlet        : Initializing Servlet 'dispatcherServlet'
2021-03-25 11:33:49.772  INFO 1516 --- [http-nio-8080-exec-1] o.s.web.servlet.DispatcherServlet        : Completed initialization in 1 ms
2021-03-25 11:36:09.861  INFO 2852 --- [main] c.soft.usercenter.UserCenterApplication  : Starting UserCenterApplication using Java 1.8.0_41 on DESKTOP-MSQL8V0 with PID 2852 (D:\CompcuteApplication\projectTest\high-concurrency\usercenter\target\classes started by nitaotao in D:\CompcuteApplication\projectTest\high-concurrency)
2021-03-25 11:36:09.863  INFO 2852 --- [main] c.soft.usercenter.UserCenterApplication  : No active profile set, falling back to default profiles: default
2021-03-25 11:36:10.692  INFO 2852 --- [main] .s.d.r.c.RepositoryConfigurationDelegate : Multiple Spring Data modules found, entering strict repository configuration mode!
2021-03-25 11:36:10.693  INFO 2852 --- [main] .s.d.r.c.RepositoryConfigurationDelegate : Bootstrapping Spring Data JPA repositories in DEFAULT mode.
2021-03-25 11:36:10.708  INFO 2852 --- [main] .s.d.r.c.RepositoryConfigurationDelegate : Finished Spring Data repository scanning in 6 ms. Found 0 JPA repository interfaces.
2021-03-25 11:36:10.724  INFO 2852 --- [main] .s.d.r.c.RepositoryConfigurationDelegate : Multiple Spring Data modules found, entering strict repository configuration mode!
2021-03-25 11:36:10.725  INFO 2852 --- [main] .s.d.r.c.RepositoryConfigurationDelegate : Bootstrapping Spring Data Redis repositories in DEFAULT mode.
2021-03-25 11:36:10.736  INFO 2852 --- [main] .s.d.r.c.RepositoryConfigurationDelegate : Finished Spring Data repository scanning in 3 ms. Found 0 Redis repository interfaces.
2021-03-25 11:36:11.211  INFO 2852 --- [main] o.s.b.w.embedded.tomcat.TomcatWebServer  : Tomcat initialized with port(s): 8080 (http)
2021-03-25 11:36:11.219  INFO 2852 --- [main] o.apache.catalina.core.StandardService   : Starting service [Tomcat]
2021-03-25 11:36:11.219  INFO 2852 --- [main] org.apache.catalina.core.StandardEngine  : Starting Servlet engine: [Apache Tomcat/9.0.44]
2021-03-25 11:36:11.340  INFO 2852 --- [main] o.a.c.c.C.[Tomcat].[localhost].[/]       : Initializing Spring embedded WebApplicationContext
2021-03-25 11:36:11.340  INFO 2852 --- [main] w.s.c.ServletWebServerApplicationContext : Root WebApplicationContext: initialization completed in 1407 ms
2021-03-25 11:36:11.514  INFO 2852 --- [main] o.hibernate.jpa.internal.util.LogHelper  : HHH000204: Processing PersistenceUnitInfo [name: default]
2021-03-25 11:36:11.554  INFO 2852 --- [main] org.hibernate.Version                    : HHH000412: Hibernate ORM core version 5.4.29.Final
2021-03-25 11:36:11.661  INFO 2852 --- [main] o.hibernate.annotations.common.Version   : HCANN000001: Hibernate Commons Annotations {5.1.2.Final}
2021-03-25 11:36:11.751  INFO 2852 --- [main] com.zaxxer.hikari.HikariDataSource       : HikariPool-1 - Starting...
2021-03-25 11:36:12.239  INFO 2852 --- [main] com.zaxxer.hikari.HikariDataSource       : HikariPool-1 - Start completed.
2021-03-25 11:36:12.250  INFO 2852 --- [main] org.hibernate.dialect.Dialect            : HHH000400: Using dialect: org.hibernate.dialect.MySQL5InnoDBDialect
2021-03-25 11:36:12.970  INFO 2852 --- [main] o.h.e.t.j.p.i.JtaPlatformInitiator       : HHH000490: Using JtaPlatform implementation: [org.hibernate.engine.transaction.jta.platform.internal.NoJtaPlatform]
2021-03-25 11:36:12.979  INFO 2852 --- [main] j.LocalContainerEntityManagerFactoryBean : Initialized JPA EntityManagerFactory for persistence unit 'default'
2021-03-25 11:36:13.149  WARN 2852 --- [main] JpaBaseConfiguration$JpaWebConfiguration : spring.jpa.open-in-view is enabled by default. Therefore, database queries may be performed during view rendering. Explicitly configure spring.jpa.open-in-view to disable this warning
2021-03-25 11:36:13.483  INFO 2852 --- [main] pertySourcedRequestMappingHandlerMapping : Mapped URL path [/v2/api-docs] onto method [springfox.documentation.swagger2.web.Swagger2Controller#getDocumentation(String, HttpServletRequest)]
2021-03-25 11:36:13.598  INFO 2852 --- [main] o.s.s.concurrent.ThreadPoolTaskExecutor  : Initializing ExecutorService 'applicationTaskExecutor'
2021-03-25 11:36:13.803  INFO 2852 --- [main] o.s.b.w.embedded.tomcat.TomcatWebServer  : Tomcat started on port(s): 8080 (http) with context path ''
2021-03-25 11:36:13.804  INFO 2852 --- [main] d.s.w.p.DocumentationPluginsBootstrapper : Context refreshed
2021-03-25 11:36:13.820  INFO 2852 --- [main] d.s.w.p.DocumentationPluginsBootstrapper : Found 1 custom documentation plugin(s)
2021-03-25 11:36:13.846  INFO 2852 --- [main] s.d.s.w.s.ApiListingReferenceScanner     : Scanning for api listing references
2021-03-25 11:36:13.867  INFO 2852 --- [main] c.soft.usercenter.UserCenterApplication  : Started UserCenterApplication in 4.498 seconds (JVM running for 6.077)
2021-03-25 11:40:05.798  INFO 9768 --- [main] c.soft.usercenter.UserCenterApplication  : Starting UserCenterApplication using Java 1.8.0_41 on DESKTOP-MSQL8V0 with PID 9768 (D:\CompcuteApplication\projectTest\high-concurrency\usercenter\target\classes started by nitaotao in D:\CompcuteApplication\projectTest\high-concurrency)
2021-03-25 11:40:05.801  INFO 9768 --- [main] c.soft.usercenter.UserCenterApplication  : No active profile set, falling back to default profiles: default
2021-03-25 11:40:06.581  INFO 9768 --- [main] .s.d.r.c.RepositoryConfigurationDelegate : Multiple Spring Data modules found, entering strict repository configuration mode!
2021-03-25 11:40:06.582  INFO 9768 --- [main] .s.d.r.c.RepositoryConfigurationDelegate : Bootstrapping Spring Data JPA repositories in DEFAULT mode.
2021-03-25 11:40:06.599  INFO 9768 --- [main] .s.d.r.c.RepositoryConfigurationDelegate : Finished Spring Data repository scanning in 7 ms. Found 0 JPA repository interfaces.
2021-03-25 11:40:06.610  INFO 9768 --- [main] .s.d.r.c.RepositoryConfigurationDelegate : Multiple Spring Data modules found, entering strict repository configuration mode!
2021-03-25 11:40:06.611  INFO 9768 --- [main] .s.d.r.c.RepositoryConfigurationDelegate : Bootstrapping Spring Data Redis repositories in DEFAULT mode.
2021-03-25 11:40:06.623  INFO 9768 --- [main] .s.d.r.c.RepositoryConfigurationDelegate : Finished Spring Data repository scanning in 3 ms. Found 0 Redis repository interfaces.
2021-03-25 11:40:07.084  INFO 9768 --- [main] o.s.b.w.embedded.tomcat.TomcatWebServer  : Tomcat initialized with port(s): 8080 (http)
2021-03-25 11:40:07.092  INFO 9768 --- [main] o.apache.catalina.core.StandardService   : Starting service [Tomcat]
2021-03-25 11:40:07.092  INFO 9768 --- [main] org.apache.catalina.core.StandardEngine  : Starting Servlet engine: [Apache Tomcat/9.0.44]
2021-03-25 11:40:07.213  INFO 9768 --- [main] o.a.c.c.C.[Tomcat].[localhost].[/]       : Initializing Spring embedded WebApplicationContext
2021-03-25 11:40:07.213  INFO 9768 --- [main] w.s.c.ServletWebServerApplicationContext : Root WebApplicationContext: initialization completed in 1347 ms
2021-03-25 11:40:07.376  INFO 9768 --- [main] o.hibernate.jpa.internal.util.LogHelper  : HHH000204: Processing PersistenceUnitInfo [name: default]
2021-03-25 11:40:07.419  INFO 9768 --- [main] org.hibernate.Version                    : HHH000412: Hibernate ORM core version 5.4.29.Final
2021-03-25 11:40:07.525  INFO 9768 --- [main] o.hibernate.annotations.common.Version   : HCANN000001: Hibernate Commons Annotations {5.1.2.Final}
2021-03-25 11:40:07.611  INFO 9768 --- [main] com.zaxxer.hikari.HikariDataSource       : HikariPool-1 - Starting...
2021-03-25 11:40:08.785  INFO 9768 --- [main] com.zaxxer.hikari.HikariDataSource       : HikariPool-1 - Start completed.
2021-03-25 11:40:08.795  INFO 9768 --- [main] org.hibernate.dialect.Dialect            : HHH000400: Using dialect: org.hibernate.dialect.MySQL5InnoDBDialect
2021-03-25 11:40:09.348  INFO 9768 --- [main] o.h.e.t.j.p.i.JtaPlatformInitiator       : HHH000490: Using JtaPlatform implementation: [org.hibernate.engine.transaction.jta.platform.internal.NoJtaPlatform]
2021-03-25 11:40:09.359  INFO 9768 --- [main] j.LocalContainerEntityManagerFactoryBean : Initialized JPA EntityManagerFactory for persistence unit 'default'
2021-03-25 11:40:09.538  WARN 9768 --- [main] JpaBaseConfiguration$JpaWebConfiguration : spring.jpa.open-in-view is enabled by default. Therefore, database queries may be performed during view rendering. Explicitly configure spring.jpa.open-in-view to disable this warning
2021-03-25 11:40:09.953  INFO 9768 --- [main] o.s.s.concurrent.ThreadPoolTaskExecutor  : Initializing ExecutorService 'applicationTaskExecutor'
2021-03-25 11:40:10.153  INFO 9768 --- [main] o.s.b.w.embedded.tomcat.TomcatWebServer  : Tomcat started on port(s): 8080 (http) with context path ''
2021-03-25 11:40:10.154  INFO 9768 --- [main] d.s.w.p.DocumentationPluginsBootstrapper : Context refreshed
2021-03-25 11:40:10.169  INFO 9768 --- [main] d.s.w.p.DocumentationPluginsBootstrapper : Found 1 custom documentation plugin(s)
2021-03-25 11:40:10.179  INFO 9768 --- [main] s.d.s.w.s.ApiListingReferenceScanner     : Scanning for api listing references
2021-03-25 11:40:10.198  INFO 9768 --- [main] c.soft.usercenter.UserCenterApplication  : Started UserCenterApplication in 4.839 seconds (JVM running for 6.428)
2021-03-25 11:42:00.944  INFO 13488 --- [main] c.soft.usercenter.UserCenterApplication  : Starting UserCenterApplication using Java 1.8.0_41 on DESKTOP-MSQL8V0 with PID 13488 (D:\CompcuteApplication\projectTest\high-concurrency\usercenter\target\classes started by nitaotao in D:\CompcuteApplication\projectTest\high-concurrency)
2021-03-25 11:42:00.948  INFO 13488 --- [main] c.soft.usercenter.UserCenterApplication  : No active profile set, falling back to default profiles: default
2021-03-25 11:42:01.767  INFO 13488 --- [main] .s.d.r.c.RepositoryConfigurationDelegate : Multiple Spring Data modules found, entering strict repository configuration mode!
2021-03-25 11:42:01.767  INFO 13488 --- [main] .s.d.r.c.RepositoryConfigurationDelegate : Bootstrapping Spring Data JPA repositories in DEFAULT mode.
2021-03-25 11:42:01.782  INFO 13488 --- [main] .s.d.r.c.RepositoryConfigurationDelegate : Finished Spring Data repository scanning in 6 ms. Found 0 JPA repository interfaces.
2021-03-25 11:42:01.797  INFO 13488 --- [main] .s.d.r.c.RepositoryConfigurationDelegate : Multiple Spring Data modules found, entering strict repository configuration mode!
2021-03-25 11:42:01.798  INFO 13488 --- [main] .s.d.r.c.RepositoryConfigurationDelegate : Bootstrapping Spring Data Redis repositories in DEFAULT mode.
2021-03-25 11:42:01.809  INFO 13488 --- [main] .s.d.r.c.RepositoryConfigurationDelegate : Finished Spring Data repository scanning in 3 ms. Found 0 Redis repository interfaces.
2021-03-25 11:42:02.278  INFO 13488 --- [main] o.s.b.w.embedded.tomcat.TomcatWebServer  : Tomcat initialized with port(s): 8080 (http)
2021-03-25 11:42:02.285  INFO 13488 --- [main] o.apache.catalina.core.StandardService   : Starting service [Tomcat]
2021-03-25 11:42:02.285  INFO 13488 --- [main] org.apache.catalina.core.StandardEngine  : Starting Servlet engine: [Apache Tomcat/9.0.44]
2021-03-25 11:42:02.409  INFO 13488 --- [main] o.a.c.c.C.[Tomcat].[localhost].[/]       : Initializing Spring embedded WebApplicationContext
2021-03-25 11:42:02.409  INFO 13488 --- [main] w.s.c.ServletWebServerApplicationContext : Root WebApplicationContext: initialization completed in 1389 ms
2021-03-25 11:42:02.588  INFO 13488 --- [main] o.hibernate.jpa.internal.util.LogHelper  : HHH000204: Processing PersistenceUnitInfo [name: default]
2021-03-25 11:42:02.634  INFO 13488 --- [main] org.hibernate.Version                    : HHH000412: Hibernate ORM core version 5.4.29.Final
2021-03-25 11:42:02.741  INFO 13488 --- [main] o.hibernate.annotations.common.Version   : HCANN000001: Hibernate Commons Annotations {5.1.2.Final}
2021-03-25 11:42:02.826  INFO 13488 --- [main] com.zaxxer.hikari.HikariDataSource       : HikariPool-1 - Starting...
2021-03-25 11:42:03.399  INFO 13488 --- [main] com.zaxxer.hikari.HikariDataSource       : HikariPool-1 - Start completed.
2021-03-25 11:42:03.409  INFO 13488 --- [main] org.hibernate.dialect.Dialect            : HHH000400: Using dialect: org.hibernate.dialect.MySQL5InnoDBDialect
2021-03-25 11:42:04.204  INFO 13488 --- [main] o.h.e.t.j.p.i.JtaPlatformInitiator       : HHH000490: Using JtaPlatform implementation: [org.hibernate.engine.transaction.jta.platform.internal.NoJtaPlatform]
2021-03-25 11:42:04.217  INFO 13488 --- [main] j.LocalContainerEntityManagerFactoryBean : Initialized JPA EntityManagerFactory for persistence unit 'default'
2021-03-25 11:42:04.387  WARN 13488 --- [main] JpaBaseConfiguration$JpaWebConfiguration : spring.jpa.open-in-view is enabled by default. Therefore, database queries may be performed during view rendering. Explicitly configure spring.jpa.open-in-view to disable this warning
2021-03-25 11:42:04.701  INFO 13488 --- [main] pertySourcedRequestMappingHandlerMapping : Mapped URL path [/v2/api-docs] onto method [springfox.documentation.swagger2.web.Swagger2Controller#getDocumentation(String, HttpServletRequest)]
2021-03-25 11:42:04.815  INFO 13488 --- [main] o.s.s.concurrent.ThreadPoolTaskExecutor  : Initializing ExecutorService 'applicationTaskExecutor'
2021-03-25 11:42:05.008  INFO 13488 --- [main] o.s.b.w.embedded.tomcat.TomcatWebServer  : Tomcat started on port(s): 8080 (http) with context path ''
2021-03-25 11:42:05.009  INFO 13488 --- [main] d.s.w.p.DocumentationPluginsBootstrapper : Context refreshed
2021-03-25 11:42:05.024  INFO 13488 --- [main] d.s.w.p.DocumentationPluginsBootstrapper : Found 1 custom documentation plugin(s)
2021-03-25 11:42:05.054  INFO 13488 --- [main] s.d.s.w.s.ApiListingReferenceScanner     : Scanning for api listing references
2021-03-25 11:42:05.071  INFO 13488 --- [main] c.soft.usercenter.UserCenterApplication  : Started UserCenterApplication in 4.569 seconds (JVM running for 6.126)
2021-03-25 11:42:45.869  INFO 7196 --- [main] c.soft.usercenter.UserCenterApplication  : Starting UserCenterApplication using Java 1.8.0_41 on DESKTOP-MSQL8V0 with PID 7196 (D:\CompcuteApplication\projectTest\high-concurrency\usercenter\target\classes started by nitaotao in D:\CompcuteApplication\projectTest\high-concurrency)
2021-03-25 11:42:45.871  INFO 7196 --- [main] c.soft.usercenter.UserCenterApplication  : No active profile set, falling back to default profiles: default
2021-03-25 11:42:46.688  INFO 7196 --- [main] .s.d.r.c.RepositoryConfigurationDelegate : Multiple Spring Data modules found, entering strict repository configuration mode!
2021-03-25 11:42:46.689  INFO 7196 --- [main] .s.d.r.c.RepositoryConfigurationDelegate : Bootstrapping Spring Data JPA repositories in DEFAULT mode.
2021-03-25 11:42:46.703  INFO 7196 --- [main] .s.d.r.c.RepositoryConfigurationDelegate : Finished Spring Data repository scanning in 6 ms. Found 0 JPA repository interfaces.
2021-03-25 11:42:46.718  INFO 7196 --- [main] .s.d.r.c.RepositoryConfigurationDelegate : Multiple Spring Data modules found, entering strict repository configuration mode!
2021-03-25 11:42:46.719  INFO 7196 --- [main] .s.d.r.c.RepositoryConfigurationDelegate : Bootstrapping Spring Data Redis repositories in DEFAULT mode.
2021-03-25 11:42:46.729  INFO 7196 --- [main] .s.d.r.c.RepositoryConfigurationDelegate : Finished Spring Data repository scanning in 2 ms. Found 0 Redis repository interfaces.
2021-03-25 11:42:47.199  INFO 7196 --- [main] o.s.b.w.embedded.tomcat.TomcatWebServer  : Tomcat initialized with port(s): 8088 (http)
2021-03-25 11:42:47.207  INFO 7196 --- [main] o.apache.catalina.core.StandardService   : Starting service [Tomcat]
2021-03-25 11:42:47.207  INFO 7196 --- [main] org.apache.catalina.core.StandardEngine  : Starting Servlet engine: [Apache Tomcat/9.0.44]
2021-03-25 11:42:47.327  INFO 7196 --- [main] o.a.c.c.C.[Tomcat].[localhost].[/]       : Initializing Spring embedded WebApplicationContext
2021-03-25 11:42:47.328  INFO 7196 --- [main] w.s.c.ServletWebServerApplicationContext : Root WebApplicationContext: initialization completed in 1390 ms
2021-03-25 11:42:47.512  INFO 7196 --- [main] o.hibernate.jpa.internal.util.LogHelper  : HHH000204: Processing PersistenceUnitInfo [name: default]
2021-03-25 11:42:47.553  INFO 7196 --- [main] org.hibernate.Version                    : HHH000412: Hibernate ORM core version 5.4.29.Final
2021-03-25 11:42:47.660  INFO 7196 --- [main] o.hibernate.annotations.common.Version   : HCANN000001: Hibernate Commons Annotations {5.1.2.Final}
2021-03-25 11:42:47.747  INFO 7196 --- [main] com.zaxxer.hikari.HikariDataSource       : HikariPool-1 - Starting...
2021-03-25 11:42:48.337  INFO 7196 --- [main] com.zaxxer.hikari.HikariDataSource       : HikariPool-1 - Start completed.
2021-03-25 11:42:48.349  INFO 7196 --- [main] org.hibernate.dialect.Dialect            : HHH000400: Using dialect: org.hibernate.dialect.MySQL5InnoDBDialect
2021-03-25 11:42:48.807  INFO 7196 --- [main] o.h.e.t.j.p.i.JtaPlatformInitiator       : HHH000490: Using JtaPlatform implementation: [org.hibernate.engine.transaction.jta.platform.internal.NoJtaPlatform]
2021-03-25 11:42:48.816  INFO 7196 --- [main] j.LocalContainerEntityManagerFactoryBean : Initialized JPA EntityManagerFactory for persistence unit 'default'
2021-03-25 11:42:48.988  WARN 7196 --- [main] JpaBaseConfiguration$JpaWebConfiguration : spring.jpa.open-in-view is enabled by default. Therefore, database queries may be performed during view rendering. Explicitly configure spring.jpa.open-in-view to disable this warning
2021-03-25 11:42:49.308  INFO 7196 --- [main] pertySourcedRequestMappingHandlerMapping : Mapped URL path [/v2/api-docs] onto method [springfox.documentation.swagger2.web.Swagger2Controller#getDocumentation(String, HttpServletRequest)]
2021-03-25 11:42:49.422  INFO 7196 --- [main] o.s.s.concurrent.ThreadPoolTaskExecutor  : Initializing ExecutorService 'applicationTaskExecutor'
2021-03-25 11:42:49.611  INFO 7196 --- [main] o.s.b.w.embedded.tomcat.TomcatWebServer  : Tomcat started on port(s): 8088 (http) with context path ''
2021-03-25 11:42:49.611  INFO 7196 --- [main] d.s.w.p.DocumentationPluginsBootstrapper : Context refreshed
2021-03-25 11:42:49.627  INFO 7196 --- [main] d.s.w.p.DocumentationPluginsBootstrapper : Found 1 custom documentation plugin(s)
2021-03-25 11:42:49.657  INFO 7196 --- [main] s.d.s.w.s.ApiListingReferenceScanner     : Scanning for api listing references
2021-03-25 11:42:49.675  INFO 7196 --- [main] c.soft.usercenter.UserCenterApplication  : Started UserCenterApplication in 4.237 seconds (JVM running for 5.982)
2021-03-25 11:42:52.418  INFO 7196 --- [http-nio-8088-exec-1] o.a.c.c.C.[Tomcat].[localhost].[/]       : Initializing Spring DispatcherServlet 'dispatcherServlet'
2021-03-25 11:42:52.418  INFO 7196 --- [http-nio-8088-exec-1] o.s.web.servlet.DispatcherServlet        : Initializing Servlet 'dispatcherServlet'
2021-03-25 11:42:52.420  INFO 7196 --- [http-nio-8088-exec-1] o.s.web.servlet.DispatcherServlet        : Completed initialization in 1 ms
