2021-05-25 11:39:08.692  INFO 9936 --- [main] trationDelegate$BeanPostProcessorChecker : Bean 'org.springframework.cloud.autoconfigure.ConfigurationPropertiesRebinderAutoConfiguration' of type [org.springframework.cloud.autoconfigure.ConfigurationPropertiesRebinderAutoConfiguration] is not eligible for getting processed by all BeanPostProcessors (for example: not eligible for auto-proxying)
2021-05-25 11:39:09.379  INFO 9936 --- [main] c.soft.usercenter.UserCenterApplication  : No active profile set, falling back to default profiles: default
2021-05-25 11:39:13.185  INFO 9936 --- [main] .s.d.r.c.RepositoryConfigurationDelegate : Multiple Spring Data modules found, entering strict repository configuration mode!
2021-05-25 11:39:13.186  INFO 9936 --- [main] .s.d.r.c.RepositoryConfigurationDelegate : Bootstrapping Spring Data JPA repositories in DEFERRED mode.
2021-05-25 11:39:13.506  INFO 9936 --- [main] .s.d.r.c.RepositoryConfigurationDelegate : Finished Spring Data repository scanning in 289ms. Found 5 JPA repository interfaces.
2021-05-25 11:39:13.559  INFO 9936 --- [main] .s.d.r.c.RepositoryConfigurationDelegate : Multiple Spring Data modules found, entering strict repository configuration mode!
2021-05-25 11:39:13.562  INFO 9936 --- [main] .s.d.r.c.RepositoryConfigurationDelegate : Bootstrapping Spring Data Redis repositories in DEFAULT mode.
2021-05-25 11:39:13.629  INFO 9936 --- [main] .RepositoryConfigurationExtensionSupport : Spring Data Redis - Could not safely identify store assignment for repository candidate interface com.soft.usercenter.repository.HbCommentRepository. If you want this repository to be a Redis repository, consider annotating your entities with one of these annotations: org.springframework.data.redis.core.RedisHash (preferred), or consider extending one of the following types with your repository: org.springframework.data.keyvalue.repository.KeyValueRepository.
2021-05-25 11:39:13.631  INFO 9936 --- [main] .RepositoryConfigurationExtensionSupport : Spring Data Redis - Could not safely identify store assignment for repository candidate interface com.soft.usercenter.repository.HbGoodRepository. If you want this repository to be a Redis repository, consider annotating your entities with one of these annotations: org.springframework.data.redis.core.RedisHash (preferred), or consider extending one of the following types with your repository: org.springframework.data.keyvalue.repository.KeyValueRepository.
2021-05-25 11:39:13.632  INFO 9936 --- [main] .RepositoryConfigurationExtensionSupport : Spring Data Redis - Could not safely identify store assignment for repository candidate interface com.soft.usercenter.repository.HbOrderRepository. If you want this repository to be a Redis repository, consider annotating your entities with one of these annotations: org.springframework.data.redis.core.RedisHash (preferred), or consider extending one of the following types with your repository: org.springframework.data.keyvalue.repository.KeyValueRepository.
2021-05-25 11:39:13.633  INFO 9936 --- [main] .RepositoryConfigurationExtensionSupport : Spring Data Redis - Could not safely identify store assignment for repository candidate interface com.soft.usercenter.repository.HbStrategyRepository. If you want this repository to be a Redis repository, consider annotating your entities with one of these annotations: org.springframework.data.redis.core.RedisHash (preferred), or consider extending one of the following types with your repository: org.springframework.data.keyvalue.repository.KeyValueRepository.
2021-05-25 11:39:13.634  INFO 9936 --- [main] .RepositoryConfigurationExtensionSupport : Spring Data Redis - Could not safely identify store assignment for repository candidate interface com.soft.usercenter.repository.HbUserRepository. If you want this repository to be a Redis repository, consider annotating your entities with one of these annotations: org.springframework.data.redis.core.RedisHash (preferred), or consider extending one of the following types with your repository: org.springframework.data.keyvalue.repository.KeyValueRepository.
2021-05-25 11:39:13.634  INFO 9936 --- [main] .s.d.r.c.RepositoryConfigurationDelegate : Finished Spring Data repository scanning in 35ms. Found 0 Redis repository interfaces.
2021-05-25 11:39:14.286  INFO 9936 --- [main] o.s.cloud.context.scope.GenericScope     : BeanFactory id=9913dd3c-5bfb-3d0c-b1ed-81b6501ad54b
2021-05-25 11:39:14.802  INFO 9936 --- [main] trationDelegate$BeanPostProcessorChecker : Bean 'org.springframework.cloud.autoconfigure.ConfigurationPropertiesRebinderAutoConfiguration' of type [org.springframework.cloud.autoconfigure.ConfigurationPropertiesRebinderAutoConfiguration] is not eligible for getting processed by all BeanPostProcessors (for example: not eligible for auto-proxying)
2021-05-25 11:39:15.601  INFO 9936 --- [main] o.s.b.w.embedded.tomcat.TomcatWebServer  : Tomcat initialized with port(s): 8082 (http)
2021-05-25 11:39:15.633  INFO 9936 --- [main] o.apache.catalina.core.StandardService   : Starting service [Tomcat]
2021-05-25 11:39:15.634  INFO 9936 --- [main] org.apache.catalina.core.StandardEngine  : Starting Servlet engine: [Apache Tomcat/9.0.37]
2021-05-25 11:39:16.252  INFO 9936 --- [main] o.a.c.c.C.[Tomcat].[localhost].[/]       : Initializing Spring embedded WebApplicationContext
2021-05-25 11:39:16.254  INFO 9936 --- [main] w.s.c.ServletWebServerApplicationContext : Root WebApplicationContext: initialization completed in 6853 ms
2021-05-25 11:39:17.156  INFO 9936 --- [main] o.s.s.concurrent.ThreadPoolTaskExecutor  : Initializing ExecutorService 'applicationTaskExecutor'
2021-05-25 11:39:17.555  INFO 9936 --- [task-1] o.hibernate.jpa.internal.util.LogHelper  : HHH000204: Processing PersistenceUnitInfo [name: default]
2021-05-25 11:39:18.037  INFO 9936 --- [task-1] org.hibernate.Version                    : HHH000412: Hibernate ORM core version 5.4.20.Final
2021-05-25 11:39:19.030  INFO 9936 --- [task-1] o.hibernate.annotations.common.Version   : HCANN000001: Hibernate Commons Annotations {5.1.0.Final}
2021-05-25 11:39:19.532  INFO 9936 --- [task-1] com.zaxxer.hikari.HikariDataSource       : HikariPool-1 - Starting...
2021-05-25 11:39:20.546  INFO 9936 --- [task-1] com.zaxxer.hikari.HikariDataSource       : HikariPool-1 - Start completed.
2021-05-25 11:39:20.617  INFO 9936 --- [task-1] org.hibernate.dialect.Dialect            : HHH000400: Using dialect: org.hibernate.dialect.MySQL5InnoDBDialect
2021-05-25 11:39:23.222  INFO 9936 --- [task-1] o.h.e.t.j.p.i.JtaPlatformInitiator       : HHH000490: Using JtaPlatform implementation: [org.hibernate.engine.transaction.jta.platform.internal.NoJtaPlatform]
2021-05-25 11:39:23.243  INFO 9936 --- [task-1] j.LocalContainerEntityManagerFactoryBean : Initialized JPA EntityManagerFactory for persistence unit 'default'
2021-05-25 11:39:25.367  WARN 9936 --- [main] JpaBaseConfiguration$JpaWebConfiguration : spring.jpa.open-in-view is enabled by default. Therefore, database queries may be performed during view rendering. Explicitly configure spring.jpa.open-in-view to disable this warning
2021-05-25 11:39:25.823  INFO 9936 --- [main] pertySourcedRequestMappingHandlerMapping : Mapped URL path [/v2/api-docs] onto method [springfox.documentation.swagger2.web.Swagger2Controller#getDocumentation(String, HttpServletRequest)]
2021-05-25 11:39:25.927  WARN 9936 --- [main] c.n.c.sources.URLConfigurationSource     : No URLs will be polled as dynamic configuration sources.
2021-05-25 11:39:25.927  INFO 9936 --- [main] c.n.c.sources.URLConfigurationSource     : To enable URLs as dynamic configuration sources, define System property archaius.configurationSource.additionalUrls or make config.properties available on classpath.
2021-05-25 11:39:25.941  WARN 9936 --- [main] c.n.c.sources.URLConfigurationSource     : No URLs will be polled as dynamic configuration sources.
2021-05-25 11:39:25.942  INFO 9936 --- [main] c.n.c.sources.URLConfigurationSource     : To enable URLs as dynamic configuration sources, define System property archaius.configurationSource.additionalUrls or make config.properties available on classpath.
2021-05-25 11:39:27.837  INFO 9936 --- [main] o.s.s.c.ThreadPoolTaskScheduler          : Initializing ExecutorService 'Nacso-Watch-Task-Scheduler'
2021-05-25 11:39:29.418  INFO 9936 --- [main] o.s.b.w.embedded.tomcat.TomcatWebServer  : Tomcat started on port(s): 8082 (http) with context path ''
2021-05-25 11:39:30.002  INFO 9936 --- [main] c.a.c.n.registry.NacosServiceRegistry    : nacos registry, DEFAULT_GROUP user-center 10.40.213.13:8082 register finished
2021-05-25 11:39:30.401  INFO 9936 --- [main] d.s.w.p.DocumentationPluginsBootstrapper : Context refreshed
2021-05-25 11:39:30.430  INFO 9936 --- [main] d.s.w.p.DocumentationPluginsBootstrapper : Found 1 custom documentation plugin(s)
2021-05-25 11:39:30.474  INFO 9936 --- [main] s.d.s.w.s.ApiListingReferenceScanner     : Scanning for api listing references
2021-05-25 11:39:30.741  INFO 9936 --- [main] DeferredRepositoryInitializationListener : Triggering deferred initialization of Spring Data repositories…
2021-05-25 11:39:30.878  INFO 9936 --- [main] DeferredRepositoryInitializationListener : Spring Data repositories initialized!
2021-05-25 11:39:30.885  INFO 9936 --- [main] c.soft.usercenter.UserCenterApplication  : Started UserCenterApplication in 23.471 seconds (JVM running for 24.96)
2021-05-25 12:03:32.344  INFO 9936 --- [http-nio-8082-exec-1] o.a.c.c.C.[Tomcat].[localhost].[/]       : Initializing Spring DispatcherServlet 'dispatcherServlet'
2021-05-25 12:03:32.345  INFO 9936 --- [http-nio-8082-exec-1] o.s.web.servlet.DispatcherServlet        : Initializing Servlet 'dispatcherServlet'
2021-05-25 12:03:32.378  INFO 9936 --- [http-nio-8082-exec-1] o.s.web.servlet.DispatcherServlet        : Completed initialization in 32 ms
2021-05-25 12:03:32.448  INFO 9936 --- [http-nio-8082-exec-1] c.s.u.controller.HbUserController        : 访问getInfoById接口
2021-05-25 12:03:32.448  INFO 9936 --- [http-nio-8082-exec-2] c.s.u.controller.HbUserController        : 访问getInfoById接口
2021-05-25 12:03:32.448  INFO 9936 --- [http-nio-8082-exec-1] c.s.u.controller.HbUserController        : userId1
2021-05-25 12:03:32.448  INFO 9936 --- [http-nio-8082-exec-2] c.s.u.controller.HbUserController        : userId1
2021-05-25 12:03:33.053  INFO 9936 --- [http-nio-8082-exec-3] c.s.u.controller.HbUserController        : 访问getInfoById接口
2021-05-25 12:03:33.053  INFO 9936 --- [http-nio-8082-exec-3] c.s.u.controller.HbUserController        : userId1
2021-05-25 12:03:37.491  WARN 9936 --- [http-nio-8082-exec-1] com.zaxxer.hikari.pool.PoolBase          : HikariPool-1 - Failed to validate connection com.mysql.jdbc.JDBC4Connection@5b9ff3 (Communications link failure

The last packet successfully received from the server was 1,454,280 milliseconds ago.  The last packet sent successfully to the server was 5,012 milliseconds ago.). Possibly consider using a shorter maxLifetime value.
2021-05-25 12:04:52.445  INFO 9936 --- [http-nio-8082-exec-6] c.s.u.controller.HbUserController        : 访问getInfoById接口
2021-05-25 12:04:52.446  INFO 9936 --- [http-nio-8082-exec-6] c.s.u.controller.HbUserController        : userId1
2021-05-25 12:04:52.585  INFO 9936 --- [http-nio-8082-exec-7] c.s.u.controller.HbUserController        : 访问getInfoById接口
2021-05-25 12:04:52.586  INFO 9936 --- [http-nio-8082-exec-7] c.s.u.controller.HbUserController        : userId1
2021-05-25 12:04:52.982  INFO 9936 --- [http-nio-8082-exec-8] c.s.u.controller.HbUserController        : 访问getInfoById接口
2021-05-25 12:04:52.982  INFO 9936 --- [http-nio-8082-exec-8] c.s.u.controller.HbUserController        : userId1
2021-05-25 12:05:07.744  INFO 9936 --- [http-nio-8082-exec-10] c.s.u.controller.HbUserController        : 访问getInfoById接口
2021-05-25 12:05:07.745  INFO 9936 --- [http-nio-8082-exec-10] c.s.u.controller.HbUserController        : userId1
2021-05-25 12:05:07.775  INFO 9936 --- [http-nio-8082-exec-2] c.s.u.controller.HbUserController        : 访问getInfoById接口
2021-05-25 12:05:07.776  INFO 9936 --- [http-nio-8082-exec-2] c.s.u.controller.HbUserController        : userId1
2021-05-25 12:05:07.876  INFO 9936 --- [http-nio-8082-exec-3] c.s.u.controller.HbUserController        : 访问getInfoById接口
2021-05-25 12:05:07.876  INFO 9936 --- [http-nio-8082-exec-3] c.s.u.controller.HbUserController        : userId1
2021-05-25 12:05:39.836  INFO 9936 --- [http-nio-8082-exec-4] c.s.u.controller.HbUserController        : 访问getInfoById接口
2021-05-25 12:05:39.837  INFO 9936 --- [http-nio-8082-exec-4] c.s.u.controller.HbUserController        : userId1
2021-05-25 12:05:39.889  INFO 9936 --- [http-nio-8082-exec-5] c.s.u.controller.HbUserController        : 访问getInfoById接口
2021-05-25 12:05:39.889  INFO 9936 --- [http-nio-8082-exec-5] c.s.u.controller.HbUserController        : userId1
2021-05-25 12:05:40.340  INFO 9936 --- [http-nio-8082-exec-6] c.s.u.controller.HbUserController        : 访问getInfoById接口
2021-05-25 12:05:40.340  INFO 9936 --- [http-nio-8082-exec-6] c.s.u.controller.HbUserController        : userId1
2021-05-25 12:05:40.760  INFO 9936 --- [http-nio-8082-exec-7] c.s.u.controller.HbUserController        : 访问getInfoById接口
2021-05-25 12:05:40.760  INFO 9936 --- [http-nio-8082-exec-7] c.s.u.controller.HbUserController        : userId1
2021-05-25 12:05:40.768  INFO 9936 --- [http-nio-8082-exec-8] c.s.u.controller.HbUserController        : 访问getInfoById接口
2021-05-25 12:05:40.768  INFO 9936 --- [http-nio-8082-exec-8] c.s.u.controller.HbUserController        : userId1
2021-05-25 12:05:40.998  INFO 9936 --- [http-nio-8082-exec-9] c.s.u.controller.HbUserController        : 访问getInfoById接口
2021-05-25 12:05:40.998  INFO 9936 --- [http-nio-8082-exec-9] c.s.u.controller.HbUserController        : userId1
2021-05-25 12:05:43.784  INFO 9936 --- [http-nio-8082-exec-10] c.s.u.controller.HbUserController        : 访问getInfoById接口
2021-05-25 12:05:43.785  INFO 9936 --- [http-nio-8082-exec-10] c.s.u.controller.HbUserController        : userId1
2021-05-25 12:05:43.831  INFO 9936 --- [http-nio-8082-exec-2] c.s.u.controller.HbUserController        : 访问getInfoById接口
2021-05-25 12:05:43.831  INFO 9936 --- [http-nio-8082-exec-2] c.s.u.controller.HbUserController        : userId1
2021-05-25 12:05:43.934  INFO 9936 --- [http-nio-8082-exec-3] c.s.u.controller.HbUserController        : 访问getInfoById接口
2021-05-25 12:05:43.934  INFO 9936 --- [http-nio-8082-exec-3] c.s.u.controller.HbUserController        : userId1
2021-05-25 12:05:50.236  INFO 9936 --- [http-nio-8082-exec-4] c.s.u.controller.HbUserController        : 访问getInfoById接口
2021-05-25 12:05:50.237  INFO 9936 --- [http-nio-8082-exec-4] c.s.u.controller.HbUserController        : userId1
2021-05-25 12:05:50.380  INFO 9936 --- [http-nio-8082-exec-5] c.s.u.controller.HbUserController        : 访问getInfoById接口
2021-05-25 12:05:50.381  INFO 9936 --- [http-nio-8082-exec-5] c.s.u.controller.HbUserController        : userId1
2021-05-25 12:05:50.405  INFO 9936 --- [http-nio-8082-exec-6] c.s.u.controller.HbUserController        : 访问getInfoById接口
2021-05-25 12:05:50.407  INFO 9936 --- [http-nio-8082-exec-6] c.s.u.controller.HbUserController        : userId1
2021-05-25 12:06:07.257  INFO 9936 --- [http-nio-8082-exec-8] c.s.u.controller.HbUserController        : 访问getInfoById接口
2021-05-25 12:06:07.258  INFO 9936 --- [http-nio-8082-exec-8] c.s.u.controller.HbUserController        : userId1
2021-05-25 12:06:07.272  INFO 9936 --- [http-nio-8082-exec-9] c.s.u.controller.HbUserController        : 访问getInfoById接口
2021-05-25 12:06:07.273  INFO 9936 --- [http-nio-8082-exec-9] c.s.u.controller.HbUserController        : userId1
2021-05-25 12:06:07.411  INFO 9936 --- [http-nio-8082-exec-10] c.s.u.controller.HbUserController        : 访问getInfoById接口
2021-05-25 12:06:07.412  INFO 9936 --- [http-nio-8082-exec-10] c.s.u.controller.HbUserController        : userId1
2021-05-25 12:08:38.516  INFO 9936 --- [http-nio-8082-exec-4] c.s.u.controller.HbUserController        : 访问login接口
2021-05-25 12:08:38.517  INFO 9936 --- [http-nio-8082-exec-4] c.s.u.controller.HbUserController        : loginDtoLoginDto(username=ntt, password=123)
2021-05-25 12:08:38.519  INFO 9936 --- [http-nio-8082-exec-4] c.s.u.service.impl.HbUserServiceImpl     : loginDto:ntt*********123
2021-05-25 12:08:39.096  INFO 9936 --- [http-nio-8082-exec-4] c.s.u.service.impl.HbUserServiceImpl     : 登录成功
2021-05-25 12:08:39.319  INFO 9936 --- [http-nio-8082-exec-4] c.s.u.service.impl.HbUserServiceImpl     : 生成的tokeneyJhbGciOiJIUzI1NiJ9.eyJleHAiOjE2MjMyMTE3MTksInVzZXJuYW1lIjoibnR0In0.a1ViWLatRoUdwB2ze_4jug3lI44mUhnZaegYY74sVbc
2021-05-25 12:10:21.570  INFO 9936 --- [http-nio-8082-exec-6] c.s.u.controller.HbUserController        : 访问getInfoById接口
2021-05-25 12:10:21.571  INFO 9936 --- [http-nio-8082-exec-6] c.s.u.controller.HbUserController        : userId1
2021-05-25 12:10:23.092  INFO 9936 --- [http-nio-8082-exec-7] c.s.u.controller.HbUserController        : 访问getInfoById接口
2021-05-25 12:10:23.093  INFO 9936 --- [http-nio-8082-exec-7] c.s.u.controller.HbUserController        : userId1
2021-05-25 15:05:59.771  INFO 9936 --- [http-nio-8082-exec-9] c.s.u.controller.HbUserController        : 访问login接口
2021-05-25 15:05:59.776  INFO 9936 --- [http-nio-8082-exec-9] c.s.u.controller.HbUserController        : loginDtoLoginDto(username=ntt, password=123)
2021-05-25 15:05:59.777  INFO 9936 --- [http-nio-8082-exec-9] c.s.u.service.impl.HbUserServiceImpl     : loginDto:ntt*********123
2021-05-25 15:05:59.843  INFO 9936 --- [http-nio-8082-exec-9] c.s.u.service.impl.HbUserServiceImpl     : 登录成功
2021-05-25 15:05:59.856  INFO 9936 --- [http-nio-8082-exec-9] c.s.u.service.impl.HbUserServiceImpl     : 生成的tokeneyJhbGciOiJIUzI1NiJ9.eyJleHAiOjE2MjMyMjIzNTksInVzZXJuYW1lIjoibnR0In0.pSXecV6gFNd2wt5g7ihujgWkaGip6TOproTgPITfKAI
2021-05-25 15:06:03.256  INFO 9936 --- [http-nio-8082-exec-6] c.s.u.controller.HbUserController        : 访问login接口
2021-05-25 15:06:03.257  INFO 9936 --- [http-nio-8082-exec-6] c.s.u.controller.HbUserController        : loginDtoLoginDto(username=ntt, password=123)
2021-05-25 15:06:03.257  INFO 9936 --- [http-nio-8082-exec-6] c.s.u.service.impl.HbUserServiceImpl     : loginDto:ntt*********123
2021-05-25 15:06:03.308  INFO 9936 --- [http-nio-8082-exec-6] c.s.u.service.impl.HbUserServiceImpl     : 登录成功
2021-05-25 15:06:03.311  INFO 9936 --- [http-nio-8082-exec-6] c.s.u.service.impl.HbUserServiceImpl     : 生成的tokeneyJhbGciOiJIUzI1NiJ9.eyJleHAiOjE2MjMyMjIzNjMsInVzZXJuYW1lIjoibnR0In0.RmT-1eJLeE5DZZh_gJGXx3TWjBAYUhMt6qPMzU-HYaY
2021-05-25 15:06:04.245  INFO 9936 --- [http-nio-8082-exec-3] c.s.u.controller.HbUserController        : 访问login接口
2021-05-25 15:06:04.246  INFO 9936 --- [http-nio-8082-exec-3] c.s.u.controller.HbUserController        : loginDtoLoginDto(username=ntt, password=123)
2021-05-25 15:06:04.247  INFO 9936 --- [http-nio-8082-exec-3] c.s.u.service.impl.HbUserServiceImpl     : loginDto:ntt*********123
2021-05-25 15:06:04.285  INFO 9936 --- [http-nio-8082-exec-3] c.s.u.service.impl.HbUserServiceImpl     : 登录成功
2021-05-25 15:06:04.289  INFO 9936 --- [http-nio-8082-exec-3] c.s.u.service.impl.HbUserServiceImpl     : 生成的tokeneyJhbGciOiJIUzI1NiJ9.eyJleHAiOjE2MjMyMjIzNjQsInVzZXJuYW1lIjoibnR0In0.1bKRglgwvdiR6n2iLqzoRnSqAtwxSYb98Bev39ZW6a0
2021-05-25 15:06:04.968  INFO 9936 --- [http-nio-8082-exec-7] c.s.u.controller.HbUserController        : 访问login接口
2021-05-25 15:06:04.969  INFO 9936 --- [http-nio-8082-exec-7] c.s.u.controller.HbUserController        : loginDtoLoginDto(username=ntt, password=123)
2021-05-25 15:06:04.970  INFO 9936 --- [http-nio-8082-exec-7] c.s.u.service.impl.HbUserServiceImpl     : loginDto:ntt*********123
2021-05-25 15:06:05.012  INFO 9936 --- [http-nio-8082-exec-7] c.s.u.service.impl.HbUserServiceImpl     : 登录成功
2021-05-25 15:06:05.016  INFO 9936 --- [http-nio-8082-exec-7] c.s.u.service.impl.HbUserServiceImpl     : 生成的tokeneyJhbGciOiJIUzI1NiJ9.eyJleHAiOjE2MjMyMjIzNjUsInVzZXJuYW1lIjoibnR0In0.mLxbTXFW1rbEIOuEM5gHYKhFdiScQh6NwXzP0dFCwLc
2021-05-25 15:06:05.126  INFO 9936 --- [http-nio-8082-exec-2] c.s.u.controller.HbUserController        : 访问login接口
2021-05-25 15:06:05.127  INFO 9936 --- [http-nio-8082-exec-2] c.s.u.controller.HbUserController        : loginDtoLoginDto(username=ntt, password=123)
2021-05-25 15:06:05.127  INFO 9936 --- [http-nio-8082-exec-2] c.s.u.service.impl.HbUserServiceImpl     : loginDto:ntt*********123
2021-05-25 15:06:05.148  INFO 9936 --- [http-nio-8082-exec-2] c.s.u.service.impl.HbUserServiceImpl     : 登录成功
2021-05-25 15:06:05.150  INFO 9936 --- [http-nio-8082-exec-2] c.s.u.service.impl.HbUserServiceImpl     : 生成的tokeneyJhbGciOiJIUzI1NiJ9.eyJleHAiOjE2MjMyMjIzNjUsInVzZXJuYW1lIjoibnR0In0.mLxbTXFW1rbEIOuEM5gHYKhFdiScQh6NwXzP0dFCwLc
2021-05-25 15:06:05.270  INFO 9936 --- [http-nio-8082-exec-8] c.s.u.controller.HbUserController        : 访问login接口
2021-05-25 15:06:05.271  INFO 9936 --- [http-nio-8082-exec-8] c.s.u.controller.HbUserController        : loginDtoLoginDto(username=ntt, password=123)
2021-05-25 15:06:05.271  INFO 9936 --- [http-nio-8082-exec-8] c.s.u.service.impl.HbUserServiceImpl     : loginDto:ntt*********123
2021-05-25 15:06:05.298  INFO 9936 --- [http-nio-8082-exec-8] c.s.u.service.impl.HbUserServiceImpl     : 登录成功
2021-05-25 15:06:05.301  INFO 9936 --- [http-nio-8082-exec-8] c.s.u.service.impl.HbUserServiceImpl     : 生成的tokeneyJhbGciOiJIUzI1NiJ9.eyJleHAiOjE2MjMyMjIzNjUsInVzZXJuYW1lIjoibnR0In0.mLxbTXFW1rbEIOuEM5gHYKhFdiScQh6NwXzP0dFCwLc
2021-05-25 15:06:05.419  INFO 9936 --- [http-nio-8082-exec-1] c.s.u.controller.HbUserController        : 访问login接口
2021-05-25 15:06:05.421  INFO 9936 --- [http-nio-8082-exec-1] c.s.u.controller.HbUserController        : loginDtoLoginDto(username=ntt, password=123)
2021-05-25 15:06:05.422  INFO 9936 --- [http-nio-8082-exec-1] c.s.u.service.impl.HbUserServiceImpl     : loginDto:ntt*********123
2021-05-25 15:06:05.464  INFO 9936 --- [http-nio-8082-exec-1] c.s.u.service.impl.HbUserServiceImpl     : 登录成功
2021-05-25 15:06:05.467  INFO 9936 --- [http-nio-8082-exec-1] c.s.u.service.impl.HbUserServiceImpl     : 生成的tokeneyJhbGciOiJIUzI1NiJ9.eyJleHAiOjE2MjMyMjIzNjUsInVzZXJuYW1lIjoibnR0In0.mLxbTXFW1rbEIOuEM5gHYKhFdiScQh6NwXzP0dFCwLc
2021-05-25 15:06:05.567  INFO 9936 --- [http-nio-8082-exec-5] c.s.u.controller.HbUserController        : 访问login接口
2021-05-25 15:06:05.568  INFO 9936 --- [http-nio-8082-exec-5] c.s.u.controller.HbUserController        : loginDtoLoginDto(username=ntt, password=123)
2021-05-25 15:06:05.568  INFO 9936 --- [http-nio-8082-exec-5] c.s.u.service.impl.HbUserServiceImpl     : loginDto:ntt*********123
2021-05-25 15:06:05.593  INFO 9936 --- [http-nio-8082-exec-5] c.s.u.service.impl.HbUserServiceImpl     : 登录成功
2021-05-25 15:06:05.595  INFO 9936 --- [http-nio-8082-exec-5] c.s.u.service.impl.HbUserServiceImpl     : 生成的tokeneyJhbGciOiJIUzI1NiJ9.eyJleHAiOjE2MjMyMjIzNjUsInVzZXJuYW1lIjoibnR0In0.mLxbTXFW1rbEIOuEM5gHYKhFdiScQh6NwXzP0dFCwLc
2021-05-25 15:06:05.735  INFO 9936 --- [http-nio-8082-exec-9] c.s.u.controller.HbUserController        : 访问login接口
2021-05-25 15:06:05.735  INFO 9936 --- [http-nio-8082-exec-9] c.s.u.controller.HbUserController        : loginDtoLoginDto(username=ntt, password=123)
2021-05-25 15:06:05.736  INFO 9936 --- [http-nio-8082-exec-9] c.s.u.service.impl.HbUserServiceImpl     : loginDto:ntt*********123
2021-05-25 15:06:05.758  INFO 9936 --- [http-nio-8082-exec-9] c.s.u.service.impl.HbUserServiceImpl     : 登录成功
2021-05-25 15:06:05.760  INFO 9936 --- [http-nio-8082-exec-9] c.s.u.service.impl.HbUserServiceImpl     : 生成的tokeneyJhbGciOiJIUzI1NiJ9.eyJleHAiOjE2MjMyMjIzNjUsInVzZXJuYW1lIjoibnR0In0.mLxbTXFW1rbEIOuEM5gHYKhFdiScQh6NwXzP0dFCwLc
2021-05-25 15:06:05.895  INFO 9936 --- [http-nio-8082-exec-10] c.s.u.controller.HbUserController        : 访问login接口
2021-05-25 15:06:05.895  INFO 9936 --- [http-nio-8082-exec-10] c.s.u.controller.HbUserController        : loginDtoLoginDto(username=ntt, password=123)
2021-05-25 15:06:05.896  INFO 9936 --- [http-nio-8082-exec-10] c.s.u.service.impl.HbUserServiceImpl     : loginDto:ntt*********123
2021-05-25 15:06:05.921  INFO 9936 --- [http-nio-8082-exec-10] c.s.u.service.impl.HbUserServiceImpl     : 登录成功
2021-05-25 15:06:05.923  INFO 9936 --- [http-nio-8082-exec-10] c.s.u.service.impl.HbUserServiceImpl     : 生成的tokeneyJhbGciOiJIUzI1NiJ9.eyJleHAiOjE2MjMyMjIzNjUsInVzZXJuYW1lIjoibnR0In0.mLxbTXFW1rbEIOuEM5gHYKhFdiScQh6NwXzP0dFCwLc
2021-05-25 15:06:06.499  INFO 9936 --- [http-nio-8082-exec-6] c.s.u.controller.HbUserController        : 访问login接口
2021-05-25 15:06:06.499  INFO 9936 --- [http-nio-8082-exec-6] c.s.u.controller.HbUserController        : loginDtoLoginDto(username=ntt, password=123)
2021-05-25 15:06:06.499  INFO 9936 --- [http-nio-8082-exec-6] c.s.u.service.impl.HbUserServiceImpl     : loginDto:ntt*********123
2021-05-25 15:06:06.542  INFO 9936 --- [http-nio-8082-exec-6] c.s.u.service.impl.HbUserServiceImpl     : 登录成功
2021-05-25 15:06:06.544  INFO 9936 --- [http-nio-8082-exec-6] c.s.u.service.impl.HbUserServiceImpl     : 生成的tokeneyJhbGciOiJIUzI1NiJ9.eyJleHAiOjE2MjMyMjIzNjYsInVzZXJuYW1lIjoibnR0In0.TN1ij_D8iH8itBripRdBqDEynivtcOrwgqgW6paTDwE
2021-05-25 15:06:06.877  INFO 9936 --- [http-nio-8082-exec-3] c.s.u.controller.HbUserController        : 访问login接口
2021-05-25 15:06:06.877  INFO 9936 --- [http-nio-8082-exec-3] c.s.u.controller.HbUserController        : loginDtoLoginDto(username=ntt, password=123)
2021-05-25 15:06:06.878  INFO 9936 --- [http-nio-8082-exec-3] c.s.u.service.impl.HbUserServiceImpl     : loginDto:ntt*********123
2021-05-25 15:06:06.901  INFO 9936 --- [http-nio-8082-exec-3] c.s.u.service.impl.HbUserServiceImpl     : 登录成功
2021-05-25 15:06:06.902  INFO 9936 --- [http-nio-8082-exec-3] c.s.u.service.impl.HbUserServiceImpl     : 生成的tokeneyJhbGciOiJIUzI1NiJ9.eyJleHAiOjE2MjMyMjIzNjYsInVzZXJuYW1lIjoibnR0In0.TN1ij_D8iH8itBripRdBqDEynivtcOrwgqgW6paTDwE
2021-05-25 15:08:07.905  INFO 9936 --- [http-nio-8082-exec-2] c.s.u.controller.HbUserController        : 访问login接口
2021-05-25 15:08:07.906  INFO 9936 --- [http-nio-8082-exec-2] c.s.u.controller.HbUserController        : loginDtoLoginDto(username=ntt, password=123)
2021-05-25 15:08:07.906  INFO 9936 --- [http-nio-8082-exec-2] c.s.u.service.impl.HbUserServiceImpl     : loginDto:ntt*********123
2021-05-25 15:08:07.945  INFO 9936 --- [http-nio-8082-exec-2] c.s.u.service.impl.HbUserServiceImpl     : 登录成功
2021-05-25 15:08:07.946  INFO 9936 --- [http-nio-8082-exec-2] c.s.u.service.impl.HbUserServiceImpl     : 生成的tokeneyJhbGciOiJIUzI1NiJ9.eyJleHAiOjE2MjMyMjI0ODcsInVzZXJuYW1lIjoibnR0In0.ud9LYAKYYxzATKurN6AhcF8METEkgrPZYCjbdOHorpM
2021-05-25 15:08:38.601  INFO 9936 --- [http-nio-8082-exec-5] c.s.u.controller.HbUserController        : 访问login接口
2021-05-25 15:08:38.601  INFO 9936 --- [http-nio-8082-exec-5] c.s.u.controller.HbUserController        : loginDtoLoginDto(username=ntt, password=123)
2021-05-25 15:08:38.601  INFO 9936 --- [http-nio-8082-exec-5] c.s.u.service.impl.HbUserServiceImpl     : loginDto:ntt*********123
2021-05-25 15:08:38.638  INFO 9936 --- [http-nio-8082-exec-5] c.s.u.service.impl.HbUserServiceImpl     : 登录成功
2021-05-25 15:08:38.639  INFO 9936 --- [http-nio-8082-exec-5] c.s.u.service.impl.HbUserServiceImpl     : 生成的tokeneyJhbGciOiJIUzI1NiJ9.eyJleHAiOjE2MjMyMjI1MTgsInVzZXJuYW1lIjoibnR0In0.zdQU2MXHR9q2tZG5MOFyIpwS2Z0nyXilqOYBGXcWR2E
2021-05-25 15:08:38.981  INFO 9936 --- [http-nio-8082-exec-9] c.s.u.controller.HbUserController        : 访问login接口
2021-05-25 15:08:38.982  INFO 9936 --- [http-nio-8082-exec-9] c.s.u.controller.HbUserController        : loginDtoLoginDto(username=ntt, password=123)
2021-05-25 15:08:38.982  INFO 9936 --- [http-nio-8082-exec-9] c.s.u.service.impl.HbUserServiceImpl     : loginDto:ntt*********123
2021-05-25 15:08:39.002  INFO 9936 --- [http-nio-8082-exec-9] c.s.u.service.impl.HbUserServiceImpl     : 登录成功
2021-05-25 15:08:39.003  INFO 9936 --- [http-nio-8082-exec-9] c.s.u.service.impl.HbUserServiceImpl     : 生成的tokeneyJhbGciOiJIUzI1NiJ9.eyJleHAiOjE2MjMyMjI1MTksInVzZXJuYW1lIjoibnR0In0.S8mve5e3qXUCTDum5lRASeA9VFdrFyI5Wg0CP57r_lE
2021-05-25 15:08:39.161  INFO 9936 --- [http-nio-8082-exec-10] c.s.u.controller.HbUserController        : 访问login接口
2021-05-25 15:08:39.161  INFO 9936 --- [http-nio-8082-exec-10] c.s.u.controller.HbUserController        : loginDtoLoginDto(username=ntt, password=123)
2021-05-25 15:08:39.161  INFO 9936 --- [http-nio-8082-exec-10] c.s.u.service.impl.HbUserServiceImpl     : loginDto:ntt*********123
2021-05-25 15:08:39.182  INFO 9936 --- [http-nio-8082-exec-10] c.s.u.service.impl.HbUserServiceImpl     : 登录成功
2021-05-25 15:08:39.185  INFO 9936 --- [http-nio-8082-exec-10] c.s.u.service.impl.HbUserServiceImpl     : 生成的tokeneyJhbGciOiJIUzI1NiJ9.eyJleHAiOjE2MjMyMjI1MTksInVzZXJuYW1lIjoibnR0In0.S8mve5e3qXUCTDum5lRASeA9VFdrFyI5Wg0CP57r_lE
2021-05-25 15:09:26.125  INFO 9936 --- [http-nio-8082-exec-4] c.s.u.controller.HbUserController        : 访问login接口
2021-05-25 15:09:26.127  INFO 9936 --- [http-nio-8082-exec-4] c.s.u.controller.HbUserController        : loginDtoLoginDto(username=ntt, password=123)
2021-05-25 15:09:26.127  INFO 9936 --- [http-nio-8082-exec-4] c.s.u.service.impl.HbUserServiceImpl     : loginDto:ntt*********123
2021-05-25 15:09:26.174  INFO 9936 --- [http-nio-8082-exec-4] c.s.u.service.impl.HbUserServiceImpl     : 登录成功
2021-05-25 15:09:26.226  INFO 9936 --- [http-nio-8082-exec-4] c.s.u.service.impl.HbUserServiceImpl     : 生成的tokeneyJhbGciOiJIUzI1NiJ9.eyJleHAiOjE2MjMyMjI1NjYsInVzZXJuYW1lIjoibnR0In0.L9xcqyvu82-1llHW5fRh9QRrA4Oe6ydya7Hu5OAAEdk
2021-05-25 15:09:27.235  INFO 9936 --- [http-nio-8082-exec-7] c.s.u.controller.HbUserController        : 访问login接口
2021-05-25 15:09:27.236  INFO 9936 --- [http-nio-8082-exec-7] c.s.u.controller.HbUserController        : loginDtoLoginDto(username=ntt, password=123)
2021-05-25 15:09:27.236  INFO 9936 --- [http-nio-8082-exec-7] c.s.u.service.impl.HbUserServiceImpl     : loginDto:ntt*********123
2021-05-25 15:09:27.298  INFO 9936 --- [http-nio-8082-exec-7] c.s.u.service.impl.HbUserServiceImpl     : 登录成功
2021-05-25 15:09:27.300  INFO 9936 --- [http-nio-8082-exec-7] c.s.u.service.impl.HbUserServiceImpl     : 生成的tokeneyJhbGciOiJIUzI1NiJ9.eyJleHAiOjE2MjMyMjI1NjcsInVzZXJuYW1lIjoibnR0In0.SWclvkdCh7_QAxreRY6zHXaHak9-r1DomTIjPlSracY
2021-05-25 15:09:28.014  INFO 9936 --- [http-nio-8082-exec-2] c.s.u.controller.HbUserController        : 访问login接口
2021-05-25 15:09:28.015  INFO 9936 --- [http-nio-8082-exec-2] c.s.u.controller.HbUserController        : loginDtoLoginDto(username=ntt, password=123)
2021-05-25 15:09:28.015  INFO 9936 --- [http-nio-8082-exec-2] c.s.u.service.impl.HbUserServiceImpl     : loginDto:ntt*********123
2021-05-25 15:09:28.054  INFO 9936 --- [http-nio-8082-exec-2] c.s.u.service.impl.HbUserServiceImpl     : 登录成功
2021-05-25 15:09:28.055  INFO 9936 --- [http-nio-8082-exec-2] c.s.u.service.impl.HbUserServiceImpl     : 生成的tokeneyJhbGciOiJIUzI1NiJ9.eyJleHAiOjE2MjMyMjI1NjgsInVzZXJuYW1lIjoibnR0In0.gotz8hFHOMxb4qjXTKc4W64qbjQ4CbI76XThHyXKOQ4
2021-05-25 15:09:28.358  INFO 9936 --- [http-nio-8082-exec-8] c.s.u.controller.HbUserController        : 访问login接口
2021-05-25 15:09:28.359  INFO 9936 --- [http-nio-8082-exec-8] c.s.u.controller.HbUserController        : loginDtoLoginDto(username=ntt, password=123)
2021-05-25 15:09:28.359  INFO 9936 --- [http-nio-8082-exec-8] c.s.u.service.impl.HbUserServiceImpl     : loginDto:ntt*********123
2021-05-25 15:09:28.379  INFO 9936 --- [http-nio-8082-exec-8] c.s.u.service.impl.HbUserServiceImpl     : 登录成功
2021-05-25 15:09:28.381  INFO 9936 --- [http-nio-8082-exec-8] c.s.u.service.impl.HbUserServiceImpl     : 生成的tokeneyJhbGciOiJIUzI1NiJ9.eyJleHAiOjE2MjMyMjI1NjgsInVzZXJuYW1lIjoibnR0In0.gotz8hFHOMxb4qjXTKc4W64qbjQ4CbI76XThHyXKOQ4
2021-05-25 15:09:28.533  INFO 9936 --- [http-nio-8082-exec-1] c.s.u.controller.HbUserController        : 访问login接口
2021-05-25 15:09:28.533  INFO 9936 --- [http-nio-8082-exec-1] c.s.u.controller.HbUserController        : loginDtoLoginDto(username=ntt, password=123)
2021-05-25 15:09:28.533  INFO 9936 --- [http-nio-8082-exec-1] c.s.u.service.impl.HbUserServiceImpl     : loginDto:ntt*********123
2021-05-25 15:09:28.562  INFO 9936 --- [http-nio-8082-exec-1] c.s.u.service.impl.HbUserServiceImpl     : 登录成功
2021-05-25 15:09:28.563  INFO 9936 --- [http-nio-8082-exec-1] c.s.u.service.impl.HbUserServiceImpl     : 生成的tokeneyJhbGciOiJIUzI1NiJ9.eyJleHAiOjE2MjMyMjI1NjgsInVzZXJuYW1lIjoibnR0In0.gotz8hFHOMxb4qjXTKc4W64qbjQ4CbI76XThHyXKOQ4
2021-05-25 15:09:28.679  INFO 9936 --- [http-nio-8082-exec-5] c.s.u.controller.HbUserController        : 访问login接口
2021-05-25 15:09:28.679  INFO 9936 --- [http-nio-8082-exec-5] c.s.u.controller.HbUserController        : loginDtoLoginDto(username=ntt, password=123)
2021-05-25 15:09:28.679  INFO 9936 --- [http-nio-8082-exec-5] c.s.u.service.impl.HbUserServiceImpl     : loginDto:ntt*********123
2021-05-25 15:09:28.699  INFO 9936 --- [http-nio-8082-exec-5] c.s.u.service.impl.HbUserServiceImpl     : 登录成功
2021-05-25 15:09:28.700  INFO 9936 --- [http-nio-8082-exec-5] c.s.u.service.impl.HbUserServiceImpl     : 生成的tokeneyJhbGciOiJIUzI1NiJ9.eyJleHAiOjE2MjMyMjI1NjgsInVzZXJuYW1lIjoibnR0In0.gotz8hFHOMxb4qjXTKc4W64qbjQ4CbI76XThHyXKOQ4
2021-05-25 15:09:28.858  INFO 9936 --- [http-nio-8082-exec-9] c.s.u.controller.HbUserController        : 访问login接口
2021-05-25 15:09:28.858  INFO 9936 --- [http-nio-8082-exec-9] c.s.u.controller.HbUserController        : loginDtoLoginDto(username=ntt, password=123)
2021-05-25 15:09:28.858  INFO 9936 --- [http-nio-8082-exec-9] c.s.u.service.impl.HbUserServiceImpl     : loginDto:ntt*********123
2021-05-25 15:09:28.879  INFO 9936 --- [http-nio-8082-exec-9] c.s.u.service.impl.HbUserServiceImpl     : 登录成功
2021-05-25 15:09:28.880  INFO 9936 --- [http-nio-8082-exec-9] c.s.u.service.impl.HbUserServiceImpl     : 生成的tokeneyJhbGciOiJIUzI1NiJ9.eyJleHAiOjE2MjMyMjI1NjgsInVzZXJuYW1lIjoibnR0In0.gotz8hFHOMxb4qjXTKc4W64qbjQ4CbI76XThHyXKOQ4
2021-05-25 15:09:29.034  INFO 9936 --- [http-nio-8082-exec-10] c.s.u.controller.HbUserController        : 访问login接口
2021-05-25 15:09:29.034  INFO 9936 --- [http-nio-8082-exec-10] c.s.u.controller.HbUserController        : loginDtoLoginDto(username=ntt, password=123)
2021-05-25 15:09:29.034  INFO 9936 --- [http-nio-8082-exec-10] c.s.u.service.impl.HbUserServiceImpl     : loginDto:ntt*********123
2021-05-25 15:09:29.053  INFO 9936 --- [http-nio-8082-exec-10] c.s.u.service.impl.HbUserServiceImpl     : 登录成功
2021-05-25 15:09:29.054  INFO 9936 --- [http-nio-8082-exec-10] c.s.u.service.impl.HbUserServiceImpl     : 生成的tokeneyJhbGciOiJIUzI1NiJ9.eyJleHAiOjE2MjMyMjI1NjksInVzZXJuYW1lIjoibnR0In0.jPJTnFnbyLAeGIL0cBpIIHfyCxhG9EZBatXWBoEUE7k
2021-05-25 15:09:29.177  INFO 9936 --- [http-nio-8082-exec-6] c.s.u.controller.HbUserController        : 访问login接口
2021-05-25 15:09:29.177  INFO 9936 --- [http-nio-8082-exec-6] c.s.u.controller.HbUserController        : loginDtoLoginDto(username=ntt, password=123)
2021-05-25 15:09:29.178  INFO 9936 --- [http-nio-8082-exec-6] c.s.u.service.impl.HbUserServiceImpl     : loginDto:ntt*********123
2021-05-25 15:09:29.197  INFO 9936 --- [http-nio-8082-exec-6] c.s.u.service.impl.HbUserServiceImpl     : 登录成功
2021-05-25 15:09:29.198  INFO 9936 --- [http-nio-8082-exec-6] c.s.u.service.impl.HbUserServiceImpl     : 生成的tokeneyJhbGciOiJIUzI1NiJ9.eyJleHAiOjE2MjMyMjI1NjksInVzZXJuYW1lIjoibnR0In0.jPJTnFnbyLAeGIL0cBpIIHfyCxhG9EZBatXWBoEUE7k
2021-05-25 15:09:29.336  INFO 9936 --- [http-nio-8082-exec-3] c.s.u.controller.HbUserController        : 访问login接口
2021-05-25 15:09:29.337  INFO 9936 --- [http-nio-8082-exec-3] c.s.u.controller.HbUserController        : loginDtoLoginDto(username=ntt, password=123)
2021-05-25 15:09:29.337  INFO 9936 --- [http-nio-8082-exec-3] c.s.u.service.impl.HbUserServiceImpl     : loginDto:ntt*********123
2021-05-25 15:09:29.356  INFO 9936 --- [http-nio-8082-exec-3] c.s.u.service.impl.HbUserServiceImpl     : 登录成功
2021-05-25 15:09:29.357  INFO 9936 --- [http-nio-8082-exec-3] c.s.u.service.impl.HbUserServiceImpl     : 生成的tokeneyJhbGciOiJIUzI1NiJ9.eyJleHAiOjE2MjMyMjI1NjksInVzZXJuYW1lIjoibnR0In0.jPJTnFnbyLAeGIL0cBpIIHfyCxhG9EZBatXWBoEUE7k
2021-05-25 15:09:29.463  INFO 9936 --- [http-nio-8082-exec-4] c.s.u.controller.HbUserController        : 访问login接口
2021-05-25 15:09:29.463  INFO 9936 --- [http-nio-8082-exec-4] c.s.u.controller.HbUserController        : loginDtoLoginDto(username=ntt, password=123)
2021-05-25 15:09:29.463  INFO 9936 --- [http-nio-8082-exec-4] c.s.u.service.impl.HbUserServiceImpl     : loginDto:ntt*********123
2021-05-25 15:09:29.484  INFO 9936 --- [http-nio-8082-exec-4] c.s.u.service.impl.HbUserServiceImpl     : 登录成功
2021-05-25 15:09:29.485  INFO 9936 --- [http-nio-8082-exec-4] c.s.u.service.impl.HbUserServiceImpl     : 生成的tokeneyJhbGciOiJIUzI1NiJ9.eyJleHAiOjE2MjMyMjI1NjksInVzZXJuYW1lIjoibnR0In0.jPJTnFnbyLAeGIL0cBpIIHfyCxhG9EZBatXWBoEUE7k
2021-05-25 15:09:52.314  INFO 9936 --- [http-nio-8082-exec-8] c.s.u.controller.HbUserController        : 访问login接口
2021-05-25 15:09:52.314  INFO 9936 --- [http-nio-8082-exec-8] c.s.u.controller.HbUserController        : loginDtoLoginDto(username=ntt, password=123)
2021-05-25 15:09:52.314  INFO 9936 --- [http-nio-8082-exec-8] c.s.u.service.impl.HbUserServiceImpl     : loginDto:ntt*********123
2021-05-25 15:09:52.366  INFO 9936 --- [http-nio-8082-exec-8] c.s.u.service.impl.HbUserServiceImpl     : 登录成功
2021-05-25 15:09:52.367  INFO 9936 --- [http-nio-8082-exec-8] c.s.u.service.impl.HbUserServiceImpl     : 生成的tokeneyJhbGciOiJIUzI1NiJ9.eyJleHAiOjE2MjMyMjI1OTIsInVzZXJuYW1lIjoibnR0In0.4KdU4TxqAWcuYhk3GAIDlUJ16uXKHMMPE0oSV7IBb8M
2021-05-25 15:10:24.823  INFO 9936 --- [http-nio-8082-exec-9] c.s.u.controller.HbUserController        : 访问login接口
2021-05-25 15:10:24.824  INFO 9936 --- [http-nio-8082-exec-9] c.s.u.controller.HbUserController        : loginDtoLoginDto(username=ntt, password=123)
2021-05-25 15:10:24.824  INFO 9936 --- [http-nio-8082-exec-9] c.s.u.service.impl.HbUserServiceImpl     : loginDto:ntt*********123
2021-05-25 15:10:24.868  INFO 9936 --- [http-nio-8082-exec-9] c.s.u.service.impl.HbUserServiceImpl     : 登录成功
2021-05-25 15:10:24.870  INFO 9936 --- [http-nio-8082-exec-9] c.s.u.service.impl.HbUserServiceImpl     : 生成的tokeneyJhbGciOiJIUzI1NiJ9.eyJleHAiOjE2MjMyMjI2MjQsInVzZXJuYW1lIjoibnR0In0.fGH4RCDAL1ZovA3Qeg-fPMq_I3M61cSb7JBmJYT0R-I
2021-05-25 15:10:57.105  INFO 9936 --- [http-nio-8082-exec-3] c.s.u.controller.HbUserController        : 访问login接口
2021-05-25 15:10:57.106  INFO 9936 --- [http-nio-8082-exec-3] c.s.u.controller.HbUserController        : loginDtoLoginDto(username=ntt, password=123)
2021-05-25 15:10:57.106  INFO 9936 --- [http-nio-8082-exec-3] c.s.u.service.impl.HbUserServiceImpl     : loginDto:ntt*********123
2021-05-25 15:10:57.203  INFO 9936 --- [http-nio-8082-exec-3] c.s.u.service.impl.HbUserServiceImpl     : 登录成功
2021-05-25 15:10:57.205  INFO 9936 --- [http-nio-8082-exec-3] c.s.u.service.impl.HbUserServiceImpl     : 生成的tokeneyJhbGciOiJIUzI1NiJ9.eyJleHAiOjE2MjMyMjI2NTcsInVzZXJuYW1lIjoibnR0In0.mMNJpMwEX3iMsxTmsAltFp5zZv2Z1nq-SqdmIvxYYLc
2021-05-25 15:12:00.154  INFO 9936 --- [http-nio-8082-exec-2] c.s.u.controller.HbUserController        : 访问login接口
2021-05-25 15:12:00.155  INFO 9936 --- [http-nio-8082-exec-2] c.s.u.controller.HbUserController        : loginDtoLoginDto(username=ntt, password=123)
2021-05-25 15:12:00.155  INFO 9936 --- [http-nio-8082-exec-2] c.s.u.service.impl.HbUserServiceImpl     : loginDto:ntt*********123
2021-05-25 15:12:00.192  INFO 9936 --- [http-nio-8082-exec-2] c.s.u.service.impl.HbUserServiceImpl     : 登录成功
2021-05-25 15:12:00.193  INFO 9936 --- [http-nio-8082-exec-2] c.s.u.service.impl.HbUserServiceImpl     : 生成的tokeneyJhbGciOiJIUzI1NiJ9.eyJleHAiOjE2MjMyMjI3MjAsInVzZXJuYW1lIjoibnR0In0.57a4KsJV16ZhN2WbZfGVZcgldocHEqHxKr5uuzocq4w
2021-05-25 15:12:16.591  INFO 9936 --- [http-nio-8082-exec-5] c.s.u.controller.HbUserController        : 访问login接口
2021-05-25 15:12:16.592  INFO 9936 --- [http-nio-8082-exec-5] c.s.u.controller.HbUserController        : loginDtoLoginDto(username=ntt, password=123)
2021-05-25 15:12:16.592  INFO 9936 --- [http-nio-8082-exec-5] c.s.u.service.impl.HbUserServiceImpl     : loginDto:ntt*********123
2021-05-25 15:12:16.629  INFO 9936 --- [http-nio-8082-exec-5] c.s.u.service.impl.HbUserServiceImpl     : 登录成功
2021-05-25 15:12:16.630  INFO 9936 --- [http-nio-8082-exec-5] c.s.u.service.impl.HbUserServiceImpl     : 生成的tokeneyJhbGciOiJIUzI1NiJ9.eyJleHAiOjE2MjMyMjI3MzYsInVzZXJuYW1lIjoibnR0In0.YohjWF8f7g4FFBQjNAEIJ-p3Zl0YuP481-kA2jPNvL4
2021-05-25 15:13:14.505  INFO 9936 --- [http-nio-8082-exec-6] c.s.u.controller.HbUserController        : 访问login接口
2021-05-25 15:13:14.505  INFO 9936 --- [http-nio-8082-exec-6] c.s.u.controller.HbUserController        : loginDtoLoginDto(username=ntt, password=123)
2021-05-25 15:13:14.505  INFO 9936 --- [http-nio-8082-exec-6] c.s.u.service.impl.HbUserServiceImpl     : loginDto:ntt*********123
2021-05-25 15:13:14.543  INFO 9936 --- [http-nio-8082-exec-6] c.s.u.service.impl.HbUserServiceImpl     : 登录成功
2021-05-25 15:13:14.544  INFO 9936 --- [http-nio-8082-exec-6] c.s.u.service.impl.HbUserServiceImpl     : 生成的tokeneyJhbGciOiJIUzI1NiJ9.eyJleHAiOjE2MjMyMjI3OTQsInVzZXJuYW1lIjoibnR0In0.V-819CF3dURGhuEM0LK8S9_ygfLHSfxgTYG8fVq9ROg
2021-05-25 15:13:16.865  INFO 9936 --- [http-nio-8082-exec-4] c.s.u.controller.HbUserController        : 访问login接口
2021-05-25 15:13:16.865  INFO 9936 --- [http-nio-8082-exec-4] c.s.u.controller.HbUserController        : loginDtoLoginDto(username=ntt, password=123)
2021-05-25 15:13:16.866  INFO 9936 --- [http-nio-8082-exec-4] c.s.u.service.impl.HbUserServiceImpl     : loginDto:ntt*********123
2021-05-25 15:13:16.901  INFO 9936 --- [http-nio-8082-exec-4] c.s.u.service.impl.HbUserServiceImpl     : 登录成功
2021-05-25 15:13:16.902  INFO 9936 --- [http-nio-8082-exec-4] c.s.u.service.impl.HbUserServiceImpl     : 生成的tokeneyJhbGciOiJIUzI1NiJ9.eyJleHAiOjE2MjMyMjI3OTYsInVzZXJuYW1lIjoibnR0In0.tQmQuw8u1xdS1W4kLvO_DD0Bm_nbRC7w4cmp4Tx4E3Q
2021-05-25 15:15:21.083  INFO 9936 --- [http-nio-8082-exec-8] c.s.u.controller.HbUserController        : 访问login接口
2021-05-25 15:15:21.084  INFO 9936 --- [http-nio-8082-exec-8] c.s.u.controller.HbUserController        : loginDtoLoginDto(username=ntt, password=123)
2021-05-25 15:15:21.084  INFO 9936 --- [http-nio-8082-exec-8] c.s.u.service.impl.HbUserServiceImpl     : loginDto:ntt*********123
2021-05-25 15:15:21.123  INFO 9936 --- [http-nio-8082-exec-8] c.s.u.service.impl.HbUserServiceImpl     : 登录成功
2021-05-25 15:15:21.125  INFO 9936 --- [http-nio-8082-exec-8] c.s.u.service.impl.HbUserServiceImpl     : 生成的tokeneyJhbGciOiJIUzI1NiJ9.eyJleHAiOjE2MjMyMjI5MjEsInVzZXJuYW1lIjoibnR0In0.cwPL_0tKgGf-xWcQ82TkvkwTxvXEVsnxwPXnTIPevFE
2021-05-25 15:16:40.543  INFO 9936 --- [http-nio-8082-exec-9] c.s.u.controller.HbUserController        : 访问login接口
2021-05-25 15:16:40.543  INFO 9936 --- [http-nio-8082-exec-9] c.s.u.controller.HbUserController        : loginDtoLoginDto(username=ntt, password=123)
2021-05-25 15:16:40.543  INFO 9936 --- [http-nio-8082-exec-9] c.s.u.service.impl.HbUserServiceImpl     : loginDto:ntt*********123
2021-05-25 15:16:40.581  INFO 9936 --- [http-nio-8082-exec-9] c.s.u.service.impl.HbUserServiceImpl     : 登录成功
2021-05-25 15:16:40.582  INFO 9936 --- [http-nio-8082-exec-9] c.s.u.service.impl.HbUserServiceImpl     : 生成的tokeneyJhbGciOiJIUzI1NiJ9.eyJleHAiOjE2MjMyMjMwMDAsInVzZXJuYW1lIjoibnR0In0.HKsH6qIKp5YeLUbcA9yc5delewlaDSKglKJf4_6wBIA
2021-05-25 15:17:22.299  INFO 9936 --- [http-nio-8082-exec-3] c.s.u.controller.HbUserController        : 访问login接口
2021-05-25 15:17:22.299  INFO 9936 --- [http-nio-8082-exec-3] c.s.u.controller.HbUserController        : loginDtoLoginDto(username=ntt, password=123)
2021-05-25 15:17:22.299  INFO 9936 --- [http-nio-8082-exec-3] c.s.u.service.impl.HbUserServiceImpl     : loginDto:ntt*********123
2021-05-25 15:17:22.342  INFO 9936 --- [http-nio-8082-exec-3] c.s.u.service.impl.HbUserServiceImpl     : 登录成功
2021-05-25 15:17:22.342  INFO 9936 --- [http-nio-8082-exec-3] c.s.u.service.impl.HbUserServiceImpl     : 生成的tokeneyJhbGciOiJIUzI1NiJ9.eyJleHAiOjE2MjMyMjMwNDIsInVzZXJuYW1lIjoibnR0In0.3obPNkzABZ7QW3gi7Zx6CwWOnpLtGWhaYZFbaPSaNmw
2021-05-25 15:49:24.206  INFO 9936 --- [http-nio-8082-exec-7] c.s.u.controller.HbUserController        : 访问getInfoById接口
2021-05-25 15:49:24.209  INFO 9936 --- [http-nio-8082-exec-7] c.s.u.controller.HbUserController        : userId1
2021-05-25 15:53:11.465  INFO 9936 --- [http-nio-8082-exec-8] c.s.u.controller.HbUserController        : 访问getInfoById接口
2021-05-25 15:53:11.469  INFO 9936 --- [http-nio-8082-exec-8] c.s.u.controller.HbUserController        : userId1
2021-05-25 15:57:21.345  INFO 9936 --- [http-nio-8082-exec-5] c.s.u.controller.HbUserController        : 访问getInfoById接口
2021-05-25 15:57:21.346  INFO 9936 --- [http-nio-8082-exec-5] c.s.u.controller.HbUserController        : userId1
2021-05-25 15:57:23.716  INFO 9936 --- [http-nio-8082-exec-9] c.s.u.controller.HbUserController        : 访问getInfoById接口
2021-05-25 15:57:23.716  INFO 9936 --- [http-nio-8082-exec-9] c.s.u.controller.HbUserController        : userId1
2021-05-25 16:15:36.863  INFO 9936 --- [http-nio-8082-exec-4] c.s.u.controller.HbUserController        : 访问login接口
2021-05-25 16:15:36.869  INFO 9936 --- [http-nio-8082-exec-4] c.s.u.controller.HbUserController        : loginDtoLoginDto(username=ntt, password=123)
2021-05-25 16:15:36.870  INFO 9936 --- [http-nio-8082-exec-4] c.s.u.service.impl.HbUserServiceImpl     : loginDto:ntt*********123
2021-05-25 16:15:37.018  INFO 9936 --- [http-nio-8082-exec-4] c.s.u.service.impl.HbUserServiceImpl     : 登录成功
2021-05-25 16:15:37.027  INFO 9936 --- [http-nio-8082-exec-4] c.s.u.service.impl.HbUserServiceImpl     : 生成的tokeneyJhbGciOiJIUzI1NiJ9.eyJleHAiOjE2MjMyMjY1MzcsInVzZXJuYW1lIjoibnR0In0.JOkNhiGZVjO25_gfnYN4b1Hi2QNmllIR5dKogIevnaw
2021-05-25 17:17:28.806  INFO 9936 --- [http-nio-8082-exec-2] c.s.u.controller.HbUserController        : 访问getInfoById接口
2021-05-25 17:17:28.806  INFO 9936 --- [http-nio-8082-exec-8] c.s.u.controller.HbUserController        : 访问getInfoById接口
2021-05-25 17:17:28.814  INFO 9936 --- [http-nio-8082-exec-8] c.s.u.controller.HbUserController        : userId1
2021-05-25 17:17:28.814  INFO 9936 --- [http-nio-8082-exec-2] c.s.u.controller.HbUserController        : userId1
2021-05-25 17:17:29.426  INFO 9936 --- [http-nio-8082-exec-1] c.s.u.controller.HbUserController        : 访问getInfoById接口
2021-05-25 17:17:29.427  INFO 9936 --- [http-nio-8082-exec-1] c.s.u.controller.HbUserController        : userId1
2021-05-25 17:36:31.373  INFO 9936 --- [http-nio-8082-exec-10] c.s.u.controller.HbUserController        : 访问getInfoById接口
2021-05-25 17:36:31.375  INFO 9936 --- [http-nio-8082-exec-10] c.s.u.controller.HbUserController        : userId1
2021-05-25 17:36:31.381  INFO 9936 --- [http-nio-8082-exec-6] c.s.u.controller.HbUserController        : 访问getInfoById接口
2021-05-25 17:36:31.382  INFO 9936 --- [http-nio-8082-exec-6] c.s.u.controller.HbUserController        : userId1
2021-05-25 17:36:31.622  INFO 9936 --- [http-nio-8082-exec-3] c.s.u.controller.HbUserController        : 访问getInfoById接口
2021-05-25 17:36:31.622  INFO 9936 --- [http-nio-8082-exec-3] c.s.u.controller.HbUserController        : userId1
