2021-06-02 00:05:42.554  INFO 12844 --- [http-nio-8082-exec-2] o.a.c.c.C.[Tomcat].[localhost].[/]       : Initializing Spring DispatcherServlet 'dispatcherServlet'
2021-06-02 00:05:42.558  INFO 12844 --- [http-nio-8082-exec-2] o.s.web.servlet.DispatcherServlet        : Initializing Servlet 'dispatcherServlet'
2021-06-02 00:05:42.620  INFO 12844 --- [http-nio-8082-exec-2] o.s.web.servlet.DispatcherServlet        : Completed initialization in 61 ms
2021-06-02 00:05:42.796  INFO 12844 --- [http-nio-8082-exec-1] c.s.u.controller.HbUserController        : 访问login接口
2021-06-02 00:05:42.798  INFO 12844 --- [http-nio-8082-exec-1] c.s.u.controller.HbUserController        : loginDtoLoginDto(username=ntt, password=123)
2021-06-02 00:05:42.798  INFO 12844 --- [http-nio-8082-exec-1] c.s.u.service.impl.HbUserServiceImpl     : loginDto:ntt*********123
2021-06-02 00:05:47.637  INFO 12844 --- [http-nio-8082-exec-3] c.s.u.controller.HbUserController        : 访问login接口
2021-06-02 00:05:47.637  INFO 12844 --- [http-nio-8082-exec-3] c.s.u.controller.HbUserController        : loginDtoLoginDto(username=ntt, password=123)
2021-06-02 00:05:47.637  INFO 12844 --- [http-nio-8082-exec-3] c.s.u.service.impl.HbUserServiceImpl     : loginDto:ntt*********123
2021-06-02 00:06:13.004  WARN 12844 --- [http-nio-8082-exec-1] o.h.engine.jdbc.spi.SqlExceptionHelper   : SQL Error: 0, SQLState: 08001
2021-06-02 00:06:17.647  WARN 12844 --- [http-nio-8082-exec-3] o.h.engine.jdbc.spi.SqlExceptionHelper   : SQL Error: 0, SQLState: 08001
2021-06-02 00:07:49.337  INFO 12844 --- [http-nio-8082-exec-7] c.s.u.controller.HbUserController        : 访问login接口
2021-06-02 00:07:49.338  INFO 12844 --- [http-nio-8082-exec-7] c.s.u.controller.HbUserController        : loginDtoLoginDto(username=ntt, password=123)
2021-06-02 00:07:49.338  INFO 12844 --- [http-nio-8082-exec-7] c.s.u.service.impl.HbUserServiceImpl     : loginDto:ntt*********123
2021-06-02 00:07:49.499  INFO 12844 --- [http-nio-8082-exec-7] c.s.u.service.impl.HbUserServiceImpl     : 登录成功
2021-06-02 00:07:49.575  INFO 12844 --- [http-nio-8082-exec-7] c.s.u.service.impl.HbUserServiceImpl     : 生成的tokeneyJhbGciOiJIUzI1NiJ9.eyJleHAiOjE2MjM4NTk2NjksInVzZXJuYW1lIjoibnR0In0.wo3njgLgrRkJRv2pBqb7lZuXRFzo_WFZW-ORFku6nA4
2021-06-02 00:08:38.827  INFO 12844 --- [http-nio-8082-exec-9] c.s.u.controller.HbUserController        : 访问getInfoById接口
2021-06-02 00:08:38.827  INFO 12844 --- [http-nio-8082-exec-9] c.s.u.controller.HbUserController        : userId1
2021-06-02 00:08:39.936  INFO 12844 --- [http-nio-8082-exec-8] c.s.u.controller.HbUserController        : 访问getInfoById接口
2021-06-02 00:08:39.936  INFO 12844 --- [http-nio-8082-exec-8] c.s.u.controller.HbUserController        : userId1
2021-06-02 00:08:40.548  INFO 12844 --- [http-nio-8082-exec-5] c.s.u.controller.HbUserController        : 访问getInfoById接口
2021-06-02 00:08:40.549  INFO 12844 --- [http-nio-8082-exec-5] c.s.u.controller.HbUserController        : userId1
2021-06-02 00:08:41.174  INFO 12844 --- [http-nio-8082-exec-10] c.s.u.controller.HbUserController        : 访问getInfoById接口
2021-06-02 00:08:41.175  INFO 12844 --- [http-nio-8082-exec-10] c.s.u.controller.HbUserController        : userId1
2021-06-02 00:10:10.402  INFO 12844 --- [http-nio-8082-exec-1] c.s.u.controller.HbUserController        : 访问getInfoById接口
2021-06-02 00:10:10.403  INFO 12844 --- [http-nio-8082-exec-1] c.s.u.controller.HbUserController        : userId1
2021-06-02 00:10:11.276  INFO 12844 --- [http-nio-8082-exec-3] c.s.u.controller.HbUserController        : 访问getInfoById接口
2021-06-02 00:10:11.276  INFO 12844 --- [http-nio-8082-exec-3] c.s.u.controller.HbUserController        : userId1
2021-06-02 00:10:11.994  INFO 12844 --- [http-nio-8082-exec-6] c.s.u.controller.HbUserController        : 访问getInfoById接口
2021-06-02 00:10:11.994  INFO 12844 --- [http-nio-8082-exec-6] c.s.u.controller.HbUserController        : userId1
2021-06-02 00:10:12.713  INFO 12844 --- [http-nio-8082-exec-7] c.s.u.controller.HbUserController        : 访问getInfoById接口
2021-06-02 00:10:12.714  INFO 12844 --- [http-nio-8082-exec-7] c.s.u.controller.HbUserController        : userId1
2021-06-02 00:10:24.795  INFO 12844 --- [http-nio-8082-exec-4] c.s.u.controller.HbUserController        : 访问getInfoById接口
2021-06-02 00:10:24.796  INFO 12844 --- [http-nio-8082-exec-4] c.s.u.controller.HbUserController        : userId1
2021-06-02 00:10:25.614  INFO 12844 --- [http-nio-8082-exec-9] c.s.u.controller.HbUserController        : 访问getInfoById接口
2021-06-02 00:10:25.614  INFO 12844 --- [http-nio-8082-exec-9] c.s.u.controller.HbUserController        : userId1
2021-06-02 00:10:26.331  INFO 12844 --- [http-nio-8082-exec-8] c.s.u.controller.HbUserController        : 访问getInfoById接口
2021-06-02 00:10:26.331  INFO 12844 --- [http-nio-8082-exec-8] c.s.u.controller.HbUserController        : userId1
2021-06-02 00:10:27.045  INFO 12844 --- [http-nio-8082-exec-5] c.s.u.controller.HbUserController        : 访问getInfoById接口
2021-06-02 00:10:27.045  INFO 12844 --- [http-nio-8082-exec-5] c.s.u.controller.HbUserController        : userId1
2021-06-02 00:11:04.627  INFO 12844 --- [http-nio-8082-exec-10] c.s.u.controller.HbUserController        : 访问getInfoById接口
2021-06-02 00:11:04.628  INFO 12844 --- [http-nio-8082-exec-10] c.s.u.controller.HbUserController        : userId1
2021-06-02 00:11:05.455  INFO 12844 --- [http-nio-8082-exec-2] c.s.u.controller.HbUserController        : 访问getInfoById接口
2021-06-02 00:11:05.455  INFO 12844 --- [http-nio-8082-exec-2] c.s.u.controller.HbUserController        : userId1
2021-06-02 00:11:06.164  INFO 12844 --- [http-nio-8082-exec-1] c.s.u.controller.HbUserController        : 访问getInfoById接口
2021-06-02 00:11:06.164  INFO 12844 --- [http-nio-8082-exec-1] c.s.u.controller.HbUserController        : userId1
2021-06-02 00:11:06.885  INFO 12844 --- [http-nio-8082-exec-3] c.s.u.controller.HbUserController        : 访问getInfoById接口
2021-06-02 00:11:06.886  INFO 12844 --- [http-nio-8082-exec-3] c.s.u.controller.HbUserController        : userId1
2021-06-02 00:11:08.430  INFO 12844 --- [http-nio-8082-exec-6] c.s.u.controller.HbUserController        : 访问getInfoById接口
2021-06-02 00:11:08.430  INFO 12844 --- [http-nio-8082-exec-6] c.s.u.controller.HbUserController        : userId2
2021-06-02 00:11:08.522  INFO 12844 --- [http-nio-8082-exec-7] c.s.u.controller.HbUserController        : 访问getInfoById接口
2021-06-02 00:11:08.523  INFO 12844 --- [http-nio-8082-exec-7] c.s.u.controller.HbUserController        : userId1
2021-06-02 00:11:09.581  INFO 12844 --- [http-nio-8082-exec-4] c.s.u.controller.HbUserController        : 访问getInfoById接口
2021-06-02 00:11:09.581  INFO 12844 --- [http-nio-8082-exec-4] c.s.u.controller.HbUserController        : userId1
2021-06-02 00:11:10.203  INFO 12844 --- [http-nio-8082-exec-9] c.s.u.controller.HbUserController        : 访问getInfoById接口
2021-06-02 00:11:10.203  INFO 12844 --- [http-nio-8082-exec-9] c.s.u.controller.HbUserController        : userId1
2021-06-02 00:11:10.874  INFO 12844 --- [http-nio-8082-exec-8] c.s.u.controller.HbUserController        : 访问getInfoById接口
2021-06-02 00:11:10.874  INFO 12844 --- [http-nio-8082-exec-8] c.s.u.controller.HbUserController        : userId1
2021-06-02 00:11:11.490  INFO 12844 --- [http-nio-8082-exec-5] c.s.u.controller.HbUserController        : 访问getInfoById接口
2021-06-02 00:11:11.490  INFO 12844 --- [http-nio-8082-exec-5] c.s.u.controller.HbUserController        : userId1
2021-06-02 00:16:23.765  INFO 12844 --- [http-nio-8082-exec-1] c.s.u.controller.HbUserController        : 访问getInfoById接口
2021-06-02 00:16:23.766  INFO 12844 --- [http-nio-8082-exec-1] c.s.u.controller.HbUserController        : userId1
2021-06-02 00:16:24.537  INFO 12844 --- [http-nio-8082-exec-3] c.s.u.controller.HbUserController        : 访问getInfoById接口
2021-06-02 00:16:24.538  INFO 12844 --- [http-nio-8082-exec-3] c.s.u.controller.HbUserController        : userId1
2021-06-02 00:16:25.144  INFO 12844 --- [http-nio-8082-exec-6] c.s.u.controller.HbUserController        : 访问getInfoById接口
2021-06-02 00:16:25.144  INFO 12844 --- [http-nio-8082-exec-6] c.s.u.controller.HbUserController        : userId1
2021-06-02 00:16:28.835  INFO 12844 --- [http-nio-8082-exec-7] c.s.u.controller.HbUserController        : 访问getInfoById接口
2021-06-02 00:16:28.836  INFO 12844 --- [http-nio-8082-exec-7] c.s.u.controller.HbUserController        : userId1
2021-06-02 00:16:29.549  INFO 12844 --- [http-nio-8082-exec-4] c.s.u.controller.HbUserController        : 访问getInfoById接口
2021-06-02 00:16:29.550  INFO 12844 --- [http-nio-8082-exec-4] c.s.u.controller.HbUserController        : userId1
2021-06-02 00:16:31.598  INFO 12844 --- [http-nio-8082-exec-9] c.s.u.controller.HbUserController        : 访问getInfoById接口
2021-06-02 00:16:31.599  INFO 12844 --- [http-nio-8082-exec-9] c.s.u.controller.HbUserController        : userId1
2021-06-02 00:16:34.460  INFO 12844 --- [http-nio-8082-exec-8] c.s.u.controller.HbUserController        : 访问getInfoById接口
2021-06-02 00:16:34.461  INFO 12844 --- [http-nio-8082-exec-8] c.s.u.controller.HbUserController        : userId1
2021-06-02 00:16:35.284  INFO 12844 --- [http-nio-8082-exec-5] c.s.u.controller.HbUserController        : 访问getInfoById接口
2021-06-02 00:16:35.284  INFO 12844 --- [http-nio-8082-exec-5] c.s.u.controller.HbUserController        : userId1
2021-06-02 00:16:35.998  INFO 12844 --- [http-nio-8082-exec-10] c.s.u.controller.HbUserController        : 访问getInfoById接口
2021-06-02 00:16:35.998  INFO 12844 --- [http-nio-8082-exec-10] c.s.u.controller.HbUserController        : userId1
2021-06-02 00:16:36.713  INFO 12844 --- [http-nio-8082-exec-2] c.s.u.controller.HbUserController        : 访问getInfoById接口
2021-06-02 00:16:36.713  INFO 12844 --- [http-nio-8082-exec-2] c.s.u.controller.HbUserController        : userId1
2021-06-02 00:17:51.672  INFO 12844 --- [http-nio-8082-exec-3] c.s.u.controller.HbUserController        : 访问getInfoById接口
2021-06-02 00:17:51.672  INFO 12844 --- [http-nio-8082-exec-3] c.s.u.controller.HbUserController        : userId1
2021-06-02 00:17:52.493  INFO 12844 --- [http-nio-8082-exec-6] c.s.u.controller.HbUserController        : 访问getInfoById接口
2021-06-02 00:17:52.494  INFO 12844 --- [http-nio-8082-exec-6] c.s.u.controller.HbUserController        : userId1
2021-06-02 00:17:53.207  INFO 12844 --- [http-nio-8082-exec-7] c.s.u.controller.HbUserController        : 访问getInfoById接口
2021-06-02 00:17:53.207  INFO 12844 --- [http-nio-8082-exec-7] c.s.u.controller.HbUserController        : userId1
2021-06-02 00:17:53.925  INFO 12844 --- [http-nio-8082-exec-4] c.s.u.controller.HbUserController        : 访问getInfoById接口
2021-06-02 00:17:53.926  INFO 12844 --- [http-nio-8082-exec-4] c.s.u.controller.HbUserController        : userId1
2021-06-02 00:21:02.341  INFO 12844 --- [http-nio-8082-exec-8] c.s.u.controller.HbUserController        : 访问getInfoById接口
2021-06-02 00:21:02.342  INFO 12844 --- [http-nio-8082-exec-8] c.s.u.controller.HbUserController        : userId1
2021-06-02 00:21:03.161  INFO 12844 --- [http-nio-8082-exec-5] c.s.u.controller.HbUserController        : 访问getInfoById接口
2021-06-02 00:21:03.161  INFO 12844 --- [http-nio-8082-exec-5] c.s.u.controller.HbUserController        : userId1
2021-06-02 00:21:03.877  INFO 12844 --- [http-nio-8082-exec-10] c.s.u.controller.HbUserController        : 访问getInfoById接口
2021-06-02 00:21:03.877  INFO 12844 --- [http-nio-8082-exec-10] c.s.u.controller.HbUserController        : userId1
2021-06-02 00:21:04.597  INFO 12844 --- [http-nio-8082-exec-2] c.s.u.controller.HbUserController        : 访问getInfoById接口
2021-06-02 00:21:04.597  INFO 12844 --- [http-nio-8082-exec-2] c.s.u.controller.HbUserController        : userId1
2021-06-02 00:24:21.145  INFO 12844 --- [http-nio-8082-exec-3] c.s.u.controller.HbUserController        : 访问getInfoById接口
2021-06-02 00:24:21.146  INFO 12844 --- [http-nio-8082-exec-3] c.s.u.controller.HbUserController        : userId1
2021-06-02 00:24:22.023  INFO 12844 --- [http-nio-8082-exec-6] c.s.u.controller.HbUserController        : 访问getInfoById接口
2021-06-02 00:24:22.023  INFO 12844 --- [http-nio-8082-exec-6] c.s.u.controller.HbUserController        : userId1
2021-06-02 00:24:22.742  INFO 12844 --- [http-nio-8082-exec-7] c.s.u.controller.HbUserController        : 访问getInfoById接口
2021-06-02 00:24:22.743  INFO 12844 --- [http-nio-8082-exec-7] c.s.u.controller.HbUserController        : userId1
2021-06-02 00:24:23.456  INFO 12844 --- [http-nio-8082-exec-4] c.s.u.controller.HbUserController        : 访问getInfoById接口
2021-06-02 00:24:23.456  INFO 12844 --- [http-nio-8082-exec-4] c.s.u.controller.HbUserController        : userId1
2021-06-02 00:24:26.369  INFO 12844 --- [http-nio-8082-exec-9] c.s.u.controller.HbUserController        : 访问getInfoById接口
2021-06-02 00:24:26.369  INFO 12844 --- [http-nio-8082-exec-9] c.s.u.controller.HbUserController        : userId1
2021-06-02 00:24:27.245  INFO 12844 --- [http-nio-8082-exec-8] c.s.u.controller.HbUserController        : 访问getInfoById接口
2021-06-02 00:24:27.245  INFO 12844 --- [http-nio-8082-exec-8] c.s.u.controller.HbUserController        : userId1
2021-06-02 00:24:27.966  INFO 12844 --- [http-nio-8082-exec-5] c.s.u.controller.HbUserController        : 访问getInfoById接口
2021-06-02 00:24:27.967  INFO 12844 --- [http-nio-8082-exec-5] c.s.u.controller.HbUserController        : userId1
2021-06-02 00:24:28.680  INFO 12844 --- [http-nio-8082-exec-10] c.s.u.controller.HbUserController        : 访问getInfoById接口
2021-06-02 00:24:28.681  INFO 12844 --- [http-nio-8082-exec-10] c.s.u.controller.HbUserController        : userId1
2021-06-02 00:24:51.352  INFO 12844 --- [http-nio-8082-exec-2] c.s.u.controller.HbUserController        : 访问getInfoById接口
2021-06-02 00:24:51.353  INFO 12844 --- [http-nio-8082-exec-2] c.s.u.controller.HbUserController        : userId1
2021-06-02 00:24:52.234  INFO 12844 --- [http-nio-8082-exec-1] c.s.u.controller.HbUserController        : 访问getInfoById接口
2021-06-02 00:24:52.234  INFO 12844 --- [http-nio-8082-exec-1] c.s.u.controller.HbUserController        : userId1
2021-06-02 00:24:52.957  INFO 12844 --- [http-nio-8082-exec-3] c.s.u.controller.HbUserController        : 访问getInfoById接口
2021-06-02 00:24:52.957  INFO 12844 --- [http-nio-8082-exec-3] c.s.u.controller.HbUserController        : userId1
2021-06-02 00:24:53.972  INFO 12844 --- [http-nio-8082-exec-6] c.s.u.controller.HbUserController        : 访问getInfoById接口
2021-06-02 00:24:53.973  INFO 12844 --- [http-nio-8082-exec-6] c.s.u.controller.HbUserController        : userId1
2021-06-02 00:26:19.010  INFO 12844 --- [http-nio-8082-exec-4] c.s.u.controller.HbUserController        : 访问getInfoById接口
2021-06-02 00:26:19.010  INFO 12844 --- [http-nio-8082-exec-4] c.s.u.controller.HbUserController        : userId1
2021-06-02 00:26:19.889  INFO 12844 --- [http-nio-8082-exec-9] c.s.u.controller.HbUserController        : 访问getInfoById接口
2021-06-02 00:26:19.889  INFO 12844 --- [http-nio-8082-exec-9] c.s.u.controller.HbUserController        : userId1
2021-06-02 00:26:20.603  INFO 12844 --- [http-nio-8082-exec-8] c.s.u.controller.HbUserController        : 访问getInfoById接口
2021-06-02 00:26:20.604  INFO 12844 --- [http-nio-8082-exec-8] c.s.u.controller.HbUserController        : userId1
2021-06-02 00:26:21.321  INFO 12844 --- [http-nio-8082-exec-5] c.s.u.controller.HbUserController        : 访问getInfoById接口
2021-06-02 00:26:21.321  INFO 12844 --- [http-nio-8082-exec-5] c.s.u.controller.HbUserController        : userId1
2021-06-02 00:27:29.977  INFO 12844 --- [http-nio-8082-exec-2] c.s.u.controller.HbUserController        : 访问getInfoById接口
2021-06-02 00:27:29.978  INFO 12844 --- [http-nio-8082-exec-2] c.s.u.controller.HbUserController        : userId1
2021-06-02 00:27:30.850  INFO 12844 --- [http-nio-8082-exec-1] c.s.u.controller.HbUserController        : 访问getInfoById接口
2021-06-02 00:27:30.850  INFO 12844 --- [http-nio-8082-exec-1] c.s.u.controller.HbUserController        : userId1
2021-06-02 00:27:31.569  INFO 12844 --- [http-nio-8082-exec-3] c.s.u.controller.HbUserController        : 访问getInfoById接口
2021-06-02 00:27:31.569  INFO 12844 --- [http-nio-8082-exec-3] c.s.u.controller.HbUserController        : userId1
2021-06-02 00:27:32.285  INFO 12844 --- [http-nio-8082-exec-6] c.s.u.controller.HbUserController        : 访问getInfoById接口
2021-06-02 00:27:32.285  INFO 12844 --- [http-nio-8082-exec-6] c.s.u.controller.HbUserController        : userId1
2021-06-02 00:28:08.129  INFO 12844 --- [http-nio-8082-exec-7] c.s.u.controller.HbUserController        : 访问getInfoById接口
2021-06-02 00:28:08.129  INFO 12844 --- [http-nio-8082-exec-7] c.s.u.controller.HbUserController        : userId1
2021-06-02 00:28:08.947  INFO 12844 --- [http-nio-8082-exec-4] c.s.u.controller.HbUserController        : 访问getInfoById接口
2021-06-02 00:28:08.948  INFO 12844 --- [http-nio-8082-exec-4] c.s.u.controller.HbUserController        : userId1
2021-06-02 00:28:09.662  INFO 12844 --- [http-nio-8082-exec-9] c.s.u.controller.HbUserController        : 访问getInfoById接口
2021-06-02 00:28:09.662  INFO 12844 --- [http-nio-8082-exec-9] c.s.u.controller.HbUserController        : userId1
2021-06-02 00:28:10.377  INFO 12844 --- [http-nio-8082-exec-8] c.s.u.controller.HbUserController        : 访问getInfoById接口
2021-06-02 00:28:10.377  INFO 12844 --- [http-nio-8082-exec-8] c.s.u.controller.HbUserController        : userId1
2021-06-02 00:29:27.590  INFO 12844 --- [http-nio-8082-exec-10] c.s.u.controller.HbUserController        : 访问getInfoById接口
2021-06-02 00:29:27.590  INFO 12844 --- [http-nio-8082-exec-10] c.s.u.controller.HbUserController        : userId1
2021-06-02 00:29:28.409  INFO 12844 --- [http-nio-8082-exec-2] c.s.u.controller.HbUserController        : 访问getInfoById接口
2021-06-02 00:29:28.409  INFO 12844 --- [http-nio-8082-exec-2] c.s.u.controller.HbUserController        : userId1
2021-06-02 00:29:29.125  INFO 12844 --- [http-nio-8082-exec-1] c.s.u.controller.HbUserController        : 访问getInfoById接口
2021-06-02 00:29:29.126  INFO 12844 --- [http-nio-8082-exec-1] c.s.u.controller.HbUserController        : userId1
2021-06-02 00:29:29.841  INFO 12844 --- [http-nio-8082-exec-3] c.s.u.controller.HbUserController        : 访问getInfoById接口
2021-06-02 00:29:29.841  INFO 12844 --- [http-nio-8082-exec-3] c.s.u.controller.HbUserController        : userId1
2021-06-02 00:29:33.527  INFO 12844 --- [http-nio-8082-exec-6] c.s.u.controller.HbUserController        : 访问getInfoById接口
2021-06-02 00:29:33.527  INFO 12844 --- [http-nio-8082-exec-6] c.s.u.controller.HbUserController        : userId1
2021-06-02 00:29:34.457  INFO 12844 --- [http-nio-8082-exec-7] c.s.u.controller.HbUserController        : 访问getInfoById接口
2021-06-02 00:29:34.457  INFO 12844 --- [http-nio-8082-exec-7] c.s.u.controller.HbUserController        : userId1
2021-06-02 00:29:35.165  INFO 12844 --- [http-nio-8082-exec-4] c.s.u.controller.HbUserController        : 访问getInfoById接口
2021-06-02 00:29:35.165  INFO 12844 --- [http-nio-8082-exec-4] c.s.u.controller.HbUserController        : userId1
2021-06-02 00:29:35.881  INFO 12844 --- [http-nio-8082-exec-9] c.s.u.controller.HbUserController        : 访问getInfoById接口
2021-06-02 00:29:35.881  INFO 12844 --- [http-nio-8082-exec-9] c.s.u.controller.HbUserController        : userId1
2021-06-02 00:29:37.054  INFO 12844 --- [http-nio-8082-exec-8] c.s.u.controller.HbUserController        : 访问getInfoById接口
2021-06-02 00:29:37.054  INFO 12844 --- [http-nio-8082-exec-8] c.s.u.controller.HbUserController        : userId1
2021-06-02 00:29:37.932  INFO 12844 --- [http-nio-8082-exec-5] c.s.u.controller.HbUserController        : 访问getInfoById接口
2021-06-02 00:29:37.932  INFO 12844 --- [http-nio-8082-exec-5] c.s.u.controller.HbUserController        : userId1
2021-06-02 00:29:38.648  INFO 12844 --- [http-nio-8082-exec-10] c.s.u.controller.HbUserController        : 访问getInfoById接口
2021-06-02 00:29:38.648  INFO 12844 --- [http-nio-8082-exec-10] c.s.u.controller.HbUserController        : userId1
2021-06-02 00:29:39.364  INFO 12844 --- [http-nio-8082-exec-2] c.s.u.controller.HbUserController        : 访问getInfoById接口
2021-06-02 00:29:39.365  INFO 12844 --- [http-nio-8082-exec-2] c.s.u.controller.HbUserController        : userId1
2021-06-02 00:32:03.345  INFO 12844 --- [http-nio-8082-exec-3] c.s.u.controller.HbUserController        : 访问getInfoById接口
2021-06-02 00:32:03.345  INFO 12844 --- [http-nio-8082-exec-3] c.s.u.controller.HbUserController        : userId1
2021-06-02 00:32:04.263  INFO 12844 --- [http-nio-8082-exec-6] c.s.u.controller.HbUserController        : 访问getInfoById接口
2021-06-02 00:32:04.263  INFO 12844 --- [http-nio-8082-exec-6] c.s.u.controller.HbUserController        : userId1
2021-06-02 00:32:04.978  INFO 12844 --- [http-nio-8082-exec-7] c.s.u.controller.HbUserController        : 访问getInfoById接口
2021-06-02 00:32:04.979  INFO 12844 --- [http-nio-8082-exec-7] c.s.u.controller.HbUserController        : userId1
2021-06-02 00:32:05.694  INFO 12844 --- [http-nio-8082-exec-4] c.s.u.controller.HbUserController        : 访问getInfoById接口
2021-06-02 00:32:05.694  INFO 12844 --- [http-nio-8082-exec-4] c.s.u.controller.HbUserController        : userId1
2021-06-02 00:32:15.675  INFO 12844 --- [http-nio-8082-exec-9] c.s.u.controller.HbUserController        : 访问getInfoById接口
2021-06-02 00:32:15.675  INFO 12844 --- [http-nio-8082-exec-9] c.s.u.controller.HbUserController        : userId1
2021-06-02 00:32:16.550  INFO 12844 --- [http-nio-8082-exec-8] c.s.u.controller.HbUserController        : 访问getInfoById接口
2021-06-02 00:32:16.550  INFO 12844 --- [http-nio-8082-exec-8] c.s.u.controller.HbUserController        : userId1
2021-06-02 00:32:17.266  INFO 12844 --- [http-nio-8082-exec-5] c.s.u.controller.HbUserController        : 访问getInfoById接口
2021-06-02 00:32:17.267  INFO 12844 --- [http-nio-8082-exec-5] c.s.u.controller.HbUserController        : userId1
2021-06-02 00:32:17.983  INFO 12844 --- [http-nio-8082-exec-10] c.s.u.controller.HbUserController        : 访问getInfoById接口
2021-06-02 00:32:17.983  INFO 12844 --- [http-nio-8082-exec-10] c.s.u.controller.HbUserController        : userId1
