2021-05-17 10:09:23.266  INFO 6552 --- [main] trationDelegate$BeanPostProcessorChecker : Bean 'org.springframework.cloud.autoconfigure.ConfigurationPropertiesRebinderAutoConfiguration' of type [org.springframework.cloud.autoconfigure.ConfigurationPropertiesRebinderAutoConfiguration] is not eligible for getting processed by all BeanPostProcessors (for example: not eligible for auto-proxying)
2021-05-17 10:09:24.232  INFO 6552 --- [main] c.soft.usercenter.UserCenterApplication  : No active profile set, falling back to default profiles: default
2021-05-17 10:09:27.257  INFO 6552 --- [main] .s.d.r.c.RepositoryConfigurationDelegate : Multiple Spring Data modules found, entering strict repository configuration mode!
2021-05-17 10:09:27.258  INFO 6552 --- [main] .s.d.r.c.RepositoryConfigurationDelegate : Bootstrapping Spring Data JPA repositories in DEFERRED mode.
2021-05-17 10:09:27.485  INFO 6552 --- [main] .s.d.r.c.RepositoryConfigurationDelegate : Finished Spring Data repository scanning in 208ms. Found 5 JPA repository interfaces.
2021-05-17 10:09:27.525  INFO 6552 --- [main] .s.d.r.c.RepositoryConfigurationDelegate : Multiple Spring Data modules found, entering strict repository configuration mode!
2021-05-17 10:09:27.528  INFO 6552 --- [main] .s.d.r.c.RepositoryConfigurationDelegate : Bootstrapping Spring Data Redis repositories in DEFAULT mode.
2021-05-17 10:09:27.576  INFO 6552 --- [main] .RepositoryConfigurationExtensionSupport : Spring Data Redis - Could not safely identify store assignment for repository candidate interface com.soft.usercenter.repository.HbCommentRepository. If you want this repository to be a Redis repository, consider annotating your entities with one of these annotations: org.springframework.data.redis.core.RedisHash (preferred), or consider extending one of the following types with your repository: org.springframework.data.keyvalue.repository.KeyValueRepository.
2021-05-17 10:09:27.578  INFO 6552 --- [main] .RepositoryConfigurationExtensionSupport : Spring Data Redis - Could not safely identify store assignment for repository candidate interface com.soft.usercenter.repository.HbGoodRepository. If you want this repository to be a Redis repository, consider annotating your entities with one of these annotations: org.springframework.data.redis.core.RedisHash (preferred), or consider extending one of the following types with your repository: org.springframework.data.keyvalue.repository.KeyValueRepository.
2021-05-17 10:09:27.579  INFO 6552 --- [main] .RepositoryConfigurationExtensionSupport : Spring Data Redis - Could not safely identify store assignment for repository candidate interface com.soft.usercenter.repository.HbOrderRepository. If you want this repository to be a Redis repository, consider annotating your entities with one of these annotations: org.springframework.data.redis.core.RedisHash (preferred), or consider extending one of the following types with your repository: org.springframework.data.keyvalue.repository.KeyValueRepository.
2021-05-17 10:09:27.580  INFO 6552 --- [main] .RepositoryConfigurationExtensionSupport : Spring Data Redis - Could not safely identify store assignment for repository candidate interface com.soft.usercenter.repository.HbStrategyRepository. If you want this repository to be a Redis repository, consider annotating your entities with one of these annotations: org.springframework.data.redis.core.RedisHash (preferred), or consider extending one of the following types with your repository: org.springframework.data.keyvalue.repository.KeyValueRepository.
2021-05-17 10:09:27.581  INFO 6552 --- [main] .RepositoryConfigurationExtensionSupport : Spring Data Redis - Could not safely identify store assignment for repository candidate interface com.soft.usercenter.repository.HbUserRepository. If you want this repository to be a Redis repository, consider annotating your entities with one of these annotations: org.springframework.data.redis.core.RedisHash (preferred), or consider extending one of the following types with your repository: org.springframework.data.keyvalue.repository.KeyValueRepository.
2021-05-17 10:09:27.581  INFO 6552 --- [main] .s.d.r.c.RepositoryConfigurationDelegate : Finished Spring Data repository scanning in 25ms. Found 0 Redis repository interfaces.
2021-05-17 10:09:28.040  INFO 6552 --- [main] o.s.cloud.context.scope.GenericScope     : BeanFactory id=9913dd3c-5bfb-3d0c-b1ed-81b6501ad54b
2021-05-17 10:09:28.274  INFO 6552 --- [main] trationDelegate$BeanPostProcessorChecker : Bean 'org.springframework.cloud.autoconfigure.ConfigurationPropertiesRebinderAutoConfiguration' of type [org.springframework.cloud.autoconfigure.ConfigurationPropertiesRebinderAutoConfiguration] is not eligible for getting processed by all BeanPostProcessors (for example: not eligible for auto-proxying)
2021-05-17 10:09:28.732  INFO 6552 --- [main] o.s.b.w.embedded.tomcat.TomcatWebServer  : Tomcat initialized with port(s): 8082 (http)
2021-05-17 10:09:28.732  INFO 6552 --- [main] o.apache.catalina.core.StandardService   : Starting service [Tomcat]
2021-05-17 10:09:28.732  INFO 6552 --- [main] org.apache.catalina.core.StandardEngine  : Starting Servlet engine: [Apache Tomcat/9.0.37]
2021-05-17 10:09:29.167  INFO 6552 --- [main] o.a.c.c.C.[Tomcat].[localhost].[/]       : Initializing Spring embedded WebApplicationContext
2021-05-17 10:09:29.167  INFO 6552 --- [main] w.s.c.ServletWebServerApplicationContext : Root WebApplicationContext: initialization completed in 4890 ms
2021-05-17 10:09:29.370  INFO 6552 --- [main] o.s.s.concurrent.ThreadPoolTaskExecutor  : Initializing ExecutorService 'applicationTaskExecutor'
2021-05-17 10:09:29.464  INFO 6552 --- [task-1] o.hibernate.jpa.internal.util.LogHelper  : HHH000204: Processing PersistenceUnitInfo [name: default]
2021-05-17 10:09:29.527  INFO 6552 --- [task-1] org.hibernate.Version                    : HHH000412: Hibernate ORM core version 5.4.20.Final
2021-05-17 10:09:29.745  INFO 6552 --- [task-1] o.hibernate.annotations.common.Version   : HCANN000001: Hibernate Commons Annotations {5.1.0.Final}
2021-05-17 10:09:29.852  INFO 6552 --- [task-1] com.zaxxer.hikari.HikariDataSource       : HikariPool-1 - Starting...
2021-05-17 10:10:38.528  WARN 6552 --- [task-1] o.h.e.j.e.i.JdbcEnvironmentInitiator     : HHH000342: Could not obtain connection to query metadata : Could not create connection to database server. Attempted reconnect 3 times. Giving up.
2021-05-17 10:10:38.643  INFO 6552 --- [task-1] org.hibernate.dialect.Dialect            : HHH000400: Using dialect: org.hibernate.dialect.MySQL5InnoDBDialect
2021-05-17 10:10:42.554  INFO 6552 --- [task-1] com.zaxxer.hikari.HikariDataSource       : HikariPool-1 - Starting...
2021-05-17 10:11:51.596  WARN 6552 --- [task-1] o.h.engine.jdbc.spi.SqlExceptionHelper   : SQL Error: 0, SQLState: 08001
2021-05-17 10:11:51.603  WARN 6552 --- [main] ConfigServletWebServerApplicationContext : Exception encountered during context initialization - cancelling refresh attempt: org.springframework.beans.factory.BeanCreationException: Error creating bean with name 'hbUserController': Injection of resource dependencies failed; nested exception is org.springframework.beans.factory.BeanCreationException: Error creating bean with name 'hbUserServiceImpl': Injection of resource dependencies failed; nested exception is org.springframework.beans.factory.BeanCreationException: Error creating bean with name 'hbUserRepository' defined in com.soft.usercenter.repository.HbUserRepository defined in @EnableJpaRepositories declared on JpaRepositoriesRegistrar.EnableJpaRepositoriesConfiguration: Cannot resolve reference to bean 'jpaMappingContext' while setting bean property 'mappingContext'; nested exception is org.springframework.beans.factory.BeanCreationException: Error creating bean with name 'jpaMappingContext': Invocation of init method failed; nested exception is javax.persistence.PersistenceException: [PersistenceUnit: default] Unable to build Hibernate SessionFactory; nested exception is org.hibernate.exception.JDBCConnectionException: Unable to open JDBC Connection for DDL execution
2021-05-17 10:11:51.603  INFO 6552 --- [main] j.LocalContainerEntityManagerFactoryBean : Closing JPA EntityManagerFactory for persistence unit 'default'
2021-05-17 10:11:51.604  WARN 6552 --- [main] o.s.b.f.support.DisposableBeanAdapter    : Invocation of destroy method failed on bean with name 'entityManagerFactory': javax.persistence.PersistenceException: [PersistenceUnit: default] Unable to build Hibernate SessionFactory; nested exception is org.hibernate.exception.JDBCConnectionException: Unable to open JDBC Connection for DDL execution
2021-05-17 10:11:51.604  INFO 6552 --- [main] o.s.s.concurrent.ThreadPoolTaskExecutor  : Shutting down ExecutorService 'applicationTaskExecutor'
2021-05-17 10:11:51.605  INFO 6552 --- [main] o.apache.catalina.core.StandardService   : Stopping service [Tomcat]
2021-05-17 10:11:51.619  INFO 6552 --- [main] ConditionEvaluationReportLoggingListener : 

Error starting ApplicationContext. To display the conditions report re-run your application with 'debug' enabled.
2021-05-17 10:54:54.751  INFO 1060 --- [main] trationDelegate$BeanPostProcessorChecker : Bean 'org.springframework.cloud.autoconfigure.ConfigurationPropertiesRebinderAutoConfiguration' of type [org.springframework.cloud.autoconfigure.ConfigurationPropertiesRebinderAutoConfiguration] is not eligible for getting processed by all BeanPostProcessors (for example: not eligible for auto-proxying)
2021-05-17 10:54:55.477  INFO 1060 --- [main] c.soft.usercenter.UserCenterApplication  : No active profile set, falling back to default profiles: default
2021-05-17 10:54:56.884  INFO 1060 --- [main] .s.d.r.c.RepositoryConfigurationDelegate : Multiple Spring Data modules found, entering strict repository configuration mode!
2021-05-17 10:54:56.884  INFO 1060 --- [main] .s.d.r.c.RepositoryConfigurationDelegate : Bootstrapping Spring Data JPA repositories in DEFERRED mode.
2021-05-17 10:54:57.013  INFO 1060 --- [main] .s.d.r.c.RepositoryConfigurationDelegate : Finished Spring Data repository scanning in 119ms. Found 5 JPA repository interfaces.
2021-05-17 10:54:57.034  INFO 1060 --- [main] .s.d.r.c.RepositoryConfigurationDelegate : Multiple Spring Data modules found, entering strict repository configuration mode!
2021-05-17 10:54:57.041  INFO 1060 --- [main] .s.d.r.c.RepositoryConfigurationDelegate : Bootstrapping Spring Data Redis repositories in DEFAULT mode.
2021-05-17 10:54:57.074  INFO 1060 --- [main] .RepositoryConfigurationExtensionSupport : Spring Data Redis - Could not safely identify store assignment for repository candidate interface com.soft.usercenter.repository.HbCommentRepository. If you want this repository to be a Redis repository, consider annotating your entities with one of these annotations: org.springframework.data.redis.core.RedisHash (preferred), or consider extending one of the following types with your repository: org.springframework.data.keyvalue.repository.KeyValueRepository.
2021-05-17 10:54:57.075  INFO 1060 --- [main] .RepositoryConfigurationExtensionSupport : Spring Data Redis - Could not safely identify store assignment for repository candidate interface com.soft.usercenter.repository.HbGoodRepository. If you want this repository to be a Redis repository, consider annotating your entities with one of these annotations: org.springframework.data.redis.core.RedisHash (preferred), or consider extending one of the following types with your repository: org.springframework.data.keyvalue.repository.KeyValueRepository.
2021-05-17 10:54:57.076  INFO 1060 --- [main] .RepositoryConfigurationExtensionSupport : Spring Data Redis - Could not safely identify store assignment for repository candidate interface com.soft.usercenter.repository.HbOrderRepository. If you want this repository to be a Redis repository, consider annotating your entities with one of these annotations: org.springframework.data.redis.core.RedisHash (preferred), or consider extending one of the following types with your repository: org.springframework.data.keyvalue.repository.KeyValueRepository.
2021-05-17 10:54:57.077  INFO 1060 --- [main] .RepositoryConfigurationExtensionSupport : Spring Data Redis - Could not safely identify store assignment for repository candidate interface com.soft.usercenter.repository.HbStrategyRepository. If you want this repository to be a Redis repository, consider annotating your entities with one of these annotations: org.springframework.data.redis.core.RedisHash (preferred), or consider extending one of the following types with your repository: org.springframework.data.keyvalue.repository.KeyValueRepository.
2021-05-17 10:54:57.077  INFO 1060 --- [main] .RepositoryConfigurationExtensionSupport : Spring Data Redis - Could not safely identify store assignment for repository candidate interface com.soft.usercenter.repository.HbUserRepository. If you want this repository to be a Redis repository, consider annotating your entities with one of these annotations: org.springframework.data.redis.core.RedisHash (preferred), or consider extending one of the following types with your repository: org.springframework.data.keyvalue.repository.KeyValueRepository.
2021-05-17 10:54:57.077  INFO 1060 --- [main] .s.d.r.c.RepositoryConfigurationDelegate : Finished Spring Data repository scanning in 20ms. Found 0 Redis repository interfaces.
2021-05-17 10:54:57.557  INFO 1060 --- [main] o.s.cloud.context.scope.GenericScope     : BeanFactory id=9913dd3c-5bfb-3d0c-b1ed-81b6501ad54b
2021-05-17 10:54:57.900  INFO 1060 --- [main] trationDelegate$BeanPostProcessorChecker : Bean 'org.springframework.cloud.autoconfigure.ConfigurationPropertiesRebinderAutoConfiguration' of type [org.springframework.cloud.autoconfigure.ConfigurationPropertiesRebinderAutoConfiguration] is not eligible for getting processed by all BeanPostProcessors (for example: not eligible for auto-proxying)
2021-05-17 10:54:58.648  INFO 1060 --- [main] o.s.b.w.embedded.tomcat.TomcatWebServer  : Tomcat initialized with port(s): 8082 (http)
2021-05-17 10:54:58.678  INFO 1060 --- [main] o.apache.catalina.core.StandardService   : Starting service [Tomcat]
2021-05-17 10:54:58.679  INFO 1060 --- [main] org.apache.catalina.core.StandardEngine  : Starting Servlet engine: [Apache Tomcat/9.0.37]
2021-05-17 10:54:59.245  INFO 1060 --- [main] o.a.c.c.C.[Tomcat].[localhost].[/]       : Initializing Spring embedded WebApplicationContext
2021-05-17 10:54:59.245  INFO 1060 --- [main] w.s.c.ServletWebServerApplicationContext : Root WebApplicationContext: initialization completed in 3749 ms
2021-05-17 10:55:00.117  INFO 1060 --- [main] o.s.s.concurrent.ThreadPoolTaskExecutor  : Initializing ExecutorService 'applicationTaskExecutor'
2021-05-17 10:55:00.392  INFO 1060 --- [task-1] o.hibernate.jpa.internal.util.LogHelper  : HHH000204: Processing PersistenceUnitInfo [name: default]
2021-05-17 10:55:00.559  INFO 1060 --- [task-1] org.hibernate.Version                    : HHH000412: Hibernate ORM core version 5.4.20.Final
2021-05-17 10:55:01.009  INFO 1060 --- [task-1] o.hibernate.annotations.common.Version   : HCANN000001: Hibernate Commons Annotations {5.1.0.Final}
2021-05-17 10:55:01.261  INFO 1060 --- [task-1] com.zaxxer.hikari.HikariDataSource       : HikariPool-1 - Starting...
2021-05-17 10:55:01.777  INFO 1060 --- [task-1] com.zaxxer.hikari.HikariDataSource       : HikariPool-1 - Start completed.
2021-05-17 10:55:01.805  INFO 1060 --- [task-1] org.hibernate.dialect.Dialect            : HHH000400: Using dialect: org.hibernate.dialect.MySQL5InnoDBDialect
2021-05-17 10:55:03.481  INFO 1060 --- [task-1] o.h.e.t.j.p.i.JtaPlatformInitiator       : HHH000490: Using JtaPlatform implementation: [org.hibernate.engine.transaction.jta.platform.internal.NoJtaPlatform]
2021-05-17 10:55:03.489  INFO 1060 --- [task-1] j.LocalContainerEntityManagerFactoryBean : Initialized JPA EntityManagerFactory for persistence unit 'default'
2021-05-17 10:55:04.381  WARN 1060 --- [main] JpaBaseConfiguration$JpaWebConfiguration : spring.jpa.open-in-view is enabled by default. Therefore, database queries may be performed during view rendering. Explicitly configure spring.jpa.open-in-view to disable this warning
2021-05-17 10:55:04.570  INFO 1060 --- [main] pertySourcedRequestMappingHandlerMapping : Mapped URL path [/v2/api-docs] onto method [springfox.documentation.swagger2.web.Swagger2Controller#getDocumentation(String, HttpServletRequest)]
2021-05-17 10:55:04.612  WARN 1060 --- [main] c.n.c.sources.URLConfigurationSource     : No URLs will be polled as dynamic configuration sources.
2021-05-17 10:55:04.612  INFO 1060 --- [main] c.n.c.sources.URLConfigurationSource     : To enable URLs as dynamic configuration sources, define System property archaius.configurationSource.additionalUrls or make config.properties available on classpath.
2021-05-17 10:55:04.621  WARN 1060 --- [main] c.n.c.sources.URLConfigurationSource     : No URLs will be polled as dynamic configuration sources.
2021-05-17 10:55:04.622  INFO 1060 --- [main] c.n.c.sources.URLConfigurationSource     : To enable URLs as dynamic configuration sources, define System property archaius.configurationSource.additionalUrls or make config.properties available on classpath.
2021-05-17 10:55:05.346  INFO 1060 --- [main] o.s.s.c.ThreadPoolTaskScheduler          : Initializing ExecutorService 'Nacso-Watch-Task-Scheduler'
2021-05-17 10:55:06.711  INFO 1060 --- [main] o.s.b.w.embedded.tomcat.TomcatWebServer  : Tomcat started on port(s): 8082 (http) with context path ''
2021-05-17 10:55:06.852  INFO 1060 --- [main] c.a.c.n.registry.NacosServiceRegistry    : nacos registry, DEFAULT_GROUP user-center 10.20.172.190:8082 register finished
2021-05-17 10:55:07.265  INFO 1060 --- [main] d.s.w.p.DocumentationPluginsBootstrapper : Context refreshed
2021-05-17 10:55:07.287  INFO 1060 --- [main] d.s.w.p.DocumentationPluginsBootstrapper : Found 1 custom documentation plugin(s)
2021-05-17 10:55:07.329  INFO 1060 --- [main] s.d.s.w.s.ApiListingReferenceScanner     : Scanning for api listing references
2021-05-17 10:55:07.525  INFO 1060 --- [main] DeferredRepositoryInitializationListener : Triggering deferred initialization of Spring Data repositories…
2021-05-17 10:55:07.609  INFO 1060 --- [main] DeferredRepositoryInitializationListener : Spring Data repositories initialized!
2021-05-17 10:55:07.615  INFO 1060 --- [main] c.soft.usercenter.UserCenterApplication  : Started UserCenterApplication in 14.645 seconds (JVM running for 16.802)
2021-05-17 12:30:51.970  INFO 1060 --- [http-nio-8082-exec-1] o.a.c.c.C.[Tomcat].[localhost].[/]       : Initializing Spring DispatcherServlet 'dispatcherServlet'
2021-05-17 12:30:51.973  INFO 1060 --- [http-nio-8082-exec-1] o.s.web.servlet.DispatcherServlet        : Initializing Servlet 'dispatcherServlet'
2021-05-17 12:30:52.009  INFO 1060 --- [http-nio-8082-exec-1] o.s.web.servlet.DispatcherServlet        : Completed initialization in 36 ms
2021-05-17 12:30:52.162  INFO 1060 --- [http-nio-8082-exec-1] c.s.u.controller.HbUserController        : 访问login接口
2021-05-17 12:30:52.163  INFO 1060 --- [http-nio-8082-exec-1] c.s.u.controller.HbUserController        : loginDtoLoginDto(username=ntt, password=123)
2021-05-17 12:30:52.163  INFO 1060 --- [http-nio-8082-exec-1] c.s.u.service.impl.HbUserServiceImpl     : loginDto:ntt*********123
2021-05-17 12:30:52.585  INFO 1060 --- [http-nio-8082-exec-1] c.s.u.service.impl.HbUserServiceImpl     : 登录成功
2021-05-17 12:30:52.695  INFO 1060 --- [http-nio-8082-exec-1] c.s.u.service.impl.HbUserServiceImpl     : 生成的tokeneyJhbGciOiJIUzI1NiJ9.eyJleHAiOjE2MjI1MjE4NTIsInVzZXJuYW1lIjoibnR0In0.BAK2BX3HbpNekPQ6rmfm1dfpoEx96Ofr_YT7kkjpYuc
2021-05-17 12:31:16.548  INFO 1060 --- [http-nio-8082-exec-2] c.s.u.controller.HbUserController        : 访问getInfoById接口
2021-05-17 12:31:16.548  INFO 1060 --- [http-nio-8082-exec-2] c.s.u.controller.HbUserController        : userId1
2021-05-17 12:31:16.583  INFO 1060 --- [http-nio-8082-exec-3] c.s.u.controller.HbUserController        : 访问getInfoById接口
2021-05-17 12:31:16.583  INFO 1060 --- [http-nio-8082-exec-3] c.s.u.controller.HbUserController        : userId1
2021-05-17 13:30:14.724  WARN 1060 --- [HikariPool-1 housekeeper] com.zaxxer.hikari.pool.HikariPool        : HikariPool-1 - Thread starvation or clock leap detected (housekeeper delta=27m10s713ms18µs500ns).
2021-05-17 15:31:02.468  INFO 1060 --- [http-nio-8082-exec-7] c.s.u.controller.HbUserController        : 访问login接口
2021-05-17 15:31:02.472  INFO 1060 --- [http-nio-8082-exec-7] c.s.u.controller.HbUserController        : loginDtoLoginDto(username=ntt, password=123)
2021-05-17 15:31:02.472  INFO 1060 --- [http-nio-8082-exec-7] c.s.u.service.impl.HbUserServiceImpl     : loginDto:ntt*********123
2021-05-17 15:31:02.564  INFO 1060 --- [http-nio-8082-exec-7] c.s.u.service.impl.HbUserServiceImpl     : 登录成功
2021-05-17 15:31:02.567  INFO 1060 --- [http-nio-8082-exec-7] c.s.u.service.impl.HbUserServiceImpl     : 生成的tokeneyJhbGciOiJIUzI1NiJ9.eyJleHAiOjE2MjI1MzI2NjIsInVzZXJuYW1lIjoibnR0In0.YQwFF841v2fSjWSfPiUwc3giSZeBcSEsMxWFSAbAIhY
2021-05-17 16:39:06.247  INFO 1060 --- [http-nio-8082-exec-10] c.s.u.controller.HbUserController        : 访问login接口
2021-05-17 16:39:06.251  INFO 1060 --- [http-nio-8082-exec-10] c.s.u.controller.HbUserController        : loginDtoLoginDto(username=ntt, password=123)
2021-05-17 16:39:06.252  INFO 1060 --- [http-nio-8082-exec-10] c.s.u.service.impl.HbUserServiceImpl     : loginDto:ntt*********123
2021-05-17 16:39:06.306  INFO 1060 --- [http-nio-8082-exec-10] c.s.u.service.impl.HbUserServiceImpl     : 登录成功
2021-05-17 16:39:06.307  INFO 1060 --- [http-nio-8082-exec-10] c.s.u.service.impl.HbUserServiceImpl     : 生成的tokeneyJhbGciOiJIUzI1NiJ9.eyJleHAiOjE2MjI1MzY3NDYsInVzZXJuYW1lIjoibnR0In0.LpqfTSxA7HHifBrxlE0C9FV66wN5jsNFB2phtU_fLjE
2021-05-17 16:39:10.858  INFO 1060 --- [http-nio-8082-exec-1] c.s.u.controller.HbUserController        : 访问login接口
2021-05-17 16:39:10.859  INFO 1060 --- [http-nio-8082-exec-1] c.s.u.controller.HbUserController        : loginDtoLoginDto(username=ntt, password=123)
2021-05-17 16:39:10.859  INFO 1060 --- [http-nio-8082-exec-1] c.s.u.service.impl.HbUserServiceImpl     : loginDto:ntt*********123
2021-05-17 16:39:10.896  INFO 1060 --- [http-nio-8082-exec-1] c.s.u.service.impl.HbUserServiceImpl     : 登录成功
2021-05-17 16:39:10.896  INFO 1060 --- [http-nio-8082-exec-1] c.s.u.service.impl.HbUserServiceImpl     : 生成的tokeneyJhbGciOiJIUzI1NiJ9.eyJleHAiOjE2MjI1MzY3NTAsInVzZXJuYW1lIjoibnR0In0.2Odpt8F41uL6uuOTprb7o6OXzu1Og5Tr4VLQ_049LqA
2021-05-17 16:40:53.232  INFO 1060 --- [http-nio-8082-exec-4] c.s.u.controller.HbUserController        : 访问login接口
2021-05-17 16:40:53.232  INFO 1060 --- [http-nio-8082-exec-4] c.s.u.controller.HbUserController        : loginDtoLoginDto(username=ntt, password=123)
2021-05-17 16:40:53.232  INFO 1060 --- [http-nio-8082-exec-4] c.s.u.service.impl.HbUserServiceImpl     : loginDto:ntt*********123
2021-05-17 16:40:53.268  INFO 1060 --- [http-nio-8082-exec-4] c.s.u.service.impl.HbUserServiceImpl     : 登录成功
2021-05-17 16:40:53.269  INFO 1060 --- [http-nio-8082-exec-4] c.s.u.service.impl.HbUserServiceImpl     : 生成的tokeneyJhbGciOiJIUzI1NiJ9.eyJleHAiOjE2MjI1MzY4NTMsInVzZXJuYW1lIjoibnR0In0.OjJtaFDp8holNm2o7v_yJVUGC39aTGl4JQOLnLCDI9U
2021-05-17 19:01:58.043  WARN 1060 --- [HikariPool-1 housekeeper] com.zaxxer.hikari.pool.HikariPool        : HikariPool-1 - Thread starvation or clock leap detected (housekeeper delta=1h12m9s169ms642µs).
2021-05-17 19:05:55.246  INFO 1060 --- [http-nio-8082-exec-6] c.s.u.controller.HbUserController        : 访问getInfoById接口
2021-05-17 19:05:55.247  INFO 1060 --- [http-nio-8082-exec-6] c.s.u.controller.HbUserController        : userId1
2021-05-17 19:05:55.267  WARN 1060 --- [http-nio-8082-exec-6] com.zaxxer.hikari.pool.PoolBase          : HikariPool-1 - Failed to validate connection com.mysql.jdbc.JDBC4Connection@33aa44 (Communications link failure

The last packet successfully received from the server was 236,902 milliseconds ago.  The last packet sent successfully to the server was 236,924 milliseconds ago.). Possibly consider using a shorter maxLifetime value.
2021-05-17 19:05:55.323  INFO 1060 --- [http-nio-8082-exec-7] c.s.u.controller.HbUserController        : 访问getInfoById接口
2021-05-17 19:05:55.323  INFO 1060 --- [http-nio-8082-exec-7] c.s.u.controller.HbUserController        : userId1
2021-05-17 19:06:20.546  INFO 1060 --- [http-nio-8082-exec-9] c.s.u.controller.HbUserController        : 访问getInfoById接口
2021-05-17 19:06:20.546  INFO 1060 --- [http-nio-8082-exec-9] c.s.u.controller.HbUserController        : userId1
2021-05-17 19:06:20.630  INFO 1060 --- [http-nio-8082-exec-10] c.s.u.controller.HbUserController        : 访问getInfoById接口
2021-05-17 19:06:20.630  INFO 1060 --- [http-nio-8082-exec-10] c.s.u.controller.HbUserController        : userId1
2021-05-17 19:06:40.539  INFO 1060 --- [http-nio-8082-exec-2] c.s.u.controller.HbUserController        : 访问getInfoById接口
2021-05-17 19:06:40.541  INFO 1060 --- [http-nio-8082-exec-2] c.s.u.controller.HbUserController        : userId1
2021-05-17 19:06:40.561  INFO 1060 --- [http-nio-8082-exec-3] c.s.u.controller.HbUserController        : 访问getInfoById接口
2021-05-17 19:06:40.561  INFO 1060 --- [http-nio-8082-exec-3] c.s.u.controller.HbUserController        : userId1
2021-05-17 19:06:55.770  INFO 1060 --- [http-nio-8082-exec-5] c.s.u.controller.HbUserController        : 访问getInfoById接口
2021-05-17 19:06:55.770  INFO 1060 --- [http-nio-8082-exec-5] c.s.u.controller.HbUserController        : userId1
2021-05-17 19:06:55.775  INFO 1060 --- [http-nio-8082-exec-6] c.s.u.controller.HbUserController        : 访问getInfoById接口
2021-05-17 19:06:55.775  INFO 1060 --- [http-nio-8082-exec-6] c.s.u.controller.HbUserController        : userId1
2021-05-17 19:07:06.505  INFO 1060 --- [http-nio-8082-exec-8] c.s.u.controller.HbUserController        : 访问getInfoById接口
2021-05-17 19:07:06.505  INFO 1060 --- [http-nio-8082-exec-8] c.s.u.controller.HbUserController        : userId1
2021-05-17 19:07:06.514  INFO 1060 --- [http-nio-8082-exec-9] c.s.u.controller.HbUserController        : 访问getInfoById接口
2021-05-17 19:07:06.515  INFO 1060 --- [http-nio-8082-exec-9] c.s.u.controller.HbUserController        : userId1
2021-05-17 19:07:12.316  INFO 1060 --- [http-nio-8082-exec-1] c.s.u.controller.HbUserController        : 访问getInfoById接口
2021-05-17 19:07:12.316  INFO 1060 --- [http-nio-8082-exec-1] c.s.u.controller.HbUserController        : userId1
2021-05-17 19:07:12.323  INFO 1060 --- [http-nio-8082-exec-2] c.s.u.controller.HbUserController        : 访问getInfoById接口
2021-05-17 19:07:12.323  INFO 1060 --- [http-nio-8082-exec-2] c.s.u.controller.HbUserController        : userId1
2021-05-17 19:07:54.539  INFO 1060 --- [http-nio-8082-exec-4] c.s.u.controller.HbUserController        : 访问getInfoById接口
2021-05-17 19:07:54.540  INFO 1060 --- [http-nio-8082-exec-4] c.s.u.controller.HbUserController        : userId1
2021-05-17 19:07:54.546  INFO 1060 --- [http-nio-8082-exec-5] c.s.u.controller.HbUserController        : 访问getInfoById接口
2021-05-17 19:07:54.547  INFO 1060 --- [http-nio-8082-exec-5] c.s.u.controller.HbUserController        : userId1
2021-05-17 19:08:05.383  INFO 1060 --- [http-nio-8082-exec-7] c.s.u.controller.HbUserController        : 访问getInfoById接口
2021-05-17 19:08:05.384  INFO 1060 --- [http-nio-8082-exec-7] c.s.u.controller.HbUserController        : userId1
2021-05-17 19:08:05.391  INFO 1060 --- [http-nio-8082-exec-8] c.s.u.controller.HbUserController        : 访问getInfoById接口
2021-05-17 19:08:05.391  INFO 1060 --- [http-nio-8082-exec-8] c.s.u.controller.HbUserController        : userId1
2021-05-17 19:08:19.274  INFO 1060 --- [http-nio-8082-exec-10] c.s.u.controller.HbUserController        : 访问getInfoById接口
2021-05-17 19:08:19.274  INFO 1060 --- [http-nio-8082-exec-10] c.s.u.controller.HbUserController        : userId1
2021-05-17 19:08:19.323  INFO 1060 --- [http-nio-8082-exec-1] c.s.u.controller.HbUserController        : 访问getInfoById接口
2021-05-17 19:08:19.324  INFO 1060 --- [http-nio-8082-exec-1] c.s.u.controller.HbUserController        : userId1
2021-05-17 19:08:27.688  INFO 1060 --- [http-nio-8082-exec-2] c.s.u.controller.HbUserController        : 访问getInfoById接口
2021-05-17 19:08:27.688  INFO 1060 --- [http-nio-8082-exec-2] c.s.u.controller.HbUserController        : userId1
2021-05-17 19:08:27.716  INFO 1060 --- [http-nio-8082-exec-3] c.s.u.controller.HbUserController        : 访问getInfoById接口
2021-05-17 19:08:27.717  INFO 1060 --- [http-nio-8082-exec-3] c.s.u.controller.HbUserController        : userId1
2021-05-17 19:09:13.010  INFO 1060 --- [http-nio-8082-exec-5] c.s.u.controller.HbUserController        : 访问getInfoById接口
2021-05-17 19:09:13.011  INFO 1060 --- [http-nio-8082-exec-5] c.s.u.controller.HbUserController        : userId1
2021-05-17 19:09:13.019  INFO 1060 --- [http-nio-8082-exec-6] c.s.u.controller.HbUserController        : 访问getInfoById接口
2021-05-17 19:09:13.019  INFO 1060 --- [http-nio-8082-exec-6] c.s.u.controller.HbUserController        : userId1
2021-05-17 19:20:30.224  INFO 1060 --- [http-nio-8082-exec-9] c.s.u.controller.HbUserController        : 访问getInfoById接口
2021-05-17 19:20:30.224  INFO 1060 --- [http-nio-8082-exec-9] c.s.u.controller.HbUserController        : userId1
2021-05-17 19:20:30.862  INFO 1060 --- [http-nio-8082-exec-10] c.s.u.controller.HbUserController        : 访问getInfoById接口
2021-05-17 19:20:30.862  INFO 1060 --- [http-nio-8082-exec-10] c.s.u.controller.HbUserController        : userId1
2021-05-17 19:33:37.449  INFO 1060 --- [http-nio-8082-exec-3] c.s.u.controller.HbUserController        : 访问getInfoById接口
2021-05-17 19:33:37.449  INFO 1060 --- [http-nio-8082-exec-3] c.s.u.controller.HbUserController        : userId1
2021-05-17 19:33:38.047  INFO 1060 --- [http-nio-8082-exec-4] c.s.u.controller.HbUserController        : 访问getInfoById接口
2021-05-17 19:33:38.047  INFO 1060 --- [http-nio-8082-exec-4] c.s.u.controller.HbUserController        : userId1
2021-05-17 19:48:09.217  INFO 1060 --- [http-nio-8082-exec-7] c.s.u.controller.HbUserController        : 访问login接口
2021-05-17 19:48:09.219  INFO 1060 --- [http-nio-8082-exec-7] c.s.u.controller.HbUserController        : loginDtoLoginDto(username=ntt, password=123)
2021-05-17 19:48:09.220  INFO 1060 --- [http-nio-8082-exec-7] c.s.u.service.impl.HbUserServiceImpl     : loginDto:ntt*********123
2021-05-17 19:48:09.271  INFO 1060 --- [http-nio-8082-exec-7] c.s.u.service.impl.HbUserServiceImpl     : 登录成功
2021-05-17 19:48:09.276  INFO 1060 --- [http-nio-8082-exec-7] c.s.u.service.impl.HbUserServiceImpl     : 生成的tokeneyJhbGciOiJIUzI1NiJ9.eyJleHAiOjE2MjI1NDgwODksInVzZXJuYW1lIjoibnR0In0.XY3IWmc_iOGq3BnqYJg3oKj9Wo4_8CrH5yuCCsBG95w
