2021-05-04 11:31:29.163  INFO 18340 --- [main] trationDelegate$BeanPostProcessorChecker : Bean 'org.springframework.cloud.autoconfigure.ConfigurationPropertiesRebinderAutoConfiguration' of type [org.springframework.cloud.autoconfigure.ConfigurationPropertiesRebinderAutoConfiguration] is not eligible for getting processed by all BeanPostProcessors (for example: not eligible for auto-proxying)
2021-05-04 11:31:29.980  INFO 18340 --- [main] c.soft.usercenter.UserCenterApplication  : No active profile set, falling back to default profiles: default
2021-05-04 11:31:32.563  INFO 18340 --- [main] .s.d.r.c.RepositoryConfigurationDelegate : Multiple Spring Data modules found, entering strict repository configuration mode!
2021-05-04 11:31:32.569  INFO 18340 --- [main] .s.d.r.c.RepositoryConfigurationDelegate : Bootstrapping Spring Data JPA repositories in DEFERRED mode.
2021-05-04 11:31:32.719  INFO 18340 --- [main] .s.d.r.c.RepositoryConfigurationDelegate : Finished Spring Data repository scanning in 143ms. Found 5 JPA repository interfaces.
2021-05-04 11:31:32.785  INFO 18340 --- [main] .s.d.r.c.RepositoryConfigurationDelegate : Multiple Spring Data modules found, entering strict repository configuration mode!
2021-05-04 11:31:32.787  INFO 18340 --- [main] .s.d.r.c.RepositoryConfigurationDelegate : Bootstrapping Spring Data Redis repositories in DEFAULT mode.
2021-05-04 11:31:32.809  INFO 18340 --- [main] .RepositoryConfigurationExtensionSupport : Spring Data Redis - Could not safely identify store assignment for repository candidate interface com.soft.usercenter.repository.HbCommentRepository. If you want this repository to be a Redis repository, consider annotating your entities with one of these annotations: org.springframework.data.redis.core.RedisHash (preferred), or consider extending one of the following types with your repository: org.springframework.data.keyvalue.repository.KeyValueRepository.
2021-05-04 11:31:32.810  INFO 18340 --- [main] .RepositoryConfigurationExtensionSupport : Spring Data Redis - Could not safely identify store assignment for repository candidate interface com.soft.usercenter.repository.HbGoodRepository. If you want this repository to be a Redis repository, consider annotating your entities with one of these annotations: org.springframework.data.redis.core.RedisHash (preferred), or consider extending one of the following types with your repository: org.springframework.data.keyvalue.repository.KeyValueRepository.
2021-05-04 11:31:32.810  INFO 18340 --- [main] .RepositoryConfigurationExtensionSupport : Spring Data Redis - Could not safely identify store assignment for repository candidate interface com.soft.usercenter.repository.HbOrderRepository. If you want this repository to be a Redis repository, consider annotating your entities with one of these annotations: org.springframework.data.redis.core.RedisHash (preferred), or consider extending one of the following types with your repository: org.springframework.data.keyvalue.repository.KeyValueRepository.
2021-05-04 11:31:32.812  INFO 18340 --- [main] .RepositoryConfigurationExtensionSupport : Spring Data Redis - Could not safely identify store assignment for repository candidate interface com.soft.usercenter.repository.HbStrategyRepository. If you want this repository to be a Redis repository, consider annotating your entities with one of these annotations: org.springframework.data.redis.core.RedisHash (preferred), or consider extending one of the following types with your repository: org.springframework.data.keyvalue.repository.KeyValueRepository.
2021-05-04 11:31:32.812  INFO 18340 --- [main] .RepositoryConfigurationExtensionSupport : Spring Data Redis - Could not safely identify store assignment for repository candidate interface com.soft.usercenter.repository.HbUserRepository. If you want this repository to be a Redis repository, consider annotating your entities with one of these annotations: org.springframework.data.redis.core.RedisHash (preferred), or consider extending one of the following types with your repository: org.springframework.data.keyvalue.repository.KeyValueRepository.
2021-05-04 11:31:32.812  INFO 18340 --- [main] .s.d.r.c.RepositoryConfigurationDelegate : Finished Spring Data repository scanning in 13ms. Found 0 Redis repository interfaces.
2021-05-04 11:31:33.117  INFO 18340 --- [main] o.s.cloud.context.scope.GenericScope     : BeanFactory id=9913dd3c-5bfb-3d0c-b1ed-81b6501ad54b
2021-05-04 11:31:33.226  INFO 18340 --- [main] trationDelegate$BeanPostProcessorChecker : Bean 'org.springframework.cloud.autoconfigure.ConfigurationPropertiesRebinderAutoConfiguration' of type [org.springframework.cloud.autoconfigure.ConfigurationPropertiesRebinderAutoConfiguration] is not eligible for getting processed by all BeanPostProcessors (for example: not eligible for auto-proxying)
2021-05-04 11:31:33.501  INFO 18340 --- [main] o.s.b.w.embedded.tomcat.TomcatWebServer  : Tomcat initialized with port(s): 8082 (http)
2021-05-04 11:31:33.512  INFO 18340 --- [main] o.apache.catalina.core.StandardService   : Starting service [Tomcat]
2021-05-04 11:31:33.513  INFO 18340 --- [main] org.apache.catalina.core.StandardEngine  : Starting Servlet engine: [Apache Tomcat/9.0.37]
2021-05-04 11:31:33.722  INFO 18340 --- [main] o.a.c.c.C.[Tomcat].[localhost].[/]       : Initializing Spring embedded WebApplicationContext
2021-05-04 11:31:33.724  INFO 18340 --- [main] w.s.c.ServletWebServerApplicationContext : Root WebApplicationContext: initialization completed in 3727 ms
2021-05-04 11:31:34.013  INFO 18340 --- [main] o.s.s.concurrent.ThreadPoolTaskExecutor  : Initializing ExecutorService 'applicationTaskExecutor'
2021-05-04 11:31:34.097  INFO 18340 --- [task-1] o.hibernate.jpa.internal.util.LogHelper  : HHH000204: Processing PersistenceUnitInfo [name: default]
2021-05-04 11:31:34.138  INFO 18340 --- [task-1] org.hibernate.Version                    : HHH000412: Hibernate ORM core version 5.4.20.Final
2021-05-04 11:31:34.244  INFO 18340 --- [task-1] o.hibernate.annotations.common.Version   : HCANN000001: Hibernate Commons Annotations {5.1.0.Final}
2021-05-04 11:31:34.376  INFO 18340 --- [task-1] com.zaxxer.hikari.HikariDataSource       : HikariPool-1 - Starting...
2021-05-04 11:31:34.821  INFO 18340 --- [task-1] com.zaxxer.hikari.HikariDataSource       : HikariPool-1 - Start completed.
2021-05-04 11:31:34.851  INFO 18340 --- [task-1] org.hibernate.dialect.Dialect            : HHH000400: Using dialect: org.hibernate.dialect.MySQL5InnoDBDialect
2021-05-04 11:31:36.092  INFO 18340 --- [task-1] o.h.e.t.j.p.i.JtaPlatformInitiator       : HHH000490: Using JtaPlatform implementation: [org.hibernate.engine.transaction.jta.platform.internal.NoJtaPlatform]
2021-05-04 11:31:36.098  INFO 18340 --- [task-1] j.LocalContainerEntityManagerFactoryBean : Initialized JPA EntityManagerFactory for persistence unit 'default'
2021-05-04 11:31:37.236  WARN 18340 --- [main] JpaBaseConfiguration$JpaWebConfiguration : spring.jpa.open-in-view is enabled by default. Therefore, database queries may be performed during view rendering. Explicitly configure spring.jpa.open-in-view to disable this warning
2021-05-04 11:31:37.492  INFO 18340 --- [main] pertySourcedRequestMappingHandlerMapping : Mapped URL path [/v2/api-docs] onto method [springfox.documentation.swagger2.web.Swagger2Controller#getDocumentation(String, HttpServletRequest)]
2021-05-04 11:31:37.548  WARN 18340 --- [main] c.n.c.sources.URLConfigurationSource     : No URLs will be polled as dynamic configuration sources.
2021-05-04 11:31:37.549  INFO 18340 --- [main] c.n.c.sources.URLConfigurationSource     : To enable URLs as dynamic configuration sources, define System property archaius.configurationSource.additionalUrls or make config.properties available on classpath.
2021-05-04 11:31:37.553  WARN 18340 --- [main] c.n.c.sources.URLConfigurationSource     : No URLs will be polled as dynamic configuration sources.
2021-05-04 11:31:37.553  INFO 18340 --- [main] c.n.c.sources.URLConfigurationSource     : To enable URLs as dynamic configuration sources, define System property archaius.configurationSource.additionalUrls or make config.properties available on classpath.
2021-05-04 11:31:38.212  INFO 18340 --- [main] o.s.s.c.ThreadPoolTaskScheduler          : Initializing ExecutorService 'Nacso-Watch-Task-Scheduler'
2021-05-04 11:31:40.257  INFO 18340 --- [main] o.s.b.w.embedded.tomcat.TomcatWebServer  : Tomcat started on port(s): 8082 (http) with context path ''
2021-05-04 11:31:40.554  INFO 18340 --- [main] c.a.c.n.registry.NacosServiceRegistry    : nacos registry, DEFAULT_GROUP user-center 10.30.187.162:8082 register finished
2021-05-04 11:31:40.978  INFO 18340 --- [main] d.s.w.p.DocumentationPluginsBootstrapper : Context refreshed
2021-05-04 11:31:41.000  INFO 18340 --- [main] d.s.w.p.DocumentationPluginsBootstrapper : Found 1 custom documentation plugin(s)
2021-05-04 11:31:41.039  INFO 18340 --- [main] s.d.s.w.s.ApiListingReferenceScanner     : Scanning for api listing references
2021-05-04 11:31:41.289  INFO 18340 --- [main] DeferredRepositoryInitializationListener : Triggering deferred initialization of Spring Data repositories…
2021-05-04 11:31:41.395  INFO 18340 --- [main] DeferredRepositoryInitializationListener : Spring Data repositories initialized!
2021-05-04 11:31:41.406  INFO 18340 --- [main] c.soft.usercenter.UserCenterApplication  : Started UserCenterApplication in 13.563 seconds (JVM running for 15.371)
2021-05-04 11:35:20.326  INFO 18340 --- [http-nio-8082-exec-1] o.a.c.c.C.[Tomcat].[localhost].[/]       : Initializing Spring DispatcherServlet 'dispatcherServlet'
2021-05-04 11:35:20.326  INFO 18340 --- [http-nio-8082-exec-1] o.s.web.servlet.DispatcherServlet        : Initializing Servlet 'dispatcherServlet'
2021-05-04 11:35:20.333  INFO 18340 --- [http-nio-8082-exec-1] o.s.web.servlet.DispatcherServlet        : Completed initialization in 7 ms
2021-05-04 11:35:20.484  INFO 18340 --- [http-nio-8082-exec-3] c.s.u.controller.HbUserController        : 访问login接口
2021-05-04 11:35:20.484  INFO 18340 --- [http-nio-8082-exec-3] c.s.u.controller.HbUserController        : loginDtoLoginDto(username=ntt, password=123)
2021-05-04 11:35:20.485  INFO 18340 --- [http-nio-8082-exec-3] c.s.u.service.impl.HbUserServiceImpl     : loginDto:ntt*********123
2021-05-04 11:35:20.922  INFO 18340 --- [http-nio-8082-exec-3] c.s.u.service.impl.HbUserServiceImpl     : 登录成功
2021-05-04 11:35:21.320  INFO 18340 --- [http-nio-8082-exec-3] c.s.u.service.impl.HbUserServiceImpl     : 生成的tokeneyJhbGciOiJIUzI1NiJ9.eyJleHAiOjE2MjEzOTUzMjAsInVzZXJuYW1lIjoibnR0In0.m-hiuynb2euokyobd2tP46sMa_WWa0RzUAnjzN6vdKY
2021-05-04 11:42:17.802  INFO 18340 --- [http-nio-8082-exec-4] c.s.u.controller.HbUserController        : 访问getInfoById接口
2021-05-04 11:42:17.802  INFO 18340 --- [http-nio-8082-exec-4] c.s.u.controller.HbUserController        : userId1
2021-05-04 12:03:53.365  WARN 18340 --- [HikariPool-1 housekeeper] com.zaxxer.hikari.pool.HikariPool        : HikariPool-1 - Thread starvation or clock leap detected (housekeeper delta=2m18s109ms569µs100ns).
2021-05-04 12:33:04.825  WARN 18340 --- [HikariPool-1 housekeeper] com.zaxxer.hikari.pool.HikariPool        : HikariPool-1 - Thread starvation or clock leap detected (housekeeper delta=14m41s393ms273µs700ns).
2021-05-04 12:36:28.818  INFO 18340 --- [http-nio-8082-exec-6] c.s.u.controller.HbUserController        : 访问getInfoById接口
2021-05-04 12:36:28.819  INFO 18340 --- [http-nio-8082-exec-6] c.s.u.controller.HbUserController        : userId1
2021-05-04 12:36:28.830  INFO 18340 --- [http-nio-8082-exec-7] c.s.u.controller.HbUserController        : 访问getInfoById接口
2021-05-04 12:36:28.831  INFO 18340 --- [http-nio-8082-exec-7] c.s.u.controller.HbUserController        : userId1
2021-05-04 12:37:32.416  INFO 18340 --- [http-nio-8082-exec-10] c.s.u.controller.HbUserController        : 访问getInfoById接口
2021-05-04 12:37:32.417  INFO 18340 --- [http-nio-8082-exec-10] c.s.u.controller.HbUserController        : userId1
2021-05-04 12:37:32.483  INFO 18340 --- [http-nio-8082-exec-1] c.s.u.controller.HbUserController        : 访问getInfoById接口
2021-05-04 12:37:32.483  INFO 18340 --- [http-nio-8082-exec-1] c.s.u.controller.HbUserController        : userId1
2021-05-04 12:37:34.370  INFO 18340 --- [http-nio-8082-exec-3] c.s.u.controller.HbUserController        : 访问getInfoById接口
2021-05-04 12:37:34.371  INFO 18340 --- [http-nio-8082-exec-3] c.s.u.controller.HbUserController        : userId1
2021-05-04 12:37:34.427  INFO 18340 --- [http-nio-8082-exec-2] c.s.u.controller.HbUserController        : 访问getInfoById接口
2021-05-04 12:37:34.427  INFO 18340 --- [http-nio-8082-exec-2] c.s.u.controller.HbUserController        : userId1
2021-05-04 12:37:36.275  INFO 18340 --- [http-nio-8082-exec-4] c.s.u.controller.HbUserController        : 访问getInfoById接口
2021-05-04 12:37:36.275  INFO 18340 --- [http-nio-8082-exec-4] c.s.u.controller.HbUserController        : userId1
2021-05-04 12:37:36.284  INFO 18340 --- [http-nio-8082-exec-5] c.s.u.controller.HbUserController        : 访问getInfoById接口
2021-05-04 12:37:36.285  INFO 18340 --- [http-nio-8082-exec-5] c.s.u.controller.HbUserController        : userId1
2021-05-04 12:40:29.945  INFO 18340 --- [http-nio-8082-exec-8] c.s.u.controller.HbUserController        : 访问getInfoById接口
2021-05-04 12:40:29.947  INFO 18340 --- [http-nio-8082-exec-8] c.s.u.controller.HbUserController        : userId1
2021-05-04 12:40:30.383  INFO 18340 --- [http-nio-8082-exec-9] c.s.u.controller.HbUserController        : 访问getInfoById接口
2021-05-04 12:40:30.386  INFO 18340 --- [http-nio-8082-exec-9] c.s.u.controller.HbUserController        : userId1
2021-05-04 12:41:02.657  INFO 18340 --- [http-nio-8082-exec-1] c.s.u.controller.HbUserController        : 访问getInfoById接口
2021-05-04 12:41:02.658  INFO 18340 --- [http-nio-8082-exec-1] c.s.u.controller.HbUserController        : userId1
2021-05-04 12:41:02.715  INFO 18340 --- [http-nio-8082-exec-2] c.s.u.controller.HbUserController        : 访问getInfoById接口
2021-05-04 12:41:02.716  INFO 18340 --- [http-nio-8082-exec-2] c.s.u.controller.HbUserController        : userId1
2021-05-04 12:41:04.759  INFO 18340 --- [http-nio-8082-exec-4] c.s.u.controller.HbUserController        : 访问getInfoById接口
2021-05-04 12:41:04.760  INFO 18340 --- [http-nio-8082-exec-4] c.s.u.controller.HbUserController        : userId1
2021-05-04 12:41:06.732  INFO 18340 --- [http-nio-8082-exec-5] c.s.u.controller.HbUserController        : 访问getInfoById接口
2021-05-04 12:41:06.733  INFO 18340 --- [http-nio-8082-exec-5] c.s.u.controller.HbUserController        : userId1
2021-05-04 12:41:06.770  INFO 18340 --- [http-nio-8082-exec-6] c.s.u.controller.HbUserController        : 访问getInfoById接口
2021-05-04 12:41:06.771  INFO 18340 --- [http-nio-8082-exec-6] c.s.u.controller.HbUserController        : userId1
2021-05-04 12:41:11.948  INFO 18340 --- [http-nio-8082-exec-8] c.s.u.controller.HbUserController        : 访问getInfoById接口
2021-05-04 12:41:11.949  INFO 18340 --- [http-nio-8082-exec-8] c.s.u.controller.HbUserController        : userId1
2021-05-04 12:41:12.360  INFO 18340 --- [http-nio-8082-exec-9] c.s.u.controller.HbUserController        : 访问getInfoById接口
2021-05-04 12:41:12.360  INFO 18340 --- [http-nio-8082-exec-9] c.s.u.controller.HbUserController        : userId1
2021-05-04 12:41:27.834  INFO 18340 --- [http-nio-8082-exec-1] c.s.u.controller.HbUserController        : 访问getInfoById接口
2021-05-04 12:41:27.834  INFO 18340 --- [http-nio-8082-exec-1] c.s.u.controller.HbUserController        : userId1
2021-05-04 12:41:27.851  INFO 18340 --- [http-nio-8082-exec-2] c.s.u.controller.HbUserController        : 访问getInfoById接口
2021-05-04 12:41:27.851  INFO 18340 --- [http-nio-8082-exec-2] c.s.u.controller.HbUserController        : userId1
2021-05-04 12:42:16.077  INFO 18340 --- [http-nio-8082-exec-4] c.s.u.controller.HbUserController        : 访问getInfoById接口
2021-05-04 12:42:16.078  INFO 18340 --- [http-nio-8082-exec-4] c.s.u.controller.HbUserController        : userId1
2021-05-04 12:42:16.133  INFO 18340 --- [http-nio-8082-exec-5] c.s.u.controller.HbUserController        : 访问getInfoById接口
2021-05-04 12:42:16.134  INFO 18340 --- [http-nio-8082-exec-5] c.s.u.controller.HbUserController        : userId1
2021-05-04 12:42:18.219  INFO 18340 --- [http-nio-8082-exec-6] c.s.u.controller.HbUserController        : 访问getInfoById接口
2021-05-04 12:42:18.219  INFO 18340 --- [http-nio-8082-exec-6] c.s.u.controller.HbUserController        : userId1
2021-05-04 12:42:18.282  INFO 18340 --- [http-nio-8082-exec-7] c.s.u.controller.HbUserController        : 访问getInfoById接口
2021-05-04 12:42:18.282  INFO 18340 --- [http-nio-8082-exec-7] c.s.u.controller.HbUserController        : userId1
2021-05-04 12:42:26.699  INFO 18340 --- [http-nio-8082-exec-9] c.s.u.controller.HbUserController        : 访问getInfoById接口
2021-05-04 12:42:26.700  INFO 18340 --- [http-nio-8082-exec-9] c.s.u.controller.HbUserController        : userId1
2021-05-04 12:42:26.708  INFO 18340 --- [http-nio-8082-exec-10] c.s.u.controller.HbUserController        : 访问getInfoById接口
2021-05-04 12:42:26.709  INFO 18340 --- [http-nio-8082-exec-10] c.s.u.controller.HbUserController        : userId1
2021-05-04 12:42:33.750  INFO 18340 --- [http-nio-8082-exec-2] c.s.u.controller.HbUserController        : 访问getInfoById接口
2021-05-04 12:42:33.750  INFO 18340 --- [http-nio-8082-exec-2] c.s.u.controller.HbUserController        : userId1
2021-05-04 12:42:33.764  INFO 18340 --- [http-nio-8082-exec-1] c.s.u.controller.HbUserController        : 访问getInfoById接口
2021-05-04 12:42:33.765  INFO 18340 --- [http-nio-8082-exec-1] c.s.u.controller.HbUserController        : userId1
2021-05-04 12:42:35.827  INFO 18340 --- [http-nio-8082-exec-4] c.s.u.controller.HbUserController        : 访问getInfoById接口
2021-05-04 12:42:35.828  INFO 18340 --- [http-nio-8082-exec-4] c.s.u.controller.HbUserController        : userId1
2021-05-04 12:42:35.850  INFO 18340 --- [http-nio-8082-exec-5] c.s.u.controller.HbUserController        : 访问getInfoById接口
2021-05-04 12:42:35.851  INFO 18340 --- [http-nio-8082-exec-5] c.s.u.controller.HbUserController        : userId1
2021-05-04 12:42:45.420  INFO 18340 --- [http-nio-8082-exec-7] c.s.u.controller.HbUserController        : 访问getInfoById接口
2021-05-04 12:42:45.421  INFO 18340 --- [http-nio-8082-exec-7] c.s.u.controller.HbUserController        : userId1
2021-05-04 12:42:45.815  INFO 18340 --- [http-nio-8082-exec-6] c.s.u.controller.HbUserController        : 访问getInfoById接口
2021-05-04 12:42:45.816  INFO 18340 --- [http-nio-8082-exec-6] c.s.u.controller.HbUserController        : userId1
2021-05-04 12:44:38.480  INFO 18340 --- [http-nio-8082-exec-9] c.s.u.controller.HbUserController        : 访问getInfoById接口
2021-05-04 12:44:38.480  INFO 18340 --- [http-nio-8082-exec-9] c.s.u.controller.HbUserController        : userId1
2021-05-04 12:44:38.491  INFO 18340 --- [http-nio-8082-exec-1] c.s.u.controller.HbUserController        : 访问getInfoById接口
2021-05-04 12:44:38.491  INFO 18340 --- [http-nio-8082-exec-1] c.s.u.controller.HbUserController        : userId1
2021-05-04 12:45:40.585  INFO 18340 --- [http-nio-8082-exec-5] c.s.u.controller.HbUserController        : 访问getInfoById接口
2021-05-04 12:45:40.585  INFO 18340 --- [http-nio-8082-exec-5] c.s.u.controller.HbUserController        : userId1
2021-05-04 12:45:40.628  INFO 18340 --- [http-nio-8082-exec-4] c.s.u.controller.HbUserController        : 访问getInfoById接口
2021-05-04 12:45:40.629  INFO 18340 --- [http-nio-8082-exec-4] c.s.u.controller.HbUserController        : userId1
2021-05-04 12:48:12.822  INFO 18340 --- [http-nio-8082-exec-8] c.s.u.controller.HbUserController        : 访问getInfoById接口
2021-05-04 12:48:12.822  INFO 18340 --- [http-nio-8082-exec-8] c.s.u.controller.HbUserController        : userId1
2021-05-04 12:48:13.146  INFO 18340 --- [http-nio-8082-exec-10] c.s.u.controller.HbUserController        : 访问getInfoById接口
2021-05-04 12:48:13.147  INFO 18340 --- [http-nio-8082-exec-10] c.s.u.controller.HbUserController        : userId1
2021-05-04 12:48:19.176  INFO 18340 --- [http-nio-8082-exec-9] c.s.u.controller.HbUserController        : 访问getInfoById接口
2021-05-04 12:48:19.177  INFO 18340 --- [http-nio-8082-exec-9] c.s.u.controller.HbUserController        : userId1
2021-05-04 12:48:19.186  INFO 18340 --- [http-nio-8082-exec-1] c.s.u.controller.HbUserController        : 访问getInfoById接口
2021-05-04 12:48:19.186  INFO 18340 --- [http-nio-8082-exec-1] c.s.u.controller.HbUserController        : userId1
2021-05-04 12:48:23.861  INFO 18340 --- [http-nio-8082-exec-2] c.s.u.controller.HbUserController        : 访问getInfoById接口
2021-05-04 12:48:23.862  INFO 18340 --- [http-nio-8082-exec-2] c.s.u.controller.HbUserController        : userId1
2021-05-04 12:48:23.893  INFO 18340 --- [http-nio-8082-exec-3] c.s.u.controller.HbUserController        : 访问getInfoById接口
2021-05-04 12:48:23.893  INFO 18340 --- [http-nio-8082-exec-3] c.s.u.controller.HbUserController        : userId1
2021-05-04 12:48:34.032  INFO 18340 --- [http-nio-8082-exec-5] c.s.u.controller.HbUserController        : 访问getInfoById接口
2021-05-04 12:48:34.034  INFO 18340 --- [http-nio-8082-exec-5] c.s.u.controller.HbUserController        : userId1
2021-05-04 12:48:34.056  INFO 18340 --- [http-nio-8082-exec-4] c.s.u.controller.HbUserController        : 访问getInfoById接口
2021-05-04 12:48:34.057  INFO 18340 --- [http-nio-8082-exec-4] c.s.u.controller.HbUserController        : userId1
2021-05-04 12:49:04.426  INFO 18340 --- [http-nio-8082-exec-7] c.s.u.controller.HbUserController        : 访问getInfoById接口
2021-05-04 12:49:04.426  INFO 18340 --- [http-nio-8082-exec-7] c.s.u.controller.HbUserController        : userId1
2021-05-04 12:49:04.442  INFO 18340 --- [http-nio-8082-exec-6] c.s.u.controller.HbUserController        : 访问getInfoById接口
2021-05-04 12:49:04.443  INFO 18340 --- [http-nio-8082-exec-6] c.s.u.controller.HbUserController        : userId1
2021-05-04 12:49:11.911  INFO 18340 --- [http-nio-8082-exec-10] c.s.u.controller.HbUserController        : 访问getInfoById接口
2021-05-04 12:49:11.912  INFO 18340 --- [http-nio-8082-exec-10] c.s.u.controller.HbUserController        : userId1
2021-05-04 12:49:11.948  INFO 18340 --- [http-nio-8082-exec-9] c.s.u.controller.HbUserController        : 访问getInfoById接口
2021-05-04 12:49:11.949  INFO 18340 --- [http-nio-8082-exec-9] c.s.u.controller.HbUserController        : userId1
2021-05-04 12:49:18.363  INFO 18340 --- [http-nio-8082-exec-1] c.s.u.controller.HbUserController        : 访问getInfoById接口
2021-05-04 12:49:18.363  INFO 18340 --- [http-nio-8082-exec-1] c.s.u.controller.HbUserController        : userId1
2021-05-04 12:49:18.377  INFO 18340 --- [http-nio-8082-exec-2] c.s.u.controller.HbUserController        : 访问getInfoById接口
2021-05-04 12:49:18.377  INFO 18340 --- [http-nio-8082-exec-2] c.s.u.controller.HbUserController        : userId1
2021-05-04 12:50:02.920  INFO 18340 --- [http-nio-8082-exec-4] c.s.u.controller.HbUserController        : 访问getInfoById接口
2021-05-04 12:50:02.921  INFO 18340 --- [http-nio-8082-exec-4] c.s.u.controller.HbUserController        : userId1
2021-05-04 12:50:03.530  INFO 18340 --- [http-nio-8082-exec-5] c.s.u.controller.HbUserController        : 访问getInfoById接口
2021-05-04 12:50:03.530  INFO 18340 --- [http-nio-8082-exec-5] c.s.u.controller.HbUserController        : userId1
2021-05-04 12:50:49.001  INFO 18340 --- [http-nio-8082-exec-6] c.s.u.controller.HbUserController        : 访问getInfoById接口
2021-05-04 12:50:49.001  INFO 18340 --- [http-nio-8082-exec-6] c.s.u.controller.HbUserController        : userId1
2021-05-04 12:50:49.006  INFO 18340 --- [http-nio-8082-exec-8] c.s.u.controller.HbUserController        : 访问getInfoById接口
2021-05-04 12:50:49.006  INFO 18340 --- [http-nio-8082-exec-8] c.s.u.controller.HbUserController        : userId1
2021-05-04 12:50:54.630  INFO 18340 --- [http-nio-8082-exec-9] c.s.u.controller.HbUserController        : 访问getInfoById接口
2021-05-04 12:50:54.630  INFO 18340 --- [http-nio-8082-exec-9] c.s.u.controller.HbUserController        : userId1
2021-05-04 12:50:54.633  INFO 18340 --- [http-nio-8082-exec-1] c.s.u.controller.HbUserController        : 访问getInfoById接口
2021-05-04 12:50:54.633  INFO 18340 --- [http-nio-8082-exec-1] c.s.u.controller.HbUserController        : userId1
2021-05-04 12:51:52.974  INFO 18340 --- [http-nio-8082-exec-3] c.s.u.controller.HbUserController        : 访问getInfoById接口
2021-05-04 12:51:52.975  INFO 18340 --- [http-nio-8082-exec-3] c.s.u.controller.HbUserController        : userId1
2021-05-04 12:51:52.977  INFO 18340 --- [http-nio-8082-exec-4] c.s.u.controller.HbUserController        : 访问getInfoById接口
2021-05-04 12:51:52.977  INFO 18340 --- [http-nio-8082-exec-4] c.s.u.controller.HbUserController        : userId1
2021-05-04 12:51:58.518  INFO 18340 --- [http-nio-8082-exec-5] c.s.u.controller.HbUserController        : 访问getInfoById接口
2021-05-04 12:51:58.518  INFO 18340 --- [http-nio-8082-exec-5] c.s.u.controller.HbUserController        : userId1
2021-05-04 12:51:59.008  INFO 18340 --- [http-nio-8082-exec-7] c.s.u.controller.HbUserController        : 访问getInfoById接口
2021-05-04 12:51:59.009  INFO 18340 --- [http-nio-8082-exec-7] c.s.u.controller.HbUserController        : userId1
2021-05-04 12:52:05.177  INFO 18340 --- [http-nio-8082-exec-8] c.s.u.controller.HbUserController        : 访问getInfoById接口
2021-05-04 12:52:05.178  INFO 18340 --- [http-nio-8082-exec-8] c.s.u.controller.HbUserController        : userId1
2021-05-04 12:52:05.200  INFO 18340 --- [http-nio-8082-exec-10] c.s.u.controller.HbUserController        : 访问getInfoById接口
2021-05-04 12:52:05.200  INFO 18340 --- [http-nio-8082-exec-10] c.s.u.controller.HbUserController        : userId1
2021-05-04 12:52:07.819  INFO 18340 --- [http-nio-8082-exec-9] c.s.u.controller.HbUserController        : 访问getInfoById接口
2021-05-04 12:52:07.820  INFO 18340 --- [http-nio-8082-exec-9] c.s.u.controller.HbUserController        : userId1
2021-05-04 12:52:07.830  INFO 18340 --- [http-nio-8082-exec-1] c.s.u.controller.HbUserController        : 访问getInfoById接口
2021-05-04 12:52:07.830  INFO 18340 --- [http-nio-8082-exec-1] c.s.u.controller.HbUserController        : userId1
2021-05-04 12:52:09.271  INFO 18340 --- [http-nio-8082-exec-2] c.s.u.controller.HbUserController        : 访问getInfoById接口
2021-05-04 12:52:09.271  INFO 18340 --- [http-nio-8082-exec-2] c.s.u.controller.HbUserController        : userId1
2021-05-04 12:52:09.289  INFO 18340 --- [http-nio-8082-exec-3] c.s.u.controller.HbUserController        : 访问getInfoById接口
2021-05-04 12:52:09.289  INFO 18340 --- [http-nio-8082-exec-3] c.s.u.controller.HbUserController        : userId1
2021-05-04 12:52:10.807  INFO 18340 --- [http-nio-8082-exec-5] c.s.u.controller.HbUserController        : 访问getInfoById接口
2021-05-04 12:52:10.808  INFO 18340 --- [http-nio-8082-exec-5] c.s.u.controller.HbUserController        : userId1
2021-05-04 12:52:10.828  INFO 18340 --- [http-nio-8082-exec-7] c.s.u.controller.HbUserController        : 访问getInfoById接口
2021-05-04 12:52:10.828  INFO 18340 --- [http-nio-8082-exec-7] c.s.u.controller.HbUserController        : userId1
2021-05-04 12:52:14.699  INFO 18340 --- [http-nio-8082-exec-6] c.s.u.controller.HbUserController        : 访问getInfoById接口
2021-05-04 12:52:14.699  INFO 18340 --- [http-nio-8082-exec-6] c.s.u.controller.HbUserController        : userId1
2021-05-04 12:52:14.718  INFO 18340 --- [http-nio-8082-exec-8] c.s.u.controller.HbUserController        : 访问getInfoById接口
2021-05-04 12:52:14.719  INFO 18340 --- [http-nio-8082-exec-8] c.s.u.controller.HbUserController        : userId1
2021-05-04 12:52:22.451  INFO 18340 --- [http-nio-8082-exec-9] c.s.u.controller.HbUserController        : 访问getInfoById接口
2021-05-04 12:52:22.452  INFO 18340 --- [http-nio-8082-exec-9] c.s.u.controller.HbUserController        : userId1
2021-05-04 12:52:22.484  INFO 18340 --- [http-nio-8082-exec-1] c.s.u.controller.HbUserController        : 访问getInfoById接口
2021-05-04 12:52:22.484  INFO 18340 --- [http-nio-8082-exec-1] c.s.u.controller.HbUserController        : userId1
2021-05-04 12:52:24.428  INFO 18340 --- [http-nio-8082-exec-2] c.s.u.controller.HbUserController        : 访问getInfoById接口
2021-05-04 12:52:24.428  INFO 18340 --- [http-nio-8082-exec-2] c.s.u.controller.HbUserController        : userId1
2021-05-04 12:52:24.448  INFO 18340 --- [http-nio-8082-exec-3] c.s.u.controller.HbUserController        : 访问getInfoById接口
2021-05-04 12:52:24.448  INFO 18340 --- [http-nio-8082-exec-3] c.s.u.controller.HbUserController        : userId1
2021-05-04 12:52:32.090  INFO 18340 --- [http-nio-8082-exec-5] c.s.u.controller.HbUserController        : 访问getInfoById接口
2021-05-04 12:52:32.090  INFO 18340 --- [http-nio-8082-exec-5] c.s.u.controller.HbUserController        : userId1
2021-05-04 12:52:32.491  INFO 18340 --- [http-nio-8082-exec-7] c.s.u.controller.HbUserController        : 访问getInfoById接口
2021-05-04 12:52:32.491  INFO 18340 --- [http-nio-8082-exec-7] c.s.u.controller.HbUserController        : userId1
2021-05-04 12:53:32.824  INFO 18340 --- [http-nio-8082-exec-10] c.s.u.controller.HbUserController        : 访问getInfoById接口
2021-05-04 12:53:32.824  INFO 18340 --- [http-nio-8082-exec-10] c.s.u.controller.HbUserController        : userId1
2021-05-04 12:53:32.830  INFO 18340 --- [http-nio-8082-exec-9] c.s.u.controller.HbUserController        : 访问getInfoById接口
2021-05-04 12:53:32.830  INFO 18340 --- [http-nio-8082-exec-9] c.s.u.controller.HbUserController        : userId1
2021-05-04 12:53:37.528  INFO 18340 --- [http-nio-8082-exec-2] c.s.u.controller.HbUserController        : 访问getInfoById接口
2021-05-04 12:53:37.529  INFO 18340 --- [http-nio-8082-exec-2] c.s.u.controller.HbUserController        : userId1
2021-05-04 12:53:37.908  INFO 18340 --- [http-nio-8082-exec-3] c.s.u.controller.HbUserController        : 访问getInfoById接口
2021-05-04 12:53:37.909  INFO 18340 --- [http-nio-8082-exec-3] c.s.u.controller.HbUserController        : userId1
2021-05-04 12:54:41.230  INFO 18340 --- [http-nio-8082-exec-7] c.s.u.controller.HbUserController        : 访问getInfoById接口
2021-05-04 12:54:41.230  INFO 18340 --- [http-nio-8082-exec-7] c.s.u.controller.HbUserController        : userId1
2021-05-04 12:54:52.318  INFO 18340 --- [http-nio-8082-exec-8] c.s.u.controller.HbUserController        : 访问getInfoById接口
2021-05-04 12:54:52.319  INFO 18340 --- [http-nio-8082-exec-8] c.s.u.controller.HbUserController        : userId1
2021-05-04 12:57:28.737  INFO 18340 --- [http-nio-8082-exec-9] c.s.u.controller.HbUserController        : 访问getInfoById接口
2021-05-04 12:57:28.737  INFO 18340 --- [http-nio-8082-exec-9] c.s.u.controller.HbUserController        : userId1
2021-05-04 12:57:36.969  INFO 18340 --- [http-nio-8082-exec-2] c.s.u.controller.HbUserController        : 访问getInfoById接口
2021-05-04 12:57:36.970  INFO 18340 --- [http-nio-8082-exec-2] c.s.u.controller.HbUserController        : userId1
2021-05-04 12:58:35.209  INFO 18340 --- [http-nio-8082-exec-4] c.s.u.controller.HbUserController        : 访问getInfoById接口
2021-05-04 12:58:35.209  INFO 18340 --- [http-nio-8082-exec-4] c.s.u.controller.HbUserController        : userId1
2021-05-04 12:58:35.424  INFO 18340 --- [http-nio-8082-exec-5] c.s.u.controller.HbUserController        : 访问getInfoById接口
2021-05-04 12:58:35.425  INFO 18340 --- [http-nio-8082-exec-5] c.s.u.controller.HbUserController        : userId1
2021-05-04 12:59:42.004  INFO 18340 --- [http-nio-8082-exec-8] c.s.u.controller.HbUserController        : 访问getInfoById接口
2021-05-04 12:59:42.004  INFO 18340 --- [http-nio-8082-exec-8] c.s.u.controller.HbUserController        : userId1
2021-05-04 12:59:44.368  INFO 18340 --- [http-nio-8082-exec-10] c.s.u.controller.HbUserController        : 访问getInfoById接口
2021-05-04 12:59:44.368  INFO 18340 --- [http-nio-8082-exec-10] c.s.u.controller.HbUserController        : userId1
2021-05-04 12:59:46.893  INFO 18340 --- [http-nio-8082-exec-1] c.s.u.controller.HbUserController        : 访问getInfoById接口
2021-05-04 12:59:46.894  INFO 18340 --- [http-nio-8082-exec-1] c.s.u.controller.HbUserController        : userId1
2021-05-04 12:59:52.937  INFO 18340 --- [http-nio-8082-exec-2] c.s.u.controller.HbUserController        : 访问getInfoById接口
2021-05-04 12:59:52.937  INFO 18340 --- [http-nio-8082-exec-2] c.s.u.controller.HbUserController        : userId1
2021-05-04 12:59:59.923  INFO 18340 --- [http-nio-8082-exec-4] c.s.u.controller.HbUserController        : 访问getInfoById接口
2021-05-04 12:59:59.924  INFO 18340 --- [http-nio-8082-exec-4] c.s.u.controller.HbUserController        : userId1
2021-05-04 13:00:01.523  INFO 18340 --- [http-nio-8082-exec-5] c.s.u.controller.HbUserController        : 访问getInfoById接口
2021-05-04 13:00:01.523  INFO 18340 --- [http-nio-8082-exec-5] c.s.u.controller.HbUserController        : userId1
2021-05-04 13:00:06.484  INFO 18340 --- [http-nio-8082-exec-6] c.s.u.controller.HbUserController        : 访问getInfoById接口
2021-05-04 13:00:06.484  INFO 18340 --- [http-nio-8082-exec-6] c.s.u.controller.HbUserController        : userId1
2021-05-04 13:00:36.431  INFO 18340 --- [http-nio-8082-exec-10] c.s.u.controller.HbUserController        : 访问getInfoById接口
2021-05-04 13:00:36.431  INFO 18340 --- [http-nio-8082-exec-10] c.s.u.controller.HbUserController        : userId1
2021-05-04 13:00:36.696  INFO 18340 --- [http-nio-8082-exec-9] c.s.u.controller.HbUserController        : 访问getInfoById接口
2021-05-04 13:00:36.696  INFO 18340 --- [http-nio-8082-exec-9] c.s.u.controller.HbUserController        : userId1
2021-05-04 13:02:50.016  INFO 18340 --- [http-nio-8082-exec-3] c.s.u.controller.HbUserController        : 访问getInfoById接口
2021-05-04 13:02:50.016  INFO 18340 --- [http-nio-8082-exec-3] c.s.u.controller.HbUserController        : userId1
2021-05-04 13:02:51.150  INFO 18340 --- [http-nio-8082-exec-4] c.s.u.controller.HbUserController        : 访问getInfoById接口
2021-05-04 13:02:51.151  INFO 18340 --- [http-nio-8082-exec-4] c.s.u.controller.HbUserController        : userId1
2021-05-04 13:02:57.150  INFO 18340 --- [http-nio-8082-exec-7] c.s.u.controller.HbUserController        : 访问getInfoById接口
2021-05-04 13:02:57.150  INFO 18340 --- [http-nio-8082-exec-7] c.s.u.controller.HbUserController        : userId1
2021-05-04 13:02:58.105  INFO 18340 --- [http-nio-8082-exec-6] c.s.u.controller.HbUserController        : 访问getInfoById接口
2021-05-04 13:02:58.106  INFO 18340 --- [http-nio-8082-exec-6] c.s.u.controller.HbUserController        : userId1
2021-05-04 13:03:49.079  INFO 18340 --- [http-nio-8082-exec-10] c.s.u.controller.HbUserController        : 访问getInfoById接口
2021-05-04 13:03:49.080  INFO 18340 --- [http-nio-8082-exec-10] c.s.u.controller.HbUserController        : userId1
2021-05-04 13:03:49.173  INFO 18340 --- [http-nio-8082-exec-9] c.s.u.controller.HbUserController        : 访问getInfoById接口
2021-05-04 13:03:49.173  INFO 18340 --- [http-nio-8082-exec-9] c.s.u.controller.HbUserController        : userId1
2021-05-04 13:03:49.375  INFO 18340 --- [http-nio-8082-exec-1] c.s.u.controller.HbUserController        : 访问getInfoById接口
2021-05-04 13:03:49.375  INFO 18340 --- [http-nio-8082-exec-1] c.s.u.controller.HbUserController        : userId1
2021-05-04 13:03:56.667  INFO 18340 --- [http-nio-8082-exec-3] c.s.u.controller.HbUserController        : 访问getInfoById接口
2021-05-04 13:03:56.668  INFO 18340 --- [http-nio-8082-exec-3] c.s.u.controller.HbUserController        : userId1
2021-05-04 13:04:06.698  INFO 18340 --- [http-nio-8082-exec-4] c.s.u.controller.HbUserController        : 访问getInfoById接口
2021-05-04 13:04:06.698  INFO 18340 --- [http-nio-8082-exec-4] c.s.u.controller.HbUserController        : userId1
2021-05-04 13:04:06.764  INFO 18340 --- [http-nio-8082-exec-5] c.s.u.controller.HbUserController        : 访问getInfoById接口
2021-05-04 13:04:06.764  INFO 18340 --- [http-nio-8082-exec-5] c.s.u.controller.HbUserController        : userId1
2021-05-04 13:07:23.715  INFO 18340 --- [http-nio-8082-exec-8] c.s.u.controller.HbUserController        : 访问getInfoById接口
2021-05-04 13:07:23.715  INFO 18340 --- [http-nio-8082-exec-8] c.s.u.controller.HbUserController        : userId1
2021-05-04 13:07:24.093  INFO 18340 --- [http-nio-8082-exec-10] c.s.u.controller.HbUserController        : 访问getInfoById接口
2021-05-04 13:07:24.094  INFO 18340 --- [http-nio-8082-exec-10] c.s.u.controller.HbUserController        : userId1
2021-05-04 13:07:26.599  INFO 18340 --- [http-nio-8082-exec-1] c.s.u.controller.HbUserController        : 访问getInfoById接口
2021-05-04 13:07:26.599  INFO 18340 --- [http-nio-8082-exec-1] c.s.u.controller.HbUserController        : userId1
2021-05-04 13:07:26.655  INFO 18340 --- [http-nio-8082-exec-2] c.s.u.controller.HbUserController        : 访问getInfoById接口
2021-05-04 13:07:26.656  INFO 18340 --- [http-nio-8082-exec-2] c.s.u.controller.HbUserController        : userId1
2021-05-04 13:07:30.171  INFO 18340 --- [http-nio-8082-exec-3] c.s.u.controller.HbUserController        : 访问getInfoById接口
2021-05-04 13:07:30.171  INFO 18340 --- [http-nio-8082-exec-3] c.s.u.controller.HbUserController        : userId1
2021-05-04 13:07:30.179  INFO 18340 --- [http-nio-8082-exec-4] c.s.u.controller.HbUserController        : 访问getInfoById接口
2021-05-04 13:07:30.179  INFO 18340 --- [http-nio-8082-exec-4] c.s.u.controller.HbUserController        : userId1
2021-05-04 13:07:32.110  INFO 18340 --- [http-nio-8082-exec-5] c.s.u.controller.HbUserController        : 访问getInfoById接口
2021-05-04 13:07:32.110  INFO 18340 --- [http-nio-8082-exec-5] c.s.u.controller.HbUserController        : userId1
2021-05-04 13:07:32.160  INFO 18340 --- [http-nio-8082-exec-7] c.s.u.controller.HbUserController        : 访问getInfoById接口
2021-05-04 13:07:32.161  INFO 18340 --- [http-nio-8082-exec-7] c.s.u.controller.HbUserController        : userId1
2021-05-04 13:07:33.755  INFO 18340 --- [http-nio-8082-exec-6] c.s.u.controller.HbUserController        : 访问getInfoById接口
2021-05-04 13:07:33.755  INFO 18340 --- [http-nio-8082-exec-6] c.s.u.controller.HbUserController        : userId1
2021-05-04 13:07:33.762  INFO 18340 --- [http-nio-8082-exec-8] c.s.u.controller.HbUserController        : 访问getInfoById接口
2021-05-04 13:07:33.762  INFO 18340 --- [http-nio-8082-exec-8] c.s.u.controller.HbUserController        : userId1
2021-05-04 13:07:36.112  INFO 18340 --- [http-nio-8082-exec-10] c.s.u.controller.HbUserController        : 访问getInfoById接口
2021-05-04 13:07:36.112  INFO 18340 --- [http-nio-8082-exec-10] c.s.u.controller.HbUserController        : userId1
2021-05-04 13:07:36.190  INFO 18340 --- [http-nio-8082-exec-9] c.s.u.controller.HbUserController        : 访问getInfoById接口
2021-05-04 13:07:36.190  INFO 18340 --- [http-nio-8082-exec-9] c.s.u.controller.HbUserController        : userId1
2021-05-04 13:07:42.231  INFO 18340 --- [http-nio-8082-exec-2] c.s.u.controller.HbUserController        : 访问getInfoById接口
2021-05-04 13:07:42.231  INFO 18340 --- [http-nio-8082-exec-2] c.s.u.controller.HbUserController        : userId1
2021-05-04 13:07:42.242  INFO 18340 --- [http-nio-8082-exec-3] c.s.u.controller.HbUserController        : 访问getInfoById接口
2021-05-04 13:07:42.242  INFO 18340 --- [http-nio-8082-exec-3] c.s.u.controller.HbUserController        : userId1
2021-05-04 13:07:55.542  INFO 18340 --- [http-nio-8082-exec-5] c.s.u.controller.HbUserController        : 访问getInfoById接口
2021-05-04 13:07:55.542  INFO 18340 --- [http-nio-8082-exec-5] c.s.u.controller.HbUserController        : userId1
2021-05-04 13:07:55.553  INFO 18340 --- [http-nio-8082-exec-7] c.s.u.controller.HbUserController        : 访问getInfoById接口
2021-05-04 13:07:55.553  INFO 18340 --- [http-nio-8082-exec-7] c.s.u.controller.HbUserController        : userId1
2021-05-04 13:08:00.166  INFO 18340 --- [http-nio-8082-exec-6] c.s.u.controller.HbUserController        : 访问getInfoById接口
2021-05-04 13:08:00.167  INFO 18340 --- [http-nio-8082-exec-6] c.s.u.controller.HbUserController        : userId1
2021-05-04 13:08:00.451  INFO 18340 --- [http-nio-8082-exec-10] c.s.u.controller.HbUserController        : 访问getInfoById接口
2021-05-04 13:08:00.451  INFO 18340 --- [http-nio-8082-exec-10] c.s.u.controller.HbUserController        : userId1
2021-05-04 13:08:01.371  INFO 18340 --- [http-nio-8082-exec-9] c.s.u.controller.HbUserController        : 访问getInfoById接口
2021-05-04 13:08:01.372  INFO 18340 --- [http-nio-8082-exec-9] c.s.u.controller.HbUserController        : userId1
2021-05-04 13:08:01.388  INFO 18340 --- [http-nio-8082-exec-1] c.s.u.controller.HbUserController        : 访问getInfoById接口
2021-05-04 13:08:01.388  INFO 18340 --- [http-nio-8082-exec-1] c.s.u.controller.HbUserController        : userId1
2021-05-04 13:08:07.439  INFO 18340 --- [http-nio-8082-exec-3] c.s.u.controller.HbUserController        : 访问getInfoById接口
2021-05-04 13:08:07.440  INFO 18340 --- [http-nio-8082-exec-3] c.s.u.controller.HbUserController        : userId1
2021-05-04 13:08:07.465  INFO 18340 --- [http-nio-8082-exec-4] c.s.u.controller.HbUserController        : 访问getInfoById接口
2021-05-04 13:08:07.465  INFO 18340 --- [http-nio-8082-exec-4] c.s.u.controller.HbUserController        : userId1
2021-05-04 13:08:10.687  INFO 18340 --- [http-nio-8082-exec-5] c.s.u.controller.HbUserController        : 访问getInfoById接口
2021-05-04 13:08:10.688  INFO 18340 --- [http-nio-8082-exec-5] c.s.u.controller.HbUserController        : userId1
2021-05-04 13:08:10.712  INFO 18340 --- [http-nio-8082-exec-7] c.s.u.controller.HbUserController        : 访问getInfoById接口
2021-05-04 13:08:10.713  INFO 18340 --- [http-nio-8082-exec-7] c.s.u.controller.HbUserController        : userId1
2021-05-04 13:08:57.394  INFO 18340 --- [http-nio-8082-exec-6] c.s.u.controller.HbUserController        : 访问getInfoById接口
2021-05-04 13:08:57.395  INFO 18340 --- [http-nio-8082-exec-6] c.s.u.controller.HbUserController        : userId1
2021-05-04 13:08:57.404  INFO 18340 --- [http-nio-8082-exec-10] c.s.u.controller.HbUserController        : 访问getInfoById接口
2021-05-04 13:08:57.404  INFO 18340 --- [http-nio-8082-exec-10] c.s.u.controller.HbUserController        : userId1
2021-05-04 13:09:00.366  INFO 18340 --- [http-nio-8082-exec-9] c.s.u.controller.HbUserController        : 访问getInfoById接口
2021-05-04 13:09:00.367  INFO 18340 --- [http-nio-8082-exec-9] c.s.u.controller.HbUserController        : userId1
2021-05-04 13:09:00.393  INFO 18340 --- [http-nio-8082-exec-1] c.s.u.controller.HbUserController        : 访问getInfoById接口
2021-05-04 13:09:00.394  INFO 18340 --- [http-nio-8082-exec-1] c.s.u.controller.HbUserController        : userId1
2021-05-04 13:09:01.514  INFO 18340 --- [http-nio-8082-exec-2] c.s.u.controller.HbUserController        : 访问getInfoById接口
2021-05-04 13:09:01.514  INFO 18340 --- [http-nio-8082-exec-2] c.s.u.controller.HbUserController        : userId1
2021-05-04 13:09:01.519  INFO 18340 --- [http-nio-8082-exec-3] c.s.u.controller.HbUserController        : 访问getInfoById接口
2021-05-04 13:09:01.519  INFO 18340 --- [http-nio-8082-exec-3] c.s.u.controller.HbUserController        : userId1
2021-05-04 13:09:05.159  INFO 18340 --- [http-nio-8082-exec-4] c.s.u.controller.HbUserController        : 访问getInfoById接口
2021-05-04 13:09:05.159  INFO 18340 --- [http-nio-8082-exec-4] c.s.u.controller.HbUserController        : userId1
2021-05-04 13:09:05.178  INFO 18340 --- [http-nio-8082-exec-5] c.s.u.controller.HbUserController        : 访问getInfoById接口
2021-05-04 13:09:05.178  INFO 18340 --- [http-nio-8082-exec-5] c.s.u.controller.HbUserController        : userId1
2021-05-04 13:09:06.625  INFO 18340 --- [http-nio-8082-exec-7] c.s.u.controller.HbUserController        : 访问getInfoById接口
2021-05-04 13:09:06.625  INFO 18340 --- [http-nio-8082-exec-7] c.s.u.controller.HbUserController        : userId1
2021-05-04 13:09:06.635  INFO 18340 --- [http-nio-8082-exec-8] c.s.u.controller.HbUserController        : 访问getInfoById接口
2021-05-04 13:09:06.635  INFO 18340 --- [http-nio-8082-exec-8] c.s.u.controller.HbUserController        : userId1
2021-05-04 13:09:14.312  INFO 18340 --- [http-nio-8082-exec-10] c.s.u.controller.HbUserController        : 访问getInfoById接口
2021-05-04 13:09:14.313  INFO 18340 --- [http-nio-8082-exec-10] c.s.u.controller.HbUserController        : userId1
2021-05-04 13:09:14.657  INFO 18340 --- [http-nio-8082-exec-9] c.s.u.controller.HbUserController        : 访问getInfoById接口
2021-05-04 13:09:14.657  INFO 18340 --- [http-nio-8082-exec-9] c.s.u.controller.HbUserController        : userId1
2021-05-04 13:09:18.264  INFO 18340 --- [http-nio-8082-exec-1] c.s.u.controller.HbUserController        : 访问getInfoById接口
2021-05-04 13:09:18.264  INFO 18340 --- [http-nio-8082-exec-1] c.s.u.controller.HbUserController        : userId1
2021-05-04 13:09:18.276  INFO 18340 --- [http-nio-8082-exec-2] c.s.u.controller.HbUserController        : 访问getInfoById接口
2021-05-04 13:09:18.277  INFO 18340 --- [http-nio-8082-exec-2] c.s.u.controller.HbUserController        : userId1
2021-05-04 13:09:47.079  INFO 18340 --- [http-nio-8082-exec-4] c.s.u.controller.HbUserController        : 访问getInfoById接口
2021-05-04 13:09:47.079  INFO 18340 --- [http-nio-8082-exec-4] c.s.u.controller.HbUserController        : userId1
2021-05-04 13:09:47.390  INFO 18340 --- [http-nio-8082-exec-5] c.s.u.controller.HbUserController        : 访问getInfoById接口
2021-05-04 13:09:47.391  INFO 18340 --- [http-nio-8082-exec-5] c.s.u.controller.HbUserController        : userId1
2021-05-04 13:09:52.091  INFO 18340 --- [http-nio-8082-exec-7] c.s.u.controller.HbUserController        : 访问getInfoById接口
2021-05-04 13:09:52.091  INFO 18340 --- [http-nio-8082-exec-7] c.s.u.controller.HbUserController        : userId1
2021-05-04 13:09:52.112  INFO 18340 --- [http-nio-8082-exec-8] c.s.u.controller.HbUserController        : 访问getInfoById接口
2021-05-04 13:09:52.112  INFO 18340 --- [http-nio-8082-exec-8] c.s.u.controller.HbUserController        : userId1
2021-05-04 13:09:55.154  INFO 18340 --- [http-nio-8082-exec-6] c.s.u.controller.HbUserController        : 访问getInfoById接口
2021-05-04 13:09:55.155  INFO 18340 --- [http-nio-8082-exec-6] c.s.u.controller.HbUserController        : userId1
2021-05-04 13:09:55.168  INFO 18340 --- [http-nio-8082-exec-10] c.s.u.controller.HbUserController        : 访问getInfoById接口
2021-05-04 13:09:55.168  INFO 18340 --- [http-nio-8082-exec-10] c.s.u.controller.HbUserController        : userId1
2021-05-04 13:10:00.171  INFO 18340 --- [http-nio-8082-exec-2] c.s.u.controller.HbUserController        : 访问getInfoById接口
2021-05-04 13:10:00.172  INFO 18340 --- [http-nio-8082-exec-2] c.s.u.controller.HbUserController        : userId1
2021-05-04 13:10:00.186  INFO 18340 --- [http-nio-8082-exec-1] c.s.u.controller.HbUserController        : 访问getInfoById接口
2021-05-04 13:10:00.186  INFO 18340 --- [http-nio-8082-exec-1] c.s.u.controller.HbUserController        : userId1
2021-05-04 13:10:28.939  INFO 18340 --- [http-nio-8082-exec-4] c.s.u.controller.HbUserController        : 访问getInfoById接口
2021-05-04 13:10:28.939  INFO 18340 --- [http-nio-8082-exec-4] c.s.u.controller.HbUserController        : userId1
2021-05-04 13:11:37.046  INFO 18340 --- [http-nio-8082-exec-7] c.s.u.controller.HbUserController        : 访问getInfoById接口
2021-05-04 13:11:37.046  INFO 18340 --- [http-nio-8082-exec-7] c.s.u.controller.HbUserController        : userId1
2021-05-04 13:11:37.050  INFO 18340 --- [http-nio-8082-exec-8] c.s.u.controller.HbUserController        : 访问getInfoById接口
2021-05-04 13:11:37.051  INFO 18340 --- [http-nio-8082-exec-8] c.s.u.controller.HbUserController        : userId1
2021-05-04 13:17:12.520  INFO 18340 --- [http-nio-8082-exec-9] c.s.u.controller.HbUserController        : 访问getInfoById接口
2021-05-04 13:17:12.521  INFO 18340 --- [http-nio-8082-exec-9] c.s.u.controller.HbUserController        : userId1
2021-05-04 13:18:53.369  INFO 18340 --- [http-nio-8082-exec-1] c.s.u.controller.HbUserController        : 访问getInfoById接口
2021-05-04 13:18:53.370  INFO 18340 --- [http-nio-8082-exec-1] c.s.u.controller.HbUserController        : userId1
2021-05-04 13:18:55.824  INFO 18340 --- [http-nio-8082-exec-3] c.s.u.controller.HbUserController        : 访问getInfoById接口
2021-05-04 13:18:55.832  INFO 18340 --- [http-nio-8082-exec-3] c.s.u.controller.HbUserController        : userId1
2021-05-04 13:18:57.570  INFO 18340 --- [http-nio-8082-exec-4] c.s.u.controller.HbUserController        : 访问getInfoById接口
2021-05-04 13:18:57.570  INFO 18340 --- [http-nio-8082-exec-4] c.s.u.controller.HbUserController        : userId1
2021-05-04 13:18:58.472  INFO 18340 --- [http-nio-8082-exec-5] c.s.u.controller.HbUserController        : 访问getInfoById接口
2021-05-04 13:18:58.473  INFO 18340 --- [http-nio-8082-exec-5] c.s.u.controller.HbUserController        : userId1
2021-05-04 13:19:05.468  INFO 18340 --- [http-nio-8082-exec-7] c.s.u.controller.HbUserController        : 访问getInfoById接口
2021-05-04 13:19:05.469  INFO 18340 --- [http-nio-8082-exec-7] c.s.u.controller.HbUserController        : userId1
2021-05-04 13:19:10.881  INFO 18340 --- [http-nio-8082-exec-8] c.s.u.controller.HbUserController        : 访问getInfoById接口
2021-05-04 13:19:10.881  INFO 18340 --- [http-nio-8082-exec-8] c.s.u.controller.HbUserController        : userId1
2021-05-04 13:20:09.863  INFO 18340 --- [http-nio-8082-exec-6] c.s.u.controller.HbUserController        : 访问getInfoById接口
2021-05-04 13:20:09.863  INFO 18340 --- [http-nio-8082-exec-6] c.s.u.controller.HbUserController        : userId1
2021-05-04 13:20:18.992  INFO 18340 --- [http-nio-8082-exec-10] c.s.u.controller.HbUserController        : 访问getInfoById接口
2021-05-04 13:20:18.993  INFO 18340 --- [http-nio-8082-exec-10] c.s.u.controller.HbUserController        : userId1
2021-05-04 13:20:52.136  INFO 18340 --- [http-nio-8082-exec-9] c.s.u.controller.HbUserController        : 访问getInfoById接口
2021-05-04 13:20:52.136  INFO 18340 --- [http-nio-8082-exec-9] c.s.u.controller.HbUserController        : userId1
2021-05-04 13:20:54.201  INFO 18340 --- [http-nio-8082-exec-2] c.s.u.controller.HbUserController        : 访问getInfoById接口
2021-05-04 13:20:54.201  INFO 18340 --- [http-nio-8082-exec-2] c.s.u.controller.HbUserController        : userId1
2021-05-04 13:20:57.971  INFO 18340 --- [http-nio-8082-exec-1] c.s.u.controller.HbUserController        : 访问getInfoById接口
2021-05-04 13:20:57.971  INFO 18340 --- [http-nio-8082-exec-1] c.s.u.controller.HbUserController        : userId1
2021-05-04 13:21:00.961  INFO 18340 --- [http-nio-8082-exec-3] c.s.u.controller.HbUserController        : 访问getInfoById接口
2021-05-04 13:21:00.962  INFO 18340 --- [http-nio-8082-exec-3] c.s.u.controller.HbUserController        : userId1
2021-05-04 13:21:02.904  INFO 18340 --- [http-nio-8082-exec-4] c.s.u.controller.HbUserController        : 访问getInfoById接口
2021-05-04 13:21:02.904  INFO 18340 --- [http-nio-8082-exec-4] c.s.u.controller.HbUserController        : userId1
2021-05-04 13:22:22.694  INFO 18340 --- [http-nio-8082-exec-7] c.s.u.controller.HbUserController        : 访问getInfoById接口
2021-05-04 13:22:22.694  INFO 18340 --- [http-nio-8082-exec-7] c.s.u.controller.HbUserController        : userId1
2021-05-04 13:22:26.053  INFO 18340 --- [http-nio-8082-exec-8] c.s.u.controller.HbUserController        : 访问getInfoById接口
2021-05-04 13:22:26.053  INFO 18340 --- [http-nio-8082-exec-8] c.s.u.controller.HbUserController        : userId1
2021-05-04 13:22:49.096  INFO 18340 --- [http-nio-8082-exec-6] c.s.u.controller.HbUserController        : 访问getInfoById接口
2021-05-04 13:22:49.097  INFO 18340 --- [http-nio-8082-exec-6] c.s.u.controller.HbUserController        : userId1
2021-05-04 13:22:50.731  INFO 18340 --- [http-nio-8082-exec-10] c.s.u.controller.HbUserController        : 访问getInfoById接口
2021-05-04 13:22:50.731  INFO 18340 --- [http-nio-8082-exec-10] c.s.u.controller.HbUserController        : userId1
2021-05-04 13:22:52.784  INFO 18340 --- [http-nio-8082-exec-9] c.s.u.controller.HbUserController        : 访问getInfoById接口
2021-05-04 13:22:52.785  INFO 18340 --- [http-nio-8082-exec-9] c.s.u.controller.HbUserController        : userId1
2021-05-04 13:23:57.608  INFO 18340 --- [http-nio-8082-exec-1] c.s.u.controller.HbUserController        : 访问getInfoById接口
2021-05-04 13:23:57.609  INFO 18340 --- [http-nio-8082-exec-1] c.s.u.controller.HbUserController        : userId1
2021-05-04 13:23:58.735  INFO 18340 --- [http-nio-8082-exec-3] c.s.u.controller.HbUserController        : 访问getInfoById接口
2021-05-04 13:23:58.735  INFO 18340 --- [http-nio-8082-exec-3] c.s.u.controller.HbUserController        : userId1
2021-05-04 13:32:12.712  INFO 18340 --- [http-nio-8082-exec-5] c.s.u.controller.HbUserController        : 访问getInfoById接口
2021-05-04 13:32:12.712  INFO 18340 --- [http-nio-8082-exec-5] c.s.u.controller.HbUserController        : userId1
2021-05-04 13:32:18.955  INFO 18340 --- [http-nio-8082-exec-7] c.s.u.controller.HbUserController        : 访问getInfoById接口
2021-05-04 13:32:18.955  INFO 18340 --- [http-nio-8082-exec-7] c.s.u.controller.HbUserController        : userId1
2021-05-04 13:32:21.442  INFO 18340 --- [http-nio-8082-exec-8] c.s.u.controller.HbUserController        : 访问getInfoById接口
2021-05-04 13:32:21.442  INFO 18340 --- [http-nio-8082-exec-8] c.s.u.controller.HbUserController        : userId1
2021-05-04 13:33:35.465  INFO 18340 --- [http-nio-8082-exec-9] c.s.u.controller.HbUserController        : 访问getInfoById接口
2021-05-04 13:33:35.466  INFO 18340 --- [http-nio-8082-exec-9] c.s.u.controller.HbUserController        : userId1
2021-05-04 13:33:59.233  INFO 18340 --- [http-nio-8082-exec-2] c.s.u.controller.HbUserController        : 访问getInfoById接口
2021-05-04 13:33:59.233  INFO 18340 --- [http-nio-8082-exec-2] c.s.u.controller.HbUserController        : userId1
2021-05-04 13:34:02.694  INFO 18340 --- [http-nio-8082-exec-1] c.s.u.controller.HbUserController        : 访问getInfoById接口
2021-05-04 13:34:02.694  INFO 18340 --- [http-nio-8082-exec-1] c.s.u.controller.HbUserController        : userId1
2021-05-04 13:34:10.084  INFO 18340 --- [http-nio-8082-exec-3] c.s.u.controller.HbUserController        : 访问getInfoById接口
2021-05-04 13:34:10.084  INFO 18340 --- [http-nio-8082-exec-3] c.s.u.controller.HbUserController        : userId1
2021-05-04 13:34:15.634  INFO 18340 --- [http-nio-8082-exec-4] c.s.u.controller.HbUserController        : 访问getInfoById接口
2021-05-04 13:34:15.635  INFO 18340 --- [http-nio-8082-exec-4] c.s.u.controller.HbUserController        : userId1
2021-05-04 13:34:29.554  INFO 18340 --- [http-nio-8082-exec-5] c.s.u.controller.HbUserController        : 访问getInfoById接口
2021-05-04 13:34:29.554  INFO 18340 --- [http-nio-8082-exec-5] c.s.u.controller.HbUserController        : userId1
2021-05-04 13:36:43.761  INFO 18340 --- [http-nio-8082-exec-8] c.s.u.controller.HbUserController        : 访问getInfoById接口
2021-05-04 13:36:43.761  INFO 18340 --- [http-nio-8082-exec-8] c.s.u.controller.HbUserController        : userId1
2021-05-04 13:36:52.096  INFO 18340 --- [http-nio-8082-exec-10] c.s.u.controller.HbUserController        : 访问getInfoById接口
2021-05-04 13:36:52.096  INFO 18340 --- [http-nio-8082-exec-10] c.s.u.controller.HbUserController        : userId1
2021-05-04 13:36:55.171  INFO 18340 --- [http-nio-8082-exec-9] c.s.u.controller.HbUserController        : 访问getInfoById接口
2021-05-04 13:36:55.172  INFO 18340 --- [http-nio-8082-exec-9] c.s.u.controller.HbUserController        : userId1
2021-05-04 13:36:59.984  INFO 18340 --- [http-nio-8082-exec-2] c.s.u.controller.HbUserController        : 访问getInfoById接口
2021-05-04 13:36:59.985  INFO 18340 --- [http-nio-8082-exec-2] c.s.u.controller.HbUserController        : userId1
2021-05-04 13:37:06.625  INFO 18340 --- [http-nio-8082-exec-3] c.s.u.controller.HbUserController        : 访问getInfoById接口
2021-05-04 13:37:06.625  INFO 18340 --- [http-nio-8082-exec-3] c.s.u.controller.HbUserController        : userId1
2021-05-04 13:39:17.567  INFO 18340 --- [http-nio-8082-exec-5] c.s.u.controller.HbUserController        : 访问getInfoById接口
2021-05-04 13:39:17.567  INFO 18340 --- [http-nio-8082-exec-5] c.s.u.controller.HbUserController        : userId1
2021-05-04 13:39:20.376  INFO 18340 --- [http-nio-8082-exec-7] c.s.u.controller.HbUserController        : 访问getInfoById接口
2021-05-04 13:39:20.376  INFO 18340 --- [http-nio-8082-exec-7] c.s.u.controller.HbUserController        : userId1
2021-05-04 13:39:21.699  INFO 18340 --- [http-nio-8082-exec-8] c.s.u.controller.HbUserController        : 访问getInfoById接口
2021-05-04 13:39:21.699  INFO 18340 --- [http-nio-8082-exec-8] c.s.u.controller.HbUserController        : userId1
2021-05-04 13:39:24.037  INFO 18340 --- [http-nio-8082-exec-6] c.s.u.controller.HbUserController        : 访问getInfoById接口
2021-05-04 13:39:24.037  INFO 18340 --- [http-nio-8082-exec-6] c.s.u.controller.HbUserController        : userId1
2021-05-04 13:39:26.802  INFO 18340 --- [http-nio-8082-exec-9] c.s.u.controller.HbUserController        : 访问getInfoById接口
2021-05-04 13:39:26.802  INFO 18340 --- [http-nio-8082-exec-9] c.s.u.controller.HbUserController        : userId1
2021-05-04 13:39:41.046  INFO 18340 --- [http-nio-8082-exec-1] c.s.u.controller.HbUserController        : 访问getInfoById接口
2021-05-04 13:39:41.047  INFO 18340 --- [http-nio-8082-exec-1] c.s.u.controller.HbUserController        : userId1
2021-05-04 13:40:14.352  INFO 18340 --- [http-nio-8082-exec-4] c.s.u.controller.HbUserController        : 访问getInfoById接口
2021-05-04 13:40:14.354  INFO 18340 --- [http-nio-8082-exec-4] c.s.u.controller.HbUserController        : userId1
2021-05-04 13:40:15.440  INFO 18340 --- [http-nio-8082-exec-5] c.s.u.controller.HbUserController        : 访问getInfoById接口
2021-05-04 13:40:15.440  INFO 18340 --- [http-nio-8082-exec-5] c.s.u.controller.HbUserController        : userId1
2021-05-04 13:40:46.979  INFO 18340 --- [http-nio-8082-exec-8] c.s.u.controller.HbUserController        : 访问getInfoById接口
2021-05-04 13:40:46.979  INFO 18340 --- [http-nio-8082-exec-8] c.s.u.controller.HbUserController        : userId1
2021-05-04 13:41:03.487  INFO 18340 --- [http-nio-8082-exec-10] c.s.u.controller.HbUserController        : 访问getInfoById接口
2021-05-04 13:41:03.487  INFO 18340 --- [http-nio-8082-exec-10] c.s.u.controller.HbUserController        : userId1
2021-05-04 13:41:53.725  INFO 18340 --- [http-nio-8082-exec-2] c.s.u.controller.HbUserController        : 访问getInfoById接口
2021-05-04 13:41:53.725  INFO 18340 --- [http-nio-8082-exec-2] c.s.u.controller.HbUserController        : userId1
2021-05-04 13:42:34.258  INFO 18340 --- [http-nio-8082-exec-3] c.s.u.controller.HbUserController        : 访问getInfoById接口
2021-05-04 13:42:34.258  INFO 18340 --- [http-nio-8082-exec-3] c.s.u.controller.HbUserController        : userId1
2021-05-04 13:43:01.341  INFO 18340 --- [http-nio-8082-exec-5] c.s.u.controller.HbUserController        : 访问getInfoById接口
2021-05-04 13:43:01.341  INFO 18340 --- [http-nio-8082-exec-5] c.s.u.controller.HbUserController        : userId1
2021-05-04 13:43:01.406  INFO 18340 --- [http-nio-8082-exec-7] c.s.u.controller.HbUserController        : 访问getInfoById接口
2021-05-04 13:43:01.407  INFO 18340 --- [http-nio-8082-exec-7] c.s.u.controller.HbUserController        : userId1
2021-05-04 19:08:06.322  WARN 18340 --- [HikariPool-1 housekeeper] com.zaxxer.hikari.pool.HikariPool        : HikariPool-1 - Thread starvation or clock leap detected (housekeeper delta=2h42m57s767ms632µs200ns).
2021-05-04 21:35:40.263  WARN 18340 --- [HikariPool-1 housekeeper] com.zaxxer.hikari.pool.HikariPool        : HikariPool-1 - Thread starvation or clock leap detected (housekeeper delta=49m32s562ms136µs700ns).
