2021-04-08 11:22:46.428  INFO 18360 --- [main] trationDelegate$BeanPostProcessorChecker : Bean 'org.springframework.cloud.autoconfigure.ConfigurationPropertiesRebinderAutoConfiguration' of type [org.springframework.cloud.autoconfigure.ConfigurationPropertiesRebinderAutoConfiguration] is not eligible for getting processed by all BeanPostProcessors (for example: not eligible for auto-proxying)
2021-04-08 11:22:48.094  INFO 18360 --- [main] c.soft.usercenter.UserCenterApplication  : No active profile set, falling back to default profiles: default
2021-04-08 11:22:50.364  INFO 18360 --- [main] .s.d.r.c.RepositoryConfigurationDelegate : Multiple Spring Data modules found, entering strict repository configuration mode!
2021-04-08 11:22:50.364  INFO 18360 --- [main] .s.d.r.c.RepositoryConfigurationDelegate : Bootstrapping Spring Data JPA repositories in DEFERRED mode.
2021-04-08 11:22:50.609  INFO 18360 --- [main] .s.d.r.c.RepositoryConfigurationDelegate : Finished Spring Data repository scanning in 221ms. Found 5 JPA repository interfaces.
2021-04-08 11:22:50.645  INFO 18360 --- [main] .s.d.r.c.RepositoryConfigurationDelegate : Multiple Spring Data modules found, entering strict repository configuration mode!
2021-04-08 11:22:50.646  INFO 18360 --- [main] .s.d.r.c.RepositoryConfigurationDelegate : Bootstrapping Spring Data Redis repositories in DEFAULT mode.
2021-04-08 11:22:50.678  INFO 18360 --- [main] .RepositoryConfigurationExtensionSupport : Spring Data Redis - Could not safely identify store assignment for repository candidate interface com.soft.usercenter.repository.HbCommentRepository. If you want this repository to be a Redis repository, consider annotating your entities with one of these annotations: org.springframework.data.redis.core.RedisHash (preferred), or consider extending one of the following types with your repository: org.springframework.data.keyvalue.repository.KeyValueRepository.
2021-04-08 11:22:50.679  INFO 18360 --- [main] .RepositoryConfigurationExtensionSupport : Spring Data Redis - Could not safely identify store assignment for repository candidate interface com.soft.usercenter.repository.HbGoodRepository. If you want this repository to be a Redis repository, consider annotating your entities with one of these annotations: org.springframework.data.redis.core.RedisHash (preferred), or consider extending one of the following types with your repository: org.springframework.data.keyvalue.repository.KeyValueRepository.
2021-04-08 11:22:50.679  INFO 18360 --- [main] .RepositoryConfigurationExtensionSupport : Spring Data Redis - Could not safely identify store assignment for repository candidate interface com.soft.usercenter.repository.HbOrderRepository. If you want this repository to be a Redis repository, consider annotating your entities with one of these annotations: org.springframework.data.redis.core.RedisHash (preferred), or consider extending one of the following types with your repository: org.springframework.data.keyvalue.repository.KeyValueRepository.
2021-04-08 11:22:50.680  INFO 18360 --- [main] .RepositoryConfigurationExtensionSupport : Spring Data Redis - Could not safely identify store assignment for repository candidate interface com.soft.usercenter.repository.HbStrategyRepository. If you want this repository to be a Redis repository, consider annotating your entities with one of these annotations: org.springframework.data.redis.core.RedisHash (preferred), or consider extending one of the following types with your repository: org.springframework.data.keyvalue.repository.KeyValueRepository.
2021-04-08 11:22:50.680  INFO 18360 --- [main] .RepositoryConfigurationExtensionSupport : Spring Data Redis - Could not safely identify store assignment for repository candidate interface com.soft.usercenter.repository.HbUserRepository. If you want this repository to be a Redis repository, consider annotating your entities with one of these annotations: org.springframework.data.redis.core.RedisHash (preferred), or consider extending one of the following types with your repository: org.springframework.data.keyvalue.repository.KeyValueRepository.
2021-04-08 11:22:50.680  INFO 18360 --- [main] .s.d.r.c.RepositoryConfigurationDelegate : Finished Spring Data repository scanning in 23ms. Found 0 Redis repository interfaces.
2021-04-08 11:22:50.999  INFO 18360 --- [main] o.s.cloud.context.scope.GenericScope     : BeanFactory id=9913dd3c-5bfb-3d0c-b1ed-81b6501ad54b
2021-04-08 11:22:51.178  INFO 18360 --- [main] trationDelegate$BeanPostProcessorChecker : Bean 'org.springframework.cloud.autoconfigure.ConfigurationPropertiesRebinderAutoConfiguration' of type [org.springframework.cloud.autoconfigure.ConfigurationPropertiesRebinderAutoConfiguration] is not eligible for getting processed by all BeanPostProcessors (for example: not eligible for auto-proxying)
2021-04-08 11:22:51.511  INFO 18360 --- [main] o.s.b.w.embedded.tomcat.TomcatWebServer  : Tomcat initialized with port(s): 8082 (http)
2021-04-08 11:22:51.521  INFO 18360 --- [main] o.apache.catalina.core.StandardService   : Starting service [Tomcat]
2021-04-08 11:22:51.522  INFO 18360 --- [main] org.apache.catalina.core.StandardEngine  : Starting Servlet engine: [Apache Tomcat/9.0.37]
2021-04-08 11:22:51.606  INFO 18360 --- [main] o.a.c.c.C.[Tomcat].[localhost].[/]       : Initializing Spring embedded WebApplicationContext
2021-04-08 11:22:51.606  INFO 18360 --- [main] w.s.c.ServletWebServerApplicationContext : Root WebApplicationContext: initialization completed in 3493 ms
2021-04-08 11:22:51.887  INFO 18360 --- [main] o.s.s.concurrent.ThreadPoolTaskExecutor  : Initializing ExecutorService 'applicationTaskExecutor'
2021-04-08 11:22:52.025  INFO 18360 --- [task-1] o.hibernate.jpa.internal.util.LogHelper  : HHH000204: Processing PersistenceUnitInfo [name: default]
2021-04-08 11:22:52.130  INFO 18360 --- [task-1] org.hibernate.Version                    : HHH000412: Hibernate ORM core version 5.4.20.Final
2021-04-08 11:22:52.391  INFO 18360 --- [task-1] o.hibernate.annotations.common.Version   : HCANN000001: Hibernate Commons Annotations {5.1.0.Final}
2021-04-08 11:22:52.597  INFO 18360 --- [task-1] com.zaxxer.hikari.HikariDataSource       : HikariPool-1 - Starting...
2021-04-08 11:22:53.235  INFO 18360 --- [task-1] com.zaxxer.hikari.HikariDataSource       : HikariPool-1 - Start completed.
2021-04-08 11:22:53.253  INFO 18360 --- [task-1] org.hibernate.dialect.Dialect            : HHH000400: Using dialect: org.hibernate.dialect.MySQL5InnoDBDialect
2021-04-08 11:22:54.506  INFO 18360 --- [task-1] o.h.e.t.j.p.i.JtaPlatformInitiator       : HHH000490: Using JtaPlatform implementation: [org.hibernate.engine.transaction.jta.platform.internal.NoJtaPlatform]
2021-04-08 11:22:54.518  INFO 18360 --- [task-1] j.LocalContainerEntityManagerFactoryBean : Initialized JPA EntityManagerFactory for persistence unit 'default'
2021-04-08 11:22:55.782  WARN 18360 --- [main] JpaBaseConfiguration$JpaWebConfiguration : spring.jpa.open-in-view is enabled by default. Therefore, database queries may be performed during view rendering. Explicitly configure spring.jpa.open-in-view to disable this warning
2021-04-08 11:22:56.028  INFO 18360 --- [main] pertySourcedRequestMappingHandlerMapping : Mapped URL path [/v2/api-docs] onto method [springfox.documentation.swagger2.web.Swagger2Controller#getDocumentation(String, HttpServletRequest)]
2021-04-08 11:22:56.120  WARN 18360 --- [main] c.n.c.sources.URLConfigurationSource     : No URLs will be polled as dynamic configuration sources.
2021-04-08 11:22:56.120  INFO 18360 --- [main] c.n.c.sources.URLConfigurationSource     : To enable URLs as dynamic configuration sources, define System property archaius.configurationSource.additionalUrls or make config.properties available on classpath.
2021-04-08 11:22:56.134  WARN 18360 --- [main] c.n.c.sources.URLConfigurationSource     : No URLs will be polled as dynamic configuration sources.
2021-04-08 11:22:56.134  INFO 18360 --- [main] c.n.c.sources.URLConfigurationSource     : To enable URLs as dynamic configuration sources, define System property archaius.configurationSource.additionalUrls or make config.properties available on classpath.
2021-04-08 11:22:58.050  INFO 18360 --- [main] o.s.s.c.ThreadPoolTaskScheduler          : Initializing ExecutorService 'Nacso-Watch-Task-Scheduler'
2021-04-08 11:23:01.943  INFO 18360 --- [main] o.s.b.w.embedded.tomcat.TomcatWebServer  : Tomcat started on port(s): 8082 (http) with context path ''
2021-04-08 11:23:02.627  INFO 18360 --- [main] c.a.c.n.registry.NacosServiceRegistry    : nacos registry, DEFAULT_GROUP user-center 172.31.112.1:8082 register finished
2021-04-08 11:23:04.020  INFO 18360 --- [main] d.s.w.p.DocumentationPluginsBootstrapper : Context refreshed
2021-04-08 11:23:04.058  INFO 18360 --- [main] d.s.w.p.DocumentationPluginsBootstrapper : Found 1 custom documentation plugin(s)
2021-04-08 11:23:04.090  INFO 18360 --- [main] s.d.s.w.s.ApiListingReferenceScanner     : Scanning for api listing references
2021-04-08 11:23:04.311  INFO 18360 --- [main] DeferredRepositoryInitializationListener : Triggering deferred initialization of Spring Data repositories…
2021-04-08 11:23:04.372  INFO 18360 --- [main] DeferredRepositoryInitializationListener : Spring Data repositories initialized!
2021-04-08 11:23:04.378  INFO 18360 --- [main] c.soft.usercenter.UserCenterApplication  : Started UserCenterApplication in 21.073 seconds (JVM running for 23.681)
2021-04-08 11:31:22.444  INFO 18360 --- [http-nio-8082-exec-1] o.a.c.c.C.[Tomcat].[localhost].[/]       : Initializing Spring DispatcherServlet 'dispatcherServlet'
2021-04-08 11:31:22.444  INFO 18360 --- [http-nio-8082-exec-1] o.s.web.servlet.DispatcherServlet        : Initializing Servlet 'dispatcherServlet'
2021-04-08 11:31:22.451  INFO 18360 --- [http-nio-8082-exec-1] o.s.web.servlet.DispatcherServlet        : Completed initialization in 7 ms
2021-04-08 11:31:22.582  INFO 18360 --- [http-nio-8082-exec-3] c.s.u.controller.HbUserController        : 访问login接口
2021-04-08 11:31:22.583  INFO 18360 --- [http-nio-8082-exec-3] c.s.u.controller.HbUserController        : loginDtoLoginDto(username=ntt, password=123)
2021-04-08 11:31:22.583  INFO 18360 --- [http-nio-8082-exec-3] c.s.u.service.impl.HbUserServiceImpl     : loginDto:ntt*********123
2021-04-08 11:31:22.780  INFO 18360 --- [http-nio-8082-exec-3] c.s.u.service.impl.HbUserServiceImpl     : 登录成功
2021-04-08 11:31:22.863  INFO 18360 --- [http-nio-8082-exec-3] c.s.u.service.impl.HbUserServiceImpl     : 生成的tokeneyJhbGciOiJIUzI1NiJ9.eyJleHAiOjE2MTkxNDg2ODIsInVzZXJuYW1lIjoibnR0In0.lJ553GIHQcI2RwTJPdYR6dby0vDEY6_-7gLWU2niHpc
2021-04-08 12:09:12.317  INFO 18360 --- [http-nio-8082-exec-4] c.s.u.controller.HbUserController        : 访问login接口
2021-04-08 12:09:12.317  INFO 18360 --- [http-nio-8082-exec-4] c.s.u.controller.HbUserController        : loginDtoLoginDto(username=ntt, password=123)
2021-04-08 12:09:12.317  INFO 18360 --- [http-nio-8082-exec-4] c.s.u.service.impl.HbUserServiceImpl     : loginDto:ntt*********123
2021-04-08 12:09:12.360  INFO 18360 --- [http-nio-8082-exec-4] c.s.u.service.impl.HbUserServiceImpl     : 登录成功
2021-04-08 12:09:12.362  INFO 18360 --- [http-nio-8082-exec-4] c.s.u.service.impl.HbUserServiceImpl     : 生成的tokeneyJhbGciOiJIUzI1NiJ9.eyJleHAiOjE2MTkxNTA5NTIsInVzZXJuYW1lIjoibnR0In0.WHUmJlerMqNyaKT7uHr8x9KxpHpiMmR_kIz0XuA3ZNs
2021-04-08 12:21:41.142  INFO 21836 --- [main] trationDelegate$BeanPostProcessorChecker : Bean 'org.springframework.cloud.autoconfigure.ConfigurationPropertiesRebinderAutoConfiguration' of type [org.springframework.cloud.autoconfigure.ConfigurationPropertiesRebinderAutoConfiguration] is not eligible for getting processed by all BeanPostProcessors (for example: not eligible for auto-proxying)
2021-04-08 12:21:43.028  INFO 21836 --- [main] c.soft.usercenter.UserCenterApplication  : No active profile set, falling back to default profiles: default
2021-04-08 12:21:44.293  INFO 21836 --- [main] .s.d.r.c.RepositoryConfigurationDelegate : Multiple Spring Data modules found, entering strict repository configuration mode!
2021-04-08 12:21:44.294  INFO 21836 --- [main] .s.d.r.c.RepositoryConfigurationDelegate : Bootstrapping Spring Data JPA repositories in DEFERRED mode.
2021-04-08 12:21:44.470  INFO 21836 --- [main] .s.d.r.c.RepositoryConfigurationDelegate : Finished Spring Data repository scanning in 166ms. Found 5 JPA repository interfaces.
2021-04-08 12:21:44.500  INFO 21836 --- [main] .s.d.r.c.RepositoryConfigurationDelegate : Multiple Spring Data modules found, entering strict repository configuration mode!
2021-04-08 12:21:44.502  INFO 21836 --- [main] .s.d.r.c.RepositoryConfigurationDelegate : Bootstrapping Spring Data Redis repositories in DEFAULT mode.
2021-04-08 12:21:44.546  INFO 21836 --- [main] .RepositoryConfigurationExtensionSupport : Spring Data Redis - Could not safely identify store assignment for repository candidate interface com.soft.usercenter.repository.HbCommentRepository. If you want this repository to be a Redis repository, consider annotating your entities with one of these annotations: org.springframework.data.redis.core.RedisHash (preferred), or consider extending one of the following types with your repository: org.springframework.data.keyvalue.repository.KeyValueRepository.
2021-04-08 12:21:44.547  INFO 21836 --- [main] .RepositoryConfigurationExtensionSupport : Spring Data Redis - Could not safely identify store assignment for repository candidate interface com.soft.usercenter.repository.HbGoodRepository. If you want this repository to be a Redis repository, consider annotating your entities with one of these annotations: org.springframework.data.redis.core.RedisHash (preferred), or consider extending one of the following types with your repository: org.springframework.data.keyvalue.repository.KeyValueRepository.
2021-04-08 12:21:44.547  INFO 21836 --- [main] .RepositoryConfigurationExtensionSupport : Spring Data Redis - Could not safely identify store assignment for repository candidate interface com.soft.usercenter.repository.HbOrderRepository. If you want this repository to be a Redis repository, consider annotating your entities with one of these annotations: org.springframework.data.redis.core.RedisHash (preferred), or consider extending one of the following types with your repository: org.springframework.data.keyvalue.repository.KeyValueRepository.
2021-04-08 12:21:44.548  INFO 21836 --- [main] .RepositoryConfigurationExtensionSupport : Spring Data Redis - Could not safely identify store assignment for repository candidate interface com.soft.usercenter.repository.HbStrategyRepository. If you want this repository to be a Redis repository, consider annotating your entities with one of these annotations: org.springframework.data.redis.core.RedisHash (preferred), or consider extending one of the following types with your repository: org.springframework.data.keyvalue.repository.KeyValueRepository.
2021-04-08 12:21:44.548  INFO 21836 --- [main] .RepositoryConfigurationExtensionSupport : Spring Data Redis - Could not safely identify store assignment for repository candidate interface com.soft.usercenter.repository.HbUserRepository. If you want this repository to be a Redis repository, consider annotating your entities with one of these annotations: org.springframework.data.redis.core.RedisHash (preferred), or consider extending one of the following types with your repository: org.springframework.data.keyvalue.repository.KeyValueRepository.
2021-04-08 12:21:44.548  INFO 21836 --- [main] .s.d.r.c.RepositoryConfigurationDelegate : Finished Spring Data repository scanning in 34ms. Found 0 Redis repository interfaces.
2021-04-08 12:21:44.842  INFO 21836 --- [main] o.s.cloud.context.scope.GenericScope     : BeanFactory id=9913dd3c-5bfb-3d0c-b1ed-81b6501ad54b
2021-04-08 12:21:44.999  INFO 21836 --- [main] trationDelegate$BeanPostProcessorChecker : Bean 'org.springframework.cloud.autoconfigure.ConfigurationPropertiesRebinderAutoConfiguration' of type [org.springframework.cloud.autoconfigure.ConfigurationPropertiesRebinderAutoConfiguration] is not eligible for getting processed by all BeanPostProcessors (for example: not eligible for auto-proxying)
2021-04-08 12:21:45.344  INFO 21836 --- [main] o.s.b.w.embedded.tomcat.TomcatWebServer  : Tomcat initialized with port(s): 8082 (http)
2021-04-08 12:21:45.357  INFO 21836 --- [main] o.apache.catalina.core.StandardService   : Starting service [Tomcat]
2021-04-08 12:21:45.357  INFO 21836 --- [main] org.apache.catalina.core.StandardEngine  : Starting Servlet engine: [Apache Tomcat/9.0.37]
2021-04-08 12:21:45.442  INFO 21836 --- [main] o.a.c.c.C.[Tomcat].[localhost].[/]       : Initializing Spring embedded WebApplicationContext
2021-04-08 12:21:45.443  INFO 21836 --- [main] w.s.c.ServletWebServerApplicationContext : Root WebApplicationContext: initialization completed in 2392 ms
2021-04-08 12:21:45.694  INFO 21836 --- [main] o.s.s.concurrent.ThreadPoolTaskExecutor  : Initializing ExecutorService 'applicationTaskExecutor'
2021-04-08 12:21:45.799  INFO 21836 --- [task-1] o.hibernate.jpa.internal.util.LogHelper  : HHH000204: Processing PersistenceUnitInfo [name: default]
2021-04-08 12:21:45.927  INFO 21836 --- [task-1] org.hibernate.Version                    : HHH000412: Hibernate ORM core version 5.4.20.Final
2021-04-08 12:21:46.106  INFO 21836 --- [task-1] o.hibernate.annotations.common.Version   : HCANN000001: Hibernate Commons Annotations {5.1.0.Final}
2021-04-08 12:21:46.224  INFO 21836 --- [task-1] com.zaxxer.hikari.HikariDataSource       : HikariPool-1 - Starting...
2021-04-08 12:21:47.127  INFO 21836 --- [task-1] com.zaxxer.hikari.HikariDataSource       : HikariPool-1 - Start completed.
2021-04-08 12:21:47.140  INFO 21836 --- [task-1] org.hibernate.dialect.Dialect            : HHH000400: Using dialect: org.hibernate.dialect.MySQL5InnoDBDialect
2021-04-08 12:21:48.748  INFO 21836 --- [task-1] o.h.e.t.j.p.i.JtaPlatformInitiator       : HHH000490: Using JtaPlatform implementation: [org.hibernate.engine.transaction.jta.platform.internal.NoJtaPlatform]
2021-04-08 12:21:48.756  INFO 21836 --- [task-1] j.LocalContainerEntityManagerFactoryBean : Initialized JPA EntityManagerFactory for persistence unit 'default'
2021-04-08 12:21:49.897  WARN 21836 --- [main] JpaBaseConfiguration$JpaWebConfiguration : spring.jpa.open-in-view is enabled by default. Therefore, database queries may be performed during view rendering. Explicitly configure spring.jpa.open-in-view to disable this warning
2021-04-08 12:21:50.199  INFO 21836 --- [main] pertySourcedRequestMappingHandlerMapping : Mapped URL path [/v2/api-docs] onto method [springfox.documentation.swagger2.web.Swagger2Controller#getDocumentation(String, HttpServletRequest)]
2021-04-08 12:21:50.301  WARN 21836 --- [main] c.n.c.sources.URLConfigurationSource     : No URLs will be polled as dynamic configuration sources.
2021-04-08 12:21:50.302  INFO 21836 --- [main] c.n.c.sources.URLConfigurationSource     : To enable URLs as dynamic configuration sources, define System property archaius.configurationSource.additionalUrls or make config.properties available on classpath.
2021-04-08 12:21:50.308  WARN 21836 --- [main] c.n.c.sources.URLConfigurationSource     : No URLs will be polled as dynamic configuration sources.
2021-04-08 12:21:50.309  INFO 21836 --- [main] c.n.c.sources.URLConfigurationSource     : To enable URLs as dynamic configuration sources, define System property archaius.configurationSource.additionalUrls or make config.properties available on classpath.
2021-04-08 12:21:52.896  INFO 21836 --- [main] o.s.s.c.ThreadPoolTaskScheduler          : Initializing ExecutorService 'Nacso-Watch-Task-Scheduler'
2021-04-08 12:21:57.769  INFO 21836 --- [main] o.s.b.w.embedded.tomcat.TomcatWebServer  : Tomcat started on port(s): 8082 (http) with context path ''
2021-04-08 12:21:57.887  INFO 21836 --- [main] c.a.c.n.registry.NacosServiceRegistry    : nacos registry, DEFAULT_GROUP user-center 172.31.112.1:8082 register finished
2021-04-08 12:21:59.791  INFO 21836 --- [main] d.s.w.p.DocumentationPluginsBootstrapper : Context refreshed
2021-04-08 12:21:59.818  INFO 21836 --- [main] d.s.w.p.DocumentationPluginsBootstrapper : Found 1 custom documentation plugin(s)
2021-04-08 12:21:59.851  INFO 21836 --- [main] s.d.s.w.s.ApiListingReferenceScanner     : Scanning for api listing references
2021-04-08 12:22:00.047  INFO 21836 --- [main] DeferredRepositoryInitializationListener : Triggering deferred initialization of Spring Data repositories…
2021-04-08 12:22:00.155  INFO 21836 --- [main] DeferredRepositoryInitializationListener : Spring Data repositories initialized!
2021-04-08 12:22:00.165  INFO 21836 --- [main] c.soft.usercenter.UserCenterApplication  : Started UserCenterApplication in 21.447 seconds (JVM running for 23.716)
2021-04-08 12:24:08.912  INFO 17512 --- [main] trationDelegate$BeanPostProcessorChecker : Bean 'org.springframework.cloud.autoconfigure.ConfigurationPropertiesRebinderAutoConfiguration' of type [org.springframework.cloud.autoconfigure.ConfigurationPropertiesRebinderAutoConfiguration] is not eligible for getting processed by all BeanPostProcessors (for example: not eligible for auto-proxying)
2021-04-08 12:24:10.581  INFO 17512 --- [main] c.soft.usercenter.UserCenterApplication  : No active profile set, falling back to default profiles: default
2021-04-08 12:24:11.801  INFO 17512 --- [main] .s.d.r.c.RepositoryConfigurationDelegate : Multiple Spring Data modules found, entering strict repository configuration mode!
2021-04-08 12:24:11.801  INFO 17512 --- [main] .s.d.r.c.RepositoryConfigurationDelegate : Bootstrapping Spring Data JPA repositories in DEFERRED mode.
2021-04-08 12:24:11.951  INFO 17512 --- [main] .s.d.r.c.RepositoryConfigurationDelegate : Finished Spring Data repository scanning in 143ms. Found 5 JPA repository interfaces.
2021-04-08 12:24:11.980  INFO 17512 --- [main] .s.d.r.c.RepositoryConfigurationDelegate : Multiple Spring Data modules found, entering strict repository configuration mode!
2021-04-08 12:24:11.981  INFO 17512 --- [main] .s.d.r.c.RepositoryConfigurationDelegate : Bootstrapping Spring Data Redis repositories in DEFAULT mode.
2021-04-08 12:24:12.025  INFO 17512 --- [main] .RepositoryConfigurationExtensionSupport : Spring Data Redis - Could not safely identify store assignment for repository candidate interface com.soft.usercenter.repository.HbCommentRepository. If you want this repository to be a Redis repository, consider annotating your entities with one of these annotations: org.springframework.data.redis.core.RedisHash (preferred), or consider extending one of the following types with your repository: org.springframework.data.keyvalue.repository.KeyValueRepository.
2021-04-08 12:24:12.026  INFO 17512 --- [main] .RepositoryConfigurationExtensionSupport : Spring Data Redis - Could not safely identify store assignment for repository candidate interface com.soft.usercenter.repository.HbGoodRepository. If you want this repository to be a Redis repository, consider annotating your entities with one of these annotations: org.springframework.data.redis.core.RedisHash (preferred), or consider extending one of the following types with your repository: org.springframework.data.keyvalue.repository.KeyValueRepository.
2021-04-08 12:24:12.026  INFO 17512 --- [main] .RepositoryConfigurationExtensionSupport : Spring Data Redis - Could not safely identify store assignment for repository candidate interface com.soft.usercenter.repository.HbOrderRepository. If you want this repository to be a Redis repository, consider annotating your entities with one of these annotations: org.springframework.data.redis.core.RedisHash (preferred), or consider extending one of the following types with your repository: org.springframework.data.keyvalue.repository.KeyValueRepository.
2021-04-08 12:24:12.027  INFO 17512 --- [main] .RepositoryConfigurationExtensionSupport : Spring Data Redis - Could not safely identify store assignment for repository candidate interface com.soft.usercenter.repository.HbStrategyRepository. If you want this repository to be a Redis repository, consider annotating your entities with one of these annotations: org.springframework.data.redis.core.RedisHash (preferred), or consider extending one of the following types with your repository: org.springframework.data.keyvalue.repository.KeyValueRepository.
2021-04-08 12:24:12.027  INFO 17512 --- [main] .RepositoryConfigurationExtensionSupport : Spring Data Redis - Could not safely identify store assignment for repository candidate interface com.soft.usercenter.repository.HbUserRepository. If you want this repository to be a Redis repository, consider annotating your entities with one of these annotations: org.springframework.data.redis.core.RedisHash (preferred), or consider extending one of the following types with your repository: org.springframework.data.keyvalue.repository.KeyValueRepository.
2021-04-08 12:24:12.028  INFO 17512 --- [main] .s.d.r.c.RepositoryConfigurationDelegate : Finished Spring Data repository scanning in 35ms. Found 0 Redis repository interfaces.
2021-04-08 12:24:12.285  INFO 17512 --- [main] o.s.cloud.context.scope.GenericScope     : BeanFactory id=9913dd3c-5bfb-3d0c-b1ed-81b6501ad54b
2021-04-08 12:24:12.410  INFO 17512 --- [main] trationDelegate$BeanPostProcessorChecker : Bean 'org.springframework.cloud.autoconfigure.ConfigurationPropertiesRebinderAutoConfiguration' of type [org.springframework.cloud.autoconfigure.ConfigurationPropertiesRebinderAutoConfiguration] is not eligible for getting processed by all BeanPostProcessors (for example: not eligible for auto-proxying)
2021-04-08 12:24:12.681  INFO 17512 --- [main] o.s.b.w.embedded.tomcat.TomcatWebServer  : Tomcat initialized with port(s): 8082 (http)
2021-04-08 12:24:12.689  INFO 17512 --- [main] o.apache.catalina.core.StandardService   : Starting service [Tomcat]
2021-04-08 12:24:12.690  INFO 17512 --- [main] org.apache.catalina.core.StandardEngine  : Starting Servlet engine: [Apache Tomcat/9.0.37]
2021-04-08 12:24:12.764  INFO 17512 --- [main] o.a.c.c.C.[Tomcat].[localhost].[/]       : Initializing Spring embedded WebApplicationContext
2021-04-08 12:24:12.764  INFO 17512 --- [main] w.s.c.ServletWebServerApplicationContext : Root WebApplicationContext: initialization completed in 2168 ms
2021-04-08 12:24:12.952  INFO 17512 --- [main] o.s.s.concurrent.ThreadPoolTaskExecutor  : Initializing ExecutorService 'applicationTaskExecutor'
2021-04-08 12:24:13.049  INFO 17512 --- [task-1] o.hibernate.jpa.internal.util.LogHelper  : HHH000204: Processing PersistenceUnitInfo [name: default]
2021-04-08 12:24:13.101  INFO 17512 --- [task-1] org.hibernate.Version                    : HHH000412: Hibernate ORM core version 5.4.20.Final
2021-04-08 12:24:13.279  INFO 17512 --- [task-1] o.hibernate.annotations.common.Version   : HCANN000001: Hibernate Commons Annotations {5.1.0.Final}
2021-04-08 12:24:13.390  INFO 17512 --- [task-1] com.zaxxer.hikari.HikariDataSource       : HikariPool-1 - Starting...
2021-04-08 12:24:13.948  INFO 17512 --- [task-1] com.zaxxer.hikari.HikariDataSource       : HikariPool-1 - Start completed.
2021-04-08 12:24:13.963  INFO 17512 --- [task-1] org.hibernate.dialect.Dialect            : HHH000400: Using dialect: org.hibernate.dialect.MySQL5InnoDBDialect
2021-04-08 12:24:15.320  INFO 17512 --- [task-1] o.h.e.t.j.p.i.JtaPlatformInitiator       : HHH000490: Using JtaPlatform implementation: [org.hibernate.engine.transaction.jta.platform.internal.NoJtaPlatform]
2021-04-08 12:24:15.326  INFO 17512 --- [task-1] j.LocalContainerEntityManagerFactoryBean : Initialized JPA EntityManagerFactory for persistence unit 'default'
2021-04-08 12:24:16.204  WARN 17512 --- [main] JpaBaseConfiguration$JpaWebConfiguration : spring.jpa.open-in-view is enabled by default. Therefore, database queries may be performed during view rendering. Explicitly configure spring.jpa.open-in-view to disable this warning
2021-04-08 12:24:16.417  INFO 17512 --- [main] pertySourcedRequestMappingHandlerMapping : Mapped URL path [/v2/api-docs] onto method [springfox.documentation.swagger2.web.Swagger2Controller#getDocumentation(String, HttpServletRequest)]
2021-04-08 12:24:16.464  WARN 17512 --- [main] c.n.c.sources.URLConfigurationSource     : No URLs will be polled as dynamic configuration sources.
2021-04-08 12:24:16.464  INFO 17512 --- [main] c.n.c.sources.URLConfigurationSource     : To enable URLs as dynamic configuration sources, define System property archaius.configurationSource.additionalUrls or make config.properties available on classpath.
2021-04-08 12:24:16.469  WARN 17512 --- [main] c.n.c.sources.URLConfigurationSource     : No URLs will be polled as dynamic configuration sources.
2021-04-08 12:24:16.469  INFO 17512 --- [main] c.n.c.sources.URLConfigurationSource     : To enable URLs as dynamic configuration sources, define System property archaius.configurationSource.additionalUrls or make config.properties available on classpath.
2021-04-08 12:24:18.296  INFO 17512 --- [main] o.s.s.c.ThreadPoolTaskScheduler          : Initializing ExecutorService 'Nacso-Watch-Task-Scheduler'
2021-04-08 12:24:21.962  INFO 17512 --- [main] o.s.b.w.embedded.tomcat.TomcatWebServer  : Tomcat started on port(s): 8082 (http) with context path ''
2021-04-08 12:24:22.065  INFO 17512 --- [main] c.a.c.n.registry.NacosServiceRegistry    : nacos registry, DEFAULT_GROUP user-center 172.31.112.1:8082 register finished
2021-04-08 12:24:23.610  INFO 17512 --- [main] d.s.w.p.DocumentationPluginsBootstrapper : Context refreshed
2021-04-08 12:24:23.635  INFO 17512 --- [main] d.s.w.p.DocumentationPluginsBootstrapper : Found 1 custom documentation plugin(s)
2021-04-08 12:24:23.682  INFO 17512 --- [main] s.d.s.w.s.ApiListingReferenceScanner     : Scanning for api listing references
2021-04-08 12:24:23.851  INFO 17512 --- [main] DeferredRepositoryInitializationListener : Triggering deferred initialization of Spring Data repositories…
2021-04-08 12:24:23.956  INFO 17512 --- [main] DeferredRepositoryInitializationListener : Spring Data repositories initialized!
2021-04-08 12:24:23.967  INFO 17512 --- [main] c.soft.usercenter.UserCenterApplication  : Started UserCenterApplication in 17.079 seconds (JVM running for 18.781)
