2021-04-02 14:19:06.510 ERROR 26688 --- [main] o.s.boot.SpringApplication               SpringApplication.java:837: Application run failed

org.springframework.beans.factory.BeanDefinitionStoreException: Failed to process import candidates for configuration class [com.soft.usercenter.UserCenterApplication]; nested exception is java.lang.IllegalArgumentException: Could not find class [org.springframework.cloud.client.loadbalancer.reactive.OnNoRibbonDefaultCondition]
	at org.springframework.context.annotation.ConfigurationClassParser.processImports(ConfigurationClassParser.java:609)
	at org.springframework.context.annotation.ConfigurationClassParser.access$800(ConfigurationClassParser.java:110)
	at org.springframework.context.annotation.ConfigurationClassParser$DeferredImportSelectorGroupingHandler.lambda$processGroupImports$1(ConfigurationClassParser.java:811)
	at org.springframework.context.annotation.ConfigurationClassParser$DeferredImportSelectorGroupingHandler$$Lambda$148/32924170.accept(Unknown Source)
	at java.util.ArrayList.forEach(ArrayList.java:1249)
	at org.springframework.context.annotation.ConfigurationClassParser$DeferredImportSelectorGroupingHandler.processGroupImports(ConfigurationClassParser.java:808)
	at org.springframework.context.annotation.ConfigurationClassParser$DeferredImportSelectorHandler.process(ConfigurationClassParser.java:779)
	at org.springframework.context.annotation.ConfigurationClassParser.parse(ConfigurationClassParser.java:192)
	at org.springframework.context.annotation.ConfigurationClassPostProcessor.processConfigBeanDefinitions(ConfigurationClassPostProcessor.java:319)
	at org.springframework.context.annotation.ConfigurationClassPostProcessor.postProcessBeanDefinitionRegistry(ConfigurationClassPostProcessor.java:236)
	at org.springframework.context.support.PostProcessorRegistrationDelegate.invokeBeanDefinitionRegistryPostProcessors(PostProcessorRegistrationDelegate.java:280)
	at org.springframework.context.support.PostProcessorRegistrationDelegate.invokeBeanFactoryPostProcessors(PostProcessorRegistrationDelegate.java:96)
	at org.springframework.context.support.AbstractApplicationContext.invokeBeanFactoryPostProcessors(AbstractApplicationContext.java:707)
	at org.springframework.context.support.AbstractApplicationContext.refresh(AbstractApplicationContext.java:533)
	at org.springframework.boot.web.servlet.context.ServletWebServerApplicationContext.refresh(ServletWebServerApplicationContext.java:143)
	at org.springframework.boot.SpringApplication.refresh(SpringApplication.java:758)
	at org.springframework.boot.SpringApplication.refresh(SpringApplication.java:750)
	at org.springframework.boot.SpringApplication.refreshContext(SpringApplication.java:397)
	at org.springframework.boot.SpringApplication.run(SpringApplication.java:315)
	at org.springframework.boot.SpringApplication.run(SpringApplication.java:1237)
	at org.springframework.boot.SpringApplication.run(SpringApplication.java:1226)
	at com.soft.usercenter.UserCenterApplication.main(UserCenterApplication.java:21)
Caused by: java.lang.IllegalArgumentException: Could not find class [org.springframework.cloud.client.loadbalancer.reactive.OnNoRibbonDefaultCondition]
	at org.springframework.util.ClassUtils.resolveClassName(ClassUtils.java:334)
	at org.springframework.context.annotation.ConditionEvaluator.getCondition(ConditionEvaluator.java:124)
	at org.springframework.context.annotation.ConditionEvaluator.shouldSkip(ConditionEvaluator.java:96)
	at org.springframework.context.annotation.ConfigurationClassParser.processConfigurationClass(ConfigurationClassParser.java:225)
	at org.springframework.context.annotation.ConfigurationClassParser.processMemberClasses(ConfigurationClassParser.java:371)
	at org.springframework.context.annotation.ConfigurationClassParser.doProcessConfigurationClass(ConfigurationClassParser.java:271)
	at org.springframework.context.annotation.ConfigurationClassParser.processConfigurationClass(ConfigurationClassParser.java:249)
	at org.springframework.context.annotation.ConfigurationClassParser.processImports(ConfigurationClassParser.java:599)
	... 21 common frames omitted
Caused by: java.lang.ClassNotFoundException: org.springframework.cloud.client.loadbalancer.reactive.OnNoRibbonDefaultCondition
	at java.net.URLClassLoader.findClass(URLClassLoader.java:381)
	at java.lang.ClassLoader.loadClass(ClassLoader.java:424)
	at sun.misc.Launcher$AppClassLoader.loadClass(Launcher.java:331)
	at java.lang.ClassLoader.loadClass(ClassLoader.java:357)
	at java.lang.Class.forName0(Native Method)
	at java.lang.Class.forName(Class.java:348)
	at org.springframework.util.ClassUtils.forName(ClassUtils.java:284)
	at org.springframework.util.ClassUtils.resolveClassName(ClassUtils.java:324)
	... 28 common frames omitted

2021-04-02 14:22:21.739 ERROR 632 --- [main] o.s.boot.SpringApplication               SpringApplication.java:837: Application run failed

org.springframework.beans.factory.BeanDefinitionStoreException: Failed to process import candidates for configuration class [com.soft.usercenter.UserCenterApplication]; nested exception is java.lang.IllegalArgumentException: Could not find class [org.springframework.cloud.client.loadbalancer.reactive.OnNoRibbonDefaultCondition]
	at org.springframework.context.annotation.ConfigurationClassParser.processImports(ConfigurationClassParser.java:609)
	at org.springframework.context.annotation.ConfigurationClassParser.access$800(ConfigurationClassParser.java:110)
	at org.springframework.context.annotation.ConfigurationClassParser$DeferredImportSelectorGroupingHandler.lambda$processGroupImports$1(ConfigurationClassParser.java:811)
	at org.springframework.context.annotation.ConfigurationClassParser$DeferredImportSelectorGroupingHandler$$Lambda$148/32924170.accept(Unknown Source)
	at java.util.ArrayList.forEach(ArrayList.java:1249)
	at org.springframework.context.annotation.ConfigurationClassParser$DeferredImportSelectorGroupingHandler.processGroupImports(ConfigurationClassParser.java:808)
	at org.springframework.context.annotation.ConfigurationClassParser$DeferredImportSelectorHandler.process(ConfigurationClassParser.java:779)
	at org.springframework.context.annotation.ConfigurationClassParser.parse(ConfigurationClassParser.java:192)
	at org.springframework.context.annotation.ConfigurationClassPostProcessor.processConfigBeanDefinitions(ConfigurationClassPostProcessor.java:319)
	at org.springframework.context.annotation.ConfigurationClassPostProcessor.postProcessBeanDefinitionRegistry(ConfigurationClassPostProcessor.java:236)
	at org.springframework.context.support.PostProcessorRegistrationDelegate.invokeBeanDefinitionRegistryPostProcessors(PostProcessorRegistrationDelegate.java:280)
	at org.springframework.context.support.PostProcessorRegistrationDelegate.invokeBeanFactoryPostProcessors(PostProcessorRegistrationDelegate.java:96)
	at org.springframework.context.support.AbstractApplicationContext.invokeBeanFactoryPostProcessors(AbstractApplicationContext.java:707)
	at org.springframework.context.support.AbstractApplicationContext.refresh(AbstractApplicationContext.java:533)
	at org.springframework.boot.web.servlet.context.ServletWebServerApplicationContext.refresh(ServletWebServerApplicationContext.java:143)
	at org.springframework.boot.SpringApplication.refresh(SpringApplication.java:758)
	at org.springframework.boot.SpringApplication.refresh(SpringApplication.java:750)
	at org.springframework.boot.SpringApplication.refreshContext(SpringApplication.java:397)
	at org.springframework.boot.SpringApplication.run(SpringApplication.java:315)
	at org.springframework.boot.SpringApplication.run(SpringApplication.java:1237)
	at org.springframework.boot.SpringApplication.run(SpringApplication.java:1226)
	at com.soft.usercenter.UserCenterApplication.main(UserCenterApplication.java:21)
Caused by: java.lang.IllegalArgumentException: Could not find class [org.springframework.cloud.client.loadbalancer.reactive.OnNoRibbonDefaultCondition]
	at org.springframework.util.ClassUtils.resolveClassName(ClassUtils.java:334)
	at org.springframework.context.annotation.ConditionEvaluator.getCondition(ConditionEvaluator.java:124)
	at org.springframework.context.annotation.ConditionEvaluator.shouldSkip(ConditionEvaluator.java:96)
	at org.springframework.context.annotation.ConfigurationClassParser.processConfigurationClass(ConfigurationClassParser.java:225)
	at org.springframework.context.annotation.ConfigurationClassParser.processMemberClasses(ConfigurationClassParser.java:371)
	at org.springframework.context.annotation.ConfigurationClassParser.doProcessConfigurationClass(ConfigurationClassParser.java:271)
	at org.springframework.context.annotation.ConfigurationClassParser.processConfigurationClass(ConfigurationClassParser.java:249)
	at org.springframework.context.annotation.ConfigurationClassParser.processImports(ConfigurationClassParser.java:599)
	... 21 common frames omitted
Caused by: java.lang.ClassNotFoundException: org.springframework.cloud.client.loadbalancer.reactive.OnNoRibbonDefaultCondition
	at java.net.URLClassLoader.findClass(URLClassLoader.java:381)
	at java.lang.ClassLoader.loadClass(ClassLoader.java:424)
	at sun.misc.Launcher$AppClassLoader.loadClass(Launcher.java:331)
	at java.lang.ClassLoader.loadClass(ClassLoader.java:357)
	at java.lang.Class.forName0(Native Method)
	at java.lang.Class.forName(Class.java:348)
	at org.springframework.util.ClassUtils.forName(ClassUtils.java:284)
	at org.springframework.util.ClassUtils.resolveClassName(ClassUtils.java:324)
	... 28 common frames omitted

2021-04-02 14:24:07.795 ERROR 6516 --- [main] o.s.boot.SpringApplication               SpringApplication.java:837: Application run failed

org.springframework.beans.factory.BeanDefinitionStoreException: Failed to process import candidates for configuration class [com.soft.usercenter.UserCenterApplication]; nested exception is java.lang.IllegalArgumentException: Could not find class [org.springframework.cloud.client.loadbalancer.reactive.OnNoRibbonDefaultCondition]
	at org.springframework.context.annotation.ConfigurationClassParser.processImports(ConfigurationClassParser.java:609)
	at org.springframework.context.annotation.ConfigurationClassParser.access$800(ConfigurationClassParser.java:110)
	at org.springframework.context.annotation.ConfigurationClassParser$DeferredImportSelectorGroupingHandler.lambda$processGroupImports$1(ConfigurationClassParser.java:811)
	at org.springframework.context.annotation.ConfigurationClassParser$DeferredImportSelectorGroupingHandler$$Lambda$148/32924170.accept(Unknown Source)
	at java.util.ArrayList.forEach(ArrayList.java:1249)
	at org.springframework.context.annotation.ConfigurationClassParser$DeferredImportSelectorGroupingHandler.processGroupImports(ConfigurationClassParser.java:808)
	at org.springframework.context.annotation.ConfigurationClassParser$DeferredImportSelectorHandler.process(ConfigurationClassParser.java:779)
	at org.springframework.context.annotation.ConfigurationClassParser.parse(ConfigurationClassParser.java:192)
	at org.springframework.context.annotation.ConfigurationClassPostProcessor.processConfigBeanDefinitions(ConfigurationClassPostProcessor.java:319)
	at org.springframework.context.annotation.ConfigurationClassPostProcessor.postProcessBeanDefinitionRegistry(ConfigurationClassPostProcessor.java:236)
	at org.springframework.context.support.PostProcessorRegistrationDelegate.invokeBeanDefinitionRegistryPostProcessors(PostProcessorRegistrationDelegate.java:280)
	at org.springframework.context.support.PostProcessorRegistrationDelegate.invokeBeanFactoryPostProcessors(PostProcessorRegistrationDelegate.java:96)
	at org.springframework.context.support.AbstractApplicationContext.invokeBeanFactoryPostProcessors(AbstractApplicationContext.java:707)
	at org.springframework.context.support.AbstractApplicationContext.refresh(AbstractApplicationContext.java:533)
	at org.springframework.boot.web.servlet.context.ServletWebServerApplicationContext.refresh(ServletWebServerApplicationContext.java:143)
	at org.springframework.boot.SpringApplication.refresh(SpringApplication.java:758)
	at org.springframework.boot.SpringApplication.refresh(SpringApplication.java:750)
	at org.springframework.boot.SpringApplication.refreshContext(SpringApplication.java:397)
	at org.springframework.boot.SpringApplication.run(SpringApplication.java:315)
	at org.springframework.boot.SpringApplication.run(SpringApplication.java:1237)
	at org.springframework.boot.SpringApplication.run(SpringApplication.java:1226)
	at com.soft.usercenter.UserCenterApplication.main(UserCenterApplication.java:21)
Caused by: java.lang.IllegalArgumentException: Could not find class [org.springframework.cloud.client.loadbalancer.reactive.OnNoRibbonDefaultCondition]
	at org.springframework.util.ClassUtils.resolveClassName(ClassUtils.java:334)
	at org.springframework.context.annotation.ConditionEvaluator.getCondition(ConditionEvaluator.java:124)
	at org.springframework.context.annotation.ConditionEvaluator.shouldSkip(ConditionEvaluator.java:96)
	at org.springframework.context.annotation.ConfigurationClassParser.processConfigurationClass(ConfigurationClassParser.java:225)
	at org.springframework.context.annotation.ConfigurationClassParser.processMemberClasses(ConfigurationClassParser.java:371)
	at org.springframework.context.annotation.ConfigurationClassParser.doProcessConfigurationClass(ConfigurationClassParser.java:271)
	at org.springframework.context.annotation.ConfigurationClassParser.processConfigurationClass(ConfigurationClassParser.java:249)
	at org.springframework.context.annotation.ConfigurationClassParser.processImports(ConfigurationClassParser.java:599)
	... 21 common frames omitted
Caused by: java.lang.ClassNotFoundException: org.springframework.cloud.client.loadbalancer.reactive.OnNoRibbonDefaultCondition
	at java.net.URLClassLoader.findClass(URLClassLoader.java:381)
	at java.lang.ClassLoader.loadClass(ClassLoader.java:424)
	at sun.misc.Launcher$AppClassLoader.loadClass(Launcher.java:331)
	at java.lang.ClassLoader.loadClass(ClassLoader.java:357)
	at java.lang.Class.forName0(Native Method)
	at java.lang.Class.forName(Class.java:348)
	at org.springframework.util.ClassUtils.forName(ClassUtils.java:284)
	at org.springframework.util.ClassUtils.resolveClassName(ClassUtils.java:324)
	... 28 common frames omitted

2021-04-02 15:48:42.367 ERROR 22644 --- [main] o.s.boot.SpringApplication               SpringApplication.java:837: Application run failed

org.springframework.beans.factory.BeanDefinitionStoreException: Failed to process import candidates for configuration class [com.soft.usercenter.UserCenterApplication]; nested exception is java.lang.IllegalArgumentException: Could not find class [org.springframework.cloud.client.loadbalancer.reactive.OnNoRibbonDefaultCondition]
	at org.springframework.context.annotation.ConfigurationClassParser.processImports(ConfigurationClassParser.java:609)
	at org.springframework.context.annotation.ConfigurationClassParser.access$800(ConfigurationClassParser.java:110)
	at org.springframework.context.annotation.ConfigurationClassParser$DeferredImportSelectorGroupingHandler.lambda$processGroupImports$1(ConfigurationClassParser.java:811)
	at org.springframework.context.annotation.ConfigurationClassParser$DeferredImportSelectorGroupingHandler$$Lambda$148/32924170.accept(Unknown Source)
	at java.util.ArrayList.forEach(ArrayList.java:1249)
	at org.springframework.context.annotation.ConfigurationClassParser$DeferredImportSelectorGroupingHandler.processGroupImports(ConfigurationClassParser.java:808)
	at org.springframework.context.annotation.ConfigurationClassParser$DeferredImportSelectorHandler.process(ConfigurationClassParser.java:779)
	at org.springframework.context.annotation.ConfigurationClassParser.parse(ConfigurationClassParser.java:192)
	at org.springframework.context.annotation.ConfigurationClassPostProcessor.processConfigBeanDefinitions(ConfigurationClassPostProcessor.java:319)
	at org.springframework.context.annotation.ConfigurationClassPostProcessor.postProcessBeanDefinitionRegistry(ConfigurationClassPostProcessor.java:236)
	at org.springframework.context.support.PostProcessorRegistrationDelegate.invokeBeanDefinitionRegistryPostProcessors(PostProcessorRegistrationDelegate.java:280)
	at org.springframework.context.support.PostProcessorRegistrationDelegate.invokeBeanFactoryPostProcessors(PostProcessorRegistrationDelegate.java:96)
	at org.springframework.context.support.AbstractApplicationContext.invokeBeanFactoryPostProcessors(AbstractApplicationContext.java:707)
	at org.springframework.context.support.AbstractApplicationContext.refresh(AbstractApplicationContext.java:533)
	at org.springframework.boot.web.servlet.context.ServletWebServerApplicationContext.refresh(ServletWebServerApplicationContext.java:143)
	at org.springframework.boot.SpringApplication.refresh(SpringApplication.java:758)
	at org.springframework.boot.SpringApplication.refresh(SpringApplication.java:750)
	at org.springframework.boot.SpringApplication.refreshContext(SpringApplication.java:397)
	at org.springframework.boot.SpringApplication.run(SpringApplication.java:315)
	at org.springframework.boot.SpringApplication.run(SpringApplication.java:1237)
	at org.springframework.boot.SpringApplication.run(SpringApplication.java:1226)
	at com.soft.usercenter.UserCenterApplication.main(UserCenterApplication.java:21)
Caused by: java.lang.IllegalArgumentException: Could not find class [org.springframework.cloud.client.loadbalancer.reactive.OnNoRibbonDefaultCondition]
	at org.springframework.util.ClassUtils.resolveClassName(ClassUtils.java:334)
	at org.springframework.context.annotation.ConditionEvaluator.getCondition(ConditionEvaluator.java:124)
	at org.springframework.context.annotation.ConditionEvaluator.shouldSkip(ConditionEvaluator.java:96)
	at org.springframework.context.annotation.ConfigurationClassParser.processConfigurationClass(ConfigurationClassParser.java:225)
	at org.springframework.context.annotation.ConfigurationClassParser.processMemberClasses(ConfigurationClassParser.java:371)
	at org.springframework.context.annotation.ConfigurationClassParser.doProcessConfigurationClass(ConfigurationClassParser.java:271)
	at org.springframework.context.annotation.ConfigurationClassParser.processConfigurationClass(ConfigurationClassParser.java:249)
	at org.springframework.context.annotation.ConfigurationClassParser.processImports(ConfigurationClassParser.java:599)
	... 21 common frames omitted
Caused by: java.lang.ClassNotFoundException: org.springframework.cloud.client.loadbalancer.reactive.OnNoRibbonDefaultCondition
	at java.net.URLClassLoader.findClass(URLClassLoader.java:381)
	at java.lang.ClassLoader.loadClass(ClassLoader.java:424)
	at sun.misc.Launcher$AppClassLoader.loadClass(Launcher.java:331)
	at java.lang.ClassLoader.loadClass(ClassLoader.java:357)
	at java.lang.Class.forName0(Native Method)
	at java.lang.Class.forName(Class.java:348)
	at org.springframework.util.ClassUtils.forName(ClassUtils.java:284)
	at org.springframework.util.ClassUtils.resolveClassName(ClassUtils.java:324)
	... 28 common frames omitted

2021-04-02 15:56:28.925 ERROR 76 --- [main] o.s.boot.SpringApplication               SpringApplication.java:837: Application run failed

org.springframework.beans.factory.BeanDefinitionStoreException: Failed to process import candidates for configuration class [com.soft.usercenter.UserCenterApplication]; nested exception is java.lang.IllegalArgumentException: Could not find class [org.springframework.cloud.client.loadbalancer.reactive.OnNoRibbonDefaultCondition]
	at org.springframework.context.annotation.ConfigurationClassParser.processImports(ConfigurationClassParser.java:609)
	at org.springframework.context.annotation.ConfigurationClassParser.access$800(ConfigurationClassParser.java:110)
	at org.springframework.context.annotation.ConfigurationClassParser$DeferredImportSelectorGroupingHandler.lambda$processGroupImports$1(ConfigurationClassParser.java:811)
	at org.springframework.context.annotation.ConfigurationClassParser$DeferredImportSelectorGroupingHandler$$Lambda$148/32924170.accept(Unknown Source)
	at java.util.ArrayList.forEach(ArrayList.java:1249)
	at org.springframework.context.annotation.ConfigurationClassParser$DeferredImportSelectorGroupingHandler.processGroupImports(ConfigurationClassParser.java:808)
	at org.springframework.context.annotation.ConfigurationClassParser$DeferredImportSelectorHandler.process(ConfigurationClassParser.java:779)
	at org.springframework.context.annotation.ConfigurationClassParser.parse(ConfigurationClassParser.java:192)
	at org.springframework.context.annotation.ConfigurationClassPostProcessor.processConfigBeanDefinitions(ConfigurationClassPostProcessor.java:319)
	at org.springframework.context.annotation.ConfigurationClassPostProcessor.postProcessBeanDefinitionRegistry(ConfigurationClassPostProcessor.java:236)
	at org.springframework.context.support.PostProcessorRegistrationDelegate.invokeBeanDefinitionRegistryPostProcessors(PostProcessorRegistrationDelegate.java:280)
	at org.springframework.context.support.PostProcessorRegistrationDelegate.invokeBeanFactoryPostProcessors(PostProcessorRegistrationDelegate.java:96)
	at org.springframework.context.support.AbstractApplicationContext.invokeBeanFactoryPostProcessors(AbstractApplicationContext.java:707)
	at org.springframework.context.support.AbstractApplicationContext.refresh(AbstractApplicationContext.java:533)
	at org.springframework.boot.web.servlet.context.ServletWebServerApplicationContext.refresh(ServletWebServerApplicationContext.java:143)
	at org.springframework.boot.SpringApplication.refresh(SpringApplication.java:758)
	at org.springframework.boot.SpringApplication.refresh(SpringApplication.java:750)
	at org.springframework.boot.SpringApplication.refreshContext(SpringApplication.java:397)
	at org.springframework.boot.SpringApplication.run(SpringApplication.java:315)
	at org.springframework.boot.SpringApplication.run(SpringApplication.java:1237)
	at org.springframework.boot.SpringApplication.run(SpringApplication.java:1226)
	at com.soft.usercenter.UserCenterApplication.main(UserCenterApplication.java:21)
Caused by: java.lang.IllegalArgumentException: Could not find class [org.springframework.cloud.client.loadbalancer.reactive.OnNoRibbonDefaultCondition]
	at org.springframework.util.ClassUtils.resolveClassName(ClassUtils.java:334)
	at org.springframework.context.annotation.ConditionEvaluator.getCondition(ConditionEvaluator.java:124)
	at org.springframework.context.annotation.ConditionEvaluator.shouldSkip(ConditionEvaluator.java:96)
	at org.springframework.context.annotation.ConfigurationClassParser.processConfigurationClass(ConfigurationClassParser.java:225)
	at org.springframework.context.annotation.ConfigurationClassParser.processMemberClasses(ConfigurationClassParser.java:371)
	at org.springframework.context.annotation.ConfigurationClassParser.doProcessConfigurationClass(ConfigurationClassParser.java:271)
	at org.springframework.context.annotation.ConfigurationClassParser.processConfigurationClass(ConfigurationClassParser.java:249)
	at org.springframework.context.annotation.ConfigurationClassParser.processImports(ConfigurationClassParser.java:599)
	... 21 common frames omitted
Caused by: java.lang.ClassNotFoundException: org.springframework.cloud.client.loadbalancer.reactive.OnNoRibbonDefaultCondition
	at java.net.URLClassLoader.findClass(URLClassLoader.java:381)
	at java.lang.ClassLoader.loadClass(ClassLoader.java:424)
	at sun.misc.Launcher$AppClassLoader.loadClass(Launcher.java:331)
	at java.lang.ClassLoader.loadClass(ClassLoader.java:357)
	at java.lang.Class.forName0(Native Method)
	at java.lang.Class.forName(Class.java:348)
	at org.springframework.util.ClassUtils.forName(ClassUtils.java:284)
	at org.springframework.util.ClassUtils.resolveClassName(ClassUtils.java:324)
	... 28 common frames omitted

