2021-05-19 12:20:18.095  INFO 6888 --- [main] trationDelegate$BeanPostProcessorChecker : Bean 'org.springframework.cloud.autoconfigure.ConfigurationPropertiesRebinderAutoConfiguration' of type [org.springframework.cloud.autoconfigure.ConfigurationPropertiesRebinderAutoConfiguration] is not eligible for getting processed by all BeanPostProcessors (for example: not eligible for auto-proxying)
2021-05-19 12:20:18.683  INFO 6888 --- [main] c.soft.usercenter.UserCenterApplication  : No active profile set, falling back to default profiles: default
2021-05-19 12:20:20.396  INFO 6888 --- [main] .s.d.r.c.RepositoryConfigurationDelegate : Multiple Spring Data modules found, entering strict repository configuration mode!
2021-05-19 12:20:20.396  INFO 6888 --- [main] .s.d.r.c.RepositoryConfigurationDelegate : Bootstrapping Spring Data JPA repositories in DEFERRED mode.
2021-05-19 12:20:20.521  INFO 6888 --- [main] .s.d.r.c.RepositoryConfigurationDelegate : Finished Spring Data repository scanning in 114ms. Found 5 JPA repository interfaces.
2021-05-19 12:20:20.553  INFO 6888 --- [main] .s.d.r.c.RepositoryConfigurationDelegate : Multiple Spring Data modules found, entering strict repository configuration mode!
2021-05-19 12:20:20.553  INFO 6888 --- [main] .s.d.r.c.RepositoryConfigurationDelegate : Bootstrapping Spring Data Redis repositories in DEFAULT mode.
2021-05-19 12:20:20.584  INFO 6888 --- [main] .RepositoryConfigurationExtensionSupport : Spring Data Redis - Could not safely identify store assignment for repository candidate interface com.soft.usercenter.repository.HbCommentRepository. If you want this repository to be a Redis repository, consider annotating your entities with one of these annotations: org.springframework.data.redis.core.RedisHash (preferred), or consider extending one of the following types with your repository: org.springframework.data.keyvalue.repository.KeyValueRepository.
2021-05-19 12:20:20.584  INFO 6888 --- [main] .RepositoryConfigurationExtensionSupport : Spring Data Redis - Could not safely identify store assignment for repository candidate interface com.soft.usercenter.repository.HbGoodRepository. If you want this repository to be a Redis repository, consider annotating your entities with one of these annotations: org.springframework.data.redis.core.RedisHash (preferred), or consider extending one of the following types with your repository: org.springframework.data.keyvalue.repository.KeyValueRepository.
2021-05-19 12:20:20.584  INFO 6888 --- [main] .RepositoryConfigurationExtensionSupport : Spring Data Redis - Could not safely identify store assignment for repository candidate interface com.soft.usercenter.repository.HbOrderRepository. If you want this repository to be a Redis repository, consider annotating your entities with one of these annotations: org.springframework.data.redis.core.RedisHash (preferred), or consider extending one of the following types with your repository: org.springframework.data.keyvalue.repository.KeyValueRepository.
2021-05-19 12:20:20.584  INFO 6888 --- [main] .RepositoryConfigurationExtensionSupport : Spring Data Redis - Could not safely identify store assignment for repository candidate interface com.soft.usercenter.repository.HbStrategyRepository. If you want this repository to be a Redis repository, consider annotating your entities with one of these annotations: org.springframework.data.redis.core.RedisHash (preferred), or consider extending one of the following types with your repository: org.springframework.data.keyvalue.repository.KeyValueRepository.
2021-05-19 12:20:20.584  INFO 6888 --- [main] .RepositoryConfigurationExtensionSupport : Spring Data Redis - Could not safely identify store assignment for repository candidate interface com.soft.usercenter.repository.HbUserRepository. If you want this repository to be a Redis repository, consider annotating your entities with one of these annotations: org.springframework.data.redis.core.RedisHash (preferred), or consider extending one of the following types with your repository: org.springframework.data.keyvalue.repository.KeyValueRepository.
2021-05-19 12:20:20.584  INFO 6888 --- [main] .s.d.r.c.RepositoryConfigurationDelegate : Finished Spring Data repository scanning in 15ms. Found 0 Redis repository interfaces.
2021-05-19 12:20:20.979  INFO 6888 --- [main] o.s.cloud.context.scope.GenericScope     : BeanFactory id=9913dd3c-5bfb-3d0c-b1ed-81b6501ad54b
2021-05-19 12:20:21.316  INFO 6888 --- [main] trationDelegate$BeanPostProcessorChecker : Bean 'org.springframework.cloud.autoconfigure.ConfigurationPropertiesRebinderAutoConfiguration' of type [org.springframework.cloud.autoconfigure.ConfigurationPropertiesRebinderAutoConfiguration] is not eligible for getting processed by all BeanPostProcessors (for example: not eligible for auto-proxying)
2021-05-19 12:20:22.219  INFO 6888 --- [main] o.s.b.w.embedded.tomcat.TomcatWebServer  : Tomcat initialized with port(s): 8082 (http)
2021-05-19 12:20:22.250  INFO 6888 --- [main] o.apache.catalina.core.StandardService   : Starting service [Tomcat]
2021-05-19 12:20:22.250  INFO 6888 --- [main] org.apache.catalina.core.StandardEngine  : Starting Servlet engine: [Apache Tomcat/9.0.37]
2021-05-19 12:20:22.867  INFO 6888 --- [main] o.a.c.c.C.[Tomcat].[localhost].[/]       : Initializing Spring embedded WebApplicationContext
2021-05-19 12:20:22.868  INFO 6888 --- [main] w.s.c.ServletWebServerApplicationContext : Root WebApplicationContext: initialization completed in 4183 ms
2021-05-19 12:20:23.511  INFO 6888 --- [main] o.s.s.concurrent.ThreadPoolTaskExecutor  : Initializing ExecutorService 'applicationTaskExecutor'
2021-05-19 12:20:23.713  INFO 6888 --- [task-1] o.hibernate.jpa.internal.util.LogHelper  : HHH000204: Processing PersistenceUnitInfo [name: default]
2021-05-19 12:20:23.889  INFO 6888 --- [task-1] org.hibernate.Version                    : HHH000412: Hibernate ORM core version 5.4.20.Final
2021-05-19 12:20:24.368  INFO 6888 --- [task-1] o.hibernate.annotations.common.Version   : HCANN000001: Hibernate Commons Annotations {5.1.0.Final}
2021-05-19 12:20:24.731  INFO 6888 --- [task-1] com.zaxxer.hikari.HikariDataSource       : HikariPool-1 - Starting...
2021-05-19 12:20:25.333  INFO 6888 --- [task-1] com.zaxxer.hikari.HikariDataSource       : HikariPool-1 - Start completed.
2021-05-19 12:20:25.365  INFO 6888 --- [task-1] org.hibernate.dialect.Dialect            : HHH000400: Using dialect: org.hibernate.dialect.MySQL5InnoDBDialect
2021-05-19 12:20:27.865  INFO 6888 --- [task-1] o.h.e.t.j.p.i.JtaPlatformInitiator       : HHH000490: Using JtaPlatform implementation: [org.hibernate.engine.transaction.jta.platform.internal.NoJtaPlatform]
2021-05-19 12:20:27.890  INFO 6888 --- [task-1] j.LocalContainerEntityManagerFactoryBean : Initialized JPA EntityManagerFactory for persistence unit 'default'
2021-05-19 12:20:30.693  WARN 6888 --- [main] JpaBaseConfiguration$JpaWebConfiguration : spring.jpa.open-in-view is enabled by default. Therefore, database queries may be performed during view rendering. Explicitly configure spring.jpa.open-in-view to disable this warning
2021-05-19 12:20:31.235  INFO 6888 --- [main] pertySourcedRequestMappingHandlerMapping : Mapped URL path [/v2/api-docs] onto method [springfox.documentation.swagger2.web.Swagger2Controller#getDocumentation(String, HttpServletRequest)]
2021-05-19 12:20:31.367  WARN 6888 --- [main] c.n.c.sources.URLConfigurationSource     : No URLs will be polled as dynamic configuration sources.
2021-05-19 12:20:31.368  INFO 6888 --- [main] c.n.c.sources.URLConfigurationSource     : To enable URLs as dynamic configuration sources, define System property archaius.configurationSource.additionalUrls or make config.properties available on classpath.
2021-05-19 12:20:31.381  WARN 6888 --- [main] c.n.c.sources.URLConfigurationSource     : No URLs will be polled as dynamic configuration sources.
2021-05-19 12:20:31.381  INFO 6888 --- [main] c.n.c.sources.URLConfigurationSource     : To enable URLs as dynamic configuration sources, define System property archaius.configurationSource.additionalUrls or make config.properties available on classpath.
2021-05-19 12:20:32.388  INFO 6888 --- [main] o.s.s.c.ThreadPoolTaskScheduler          : Initializing ExecutorService 'Nacso-Watch-Task-Scheduler'
2021-05-19 12:20:33.764  INFO 6888 --- [main] o.s.b.w.embedded.tomcat.TomcatWebServer  : Tomcat started on port(s): 8082 (http) with context path ''
2021-05-19 12:20:34.864  INFO 6888 --- [main] c.a.c.n.registry.NacosServiceRegistry    : nacos registry, DEFAULT_GROUP user-center 10.20.172.190:8082 register finished
2021-05-19 12:20:35.344  INFO 6888 --- [main] d.s.w.p.DocumentationPluginsBootstrapper : Context refreshed
2021-05-19 12:20:35.376  INFO 6888 --- [main] d.s.w.p.DocumentationPluginsBootstrapper : Found 1 custom documentation plugin(s)
2021-05-19 12:20:35.422  INFO 6888 --- [main] s.d.s.w.s.ApiListingReferenceScanner     : Scanning for api listing references
2021-05-19 12:20:35.641  INFO 6888 --- [main] DeferredRepositoryInitializationListener : Triggering deferred initialization of Spring Data repositories…
2021-05-19 12:20:35.720  INFO 6888 --- [main] DeferredRepositoryInitializationListener : Spring Data repositories initialized!
2021-05-19 12:20:35.727  INFO 6888 --- [main] c.soft.usercenter.UserCenterApplication  : Started UserCenterApplication in 19.1 seconds (JVM running for 21.588)
2021-05-19 18:22:40.768  WARN 6888 --- [HikariPool-1 housekeeper] com.zaxxer.hikari.pool.HikariPool        : HikariPool-1 - Thread starvation or clock leap detected (housekeeper delta=1h10m40s406ms418µs600ns).
