2021-04-11 14:07:28.613  WARN 30424 --- [HikariPool-1 housekeeper] com.zaxxer.hikari.pool.HikariPool        : HikariPool-1 - Thread starvation or clock leap detected (housekeeper delta=17h29m4s993ms99µs100ns).
2021-04-11 14:36:39.232  INFO 30424 --- [http-nio-8082-exec-1] c.s.u.controller.HbUserController        : 访问getInfoById接口
2021-04-11 14:36:39.233  INFO 30424 --- [http-nio-8082-exec-1] c.s.u.controller.HbUserController        : userId1
2021-04-11 14:36:42.981  INFO 30424 --- [http-nio-8082-exec-4] c.s.u.controller.HbUserController        : 访问getInfoById接口
2021-04-11 14:36:42.982  INFO 30424 --- [http-nio-8082-exec-4] c.s.u.controller.HbUserController        : userId1
2021-04-11 14:36:43.660  INFO 30424 --- [http-nio-8082-exec-6] c.s.u.controller.HbUserController        : 访问getInfoById接口
2021-04-11 14:36:43.660  INFO 30424 --- [http-nio-8082-exec-6] c.s.u.controller.HbUserController        : userId1
2021-04-11 14:36:44.690  INFO 30424 --- [http-nio-8082-exec-7] c.s.u.controller.HbUserController        : 访问getInfoById接口
2021-04-11 14:36:44.690  INFO 30424 --- [http-nio-8082-exec-7] c.s.u.controller.HbUserController        : userId1
2021-04-11 14:36:44.958  INFO 30424 --- [http-nio-8082-exec-10] c.s.u.controller.HbUserController        : 访问getInfoById接口
2021-04-11 14:36:44.958  INFO 30424 --- [http-nio-8082-exec-10] c.s.u.controller.HbUserController        : userId1
2021-04-11 14:36:45.458  INFO 30424 --- [http-nio-8082-exec-3] c.s.u.controller.HbUserController        : 访问getInfoById接口
2021-04-11 14:36:45.458  INFO 30424 --- [http-nio-8082-exec-3] c.s.u.controller.HbUserController        : userId1
2021-04-11 14:36:45.586  INFO 30424 --- [http-nio-8082-exec-2] c.s.u.controller.HbUserController        : 访问getInfoById接口
2021-04-11 14:36:45.586  INFO 30424 --- [http-nio-8082-exec-2] c.s.u.controller.HbUserController        : userId1
2021-04-11 14:36:45.714  INFO 30424 --- [http-nio-8082-exec-8] c.s.u.controller.HbUserController        : 访问getInfoById接口
2021-04-11 14:36:45.715  INFO 30424 --- [http-nio-8082-exec-8] c.s.u.controller.HbUserController        : userId1
2021-04-11 19:58:21.596  INFO 30424 --- [http-nio-8082-exec-4] c.s.u.controller.HbUserController        : 访问getInfoById接口
2021-04-11 19:58:21.597  INFO 30424 --- [http-nio-8082-exec-4] c.s.u.controller.HbUserController        : userId1
2021-04-11 20:10:11.556  INFO 30424 --- [http-nio-8082-exec-10] c.s.u.controller.HbUserController        : 访问getInfoById接口
2021-04-11 20:10:11.556  INFO 30424 --- [http-nio-8082-exec-10] c.s.u.controller.HbUserController        : userId1
2021-04-11 20:24:18.653  INFO 30424 --- [http-nio-8082-exec-8] c.s.u.controller.HbUserController        : 访问getInfoById接口
2021-04-11 20:24:18.654  INFO 30424 --- [http-nio-8082-exec-8] c.s.u.controller.HbUserController        : userId1
2021-04-11 20:25:39.594  INFO 30424 --- [http-nio-8082-exec-1] c.s.u.controller.HbUserController        : 访问login接口
2021-04-11 20:25:39.595  INFO 30424 --- [http-nio-8082-exec-1] c.s.u.controller.HbUserController        : loginDtoLoginDto(username=ntt, password=123)
2021-04-11 20:25:39.595  INFO 30424 --- [http-nio-8082-exec-1] c.s.u.service.impl.HbUserServiceImpl     : loginDto:ntt*********123
2021-04-11 20:25:39.648  INFO 30424 --- [http-nio-8082-exec-1] c.s.u.service.impl.HbUserServiceImpl     : 登录成功
2021-04-11 20:25:39.650  INFO 30424 --- [http-nio-8082-exec-1] c.s.u.service.impl.HbUserServiceImpl     : 生成的tokeneyJhbGciOiJIUzI1NiJ9.eyJleHAiOjE2MTk0Mzk5MzksInVzZXJuYW1lIjoibnR0In0.rSL6iABfyZzQP667V3f5m7mRUtiAGD_NC_ez6OvQTl8
2021-04-11 20:25:42.661  INFO 30424 --- [http-nio-8082-exec-6] c.s.u.controller.HbUserController        : 访问getInfoById接口
2021-04-11 20:25:42.662  INFO 30424 --- [http-nio-8082-exec-6] c.s.u.controller.HbUserController        : userId1
2021-04-11 20:25:51.429  INFO 30424 --- [http-nio-8082-exec-7] c.s.u.controller.HbUserController        : 访问getInfoById接口
2021-04-11 20:25:51.429  INFO 30424 --- [http-nio-8082-exec-7] c.s.u.controller.HbUserController        : userId1
2021-04-11 20:25:51.802  INFO 30424 --- [http-nio-8082-exec-10] c.s.u.controller.HbUserController        : 访问getInfoById接口
2021-04-11 20:25:51.803  INFO 30424 --- [http-nio-8082-exec-10] c.s.u.controller.HbUserController        : userId1
2021-04-11 20:25:52.036  INFO 30424 --- [http-nio-8082-exec-3] c.s.u.controller.HbUserController        : 访问getInfoById接口
2021-04-11 20:25:52.036  INFO 30424 --- [http-nio-8082-exec-3] c.s.u.controller.HbUserController        : userId1
2021-04-11 20:25:52.482  INFO 30424 --- [http-nio-8082-exec-2] c.s.u.controller.HbUserController        : 访问getInfoById接口
2021-04-11 20:25:52.483  INFO 30424 --- [http-nio-8082-exec-2] c.s.u.controller.HbUserController        : userId1
2021-04-11 20:25:52.666  INFO 30424 --- [http-nio-8082-exec-8] c.s.u.controller.HbUserController        : 访问getInfoById接口
2021-04-11 20:25:52.666  INFO 30424 --- [http-nio-8082-exec-8] c.s.u.controller.HbUserController        : userId1
2021-04-11 20:25:52.891  INFO 30424 --- [http-nio-8082-exec-9] c.s.u.controller.HbUserController        : 访问getInfoById接口
2021-04-11 20:25:52.891  INFO 30424 --- [http-nio-8082-exec-9] c.s.u.controller.HbUserController        : userId1
2021-04-11 20:25:53.193  INFO 30424 --- [http-nio-8082-exec-5] c.s.u.controller.HbUserController        : 访问getInfoById接口
2021-04-11 20:25:53.194  INFO 30424 --- [http-nio-8082-exec-5] c.s.u.controller.HbUserController        : userId1
2021-04-11 20:29:59.782  INFO 30424 --- [http-nio-8082-exec-6] c.s.u.controller.HbUserController        : 访问getInfoById接口
2021-04-11 20:29:59.783  INFO 30424 --- [http-nio-8082-exec-6] c.s.u.controller.HbUserController        : userId1
2021-04-11 20:30:00.169  INFO 30424 --- [http-nio-8082-exec-7] c.s.u.controller.HbUserController        : 访问getInfoById接口
2021-04-11 20:30:00.169  INFO 30424 --- [http-nio-8082-exec-7] c.s.u.controller.HbUserController        : userId1
2021-04-11 20:30:00.486  INFO 30424 --- [http-nio-8082-exec-10] c.s.u.controller.HbUserController        : 访问getInfoById接口
2021-04-11 20:30:00.487  INFO 30424 --- [http-nio-8082-exec-10] c.s.u.controller.HbUserController        : userId1
2021-04-11 20:30:00.751  INFO 30424 --- [http-nio-8082-exec-3] c.s.u.controller.HbUserController        : 访问getInfoById接口
2021-04-11 20:30:00.751  INFO 30424 --- [http-nio-8082-exec-3] c.s.u.controller.HbUserController        : userId1
2021-04-11 20:30:00.982  INFO 30424 --- [http-nio-8082-exec-2] c.s.u.controller.HbUserController        : 访问getInfoById接口
2021-04-11 20:30:00.983  INFO 30424 --- [http-nio-8082-exec-2] c.s.u.controller.HbUserController        : userId1
2021-04-11 20:30:01.122  INFO 30424 --- [http-nio-8082-exec-8] c.s.u.controller.HbUserController        : 访问getInfoById接口
2021-04-11 20:30:01.123  INFO 30424 --- [http-nio-8082-exec-8] c.s.u.controller.HbUserController        : userId1
2021-04-11 20:30:01.250  INFO 30424 --- [http-nio-8082-exec-9] c.s.u.controller.HbUserController        : 访问getInfoById接口
2021-04-11 20:30:01.251  INFO 30424 --- [http-nio-8082-exec-9] c.s.u.controller.HbUserController        : userId1
2021-04-11 23:32:29.304  WARN 30424 --- [HikariPool-1 housekeeper] com.zaxxer.hikari.pool.HikariPool        : HikariPool-1 - Thread starvation or clock leap detected (housekeeper delta=3h24s215ms526µs200ns).
