2021-05-31 14:06:33.238  INFO 11908 --- [main] trationDelegate$BeanPostProcessorChecker : Bean 'org.springframework.cloud.autoconfigure.ConfigurationPropertiesRebinderAutoConfiguration' of type [org.springframework.cloud.autoconfigure.ConfigurationPropertiesRebinderAutoConfiguration] is not eligible for getting processed by all BeanPostProcessors (for example: not eligible for auto-proxying)
2021-05-31 14:06:34.502  INFO 11908 --- [main] c.soft.usercenter.UserCenterApplication  : No active profile set, falling back to default profiles: default
2021-05-31 14:06:37.670  INFO 11908 --- [main] .s.d.r.c.RepositoryConfigurationDelegate : Multiple Spring Data modules found, entering strict repository configuration mode!
2021-05-31 14:06:37.670  INFO 11908 --- [main] .s.d.r.c.RepositoryConfigurationDelegate : Bootstrapping Spring Data JPA repositories in DEFERRED mode.
2021-05-31 14:06:37.951  INFO 11908 --- [main] .s.d.r.c.RepositoryConfigurationDelegate : Finished Spring Data repository scanning in 258ms. Found 5 JPA repository interfaces.
2021-05-31 14:06:37.982  INFO 11908 --- [main] .s.d.r.c.RepositoryConfigurationDelegate : Multiple Spring Data modules found, entering strict repository configuration mode!
2021-05-31 14:06:37.982  INFO 11908 --- [main] .s.d.r.c.RepositoryConfigurationDelegate : Bootstrapping Spring Data Redis repositories in DEFAULT mode.
2021-05-31 14:06:38.029  INFO 11908 --- [main] .RepositoryConfigurationExtensionSupport : Spring Data Redis - Could not safely identify store assignment for repository candidate interface com.soft.usercenter.repository.HbCommentRepository. If you want this repository to be a Redis repository, consider annotating your entities with one of these annotations: org.springframework.data.redis.core.RedisHash (preferred), or consider extending one of the following types with your repository: org.springframework.data.keyvalue.repository.KeyValueRepository.
2021-05-31 14:06:38.029  INFO 11908 --- [main] .RepositoryConfigurationExtensionSupport : Spring Data Redis - Could not safely identify store assignment for repository candidate interface com.soft.usercenter.repository.HbGoodRepository. If you want this repository to be a Redis repository, consider annotating your entities with one of these annotations: org.springframework.data.redis.core.RedisHash (preferred), or consider extending one of the following types with your repository: org.springframework.data.keyvalue.repository.KeyValueRepository.
2021-05-31 14:06:38.029  INFO 11908 --- [main] .RepositoryConfigurationExtensionSupport : Spring Data Redis - Could not safely identify store assignment for repository candidate interface com.soft.usercenter.repository.HbOrderRepository. If you want this repository to be a Redis repository, consider annotating your entities with one of these annotations: org.springframework.data.redis.core.RedisHash (preferred), or consider extending one of the following types with your repository: org.springframework.data.keyvalue.repository.KeyValueRepository.
2021-05-31 14:06:38.029  INFO 11908 --- [main] .RepositoryConfigurationExtensionSupport : Spring Data Redis - Could not safely identify store assignment for repository candidate interface com.soft.usercenter.repository.HbStrategyRepository. If you want this repository to be a Redis repository, consider annotating your entities with one of these annotations: org.springframework.data.redis.core.RedisHash (preferred), or consider extending one of the following types with your repository: org.springframework.data.keyvalue.repository.KeyValueRepository.
2021-05-31 14:06:38.029  INFO 11908 --- [main] .RepositoryConfigurationExtensionSupport : Spring Data Redis - Could not safely identify store assignment for repository candidate interface com.soft.usercenter.repository.HbUserRepository. If you want this repository to be a Redis repository, consider annotating your entities with one of these annotations: org.springframework.data.redis.core.RedisHash (preferred), or consider extending one of the following types with your repository: org.springframework.data.keyvalue.repository.KeyValueRepository.
2021-05-31 14:06:38.029  INFO 11908 --- [main] .s.d.r.c.RepositoryConfigurationDelegate : Finished Spring Data repository scanning in 24ms. Found 0 Redis repository interfaces.
2021-05-31 14:06:38.530  INFO 11908 --- [main] o.s.cloud.context.scope.GenericScope     : BeanFactory id=9913dd3c-5bfb-3d0c-b1ed-81b6501ad54b
2021-05-31 14:06:38.796  INFO 11908 --- [main] trationDelegate$BeanPostProcessorChecker : Bean 'org.springframework.cloud.autoconfigure.ConfigurationPropertiesRebinderAutoConfiguration' of type [org.springframework.cloud.autoconfigure.ConfigurationPropertiesRebinderAutoConfiguration] is not eligible for getting processed by all BeanPostProcessors (for example: not eligible for auto-proxying)
2021-05-31 14:06:39.514  INFO 11908 --- [main] o.s.b.w.embedded.tomcat.TomcatWebServer  : Tomcat initialized with port(s): 8082 (http)
2021-05-31 14:06:39.561  INFO 11908 --- [main] o.apache.catalina.core.StandardService   : Starting service [Tomcat]
2021-05-31 14:06:39.561  INFO 11908 --- [main] org.apache.catalina.core.StandardEngine  : Starting Servlet engine: [Apache Tomcat/9.0.37]
2021-05-31 14:06:40.046  INFO 11908 --- [main] o.a.c.c.C.[Tomcat].[localhost].[/]       : Initializing Spring embedded WebApplicationContext
2021-05-31 14:06:40.061  INFO 11908 --- [main] w.s.c.ServletWebServerApplicationContext : Root WebApplicationContext: initialization completed in 5528 ms
2021-05-31 14:06:40.764  INFO 11908 --- [main] o.s.s.concurrent.ThreadPoolTaskExecutor  : Initializing ExecutorService 'applicationTaskExecutor'
2021-05-31 14:06:41.042  INFO 11908 --- [task-1] o.hibernate.jpa.internal.util.LogHelper  : HHH000204: Processing PersistenceUnitInfo [name: default]
2021-05-31 14:06:41.214  INFO 11908 --- [task-1] org.hibernate.Version                    : HHH000412: Hibernate ORM core version 5.4.20.Final
2021-05-31 14:06:41.651  INFO 11908 --- [task-1] o.hibernate.annotations.common.Version   : HCANN000001: Hibernate Commons Annotations {5.1.0.Final}
2021-05-31 14:06:41.886  INFO 11908 --- [task-1] com.zaxxer.hikari.HikariDataSource       : HikariPool-1 - Starting...
2021-05-31 14:06:42.589  INFO 11908 --- [task-1] com.zaxxer.hikari.HikariDataSource       : HikariPool-1 - Start completed.
2021-05-31 14:06:42.636  INFO 11908 --- [task-1] org.hibernate.dialect.Dialect            : HHH000400: Using dialect: org.hibernate.dialect.MySQL5InnoDBDialect
2021-05-31 14:06:44.859  INFO 11908 --- [task-1] o.h.e.t.j.p.i.JtaPlatformInitiator       : HHH000490: Using JtaPlatform implementation: [org.hibernate.engine.transaction.jta.platform.internal.NoJtaPlatform]
2021-05-31 14:06:44.878  INFO 11908 --- [task-1] j.LocalContainerEntityManagerFactoryBean : Initialized JPA EntityManagerFactory for persistence unit 'default'
2021-05-31 14:06:46.664  WARN 11908 --- [main] JpaBaseConfiguration$JpaWebConfiguration : spring.jpa.open-in-view is enabled by default. Therefore, database queries may be performed during view rendering. Explicitly configure spring.jpa.open-in-view to disable this warning
2021-05-31 14:06:46.836  INFO 11908 --- [main] pertySourcedRequestMappingHandlerMapping : Mapped URL path [/v2/api-docs] onto method [springfox.documentation.swagger2.web.Swagger2Controller#getDocumentation(String, HttpServletRequest)]
2021-05-31 14:06:46.867  WARN 11908 --- [main] c.n.c.sources.URLConfigurationSource     : No URLs will be polled as dynamic configuration sources.
2021-05-31 14:06:46.867  INFO 11908 --- [main] c.n.c.sources.URLConfigurationSource     : To enable URLs as dynamic configuration sources, define System property archaius.configurationSource.additionalUrls or make config.properties available on classpath.
2021-05-31 14:06:46.882  WARN 11908 --- [main] c.n.c.sources.URLConfigurationSource     : No URLs will be polled as dynamic configuration sources.
2021-05-31 14:06:46.882  INFO 11908 --- [main] c.n.c.sources.URLConfigurationSource     : To enable URLs as dynamic configuration sources, define System property archaius.configurationSource.additionalUrls or make config.properties available on classpath.
2021-05-31 14:06:47.524  INFO 11908 --- [main] o.s.s.c.ThreadPoolTaskScheduler          : Initializing ExecutorService 'Nacso-Watch-Task-Scheduler'
2021-05-31 14:06:48.794  INFO 11908 --- [main] o.s.b.w.embedded.tomcat.TomcatWebServer  : Tomcat started on port(s): 8082 (http) with context path ''
2021-05-31 14:06:48.935  INFO 11908 --- [main] c.a.c.n.registry.NacosServiceRegistry    : nacos registry, DEFAULT_GROUP user-center 10.20.88.25:8082 register finished
2021-05-31 14:06:49.342  INFO 11908 --- [main] d.s.w.p.DocumentationPluginsBootstrapper : Context refreshed
2021-05-31 14:06:49.371  INFO 11908 --- [main] d.s.w.p.DocumentationPluginsBootstrapper : Found 1 custom documentation plugin(s)
2021-05-31 14:06:49.402  INFO 11908 --- [main] s.d.s.w.s.ApiListingReferenceScanner     : Scanning for api listing references
2021-05-31 14:06:49.606  INFO 11908 --- [main] DeferredRepositoryInitializationListener : Triggering deferred initialization of Spring Data repositories…
2021-05-31 14:06:49.731  INFO 11908 --- [main] DeferredRepositoryInitializationListener : Spring Data repositories initialized!
2021-05-31 14:06:49.731  INFO 11908 --- [main] c.soft.usercenter.UserCenterApplication  : Started UserCenterApplication in 18.141 seconds (JVM running for 19.424)
2021-05-31 15:51:56.320  INFO 11908 --- [http-nio-8082-exec-1] o.a.c.c.C.[Tomcat].[localhost].[/]       : Initializing Spring DispatcherServlet 'dispatcherServlet'
2021-05-31 15:51:56.322  INFO 11908 --- [http-nio-8082-exec-1] o.s.web.servlet.DispatcherServlet        : Initializing Servlet 'dispatcherServlet'
2021-05-31 15:51:56.364  INFO 11908 --- [http-nio-8082-exec-1] o.s.web.servlet.DispatcherServlet        : Completed initialization in 41 ms
2021-05-31 15:51:56.529  INFO 11908 --- [http-nio-8082-exec-2] c.s.u.controller.HbUserController        : 访问login接口
2021-05-31 15:51:56.529  INFO 11908 --- [http-nio-8082-exec-2] c.s.u.controller.HbUserController        : loginDtoLoginDto(username=ntt, password=123)
2021-05-31 15:51:56.529  INFO 11908 --- [http-nio-8082-exec-2] c.s.u.service.impl.HbUserServiceImpl     : loginDto:ntt*********123
2021-05-31 15:51:56.888  INFO 11908 --- [http-nio-8082-exec-2] c.s.u.service.impl.HbUserServiceImpl     : 登录成功
2021-05-31 15:51:56.982  INFO 11908 --- [http-nio-8082-exec-2] c.s.u.service.impl.HbUserServiceImpl     : 生成的tokeneyJhbGciOiJIUzI1NiJ9.eyJleHAiOjE2MjM3NDM1MTYsInVzZXJuYW1lIjoibnR0In0.VidwpJpwcc4TsAQPQSzSc8ePyfWqUIliOh_7elRX61U
2021-05-31 17:15:27.742  INFO 11908 --- [http-nio-8082-exec-5] c.s.u.controller.HbUserController        : 访问login接口
2021-05-31 17:15:27.746  INFO 11908 --- [http-nio-8082-exec-5] c.s.u.controller.HbUserController        : loginDtoLoginDto(username=ntt, password=123)
2021-05-31 17:15:27.746  INFO 11908 --- [http-nio-8082-exec-5] c.s.u.service.impl.HbUserServiceImpl     : loginDto:ntt*********123
2021-05-31 17:15:27.792  INFO 11908 --- [http-nio-8082-exec-5] c.s.u.service.impl.HbUserServiceImpl     : 登录成功
2021-05-31 17:15:27.797  INFO 11908 --- [http-nio-8082-exec-5] c.s.u.service.impl.HbUserServiceImpl     : 生成的tokeneyJhbGciOiJIUzI1NiJ9.eyJleHAiOjE2MjM3NDg1MjcsInVzZXJuYW1lIjoibnR0In0.BLPfJqzBwQ8QAGa-R7lR1Ui8qCGSQ3ZSr986Uffm0xY
2021-05-31 17:15:42.804  INFO 11908 --- [http-nio-8082-exec-8] c.s.u.controller.SmsApiController        : 访问 /sendCode 接口
2021-05-31 17:15:42.805  INFO 11908 --- [http-nio-8082-exec-8] c.s.u.controller.SmsApiController        : -----/sendCode-----请求参数：SmsPhoneDto(phoneNumber=18851699003)**1**
2021-05-31 17:19:18.453  INFO 11908 --- [http-nio-8082-exec-1] c.s.u.controller.HbUserController        : 访问login接口
2021-05-31 17:19:18.454  INFO 11908 --- [http-nio-8082-exec-1] c.s.u.controller.HbUserController        : loginDtoLoginDto(username=ntt, password=123)
2021-05-31 17:19:18.454  INFO 11908 --- [http-nio-8082-exec-1] c.s.u.service.impl.HbUserServiceImpl     : loginDto:ntt*********123
2021-05-31 17:19:18.502  INFO 11908 --- [http-nio-8082-exec-1] c.s.u.service.impl.HbUserServiceImpl     : 登录成功
2021-05-31 17:19:18.504  INFO 11908 --- [http-nio-8082-exec-1] c.s.u.service.impl.HbUserServiceImpl     : 生成的tokeneyJhbGciOiJIUzI1NiJ9.eyJleHAiOjE2MjM3NDg3NTgsInVzZXJuYW1lIjoibnR0In0.XrkiWWsdch_wXldeF83hCmsl9neF2-f363CVafSXTds
2021-05-31 17:28:10.514  INFO 11908 --- [http-nio-8082-exec-10] c.s.u.controller.SmsApiController        : 访问 /sendCode 接口
2021-05-31 17:28:10.516  INFO 11908 --- [http-nio-8082-exec-10] c.s.u.controller.SmsApiController        : -----/sendCode-----请求参数：SmsPhoneDto(phoneNumber=18851699003)**1**
2021-05-31 17:41:38.240  INFO 11908 --- [http-nio-8082-exec-5] c.s.u.controller.SmsApiController        : 访问 /sendCode 接口
2021-05-31 17:41:38.243  INFO 11908 --- [http-nio-8082-exec-5] c.s.u.controller.SmsApiController        : -----/sendCode-----请求参数：SmsPhoneDto(phoneNumber=18851699003)**1**
2021-05-31 17:42:04.093  INFO 11908 --- [http-nio-8082-exec-7] c.s.u.service.impl.SendSmsServiceImpl    : 传来的数据,verifyPhone,VerifyPhoneDto(phoneNumber=18851699003, verifyCode=e397)**1**
2021-05-31 17:42:04.097  INFO 11908 --- [http-nio-8082-exec-7] c.s.u.service.impl.SendSmsServiceImpl    : 缓存的验证码,verifyCode,e397**1**
2021-05-31 17:42:04.481  INFO 11908 --- [http-nio-8082-exec-7] c.s.u.service.impl.HbUserServiceImpl     : 生成的tokeneyJhbGciOiJIUzI1NiJ9.eyJleHAiOjE2MjM3NTAxMjQsInVzZXJuYW1lIjoiIn0.t4ycHdtA62ZjcDCohbksJywXtGP0b8Ao5rEX2rXiuJk
2021-05-31 17:42:57.193  INFO 11908 --- [http-nio-8082-exec-1] c.s.u.controller.SmsApiController        : 访问 /sendCode 接口
2021-05-31 17:42:57.195  INFO 11908 --- [http-nio-8082-exec-1] c.s.u.controller.SmsApiController        : -----/sendCode-----请求参数：SmsPhoneDto(phoneNumber=18851699003)**1**
2021-05-31 17:43:11.420  INFO 11908 --- [http-nio-8082-exec-9] c.s.u.service.impl.SendSmsServiceImpl    : 传来的数据,verifyPhone,VerifyPhoneDto(phoneNumber=18851699003, verifyCode=e397)**1**
2021-05-31 17:43:11.427  INFO 11908 --- [http-nio-8082-exec-9] c.s.u.service.impl.SendSmsServiceImpl    : 缓存的验证码,verifyCode,e397**1**
2021-05-31 17:43:11.541  INFO 11908 --- [http-nio-8082-exec-9] c.s.u.service.impl.HbUserServiceImpl     : 生成的tokeneyJhbGciOiJIUzI1NiJ9.eyJleHAiOjE2MjM3NTAxOTEsInVzZXJuYW1lIjoiIn0.2D8I88P0f6ydoDmvDJMCYBAS6PbQ0ruZ8fWjZZBhVz8
2021-05-31 17:45:10.149  INFO 11908 --- [http-nio-8082-exec-6] c.s.u.controller.HbUserController        : 访问login接口
2021-05-31 17:45:10.150  INFO 11908 --- [http-nio-8082-exec-6] c.s.u.controller.HbUserController        : loginDtoLoginDto(username=ntt, password=123)
2021-05-31 17:45:10.150  INFO 11908 --- [http-nio-8082-exec-6] c.s.u.service.impl.HbUserServiceImpl     : loginDto:ntt*********123
2021-05-31 17:45:10.198  INFO 11908 --- [http-nio-8082-exec-6] c.s.u.service.impl.HbUserServiceImpl     : 登录成功
2021-05-31 17:45:10.200  INFO 11908 --- [http-nio-8082-exec-6] c.s.u.service.impl.HbUserServiceImpl     : 生成的tokeneyJhbGciOiJIUzI1NiJ9.eyJleHAiOjE2MjM3NTAzMTAsInVzZXJuYW1lIjoibnR0In0.5va9fLHwwwvIAiCkzNQNfuW1e8wmq0Da708k1vmqaFk
2021-05-31 17:45:34.350  INFO 11908 --- [http-nio-8082-exec-2] c.s.u.controller.SmsApiController        : 访问 /sendCode 接口
2021-05-31 17:45:34.351  INFO 11908 --- [http-nio-8082-exec-2] c.s.u.controller.SmsApiController        : -----/sendCode-----请求参数：SmsPhoneDto(phoneNumber=18851699003)**1**
2021-05-31 17:45:44.849  INFO 11908 --- [http-nio-8082-exec-8] c.s.u.service.impl.SendSmsServiceImpl    : 传来的数据,verifyPhone,VerifyPhoneDto(phoneNumber=18851699003, verifyCode=e397)**1**
2021-05-31 17:45:44.853  INFO 11908 --- [http-nio-8082-exec-8] c.s.u.service.impl.SendSmsServiceImpl    : 缓存的验证码,verifyCode,e397**1**
2021-05-31 17:45:44.970  INFO 11908 --- [http-nio-8082-exec-8] c.s.u.service.impl.HbUserServiceImpl     : 生成的tokeneyJhbGciOiJIUzI1NiJ9.eyJleHAiOjE2MjM3NTAzNDQsInVzZXJuYW1lIjoiIn0.NdQzAEXZMUTRtwRBZaJfZenfBnJca-gN6dfaRzMlSlg
2021-05-31 17:46:24.214  INFO 11908 --- [http-nio-8082-exec-5] c.s.u.service.impl.SendSmsServiceImpl    : 传来的数据,verifyPhone,VerifyPhoneDto(phoneNumber=18851699003, verifyCode=e397)**1**
2021-05-31 17:46:24.220  INFO 11908 --- [http-nio-8082-exec-5] c.s.u.service.impl.SendSmsServiceImpl    : 缓存的验证码,verifyCode,e397**1**
2021-05-31 17:46:24.347  INFO 11908 --- [http-nio-8082-exec-5] c.s.u.service.impl.HbUserServiceImpl     : 生成的tokeneyJhbGciOiJIUzI1NiJ9.eyJleHAiOjE2MjM3NTAzODQsInVzZXJuYW1lIjoiIn0.upSaFi59SpolNCpNwZw_KHj24BNj6Z6E9hlwTqdNCJI
2021-05-31 19:40:01.299  WARN 11908 --- [HikariPool-1 housekeeper] com.zaxxer.hikari.pool.HikariPool        : HikariPool-1 - Thread starvation or clock leap detected (housekeeper delta=51m43s994ms681µs700ns).
