2021-04-16 09:49:35.514  INFO 25596 --- [main] trationDelegate$BeanPostProcessorChecker : Bean 'org.springframework.cloud.autoconfigure.ConfigurationPropertiesRebinderAutoConfiguration' of type [org.springframework.cloud.autoconfigure.ConfigurationPropertiesRebinderAutoConfiguration] is not eligible for getting processed by all BeanPostProcessors (for example: not eligible for auto-proxying)
2021-04-16 09:49:36.030  INFO 25596 --- [main] c.soft.usercenter.UserCenterApplication  : No active profile set, falling back to default profiles: default
2021-04-16 09:49:37.342  INFO 25596 --- [main] .s.d.r.c.RepositoryConfigurationDelegate : Multiple Spring Data modules found, entering strict repository configuration mode!
2021-04-16 09:49:37.342  INFO 25596 --- [main] .s.d.r.c.RepositoryConfigurationDelegate : Bootstrapping Spring Data JPA repositories in DEFERRED mode.
2021-04-16 09:49:37.451  INFO 25596 --- [main] .s.d.r.c.RepositoryConfigurationDelegate : Finished Spring Data repository scanning in 101ms. Found 5 JPA repository interfaces.
2021-04-16 09:49:37.483  INFO 25596 --- [main] .s.d.r.c.RepositoryConfigurationDelegate : Multiple Spring Data modules found, entering strict repository configuration mode!
2021-04-16 09:49:37.483  INFO 25596 --- [main] .s.d.r.c.RepositoryConfigurationDelegate : Bootstrapping Spring Data Redis repositories in DEFAULT mode.
2021-04-16 09:49:37.498  INFO 25596 --- [main] .RepositoryConfigurationExtensionSupport : Spring Data Redis - Could not safely identify store assignment for repository candidate interface com.soft.usercenter.repository.HbCommentRepository. If you want this repository to be a Redis repository, consider annotating your entities with one of these annotations: org.springframework.data.redis.core.RedisHash (preferred), or consider extending one of the following types with your repository: org.springframework.data.keyvalue.repository.KeyValueRepository.
2021-04-16 09:49:37.498  INFO 25596 --- [main] .RepositoryConfigurationExtensionSupport : Spring Data Redis - Could not safely identify store assignment for repository candidate interface com.soft.usercenter.repository.HbGoodRepository. If you want this repository to be a Redis repository, consider annotating your entities with one of these annotations: org.springframework.data.redis.core.RedisHash (preferred), or consider extending one of the following types with your repository: org.springframework.data.keyvalue.repository.KeyValueRepository.
2021-04-16 09:49:37.498  INFO 25596 --- [main] .RepositoryConfigurationExtensionSupport : Spring Data Redis - Could not safely identify store assignment for repository candidate interface com.soft.usercenter.repository.HbOrderRepository. If you want this repository to be a Redis repository, consider annotating your entities with one of these annotations: org.springframework.data.redis.core.RedisHash (preferred), or consider extending one of the following types with your repository: org.springframework.data.keyvalue.repository.KeyValueRepository.
2021-04-16 09:49:37.498  INFO 25596 --- [main] .RepositoryConfigurationExtensionSupport : Spring Data Redis - Could not safely identify store assignment for repository candidate interface com.soft.usercenter.repository.HbStrategyRepository. If you want this repository to be a Redis repository, consider annotating your entities with one of these annotations: org.springframework.data.redis.core.RedisHash (preferred), or consider extending one of the following types with your repository: org.springframework.data.keyvalue.repository.KeyValueRepository.
2021-04-16 09:49:37.498  INFO 25596 --- [main] .RepositoryConfigurationExtensionSupport : Spring Data Redis - Could not safely identify store assignment for repository candidate interface com.soft.usercenter.repository.HbUserRepository. If you want this repository to be a Redis repository, consider annotating your entities with one of these annotations: org.springframework.data.redis.core.RedisHash (preferred), or consider extending one of the following types with your repository: org.springframework.data.keyvalue.repository.KeyValueRepository.
2021-04-16 09:49:37.498  INFO 25596 --- [main] .s.d.r.c.RepositoryConfigurationDelegate : Finished Spring Data repository scanning in 11ms. Found 0 Redis repository interfaces.
2021-04-16 09:49:37.717  INFO 25596 --- [main] o.s.cloud.context.scope.GenericScope     : BeanFactory id=9913dd3c-5bfb-3d0c-b1ed-81b6501ad54b
2021-04-16 09:49:37.826  INFO 25596 --- [main] trationDelegate$BeanPostProcessorChecker : Bean 'org.springframework.cloud.autoconfigure.ConfigurationPropertiesRebinderAutoConfiguration' of type [org.springframework.cloud.autoconfigure.ConfigurationPropertiesRebinderAutoConfiguration] is not eligible for getting processed by all BeanPostProcessors (for example: not eligible for auto-proxying)
2021-04-16 09:49:38.108  INFO 25596 --- [main] o.s.b.w.embedded.tomcat.TomcatWebServer  : Tomcat initialized with port(s): 8082 (http)
2021-04-16 09:49:38.123  INFO 25596 --- [main] o.apache.catalina.core.StandardService   : Starting service [Tomcat]
2021-04-16 09:49:38.123  INFO 25596 --- [main] org.apache.catalina.core.StandardEngine  : Starting Servlet engine: [Apache Tomcat/9.0.37]
2021-04-16 09:49:38.264  INFO 25596 --- [main] o.a.c.c.C.[Tomcat].[localhost].[/]       : Initializing Spring embedded WebApplicationContext
2021-04-16 09:49:38.264  INFO 25596 --- [main] w.s.c.ServletWebServerApplicationContext : Root WebApplicationContext: initialization completed in 2219 ms
2021-04-16 09:49:38.483  INFO 25596 --- [main] o.s.s.concurrent.ThreadPoolTaskExecutor  : Initializing ExecutorService 'applicationTaskExecutor'
2021-04-16 09:49:38.545  INFO 25596 --- [task-1] o.hibernate.jpa.internal.util.LogHelper  : HHH000204: Processing PersistenceUnitInfo [name: default]
2021-04-16 09:49:38.608  INFO 25596 --- [task-1] org.hibernate.Version                    : HHH000412: Hibernate ORM core version 5.4.20.Final
2021-04-16 09:49:38.748  INFO 25596 --- [task-1] o.hibernate.annotations.common.Version   : HCANN000001: Hibernate Commons Annotations {5.1.0.Final}
2021-04-16 09:49:38.842  INFO 25596 --- [task-1] com.zaxxer.hikari.HikariDataSource       : HikariPool-1 - Starting...
2021-04-16 09:49:39.437  INFO 25596 --- [task-1] com.zaxxer.hikari.HikariDataSource       : HikariPool-1 - Start completed.
2021-04-16 09:49:39.453  INFO 25596 --- [task-1] org.hibernate.dialect.Dialect            : HHH000400: Using dialect: org.hibernate.dialect.MySQL5InnoDBDialect
2021-04-16 09:49:40.266  INFO 25596 --- [task-1] o.h.e.t.j.p.i.JtaPlatformInitiator       : HHH000490: Using JtaPlatform implementation: [org.hibernate.engine.transaction.jta.platform.internal.NoJtaPlatform]
2021-04-16 09:49:40.296  INFO 25596 --- [task-1] j.LocalContainerEntityManagerFactoryBean : Initialized JPA EntityManagerFactory for persistence unit 'default'
2021-04-16 09:49:40.968  WARN 25596 --- [main] JpaBaseConfiguration$JpaWebConfiguration : spring.jpa.open-in-view is enabled by default. Therefore, database queries may be performed during view rendering. Explicitly configure spring.jpa.open-in-view to disable this warning
2021-04-16 09:49:41.093  INFO 25596 --- [main] pertySourcedRequestMappingHandlerMapping : Mapped URL path [/v2/api-docs] onto method [springfox.documentation.swagger2.web.Swagger2Controller#getDocumentation(String, HttpServletRequest)]
2021-04-16 09:49:41.125  WARN 25596 --- [main] c.n.c.sources.URLConfigurationSource     : No URLs will be polled as dynamic configuration sources.
2021-04-16 09:49:41.125  INFO 25596 --- [main] c.n.c.sources.URLConfigurationSource     : To enable URLs as dynamic configuration sources, define System property archaius.configurationSource.additionalUrls or make config.properties available on classpath.
2021-04-16 09:49:41.140  WARN 25596 --- [main] c.n.c.sources.URLConfigurationSource     : No URLs will be polled as dynamic configuration sources.
2021-04-16 09:49:41.140  INFO 25596 --- [main] c.n.c.sources.URLConfigurationSource     : To enable URLs as dynamic configuration sources, define System property archaius.configurationSource.additionalUrls or make config.properties available on classpath.
2021-04-16 09:49:41.771  INFO 25596 --- [main] o.s.s.c.ThreadPoolTaskScheduler          : Initializing ExecutorService 'Nacso-Watch-Task-Scheduler'
2021-04-16 09:49:42.884  INFO 25596 --- [main] o.s.b.w.embedded.tomcat.TomcatWebServer  : Tomcat started on port(s): 8082 (http) with context path ''
2021-04-16 09:49:43.415  INFO 25596 --- [main] c.a.c.n.registry.NacosServiceRegistry    : nacos registry, DEFAULT_GROUP user-center 192.168.1.116:8082 register finished
2021-04-16 09:49:43.885  INFO 25596 --- [main] d.s.w.p.DocumentationPluginsBootstrapper : Context refreshed
2021-04-16 09:49:43.936  INFO 25596 --- [main] d.s.w.p.DocumentationPluginsBootstrapper : Found 1 custom documentation plugin(s)
2021-04-16 09:49:43.967  INFO 25596 --- [main] s.d.s.w.s.ApiListingReferenceScanner     : Scanning for api listing references
2021-04-16 09:49:44.107  INFO 25596 --- [main] DeferredRepositoryInitializationListener : Triggering deferred initialization of Spring Data repositories…
2021-04-16 09:49:44.154  INFO 25596 --- [main] DeferredRepositoryInitializationListener : Spring Data repositories initialized!
2021-04-16 09:49:44.170  INFO 25596 --- [main] c.soft.usercenter.UserCenterApplication  : Started UserCenterApplication in 10.007 seconds (JVM running for 12.058)
2021-04-16 10:03:23.685  INFO 25596 --- [http-nio-8082-exec-1] o.a.c.c.C.[Tomcat].[localhost].[/]       : Initializing Spring DispatcherServlet 'dispatcherServlet'
2021-04-16 10:03:23.695  INFO 25596 --- [http-nio-8082-exec-1] o.s.web.servlet.DispatcherServlet        : Initializing Servlet 'dispatcherServlet'
2021-04-16 10:03:23.824  INFO 25596 --- [http-nio-8082-exec-1] o.s.web.servlet.DispatcherServlet        : Completed initialization in 128 ms
2021-04-16 10:03:23.970  INFO 25596 --- [http-nio-8082-exec-1] c.s.u.controller.HbUserController        : 访问getInfoById接口
2021-04-16 10:03:23.973  INFO 25596 --- [http-nio-8082-exec-1] c.s.u.controller.HbUserController        : userId2
2021-04-16 10:03:24.064  WARN 25596 --- [http-nio-8082-exec-1] com.zaxxer.hikari.pool.PoolBase          : HikariPool-1 - Failed to validate connection com.mysql.jdbc.JDBC4Connection@40d73514 (Communications link failure

The last packet successfully received from the server was 823,794 milliseconds ago.  The last packet sent successfully to the server was 823,826 milliseconds ago.). Possibly consider using a shorter maxLifetime value.
2021-04-16 10:05:28.427  INFO 25596 --- [http-nio-8082-exec-2] c.s.u.controller.HbUserController        : 访问login接口
2021-04-16 10:05:28.428  INFO 25596 --- [http-nio-8082-exec-2] c.s.u.controller.HbUserController        : loginDtoLoginDto(username=ntt, password=123)
2021-04-16 10:05:28.428  INFO 25596 --- [http-nio-8082-exec-2] c.s.u.service.impl.HbUserServiceImpl     : loginDto:ntt*********123
2021-04-16 10:05:28.636  INFO 25596 --- [http-nio-8082-exec-2] c.s.u.service.impl.HbUserServiceImpl     : 登录成功
2021-04-16 10:05:28.741  INFO 25596 --- [http-nio-8082-exec-2] c.s.u.service.impl.HbUserServiceImpl     : 生成的tokeneyJhbGciOiJIUzI1NiJ9.eyJleHAiOjE2MTk4MzQ3MjgsInVzZXJuYW1lIjoibnR0In0.qkUA--7dofM-oB9LrWpooWjQwa0f2k9oz6RDIWXMgn0
2021-04-16 10:07:45.167  INFO 25596 --- [http-nio-8082-exec-3] c.s.u.controller.HbUserController        : 访问login接口
2021-04-16 10:07:45.167  INFO 25596 --- [http-nio-8082-exec-3] c.s.u.controller.HbUserController        : loginDtoLoginDto(username=ntt, password=123)
2021-04-16 10:07:45.167  INFO 25596 --- [http-nio-8082-exec-3] c.s.u.service.impl.HbUserServiceImpl     : loginDto:ntt*********123
2021-04-16 10:07:45.205  INFO 25596 --- [http-nio-8082-exec-3] c.s.u.service.impl.HbUserServiceImpl     : 登录成功
2021-04-16 10:07:45.207  INFO 25596 --- [http-nio-8082-exec-3] c.s.u.service.impl.HbUserServiceImpl     : 生成的tokeneyJhbGciOiJIUzI1NiJ9.eyJleHAiOjE2MTk4MzQ4NjUsInVzZXJuYW1lIjoibnR0In0.6CxMfKUqaPbkMHLNloki50soW0rwOPrxuAst3T9Mf9g
2021-04-16 10:24:11.611  INFO 25596 --- [http-nio-8082-exec-5] c.s.u.controller.HbUserController        : 访问login接口
2021-04-16 10:24:11.611  INFO 25596 --- [http-nio-8082-exec-5] c.s.u.controller.HbUserController        : loginDtoLoginDto(username=ntt, password=123)
2021-04-16 10:24:11.612  INFO 25596 --- [http-nio-8082-exec-5] c.s.u.service.impl.HbUserServiceImpl     : loginDto:ntt*********123
2021-04-16 10:24:11.659  INFO 25596 --- [http-nio-8082-exec-5] c.s.u.service.impl.HbUserServiceImpl     : 登录成功
2021-04-16 10:24:11.661  INFO 25596 --- [http-nio-8082-exec-5] c.s.u.service.impl.HbUserServiceImpl     : 生成的tokeneyJhbGciOiJIUzI1NiJ9.eyJleHAiOjE2MTk4MzU4NTEsInVzZXJuYW1lIjoibnR0In0.dKVG6DU5o4i5lHqJPeVF3WVbcKEVbfj-fZzQMsW8Ncc
2021-04-16 10:24:18.377  INFO 25596 --- [http-nio-8082-exec-1] c.s.u.controller.HbUserController        : 访问login接口
2021-04-16 10:24:18.377  INFO 25596 --- [http-nio-8082-exec-1] c.s.u.controller.HbUserController        : loginDtoLoginDto(username=ntt, password=123)
2021-04-16 10:24:18.378  INFO 25596 --- [http-nio-8082-exec-1] c.s.u.service.impl.HbUserServiceImpl     : loginDto:ntt*********123
2021-04-16 10:24:18.413  INFO 25596 --- [http-nio-8082-exec-1] c.s.u.service.impl.HbUserServiceImpl     : 登录成功
2021-04-16 10:24:18.414  INFO 25596 --- [http-nio-8082-exec-1] c.s.u.service.impl.HbUserServiceImpl     : 生成的tokeneyJhbGciOiJIUzI1NiJ9.eyJleHAiOjE2MTk4MzU4NTgsInVzZXJuYW1lIjoibnR0In0.vFbXkGuBK-xWIkh0Wqe1Xz5T4hFYW6d8fwDINAkZe7c
2021-04-16 18:23:16.978  WARN 25596 --- [HikariPool-1 housekeeper] com.zaxxer.hikari.pool.HikariPool        : HikariPool-1 - Thread starvation or clock leap detected (housekeeper delta=6h55m7s965ms90µs100ns).
