2021-04-21 12:24:43.881  INFO 18924 --- [main] trationDelegate$BeanPostProcessorChecker : Bean 'org.springframework.cloud.autoconfigure.ConfigurationPropertiesRebinderAutoConfiguration' of type [org.springframework.cloud.autoconfigure.ConfigurationPropertiesRebinderAutoConfiguration] is not eligible for getting processed by all BeanPostProcessors (for example: not eligible for auto-proxying)
2021-04-21 12:24:45.423  INFO 18924 --- [main] c.soft.usercenter.UserCenterApplication  : No active profile set, falling back to default profiles: default
2021-04-21 12:24:50.100  INFO 18924 --- [main] .s.d.r.c.RepositoryConfigurationDelegate : Multiple Spring Data modules found, entering strict repository configuration mode!
2021-04-21 12:24:50.100  INFO 18924 --- [main] .s.d.r.c.RepositoryConfigurationDelegate : Bootstrapping Spring Data JPA repositories in DEFERRED mode.
2021-04-21 12:24:50.513  INFO 18924 --- [main] .s.d.r.c.RepositoryConfigurationDelegate : Finished Spring Data repository scanning in 391ms. Found 5 JPA repository interfaces.
2021-04-21 12:24:50.576  INFO 18924 --- [main] .s.d.r.c.RepositoryConfigurationDelegate : Multiple Spring Data modules found, entering strict repository configuration mode!
2021-04-21 12:24:50.591  INFO 18924 --- [main] .s.d.r.c.RepositoryConfigurationDelegate : Bootstrapping Spring Data Redis repositories in DEFAULT mode.
2021-04-21 12:24:50.654  INFO 18924 --- [main] .RepositoryConfigurationExtensionSupport : Spring Data Redis - Could not safely identify store assignment for repository candidate interface com.soft.usercenter.repository.HbCommentRepository. If you want this repository to be a Redis repository, consider annotating your entities with one of these annotations: org.springframework.data.redis.core.RedisHash (preferred), or consider extending one of the following types with your repository: org.springframework.data.keyvalue.repository.KeyValueRepository.
2021-04-21 12:24:50.654  INFO 18924 --- [main] .RepositoryConfigurationExtensionSupport : Spring Data Redis - Could not safely identify store assignment for repository candidate interface com.soft.usercenter.repository.HbGoodRepository. If you want this repository to be a Redis repository, consider annotating your entities with one of these annotations: org.springframework.data.redis.core.RedisHash (preferred), or consider extending one of the following types with your repository: org.springframework.data.keyvalue.repository.KeyValueRepository.
2021-04-21 12:24:50.654  INFO 18924 --- [main] .RepositoryConfigurationExtensionSupport : Spring Data Redis - Could not safely identify store assignment for repository candidate interface com.soft.usercenter.repository.HbOrderRepository. If you want this repository to be a Redis repository, consider annotating your entities with one of these annotations: org.springframework.data.redis.core.RedisHash (preferred), or consider extending one of the following types with your repository: org.springframework.data.keyvalue.repository.KeyValueRepository.
2021-04-21 12:24:50.654  INFO 18924 --- [main] .RepositoryConfigurationExtensionSupport : Spring Data Redis - Could not safely identify store assignment for repository candidate interface com.soft.usercenter.repository.HbStrategyRepository. If you want this repository to be a Redis repository, consider annotating your entities with one of these annotations: org.springframework.data.redis.core.RedisHash (preferred), or consider extending one of the following types with your repository: org.springframework.data.keyvalue.repository.KeyValueRepository.
2021-04-21 12:24:50.654  INFO 18924 --- [main] .RepositoryConfigurationExtensionSupport : Spring Data Redis - Could not safely identify store assignment for repository candidate interface com.soft.usercenter.repository.HbUserRepository. If you want this repository to be a Redis repository, consider annotating your entities with one of these annotations: org.springframework.data.redis.core.RedisHash (preferred), or consider extending one of the following types with your repository: org.springframework.data.keyvalue.repository.KeyValueRepository.
2021-04-21 12:24:50.654  INFO 18924 --- [main] .s.d.r.c.RepositoryConfigurationDelegate : Finished Spring Data repository scanning in 40ms. Found 0 Redis repository interfaces.
2021-04-21 12:24:51.517  INFO 18924 --- [main] o.s.cloud.context.scope.GenericScope     : BeanFactory id=9913dd3c-5bfb-3d0c-b1ed-81b6501ad54b
2021-04-21 12:24:52.006  INFO 18924 --- [main] trationDelegate$BeanPostProcessorChecker : Bean 'org.springframework.cloud.autoconfigure.ConfigurationPropertiesRebinderAutoConfiguration' of type [org.springframework.cloud.autoconfigure.ConfigurationPropertiesRebinderAutoConfiguration] is not eligible for getting processed by all BeanPostProcessors (for example: not eligible for auto-proxying)
2021-04-21 12:24:52.831  INFO 18924 --- [main] o.s.b.w.embedded.tomcat.TomcatWebServer  : Tomcat initialized with port(s): 8082 (http)
2021-04-21 12:24:52.847  INFO 18924 --- [main] o.apache.catalina.core.StandardService   : Starting service [Tomcat]
2021-04-21 12:24:52.847  INFO 18924 --- [main] org.apache.catalina.core.StandardEngine  : Starting Servlet engine: [Apache Tomcat/9.0.37]
2021-04-21 12:24:53.191  INFO 18924 --- [main] o.a.c.c.C.[Tomcat].[localhost].[/]       : Initializing Spring embedded WebApplicationContext
2021-04-21 12:24:53.191  INFO 18924 --- [main] w.s.c.ServletWebServerApplicationContext : Root WebApplicationContext: initialization completed in 7731 ms
2021-04-21 12:24:53.712  INFO 18924 --- [main] o.s.s.concurrent.ThreadPoolTaskExecutor  : Initializing ExecutorService 'applicationTaskExecutor'
2021-04-21 12:24:53.919  INFO 18924 --- [task-1] o.hibernate.jpa.internal.util.LogHelper  : HHH000204: Processing PersistenceUnitInfo [name: default]
2021-04-21 12:24:54.059  INFO 18924 --- [task-1] org.hibernate.Version                    : HHH000412: Hibernate ORM core version 5.4.20.Final
2021-04-21 12:24:54.373  INFO 18924 --- [task-1] o.hibernate.annotations.common.Version   : HCANN000001: Hibernate Commons Annotations {5.1.0.Final}
2021-04-21 12:24:54.644  INFO 18924 --- [task-1] com.zaxxer.hikari.HikariDataSource       : HikariPool-1 - Starting...
2021-04-21 12:24:55.282  INFO 18924 --- [task-1] com.zaxxer.hikari.HikariDataSource       : HikariPool-1 - Start completed.
2021-04-21 12:24:55.310  INFO 18924 --- [task-1] org.hibernate.dialect.Dialect            : HHH000400: Using dialect: org.hibernate.dialect.MySQL5InnoDBDialect
2021-04-21 12:24:56.998  INFO 18924 --- [task-1] o.h.e.t.j.p.i.JtaPlatformInitiator       : HHH000490: Using JtaPlatform implementation: [org.hibernate.engine.transaction.jta.platform.internal.NoJtaPlatform]
2021-04-21 12:24:57.013  INFO 18924 --- [task-1] j.LocalContainerEntityManagerFactoryBean : Initialized JPA EntityManagerFactory for persistence unit 'default'
2021-04-21 12:24:59.137  WARN 18924 --- [main] JpaBaseConfiguration$JpaWebConfiguration : spring.jpa.open-in-view is enabled by default. Therefore, database queries may be performed during view rendering. Explicitly configure spring.jpa.open-in-view to disable this warning
2021-04-21 12:24:59.622  INFO 18924 --- [main] pertySourcedRequestMappingHandlerMapping : Mapped URL path [/v2/api-docs] onto method [springfox.documentation.swagger2.web.Swagger2Controller#getDocumentation(String, HttpServletRequest)]
2021-04-21 12:24:59.731  WARN 18924 --- [main] c.n.c.sources.URLConfigurationSource     : No URLs will be polled as dynamic configuration sources.
2021-04-21 12:24:59.731  INFO 18924 --- [main] c.n.c.sources.URLConfigurationSource     : To enable URLs as dynamic configuration sources, define System property archaius.configurationSource.additionalUrls or make config.properties available on classpath.
2021-04-21 12:24:59.747  WARN 18924 --- [main] c.n.c.sources.URLConfigurationSource     : No URLs will be polled as dynamic configuration sources.
2021-04-21 12:24:59.747  INFO 18924 --- [main] c.n.c.sources.URLConfigurationSource     : To enable URLs as dynamic configuration sources, define System property archaius.configurationSource.additionalUrls or make config.properties available on classpath.
2021-04-21 12:25:01.387  INFO 18924 --- [main] o.s.s.c.ThreadPoolTaskScheduler          : Initializing ExecutorService 'Nacso-Watch-Task-Scheduler'
2021-04-21 12:25:04.626  INFO 18924 --- [main] o.s.b.w.embedded.tomcat.TomcatWebServer  : Tomcat started on port(s): 8082 (http) with context path ''
2021-04-21 12:25:06.719  INFO 18924 --- [main] c.a.c.n.registry.NacosServiceRegistry    : nacos registry, DEFAULT_GROUP user-center 10.20.172.190:8082 register finished
2021-04-21 12:25:08.308  INFO 18924 --- [main] d.s.w.p.DocumentationPluginsBootstrapper : Context refreshed
2021-04-21 12:25:08.383  INFO 18924 --- [main] d.s.w.p.DocumentationPluginsBootstrapper : Found 1 custom documentation plugin(s)
2021-04-21 12:25:08.495  INFO 18924 --- [main] s.d.s.w.s.ApiListingReferenceScanner     : Scanning for api listing references
2021-04-21 12:25:09.176  INFO 18924 --- [main] DeferredRepositoryInitializationListener : Triggering deferred initialization of Spring Data repositories…
2021-04-21 12:25:09.482  INFO 18924 --- [main] DeferredRepositoryInitializationListener : Spring Data repositories initialized!
2021-04-21 12:25:09.533  INFO 18924 --- [main] c.soft.usercenter.UserCenterApplication  : Started UserCenterApplication in 29.178 seconds (JVM running for 32.016)
2021-04-21 12:30:22.424  INFO 18924 --- [http-nio-8082-exec-1] o.a.c.c.C.[Tomcat].[localhost].[/]       : Initializing Spring DispatcherServlet 'dispatcherServlet'
2021-04-21 12:30:22.425  INFO 18924 --- [http-nio-8082-exec-1] o.s.web.servlet.DispatcherServlet        : Initializing Servlet 'dispatcherServlet'
2021-04-21 12:30:22.447  INFO 18924 --- [http-nio-8082-exec-1] o.s.web.servlet.DispatcherServlet        : Completed initialization in 22 ms
2021-04-21 12:30:22.534  INFO 18924 --- [http-nio-8082-exec-2] c.s.u.controller.HbUserController        : 访问login接口
2021-04-21 12:30:22.534  INFO 18924 --- [http-nio-8082-exec-2] c.s.u.controller.HbUserController        : loginDtoLoginDto(username=ntt, password=123)
2021-04-21 12:30:22.534  INFO 18924 --- [http-nio-8082-exec-2] c.s.u.service.impl.HbUserServiceImpl     : loginDto:ntt*********123
2021-04-21 12:30:22.704  INFO 18924 --- [http-nio-8082-exec-2] c.s.u.service.impl.HbUserServiceImpl     : 登录成功
2021-04-21 12:30:22.942  INFO 18924 --- [http-nio-8082-exec-2] c.s.u.service.impl.HbUserServiceImpl     : 生成的tokeneyJhbGciOiJIUzI1NiJ9.eyJleHAiOjE2MjAyNzU0MjIsInVzZXJuYW1lIjoibnR0In0.Y9ISm_W3x0r_Y7NNHUd367UTTA943gf6f6dLdThpu-8
2021-04-21 12:30:30.733  INFO 18924 --- [http-nio-8082-exec-4] c.s.u.controller.HbUserController        : 访问login接口
2021-04-21 12:30:30.734  INFO 18924 --- [http-nio-8082-exec-4] c.s.u.controller.HbUserController        : loginDtoLoginDto(username=ntt, password=123)
2021-04-21 12:30:30.734  INFO 18924 --- [http-nio-8082-exec-4] c.s.u.service.impl.HbUserServiceImpl     : loginDto:ntt*********123
2021-04-21 12:30:30.770  INFO 18924 --- [http-nio-8082-exec-4] c.s.u.service.impl.HbUserServiceImpl     : 登录成功
2021-04-21 12:30:30.772  INFO 18924 --- [http-nio-8082-exec-4] c.s.u.service.impl.HbUserServiceImpl     : 生成的tokeneyJhbGciOiJIUzI1NiJ9.eyJleHAiOjE2MjAyNzU0MzAsInVzZXJuYW1lIjoibnR0In0.a_jWJ0ZcRT4dc_7Blu_vc_7RGLo8cYIUZGokaKWBuGA
2021-04-21 14:06:03.916  INFO 18924 --- [http-nio-8082-exec-6] c.s.u.controller.HbUserController        : 访问getInfoById接口
2021-04-21 14:06:03.924  INFO 18924 --- [http-nio-8082-exec-6] c.s.u.controller.HbUserController        : userId1
2021-04-21 14:06:07.807  INFO 18924 --- [http-nio-8082-exec-8] c.s.u.controller.HbUserController        : 访问getInfoById接口
2021-04-21 14:06:07.807  INFO 18924 --- [http-nio-8082-exec-8] c.s.u.controller.HbUserController        : userId1
2021-04-21 15:13:33.306  INFO 18924 --- [http-nio-8082-exec-1] c.s.u.controller.HbUserController        : 访问login接口
2021-04-21 15:13:33.327  INFO 18924 --- [http-nio-8082-exec-1] c.s.u.controller.HbUserController        : loginDtoLoginDto(username=ntt, password=123)
2021-04-21 15:13:33.332  INFO 18924 --- [http-nio-8082-exec-1] c.s.u.service.impl.HbUserServiceImpl     : loginDto:ntt*********123
2021-04-21 15:13:34.599  INFO 18924 --- [http-nio-8082-exec-2] c.s.u.controller.HbUserController        : 访问login接口
2021-04-21 15:13:34.599  INFO 18924 --- [http-nio-8082-exec-2] c.s.u.controller.HbUserController        : loginDtoLoginDto(username=ntt, password=123)
2021-04-21 15:13:34.599  INFO 18924 --- [http-nio-8082-exec-2] c.s.u.service.impl.HbUserServiceImpl     : loginDto:ntt*********123
2021-04-21 15:13:34.841  INFO 18924 --- [http-nio-8082-exec-2] c.s.u.service.impl.HbUserServiceImpl     : 登录成功
2021-04-21 15:13:34.858  INFO 18924 --- [http-nio-8082-exec-2] c.s.u.service.impl.HbUserServiceImpl     : 生成的tokeneyJhbGciOiJIUzI1NiJ9.eyJleHAiOjE2MjAyODUyMTQsInVzZXJuYW1lIjoibnR0In0.RRlY1sdBWzVn-aaPuZbyJ-Mhi9C1RKErMFqx7veuEYA
2021-04-21 15:13:38.497  WARN 18924 --- [http-nio-8082-exec-1] com.zaxxer.hikari.pool.PoolBase          : HikariPool-1 - Failed to validate connection com.mysql.jdbc.JDBC4Connection@f7be13c (Communications link failure

The last packet successfully received from the server was 1,223,821 milliseconds ago.  The last packet sent successfully to the server was 5,075 milliseconds ago.). Possibly consider using a shorter maxLifetime value.
2021-04-21 15:13:38.540  INFO 18924 --- [http-nio-8082-exec-1] c.s.u.service.impl.HbUserServiceImpl     : 登录成功
2021-04-21 15:13:38.541  INFO 18924 --- [http-nio-8082-exec-1] c.s.u.service.impl.HbUserServiceImpl     : 生成的tokeneyJhbGciOiJIUzI1NiJ9.eyJleHAiOjE2MjAyODUyMTgsInVzZXJuYW1lIjoibnR0In0.WYfy8RR-peRF0ekrWSEmkOKd5nOLPTDZzroKqz92UmQ
2021-04-21 15:19:31.424  INFO 18924 --- [http-nio-8082-exec-6] c.s.u.controller.HbUserController        : 访问login接口
2021-04-21 15:19:31.424  INFO 18924 --- [http-nio-8082-exec-6] c.s.u.controller.HbUserController        : loginDtoLoginDto(username=ntt, password=123)
2021-04-21 15:19:31.425  INFO 18924 --- [http-nio-8082-exec-6] c.s.u.service.impl.HbUserServiceImpl     : loginDto:ntt*********123
2021-04-21 15:19:31.480  INFO 18924 --- [http-nio-8082-exec-6] c.s.u.service.impl.HbUserServiceImpl     : 登录成功
2021-04-21 15:19:31.486  INFO 18924 --- [http-nio-8082-exec-6] c.s.u.service.impl.HbUserServiceImpl     : 生成的tokeneyJhbGciOiJIUzI1NiJ9.eyJleHAiOjE2MjAyODU1NzEsInVzZXJuYW1lIjoibnR0In0.PEy5p6A5n_fzDs8Ub9kjfAC-cMOpKmmYBE6p7nDjjZk
2021-04-21 15:24:23.498  INFO 18924 --- [http-nio-8082-exec-8] c.s.u.controller.HbUserController        : 访问login接口
2021-04-21 15:24:23.499  INFO 18924 --- [http-nio-8082-exec-8] c.s.u.controller.HbUserController        : loginDtoLoginDto(username=ntt, password=123)
2021-04-21 15:24:23.499  INFO 18924 --- [http-nio-8082-exec-8] c.s.u.service.impl.HbUserServiceImpl     : loginDto:ntt*********123
2021-04-21 15:24:23.551  INFO 18924 --- [http-nio-8082-exec-8] c.s.u.service.impl.HbUserServiceImpl     : 登录成功
2021-04-21 15:24:23.552  INFO 18924 --- [http-nio-8082-exec-8] c.s.u.service.impl.HbUserServiceImpl     : 生成的tokeneyJhbGciOiJIUzI1NiJ9.eyJleHAiOjE2MjAyODU4NjMsInVzZXJuYW1lIjoibnR0In0.cgn6vzBq7AOBij4rJ-xQny3VmbBUDibVrPALB_91N5o
2021-04-21 15:25:35.110  INFO 18924 --- [http-nio-8082-exec-10] c.s.u.controller.HbUserController        : 访问login接口
2021-04-21 15:25:35.111  INFO 18924 --- [http-nio-8082-exec-10] c.s.u.controller.HbUserController        : loginDtoLoginDto(username=ntt, password=123)
2021-04-21 15:25:35.111  INFO 18924 --- [http-nio-8082-exec-10] c.s.u.service.impl.HbUserServiceImpl     : loginDto:ntt*********123
2021-04-21 15:25:35.154  INFO 18924 --- [http-nio-8082-exec-10] c.s.u.service.impl.HbUserServiceImpl     : 登录成功
2021-04-21 15:25:35.157  INFO 18924 --- [http-nio-8082-exec-10] c.s.u.service.impl.HbUserServiceImpl     : 生成的tokeneyJhbGciOiJIUzI1NiJ9.eyJleHAiOjE2MjAyODU5MzUsInVzZXJuYW1lIjoibnR0In0.jffcNtZykSD-DTfQYCLXmUlTizMU0yAxDhVh2K6IUoE
2021-04-21 15:26:13.768  INFO 18924 --- [http-nio-8082-exec-1] c.s.u.controller.HbUserController        : 访问login接口
2021-04-21 15:26:13.769  INFO 18924 --- [http-nio-8082-exec-1] c.s.u.controller.HbUserController        : loginDtoLoginDto(username=ntt, password=123)
2021-04-21 15:26:13.769  INFO 18924 --- [http-nio-8082-exec-1] c.s.u.service.impl.HbUserServiceImpl     : loginDto:ntt*********123
2021-04-21 15:26:13.823  INFO 18924 --- [http-nio-8082-exec-1] c.s.u.service.impl.HbUserServiceImpl     : 登录成功
2021-04-21 15:26:13.825  INFO 18924 --- [http-nio-8082-exec-1] c.s.u.service.impl.HbUserServiceImpl     : 生成的tokeneyJhbGciOiJIUzI1NiJ9.eyJleHAiOjE2MjAyODU5NzMsInVzZXJuYW1lIjoibnR0In0.aIf12zPDV7k5kjaukCsQbBPrvRciPb6VzYh25Sii7ag
2021-04-21 15:27:36.436  INFO 18924 --- [http-nio-8082-exec-6] c.s.u.controller.HbUserController        : 访问login接口
2021-04-21 15:27:36.437  INFO 18924 --- [http-nio-8082-exec-6] c.s.u.controller.HbUserController        : loginDtoLoginDto(username=ntt, password=123)
2021-04-21 15:27:36.437  INFO 18924 --- [http-nio-8082-exec-6] c.s.u.service.impl.HbUserServiceImpl     : loginDto:ntt*********123
2021-04-21 15:27:36.525  INFO 18924 --- [http-nio-8082-exec-6] c.s.u.service.impl.HbUserServiceImpl     : 登录成功
2021-04-21 15:27:36.528  INFO 18924 --- [http-nio-8082-exec-6] c.s.u.service.impl.HbUserServiceImpl     : 生成的tokeneyJhbGciOiJIUzI1NiJ9.eyJleHAiOjE2MjAyODYwNTYsInVzZXJuYW1lIjoibnR0In0.3IZ6xdqg15h6xrHn8VfvUP0gLdjA_u4CrzbUq7BxwlQ
2021-04-21 15:30:27.137  INFO 18924 --- [http-nio-8082-exec-2] c.s.u.controller.HbUserController        : 访问login接口
2021-04-21 15:30:27.138  INFO 18924 --- [http-nio-8082-exec-2] c.s.u.controller.HbUserController        : loginDtoLoginDto(username=ntt, password=123)
2021-04-21 15:30:27.138  INFO 18924 --- [http-nio-8082-exec-2] c.s.u.service.impl.HbUserServiceImpl     : loginDto:ntt*********123
2021-04-21 15:30:27.302  INFO 18924 --- [http-nio-8082-exec-2] c.s.u.service.impl.HbUserServiceImpl     : 登录成功
2021-04-21 15:30:27.303  INFO 18924 --- [http-nio-8082-exec-2] c.s.u.service.impl.HbUserServiceImpl     : 生成的tokeneyJhbGciOiJIUzI1NiJ9.eyJleHAiOjE2MjAyODYyMjcsInVzZXJuYW1lIjoibnR0In0.OMZgisqvN_gDjXXqMb77bP_zlTueFaemVufTHKnG4Yo
2021-04-21 15:30:57.076  INFO 18924 --- [http-nio-8082-exec-4] c.s.u.controller.HbUserController        : 访问login接口
2021-04-21 15:30:57.077  INFO 18924 --- [http-nio-8082-exec-4] c.s.u.controller.HbUserController        : loginDtoLoginDto(username=ntt, password=123)
2021-04-21 15:30:57.077  INFO 18924 --- [http-nio-8082-exec-4] c.s.u.service.impl.HbUserServiceImpl     : loginDto:ntt*********123
2021-04-21 15:30:57.120  INFO 18924 --- [http-nio-8082-exec-4] c.s.u.service.impl.HbUserServiceImpl     : 登录成功
2021-04-21 15:30:57.122  INFO 18924 --- [http-nio-8082-exec-4] c.s.u.service.impl.HbUserServiceImpl     : 生成的tokeneyJhbGciOiJIUzI1NiJ9.eyJleHAiOjE2MjAyODYyNTcsInVzZXJuYW1lIjoibnR0In0.9b0YmS4HMzuv6sG_scF3bb2T0wWb93CNk3Y_yYGXotA
2021-04-21 15:46:17.637  INFO 18924 --- [http-nio-8082-exec-6] c.s.u.controller.HbUserController        : 访问login接口
2021-04-21 15:46:17.638  INFO 18924 --- [http-nio-8082-exec-6] c.s.u.controller.HbUserController        : loginDtoLoginDto(username=ntt, password=123)
2021-04-21 15:46:17.638  INFO 18924 --- [http-nio-8082-exec-6] c.s.u.service.impl.HbUserServiceImpl     : loginDto:ntt*********123
2021-04-21 15:46:17.686  INFO 18924 --- [http-nio-8082-exec-6] c.s.u.service.impl.HbUserServiceImpl     : 登录成功
2021-04-21 15:46:17.689  INFO 18924 --- [http-nio-8082-exec-6] c.s.u.service.impl.HbUserServiceImpl     : 生成的tokeneyJhbGciOiJIUzI1NiJ9.eyJleHAiOjE2MjAyODcxNzcsInVzZXJuYW1lIjoibnR0In0.eNzJCEfpf_XSIZggf-enTVmEjU2m7w8NMBlCuzZnXfI
2021-04-21 15:52:38.975  INFO 18924 --- [http-nio-8082-exec-10] c.s.u.controller.HbUserController        : 访问login接口
2021-04-21 15:52:38.976  INFO 18924 --- [http-nio-8082-exec-10] c.s.u.controller.HbUserController        : loginDtoLoginDto(username=ntt, password=123)
2021-04-21 15:52:38.976  INFO 18924 --- [http-nio-8082-exec-10] c.s.u.service.impl.HbUserServiceImpl     : loginDto:ntt*********123
2021-04-21 15:52:39.015  INFO 18924 --- [http-nio-8082-exec-10] c.s.u.service.impl.HbUserServiceImpl     : 登录成功
2021-04-21 15:52:39.016  INFO 18924 --- [http-nio-8082-exec-10] c.s.u.service.impl.HbUserServiceImpl     : 生成的tokeneyJhbGciOiJIUzI1NiJ9.eyJleHAiOjE2MjAyODc1NTksInVzZXJuYW1lIjoibnR0In0.PZWF6gVo5iUZS8JXb4e3nJEQJP2zywD5XxDHSfdvXnk
2021-04-21 16:09:56.125  INFO 18924 --- [http-nio-8082-exec-1] c.s.u.controller.HbUserController        : 访问login接口
2021-04-21 16:09:56.126  INFO 18924 --- [http-nio-8082-exec-1] c.s.u.controller.HbUserController        : loginDtoLoginDto(username=ntt, password=123)
2021-04-21 16:09:56.126  INFO 18924 --- [http-nio-8082-exec-1] c.s.u.service.impl.HbUserServiceImpl     : loginDto:ntt*********123
2021-04-21 16:09:56.210  INFO 18924 --- [http-nio-8082-exec-1] c.s.u.service.impl.HbUserServiceImpl     : 登录成功
2021-04-21 16:09:56.213  INFO 18924 --- [http-nio-8082-exec-1] c.s.u.service.impl.HbUserServiceImpl     : 生成的tokeneyJhbGciOiJIUzI1NiJ9.eyJleHAiOjE2MjAyODg1OTYsInVzZXJuYW1lIjoibnR0In0.1GGbcBMbyw_c5z41R1IKYWkbwD6AW9_OqRuCK3Xixy0
2021-04-21 16:10:31.008  INFO 18924 --- [http-nio-8082-exec-4] c.s.u.controller.HbUserController        : 访问login接口
2021-04-21 16:10:31.009  INFO 18924 --- [http-nio-8082-exec-4] c.s.u.controller.HbUserController        : loginDtoLoginDto(username=ntt, password=123)
2021-04-21 16:10:31.009  INFO 18924 --- [http-nio-8082-exec-4] c.s.u.service.impl.HbUserServiceImpl     : loginDto:ntt*********123
2021-04-21 16:10:31.049  INFO 18924 --- [http-nio-8082-exec-4] c.s.u.service.impl.HbUserServiceImpl     : 登录成功
2021-04-21 16:10:31.052  INFO 18924 --- [http-nio-8082-exec-4] c.s.u.service.impl.HbUserServiceImpl     : 生成的tokeneyJhbGciOiJIUzI1NiJ9.eyJleHAiOjE2MjAyODg2MzEsInVzZXJuYW1lIjoibnR0In0.6Uxl1hyj_X4Y56LTiYfUA0gFkRWn0UN24QOVPSvO2hs
2021-04-21 16:19:28.499  INFO 18924 --- [http-nio-8082-exec-6] c.s.u.controller.HbUserController        : 访问login接口
2021-04-21 16:19:28.499  INFO 18924 --- [http-nio-8082-exec-6] c.s.u.controller.HbUserController        : loginDtoLoginDto(username=ntt, password=123)
2021-04-21 16:19:28.500  INFO 18924 --- [http-nio-8082-exec-6] c.s.u.service.impl.HbUserServiceImpl     : loginDto:ntt*********123
2021-04-21 16:19:28.556  INFO 18924 --- [http-nio-8082-exec-6] c.s.u.service.impl.HbUserServiceImpl     : 登录成功
2021-04-21 16:19:28.557  INFO 18924 --- [http-nio-8082-exec-6] c.s.u.service.impl.HbUserServiceImpl     : 生成的tokeneyJhbGciOiJIUzI1NiJ9.eyJleHAiOjE2MjAyODkxNjgsInVzZXJuYW1lIjoibnR0In0.cGD5asPZ1gp_5grM9A0Xul8t1OIiKgAGv87aRuXkpoA
2021-04-21 16:20:14.281  INFO 18924 --- [http-nio-8082-exec-8] c.s.u.controller.HbUserController        : 访问login接口
2021-04-21 16:20:14.282  INFO 18924 --- [http-nio-8082-exec-8] c.s.u.controller.HbUserController        : loginDtoLoginDto(username=ntt, password=123)
2021-04-21 16:20:14.282  INFO 18924 --- [http-nio-8082-exec-8] c.s.u.service.impl.HbUserServiceImpl     : loginDto:ntt*********123
2021-04-21 16:20:14.328  INFO 18924 --- [http-nio-8082-exec-8] c.s.u.service.impl.HbUserServiceImpl     : 登录成功
2021-04-21 16:20:14.329  INFO 18924 --- [http-nio-8082-exec-8] c.s.u.service.impl.HbUserServiceImpl     : 生成的tokeneyJhbGciOiJIUzI1NiJ9.eyJleHAiOjE2MjAyODkyMTQsInVzZXJuYW1lIjoibnR0In0.Zsue4hIGyIc16fB4Rl9K0OAxG1dD1zp4zQrkowOGyao
2021-04-21 16:23:25.265  INFO 18924 --- [http-nio-8082-exec-10] c.s.u.controller.HbUserController        : 访问login接口
2021-04-21 16:23:25.266  INFO 18924 --- [http-nio-8082-exec-10] c.s.u.controller.HbUserController        : loginDtoLoginDto(username=ntt, password=123)
2021-04-21 16:23:25.266  INFO 18924 --- [http-nio-8082-exec-10] c.s.u.service.impl.HbUserServiceImpl     : loginDto:ntt*********123
2021-04-21 16:23:25.311  INFO 18924 --- [http-nio-8082-exec-10] c.s.u.service.impl.HbUserServiceImpl     : 登录成功
2021-04-21 16:23:25.320  INFO 18924 --- [http-nio-8082-exec-10] c.s.u.service.impl.HbUserServiceImpl     : 生成的tokeneyJhbGciOiJIUzI1NiJ9.eyJleHAiOjE2MjAyODk0MDUsInVzZXJuYW1lIjoibnR0In0.MisIzmCg1p_nO7FC0FsuexsWsj9myO_5AASCGsuXSVI
2021-04-21 16:25:34.279  INFO 18924 --- [http-nio-8082-exec-1] c.s.u.controller.HbUserController        : 访问login接口
2021-04-21 16:25:34.280  INFO 18924 --- [http-nio-8082-exec-1] c.s.u.controller.HbUserController        : loginDtoLoginDto(username=ntt, password=123)
2021-04-21 16:25:34.280  INFO 18924 --- [http-nio-8082-exec-1] c.s.u.service.impl.HbUserServiceImpl     : loginDto:ntt*********123
2021-04-21 16:25:34.320  INFO 18924 --- [http-nio-8082-exec-1] c.s.u.service.impl.HbUserServiceImpl     : 登录成功
2021-04-21 16:25:34.321  INFO 18924 --- [http-nio-8082-exec-1] c.s.u.service.impl.HbUserServiceImpl     : 生成的tokeneyJhbGciOiJIUzI1NiJ9.eyJleHAiOjE2MjAyODk1MzQsInVzZXJuYW1lIjoibnR0In0.89Hfi-0mMcihVUNQ02sBwiPSJlU3I5u-dk-zagqs9Ko
2021-04-21 16:27:41.623  INFO 18924 --- [http-nio-8082-exec-4] c.s.u.controller.HbUserController        : 访问login接口
2021-04-21 16:27:41.623  INFO 18924 --- [http-nio-8082-exec-4] c.s.u.controller.HbUserController        : loginDtoLoginDto(username=ntt, password=123)
2021-04-21 16:27:41.623  INFO 18924 --- [http-nio-8082-exec-4] c.s.u.service.impl.HbUserServiceImpl     : loginDto:ntt*********123
2021-04-21 16:27:41.662  INFO 18924 --- [http-nio-8082-exec-4] c.s.u.service.impl.HbUserServiceImpl     : 登录成功
2021-04-21 16:27:41.664  INFO 18924 --- [http-nio-8082-exec-4] c.s.u.service.impl.HbUserServiceImpl     : 生成的tokeneyJhbGciOiJIUzI1NiJ9.eyJleHAiOjE2MjAyODk2NjEsInVzZXJuYW1lIjoibnR0In0.ELyd7Yw5Bibpnz6pwF29TA14siYPnZoa4UoJO13fIbQ
2021-04-21 16:32:07.277  INFO 18924 --- [http-nio-8082-exec-7] c.s.u.controller.HbUserController        : 访问login接口
2021-04-21 16:32:07.277  INFO 18924 --- [http-nio-8082-exec-7] c.s.u.controller.HbUserController        : loginDtoLoginDto(username=ntt, password=123)
2021-04-21 16:32:07.278  INFO 18924 --- [http-nio-8082-exec-7] c.s.u.service.impl.HbUserServiceImpl     : loginDto:ntt*********123
2021-04-21 16:32:07.320  INFO 18924 --- [http-nio-8082-exec-7] c.s.u.service.impl.HbUserServiceImpl     : 登录成功
2021-04-21 16:32:07.321  INFO 18924 --- [http-nio-8082-exec-7] c.s.u.service.impl.HbUserServiceImpl     : 生成的tokeneyJhbGciOiJIUzI1NiJ9.eyJleHAiOjE2MjAyODk5MjcsInVzZXJuYW1lIjoibnR0In0.F-duf4Rc4QsPEJcqpIBJPYDOLs-m01zvzzi3LjARoPU
2021-04-21 16:33:02.649  INFO 18924 --- [http-nio-8082-exec-9] c.s.u.controller.HbUserController        : 访问login接口
2021-04-21 16:33:02.649  INFO 18924 --- [http-nio-8082-exec-9] c.s.u.controller.HbUserController        : loginDtoLoginDto(username=ntt, password=123)
2021-04-21 16:33:02.649  INFO 18924 --- [http-nio-8082-exec-9] c.s.u.service.impl.HbUserServiceImpl     : loginDto:ntt*********123
2021-04-21 16:33:02.746  INFO 18924 --- [http-nio-8082-exec-9] c.s.u.service.impl.HbUserServiceImpl     : 登录成功
2021-04-21 16:33:02.750  INFO 18924 --- [http-nio-8082-exec-9] c.s.u.service.impl.HbUserServiceImpl     : 生成的tokeneyJhbGciOiJIUzI1NiJ9.eyJleHAiOjE2MjAyODk5ODIsInVzZXJuYW1lIjoibnR0In0.ZO-UqaHGcJ3g1YAB9Kd44Xbfi6XQD0_squyE6j9rhGc
2021-04-21 16:33:24.617  INFO 18924 --- [http-nio-8082-exec-1] c.s.u.controller.HbUserController        : 访问login接口
2021-04-21 16:33:24.618  INFO 18924 --- [http-nio-8082-exec-1] c.s.u.controller.HbUserController        : loginDtoLoginDto(username=ntt, password=123)
2021-04-21 16:33:24.618  INFO 18924 --- [http-nio-8082-exec-1] c.s.u.service.impl.HbUserServiceImpl     : loginDto:ntt*********123
2021-04-21 16:33:24.667  INFO 18924 --- [http-nio-8082-exec-1] c.s.u.service.impl.HbUserServiceImpl     : 登录成功
2021-04-21 16:33:24.669  INFO 18924 --- [http-nio-8082-exec-1] c.s.u.service.impl.HbUserServiceImpl     : 生成的tokeneyJhbGciOiJIUzI1NiJ9.eyJleHAiOjE2MjAyOTAwMDQsInVzZXJuYW1lIjoibnR0In0.xx8L3fCoGqtSpid6kXAEKnoPPJlNfKc1CdRwPHOceEI
2021-04-21 16:34:00.522  INFO 18924 --- [http-nio-8082-exec-4] c.s.u.controller.HbUserController        : 访问login接口
2021-04-21 16:34:00.523  INFO 18924 --- [http-nio-8082-exec-4] c.s.u.controller.HbUserController        : loginDtoLoginDto(username=ntt, password=123)
2021-04-21 16:34:00.523  INFO 18924 --- [http-nio-8082-exec-4] c.s.u.service.impl.HbUserServiceImpl     : loginDto:ntt*********123
2021-04-21 16:34:00.565  INFO 18924 --- [http-nio-8082-exec-4] c.s.u.service.impl.HbUserServiceImpl     : 登录成功
2021-04-21 16:34:00.567  INFO 18924 --- [http-nio-8082-exec-4] c.s.u.service.impl.HbUserServiceImpl     : 生成的tokeneyJhbGciOiJIUzI1NiJ9.eyJleHAiOjE2MjAyOTAwNDAsInVzZXJuYW1lIjoibnR0In0.ClnKkqKVBtjCUpWQWAjw36wyvHMjHDdNRBgKhxAakFA
2021-04-21 16:35:37.137  INFO 18924 --- [http-nio-8082-exec-6] c.s.u.controller.HbUserController        : 访问login接口
2021-04-21 16:35:37.137  INFO 18924 --- [http-nio-8082-exec-6] c.s.u.controller.HbUserController        : loginDtoLoginDto(username=ntt, password=123)
2021-04-21 16:35:37.137  INFO 18924 --- [http-nio-8082-exec-6] c.s.u.service.impl.HbUserServiceImpl     : loginDto:ntt*********123
2021-04-21 16:35:37.475  INFO 18924 --- [http-nio-8082-exec-6] c.s.u.service.impl.HbUserServiceImpl     : 登录成功
2021-04-21 16:35:37.477  INFO 18924 --- [http-nio-8082-exec-6] c.s.u.service.impl.HbUserServiceImpl     : 生成的tokeneyJhbGciOiJIUzI1NiJ9.eyJleHAiOjE2MjAyOTAxMzcsInVzZXJuYW1lIjoibnR0In0._FTBHifdLSJfaMdf4QF3D40gk2BZCchEWf3nxom28iM
2021-04-21 16:37:53.488  INFO 18924 --- [http-nio-8082-exec-8] c.s.u.controller.HbUserController        : 访问login接口
2021-04-21 16:37:53.489  INFO 18924 --- [http-nio-8082-exec-8] c.s.u.controller.HbUserController        : loginDtoLoginDto(username=ntt, password=123)
2021-04-21 16:37:53.489  INFO 18924 --- [http-nio-8082-exec-8] c.s.u.service.impl.HbUserServiceImpl     : loginDto:ntt*********123
2021-04-21 16:37:53.529  INFO 18924 --- [http-nio-8082-exec-8] c.s.u.service.impl.HbUserServiceImpl     : 登录成功
2021-04-21 16:37:53.531  INFO 18924 --- [http-nio-8082-exec-8] c.s.u.service.impl.HbUserServiceImpl     : 生成的tokeneyJhbGciOiJIUzI1NiJ9.eyJleHAiOjE2MjAyOTAyNzMsInVzZXJuYW1lIjoibnR0In0.iXWYK_EY0NqaJuAIEYd_V2iPhzl15Hh4bYX1-U7wiJk
2021-04-21 16:38:46.194  INFO 18924 --- [http-nio-8082-exec-2] c.s.u.controller.HbUserController        : 访问login接口
2021-04-21 16:38:46.194  INFO 18924 --- [http-nio-8082-exec-2] c.s.u.controller.HbUserController        : loginDtoLoginDto(username=ntt, password=123)
2021-04-21 16:38:46.194  INFO 18924 --- [http-nio-8082-exec-2] c.s.u.service.impl.HbUserServiceImpl     : loginDto:ntt*********123
2021-04-21 16:38:46.237  INFO 18924 --- [http-nio-8082-exec-2] c.s.u.service.impl.HbUserServiceImpl     : 登录成功
2021-04-21 16:38:46.240  INFO 18924 --- [http-nio-8082-exec-2] c.s.u.service.impl.HbUserServiceImpl     : 生成的tokeneyJhbGciOiJIUzI1NiJ9.eyJleHAiOjE2MjAyOTAzMjYsInVzZXJuYW1lIjoibnR0In0.Fh1ulowYITqzq793BMzbW21KL6TskqNwsfQj0aNOXXg
2021-04-21 16:44:28.676  INFO 18924 --- [http-nio-8082-exec-3] c.s.u.controller.HbUserController        : 访问login接口
2021-04-21 16:44:28.676  INFO 18924 --- [http-nio-8082-exec-3] c.s.u.controller.HbUserController        : loginDtoLoginDto(username=ntt, password=123)
2021-04-21 16:44:28.676  INFO 18924 --- [http-nio-8082-exec-3] c.s.u.service.impl.HbUserServiceImpl     : loginDto:ntt*********123
2021-04-21 16:44:28.718  INFO 18924 --- [http-nio-8082-exec-3] c.s.u.service.impl.HbUserServiceImpl     : 登录成功
2021-04-21 16:44:28.721  INFO 18924 --- [http-nio-8082-exec-3] c.s.u.service.impl.HbUserServiceImpl     : 生成的tokeneyJhbGciOiJIUzI1NiJ9.eyJleHAiOjE2MjAyOTA2NjgsInVzZXJuYW1lIjoibnR0In0.JnMzyTocbUGJQVuJZqftjxWnY6OMvWVVhpE6SgoajAg
2021-04-21 16:54:03.997  INFO 18924 --- [http-nio-8082-exec-5] c.s.u.controller.HbUserController        : 访问login接口
2021-04-21 16:54:03.997  INFO 18924 --- [http-nio-8082-exec-5] c.s.u.controller.HbUserController        : loginDtoLoginDto(username=ntt, password=123)
2021-04-21 16:54:03.998  INFO 18924 --- [http-nio-8082-exec-5] c.s.u.service.impl.HbUserServiceImpl     : loginDto:ntt*********123
2021-04-21 16:54:04.042  INFO 18924 --- [http-nio-8082-exec-5] c.s.u.service.impl.HbUserServiceImpl     : 登录成功
2021-04-21 16:54:04.043  INFO 18924 --- [http-nio-8082-exec-5] c.s.u.service.impl.HbUserServiceImpl     : 生成的tokeneyJhbGciOiJIUzI1NiJ9.eyJleHAiOjE2MjAyOTEyNDQsInVzZXJuYW1lIjoibnR0In0.dPRAtOqRGKfbxbOzwwQ4Yrj9QoW9qy0ss7GF0JhmpDU
2021-04-21 16:55:51.298  INFO 18924 --- [http-nio-8082-exec-7] c.s.u.controller.HbUserController        : 访问login接口
2021-04-21 16:55:51.299  INFO 18924 --- [http-nio-8082-exec-7] c.s.u.controller.HbUserController        : loginDtoLoginDto(username=ntt, password=123)
2021-04-21 16:55:51.299  INFO 18924 --- [http-nio-8082-exec-7] c.s.u.service.impl.HbUserServiceImpl     : loginDto:ntt*********123
2021-04-21 16:55:51.374  INFO 18924 --- [http-nio-8082-exec-7] c.s.u.service.impl.HbUserServiceImpl     : 登录成功
2021-04-21 16:55:51.375  INFO 18924 --- [http-nio-8082-exec-7] c.s.u.service.impl.HbUserServiceImpl     : 生成的tokeneyJhbGciOiJIUzI1NiJ9.eyJleHAiOjE2MjAyOTEzNTEsInVzZXJuYW1lIjoibnR0In0.YlxCFkLG7roVyhQMFBzMta5mmHxCvCzkWfGL29_CjAc
2021-04-21 16:56:02.288  INFO 18924 --- [http-nio-8082-exec-9] c.s.u.controller.HbUserController        : 访问login接口
2021-04-21 16:56:02.288  INFO 18924 --- [http-nio-8082-exec-9] c.s.u.controller.HbUserController        : loginDtoLoginDto(username=ntt, password=123)
2021-04-21 16:56:02.288  INFO 18924 --- [http-nio-8082-exec-9] c.s.u.service.impl.HbUserServiceImpl     : loginDto:ntt*********123
2021-04-21 16:56:02.326  INFO 18924 --- [http-nio-8082-exec-9] c.s.u.service.impl.HbUserServiceImpl     : 登录成功
2021-04-21 16:56:02.326  INFO 18924 --- [http-nio-8082-exec-9] c.s.u.service.impl.HbUserServiceImpl     : 生成的tokeneyJhbGciOiJIUzI1NiJ9.eyJleHAiOjE2MjAyOTEzNjIsInVzZXJuYW1lIjoibnR0In0.j1di7GRe5UYWkoQZtfhaf-YT6PM-G975dZOn25Dda9k
2021-04-21 16:56:12.620  INFO 18924 --- [http-nio-8082-exec-2] c.s.u.controller.HbUserController        : 访问login接口
2021-04-21 16:56:12.621  INFO 18924 --- [http-nio-8082-exec-2] c.s.u.controller.HbUserController        : loginDtoLoginDto(username=ntt, password=123)
2021-04-21 16:56:12.621  INFO 18924 --- [http-nio-8082-exec-2] c.s.u.service.impl.HbUserServiceImpl     : loginDto:ntt*********123
2021-04-21 16:56:12.670  INFO 18924 --- [http-nio-8082-exec-2] c.s.u.service.impl.HbUserServiceImpl     : 登录成功
2021-04-21 16:56:12.675  INFO 18924 --- [http-nio-8082-exec-2] c.s.u.service.impl.HbUserServiceImpl     : 生成的tokeneyJhbGciOiJIUzI1NiJ9.eyJleHAiOjE2MjAyOTEzNzIsInVzZXJuYW1lIjoibnR0In0.QHE52K-i0jnXru6dJr9KeWocHdgqTUM4GJNd2NZUN4k
2021-04-21 17:03:17.616  INFO 18924 --- [http-nio-8082-exec-4] c.s.u.controller.HbUserController        : 访问login接口
2021-04-21 17:03:17.616  INFO 18924 --- [http-nio-8082-exec-4] c.s.u.controller.HbUserController        : loginDtoLoginDto(username=ntt, password=123)
2021-04-21 17:03:17.616  INFO 18924 --- [http-nio-8082-exec-4] c.s.u.service.impl.HbUserServiceImpl     : loginDto:ntt*********123
2021-04-21 17:03:17.655  INFO 18924 --- [http-nio-8082-exec-4] c.s.u.service.impl.HbUserServiceImpl     : 登录成功
2021-04-21 17:03:17.656  INFO 18924 --- [http-nio-8082-exec-4] c.s.u.service.impl.HbUserServiceImpl     : 生成的tokeneyJhbGciOiJIUzI1NiJ9.eyJleHAiOjE2MjAyOTE3OTcsInVzZXJuYW1lIjoibnR0In0.bYgrAVo1WFYOw5S9XeluqzLdpRiMnzLlFzFtYZHy2iI
2021-04-21 17:04:15.638  INFO 18924 --- [http-nio-8082-exec-7] c.s.u.controller.HbUserController        : 访问login接口
2021-04-21 17:04:15.638  INFO 18924 --- [http-nio-8082-exec-7] c.s.u.controller.HbUserController        : loginDtoLoginDto(username=ntt, password=123)
2021-04-21 17:04:15.638  INFO 18924 --- [http-nio-8082-exec-7] c.s.u.service.impl.HbUserServiceImpl     : loginDto:ntt*********123
2021-04-21 17:04:15.678  INFO 18924 --- [http-nio-8082-exec-7] c.s.u.service.impl.HbUserServiceImpl     : 登录成功
2021-04-21 17:04:15.680  INFO 18924 --- [http-nio-8082-exec-7] c.s.u.service.impl.HbUserServiceImpl     : 生成的tokeneyJhbGciOiJIUzI1NiJ9.eyJleHAiOjE2MjAyOTE4NTUsInVzZXJuYW1lIjoibnR0In0.tswhoQAaEkQkToxgcdvXOwI4MaNA21r1IBf9GJlqOJM
2021-04-21 19:11:12.248  WARN 18924 --- [HikariPool-1 housekeeper] com.zaxxer.hikari.pool.HikariPool        : HikariPool-1 - Thread starvation or clock leap detected (housekeeper delta=29m40s423ms295µs).
2021-04-21 21:03:12.901  WARN 18924 --- [HikariPool-1 housekeeper] com.zaxxer.hikari.pool.HikariPool        : HikariPool-1 - Thread starvation or clock leap detected (housekeeper delta=1h37m400ms873µs300ns).
