2021-03-30 11:12:11.690  INFO 5532 --- [main] c.s.u.s.impl.HbUserServiceImplTest       : Starting HbUserServiceImplTest using Java 1.8.0_41 on DESKTOP-MSQL8V0 with PID 5532 (started by nitaotao in D:\CompcuteApplication\projectTest\high-concurrency\usercenter)
2021-03-30 11:12:11.693  INFO 5532 --- [main] c.s.u.s.impl.HbUserServiceImplTest       : No active profile set, falling back to default profiles: default
2021-03-30 11:12:12.790  INFO 5532 --- [main] .s.d.r.c.RepositoryConfigurationDelegate : Multiple Spring Data modules found, entering strict repository configuration mode!
2021-03-30 11:12:12.810  INFO 5532 --- [main] .s.d.r.c.RepositoryConfigurationDelegate : Bootstrapping Spring Data JPA repositories in DEFAULT mode.
2021-03-30 11:12:13.154  INFO 5532 --- [main] .s.d.r.c.RepositoryConfigurationDelegate : Finished Spring Data repository scanning in 336 ms. Found 5 JPA repository interfaces.
2021-03-30 11:12:13.172  INFO 5532 --- [main] .s.d.r.c.RepositoryConfigurationDelegate : Multiple Spring Data modules found, entering strict repository configuration mode!
2021-03-30 11:12:13.174  INFO 5532 --- [main] .s.d.r.c.RepositoryConfigurationDelegate : Bootstrapping Spring Data Redis repositories in DEFAULT mode.
2021-03-30 11:12:13.204  INFO 5532 --- [main] .RepositoryConfigurationExtensionSupport : Spring Data Redis - Could not safely identify store assignment for repository candidate interface com.soft.usercenter.repository.HbCommentRepository. If you want this repository to be a Redis repository, consider annotating your entities with one of these annotations: org.springframework.data.redis.core.RedisHash (preferred), or consider extending one of the following types with your repository: org.springframework.data.keyvalue.repository.KeyValueRepository.
2021-03-30 11:12:13.204  INFO 5532 --- [main] .RepositoryConfigurationExtensionSupport : Spring Data Redis - Could not safely identify store assignment for repository candidate interface com.soft.usercenter.repository.HbGoodRepository. If you want this repository to be a Redis repository, consider annotating your entities with one of these annotations: org.springframework.data.redis.core.RedisHash (preferred), or consider extending one of the following types with your repository: org.springframework.data.keyvalue.repository.KeyValueRepository.
2021-03-30 11:12:13.204  INFO 5532 --- [main] .RepositoryConfigurationExtensionSupport : Spring Data Redis - Could not safely identify store assignment for repository candidate interface com.soft.usercenter.repository.HbOrderRepository. If you want this repository to be a Redis repository, consider annotating your entities with one of these annotations: org.springframework.data.redis.core.RedisHash (preferred), or consider extending one of the following types with your repository: org.springframework.data.keyvalue.repository.KeyValueRepository.
2021-03-30 11:12:13.205  INFO 5532 --- [main] .RepositoryConfigurationExtensionSupport : Spring Data Redis - Could not safely identify store assignment for repository candidate interface com.soft.usercenter.repository.HbStrategyRepository. If you want this repository to be a Redis repository, consider annotating your entities with one of these annotations: org.springframework.data.redis.core.RedisHash (preferred), or consider extending one of the following types with your repository: org.springframework.data.keyvalue.repository.KeyValueRepository.
2021-03-30 11:12:13.205  INFO 5532 --- [main] .RepositoryConfigurationExtensionSupport : Spring Data Redis - Could not safely identify store assignment for repository candidate interface com.soft.usercenter.repository.HbUserRepository. If you want this repository to be a Redis repository, consider annotating your entities with one of these annotations: org.springframework.data.redis.core.RedisHash (preferred), or consider extending one of the following types with your repository: org.springframework.data.keyvalue.repository.KeyValueRepository.
2021-03-30 11:12:13.205  INFO 5532 --- [main] .s.d.r.c.RepositoryConfigurationDelegate : Finished Spring Data repository scanning in 22 ms. Found 0 Redis repository interfaces.
2021-03-30 11:12:13.887  INFO 5532 --- [main] o.hibernate.jpa.internal.util.LogHelper  : HHH000204: Processing PersistenceUnitInfo [name: default]
2021-03-30 11:12:13.950  INFO 5532 --- [main] org.hibernate.Version                    : HHH000412: Hibernate ORM core version 5.4.29.Final
2021-03-30 11:12:14.156  INFO 5532 --- [main] o.hibernate.annotations.common.Version   : HCANN000001: Hibernate Commons Annotations {5.1.2.Final}
2021-03-30 11:12:15.393  INFO 5532 --- [main] com.zaxxer.hikari.HikariDataSource       : HikariPool-1 - Starting...
2021-03-30 11:12:16.103  INFO 5532 --- [main] com.zaxxer.hikari.HikariDataSource       : HikariPool-1 - Start completed.
2021-03-30 11:12:16.135  INFO 5532 --- [main] org.hibernate.dialect.Dialect            : HHH000400: Using dialect: org.hibernate.dialect.MySQL5InnoDBDialect
2021-03-30 11:12:17.442  INFO 5532 --- [main] o.h.e.t.j.p.i.JtaPlatformInitiator       : HHH000490: Using JtaPlatform implementation: [org.hibernate.engine.transaction.jta.platform.internal.NoJtaPlatform]
2021-03-30 11:12:17.453  INFO 5532 --- [main] j.LocalContainerEntityManagerFactoryBean : Initialized JPA EntityManagerFactory for persistence unit 'default'
2021-03-30 11:12:18.743  WARN 5532 --- [main] JpaBaseConfiguration$JpaWebConfiguration : spring.jpa.open-in-view is enabled by default. Therefore, database queries may be performed during view rendering. Explicitly configure spring.jpa.open-in-view to disable this warning
2021-03-30 11:12:19.134  INFO 5532 --- [main] pertySourcedRequestMappingHandlerMapping : Mapped URL path [/v2/api-docs] onto method [springfox.documentation.swagger2.web.Swagger2Controller#getDocumentation(String, HttpServletRequest)]
2021-03-30 11:12:19.527  INFO 5532 --- [main] o.s.s.concurrent.ThreadPoolTaskExecutor  : Initializing ExecutorService 'applicationTaskExecutor'
2021-03-30 11:12:20.290  INFO 5532 --- [main] d.s.w.p.DocumentationPluginsBootstrapper : Context refreshed
2021-03-30 11:12:20.321  INFO 5532 --- [main] d.s.w.p.DocumentationPluginsBootstrapper : Found 1 custom documentation plugin(s)
2021-03-30 11:12:20.354  INFO 5532 --- [main] s.d.s.w.s.ApiListingReferenceScanner     : Scanning for api listing references
2021-03-30 11:12:20.524  INFO 5532 --- [main] c.s.u.s.impl.HbUserServiceImplTest       : Started HbUserServiceImplTest in 9.313 seconds (JVM running for 10.777)
2021-03-30 11:12:21.301  INFO 5532 --- [main] .b.t.c.SpringBootTestContextBootstrapper : Neither @ContextConfiguration nor @ContextHierarchy found for test class [com.soft.usercenter.UserCenterApplicationTests], using SpringBootContextLoader
2021-03-30 11:12:21.302  INFO 5532 --- [main] o.s.t.c.support.AbstractContextLoader    : Could not detect default resource locations for test class [com.soft.usercenter.UserCenterApplicationTests]: no resource found for suffixes {-context.xml, Context.groovy}.
2021-03-30 11:12:21.302  INFO 5532 --- [main] t.c.s.AnnotationConfigContextLoaderUtils : Could not detect default configuration classes for test class [com.soft.usercenter.UserCenterApplicationTests]: UserCenterApplicationTests does not declare any static, non-private, non-final, nested classes annotated with @Configuration.
2021-03-30 11:12:21.309  INFO 5532 --- [main] .b.t.c.SpringBootTestContextBootstrapper : Found @SpringBootConfiguration com.soft.usercenter.UserCenterApplication for test class com.soft.usercenter.UserCenterApplicationTests
2021-03-30 11:12:21.312  INFO 5532 --- [main] .b.t.c.SpringBootTestContextBootstrapper : Loaded default TestExecutionListener class names from location [META-INF/spring.factories]: [org.springframework.boot.test.mock.mockito.MockitoTestExecutionListener, org.springframework.boot.test.mock.mockito.ResetMocksTestExecutionListener, org.springframework.boot.test.autoconfigure.restdocs.RestDocsTestExecutionListener, org.springframework.boot.test.autoconfigure.web.client.MockRestServiceServerResetTestExecutionListener, org.springframework.boot.test.autoconfigure.web.servlet.MockMvcPrintOnlyOnFailureTestExecutionListener, org.springframework.boot.test.autoconfigure.web.servlet.WebDriverTestExecutionListener, org.springframework.boot.test.autoconfigure.webservices.client.MockWebServiceServerTestExecutionListener, org.springframework.test.context.web.ServletTestExecutionListener, org.springframework.test.context.support.DirtiesContextBeforeModesTestExecutionListener, org.springframework.test.context.event.ApplicationEventsTestExecutionListener, org.springframework.test.context.support.DependencyInjectionTestExecutionListener, org.springframework.test.context.support.DirtiesContextTestExecutionListener, org.springframework.test.context.transaction.TransactionalTestExecutionListener, org.springframework.test.context.jdbc.SqlScriptsTestExecutionListener, org.springframework.test.context.event.EventPublishingTestExecutionListener]
2021-03-30 11:12:21.312  INFO 5532 --- [main] .b.t.c.SpringBootTestContextBootstrapper : Using TestExecutionListeners: [org.springframework.test.context.web.ServletTestExecutionListener@ad182c, org.springframework.test.context.support.DirtiesContextBeforeModesTestExecutionListener@84af34, org.springframework.test.context.event.ApplicationEventsTestExecutionListener@18e186b, org.springframework.boot.test.mock.mockito.MockitoTestExecutionListener@12925d2, org.springframework.boot.test.autoconfigure.SpringBootDependencyInjectionTestExecutionListener@12531a3, org.springframework.test.context.support.DirtiesContextTestExecutionListener@83cfbc, org.springframework.test.context.transaction.TransactionalTestExecutionListener@19fc5c7, org.springframework.test.context.jdbc.SqlScriptsTestExecutionListener@1d07ad3, org.springframework.test.context.event.EventPublishingTestExecutionListener@130ff23, org.springframework.boot.test.mock.mockito.ResetMocksTestExecutionListener@1ea23d6, org.springframework.boot.test.autoconfigure.restdocs.RestDocsTestExecutionListener@ce6611, org.springframework.boot.test.autoconfigure.web.client.MockRestServiceServerResetTestExecutionListener@689979, org.springframework.boot.test.autoconfigure.web.servlet.MockMvcPrintOnlyOnFailureTestExecutionListener@4db8f0, org.springframework.boot.test.autoconfigure.web.servlet.WebDriverTestExecutionListener@a7cd7c, org.springframework.boot.test.autoconfigure.webservices.client.MockWebServiceServerTestExecutionListener@1f0cc97]
2021-03-30 11:12:21.383  INFO 5532 --- [SpringContextShutdownHook] o.s.s.concurrent.ThreadPoolTaskExecutor  : Shutting down ExecutorService 'applicationTaskExecutor'
2021-03-30 11:12:21.401  INFO 5532 --- [SpringContextShutdownHook] j.LocalContainerEntityManagerFactoryBean : Closing JPA EntityManagerFactory for persistence unit 'default'
2021-03-30 11:12:21.403  INFO 5532 --- [SpringContextShutdownHook] com.zaxxer.hikari.HikariDataSource       : HikariPool-1 - Shutdown initiated...
2021-03-30 11:12:21.408  INFO 5532 --- [SpringContextShutdownHook] com.zaxxer.hikari.HikariDataSource       : HikariPool-1 - Shutdown completed.
